2021-02-08 13:17:45.033501: I tensorflow/stream_executor/platform/default/dso_loader.cc:48] Successfully opened dynamic library libcudart.so.10.1
I0208 13:17:46.158988 139998232987456 datasets.py:14] Preparing dataset idrid...
I0208 13:17:46.159676 139998232987456 dataset_info.py:361] Load dataset info from /home/RUS_CIP/st169955/dl-lab-2020-team15/Project1-Diabetic_Retinopathy/idrid/1.0.0
I0208 13:17:46.160280 139998232987456 dataset_builder.py:299] Reusing dataset idrid (/home/RUS_CIP/st169955/dl-lab-2020-team15/Project1-Diabetic_Retinopathy/idrid/1.0.0)
I0208 13:17:46.160327 139998232987456 dataset_builder.py:510] Constructing tf.data.Dataset for split ['train[:80%]', 'train[80%:]', 'test'], from /home/RUS_CIP/st169955/dl-lab-2020-team15/Project1-Diabetic_Retinopathy/idrid/1.0.0
2021-02-08 13:17:46.161558: I tensorflow/stream_executor/platform/default/dso_loader.cc:48] Successfully opened dynamic library libcuda.so.1
2021-02-08 13:17:46.209748: I tensorflow/stream_executor/cuda/cuda_gpu_executor.cc:982] successful NUMA node read from SysFS had negative value (-1), but there must be at least one NUMA node, so returning NUMA node zero
2021-02-08 13:17:46.210500: I tensorflow/core/common_runtime/gpu/gpu_device.cc:1716] Found device 0 with properties: 
pciBusID: 0000:21:00.0 name: GeForce RTX 2080 Ti computeCapability: 7.5
coreClock: 1.545GHz coreCount: 68 deviceMemorySize: 10.76GiB deviceMemoryBandwidth: 573.69GiB/s
2021-02-08 13:17:46.210515: I tensorflow/stream_executor/platform/default/dso_loader.cc:48] Successfully opened dynamic library libcudart.so.10.1
2021-02-08 13:17:46.211593: I tensorflow/stream_executor/platform/default/dso_loader.cc:48] Successfully opened dynamic library libcublas.so.10
2021-02-08 13:17:46.212747: I tensorflow/stream_executor/platform/default/dso_loader.cc:48] Successfully opened dynamic library libcufft.so.10
2021-02-08 13:17:46.212886: I tensorflow/stream_executor/platform/default/dso_loader.cc:48] Successfully opened dynamic library libcurand.so.10
2021-02-08 13:17:46.213895: I tensorflow/stream_executor/platform/default/dso_loader.cc:48] Successfully opened dynamic library libcusolver.so.10
2021-02-08 13:17:46.214452: I tensorflow/stream_executor/platform/default/dso_loader.cc:48] Successfully opened dynamic library libcusparse.so.10
2021-02-08 13:17:46.216788: I tensorflow/stream_executor/platform/default/dso_loader.cc:48] Successfully opened dynamic library libcudnn.so.7
2021-02-08 13:17:46.216893: I tensorflow/stream_executor/cuda/cuda_gpu_executor.cc:982] successful NUMA node read from SysFS had negative value (-1), but there must be at least one NUMA node, so returning NUMA node zero
2021-02-08 13:17:46.217659: I tensorflow/stream_executor/cuda/cuda_gpu_executor.cc:982] successful NUMA node read from SysFS had negative value (-1), but there must be at least one NUMA node, so returning NUMA node zero
2021-02-08 13:17:46.218356: I tensorflow/core/common_runtime/gpu/gpu_device.cc:1858] Adding visible gpu devices: 0
2021-02-08 13:17:46.218668: I tensorflow/core/platform/cpu_feature_guard.cc:142] This TensorFlow binary is optimized with oneAPI Deep Neural Network Library (oneDNN)to use the following CPU instructions in performance-critical operations:  AVX2 FMA
To enable them in other operations, rebuild TensorFlow with the appropriate compiler flags.
2021-02-08 13:17:46.224190: I tensorflow/core/platform/profile_utils/cpu_utils.cc:104] CPU Frequency: 3800025000 Hz
2021-02-08 13:17:46.224510: I tensorflow/compiler/xla/service/service.cc:168] XLA service 0x428d500 initialized for platform Host (this does not guarantee that XLA will be used). Devices:
2021-02-08 13:17:46.224525: I tensorflow/compiler/xla/service/service.cc:176]   StreamExecutor device (0): Host, Default Version
2021-02-08 13:17:46.298616: I tensorflow/stream_executor/cuda/cuda_gpu_executor.cc:982] successful NUMA node read from SysFS had negative value (-1), but there must be at least one NUMA node, so returning NUMA node zero
2021-02-08 13:17:46.299412: I tensorflow/compiler/xla/service/service.cc:168] XLA service 0x4287a10 initialized for platform CUDA (this does not guarantee that XLA will be used). Devices:
2021-02-08 13:17:46.299442: I tensorflow/compiler/xla/service/service.cc:176]   StreamExecutor device (0): GeForce RTX 2080 Ti, Compute Capability 7.5
2021-02-08 13:17:46.299565: I tensorflow/stream_executor/cuda/cuda_gpu_executor.cc:982] successful NUMA node read from SysFS had negative value (-1), but there must be at least one NUMA node, so returning NUMA node zero
2021-02-08 13:17:46.300259: I tensorflow/core/common_runtime/gpu/gpu_device.cc:1716] Found device 0 with properties: 
pciBusID: 0000:21:00.0 name: GeForce RTX 2080 Ti computeCapability: 7.5
coreClock: 1.545GHz coreCount: 68 deviceMemorySize: 10.76GiB deviceMemoryBandwidth: 573.69GiB/s
2021-02-08 13:17:46.300281: I tensorflow/stream_executor/platform/default/dso_loader.cc:48] Successfully opened dynamic library libcudart.so.10.1
2021-02-08 13:17:46.300306: I tensorflow/stream_executor/platform/default/dso_loader.cc:48] Successfully opened dynamic library libcublas.so.10
2021-02-08 13:17:46.300314: I tensorflow/stream_executor/platform/default/dso_loader.cc:48] Successfully opened dynamic library libcufft.so.10
2021-02-08 13:17:46.300320: I tensorflow/stream_executor/platform/default/dso_loader.cc:48] Successfully opened dynamic library libcurand.so.10
2021-02-08 13:17:46.300326: I tensorflow/stream_executor/platform/default/dso_loader.cc:48] Successfully opened dynamic library libcusolver.so.10
2021-02-08 13:17:46.300333: I tensorflow/stream_executor/platform/default/dso_loader.cc:48] Successfully opened dynamic library libcusparse.so.10
2021-02-08 13:17:46.300340: I tensorflow/stream_executor/platform/default/dso_loader.cc:48] Successfully opened dynamic library libcudnn.so.7
2021-02-08 13:17:46.300374: I tensorflow/stream_executor/cuda/cuda_gpu_executor.cc:982] successful NUMA node read from SysFS had negative value (-1), but there must be at least one NUMA node, so returning NUMA node zero
2021-02-08 13:17:46.301068: I tensorflow/stream_executor/cuda/cuda_gpu_executor.cc:982] successful NUMA node read from SysFS had negative value (-1), but there must be at least one NUMA node, so returning NUMA node zero
2021-02-08 13:17:46.301733: I tensorflow/core/common_runtime/gpu/gpu_device.cc:1858] Adding visible gpu devices: 0
2021-02-08 13:17:46.301750: I tensorflow/stream_executor/platform/default/dso_loader.cc:48] Successfully opened dynamic library libcudart.so.10.1
2021-02-08 13:17:46.594084: I tensorflow/core/common_runtime/gpu/gpu_device.cc:1257] Device interconnect StreamExecutor with strength 1 edge matrix:
2021-02-08 13:17:46.594134: I tensorflow/core/common_runtime/gpu/gpu_device.cc:1263]      0 
2021-02-08 13:17:46.594140: I tensorflow/core/common_runtime/gpu/gpu_device.cc:1276] 0:   N 
2021-02-08 13:17:46.594379: I tensorflow/stream_executor/cuda/cuda_gpu_executor.cc:982] successful NUMA node read from SysFS had negative value (-1), but there must be at least one NUMA node, so returning NUMA node zero
2021-02-08 13:17:46.595130: I tensorflow/stream_executor/cuda/cuda_gpu_executor.cc:982] successful NUMA node read from SysFS had negative value (-1), but there must be at least one NUMA node, so returning NUMA node zero
2021-02-08 13:17:46.595831: I tensorflow/core/common_runtime/gpu/gpu_device.cc:1402] Created TensorFlow device (/job:localhost/replica:0/task:0/device:GPU:0 with 10074 MB memory) -> physical GPU (device: 0, name: GeForce RTX 2080 Ti, pci bus id: 0000:21:00.0, compute capability: 7.5)
WARNING:tensorflow:AutoGraph could not transform <function preprocess at 0x7f53706ac160> and will run it as-is.
Please report this to the TensorFlow team. When filing the bug, set the verbosity to 10 (on Linux, `export AUTOGRAPH_VERBOSITY=10`) and attach the full output.
Cause: module 'gast' has no attribute 'Index'
To silence this warning, decorate the function with @tf.autograph.experimental.do_not_convert
W0208 13:17:46.797837 139998232987456 ag_logging.py:146] AutoGraph could not transform <function preprocess at 0x7f53706ac160> and will run it as-is.
Please report this to the TensorFlow team. When filing the bug, set the verbosity to 10 (on Linux, `export AUTOGRAPH_VERBOSITY=10`) and attach the full output.
Cause: module 'gast' has no attribute 'Index'
To silence this warning, decorate the function with @tf.autograph.experimental.do_not_convert
I0208 13:18:01.961465 139998232987456 train.py:121] Initializing from scratch.
2021-02-08 13:18:02.940839: I tensorflow/stream_executor/platform/default/dso_loader.cc:48] Successfully opened dynamic library libcublas.so.10
2021-02-08 13:18:03.082573: I tensorflow/stream_executor/platform/default/dso_loader.cc:48] Successfully opened dynamic library libcudnn.so.7
I0208 13:18:08.313112 139998232987456 train.py:157] Epoch 1/80, Accuracy: 65.55, 
 Confusion Matrix: 
 [[162.  58.]
 [ 45.  65.]], Sensitivity: 78.26, Specificity: 52.85, 
 Test Accuracy: 50.00, 
 Test Confusion Matrix: 
 [[52. 31.]
 [ 0.  0.]], Test Sensitivity: 100.00, Test Specificity: 0.00,
 Eval Accuracy: 50.00, 
 Eval Confusion Matrix: 
 [[64. 39.]
 [ 0.  0.]], Eval Sensitivity: 100.00, Eval Specificity: 0.00
I0208 13:18:08.815834 139998232987456 train.py:157] Epoch 2/80, Accuracy: 66.41, 
 Confusion Matrix: 
 [[179.  66.]
 [ 28.  57.]], Sensitivity: 86.47, Specificity: 46.34, 
 Test Accuracy: 50.00, 
 Test Confusion Matrix: 
 [[52. 31.]
 [ 0.  0.]], Test Sensitivity: 100.00, Test Specificity: 0.00,
 Eval Accuracy: 50.00, 
 Eval Confusion Matrix: 
 [[64. 39.]
 [ 0.  0.]], Eval Sensitivity: 100.00, Eval Specificity: 0.00
I0208 13:18:09.228782 139998232987456 train.py:157] Epoch 3/80, Accuracy: 72.34, 
 Confusion Matrix: 
 [[180.  52.]
 [ 27.  71.]], Sensitivity: 86.96, Specificity: 57.72, 
 Test Accuracy: 50.00, 
 Test Confusion Matrix: 
 [[52. 31.]
 [ 0.  0.]], Test Sensitivity: 100.00, Test Specificity: 0.00,
 Eval Accuracy: 50.00, 
 Eval Confusion Matrix: 
 [[64. 39.]
 [ 0.  0.]], Eval Sensitivity: 100.00, Eval Specificity: 0.00
I0208 13:18:09.645753 139998232987456 train.py:157] Epoch 4/80, Accuracy: 71.21, 
 Confusion Matrix: 
 [[177.  53.]
 [ 30.  70.]], Sensitivity: 85.51, Specificity: 56.91, 
 Test Accuracy: 50.00, 
 Test Confusion Matrix: 
 [[52. 31.]
 [ 0.  0.]], Test Sensitivity: 100.00, Test Specificity: 0.00,
 Eval Accuracy: 50.00, 
 Eval Confusion Matrix: 
 [[64. 39.]
 [ 0.  0.]], Eval Sensitivity: 100.00, Eval Specificity: 0.00
I0208 13:18:10.065563 139998232987456 train.py:157] Epoch 5/80, Accuracy: 71.23, 
 Confusion Matrix: 
 [[167.  47.]
 [ 40.  76.]], Sensitivity: 80.68, Specificity: 61.79, 
 Test Accuracy: 50.00, 
 Test Confusion Matrix: 
 [[52. 31.]
 [ 0.  0.]], Test Sensitivity: 100.00, Test Specificity: 0.00,
 Eval Accuracy: 50.00, 
 Eval Confusion Matrix: 
 [[64. 39.]
 [ 0.  0.]], Eval Sensitivity: 100.00, Eval Specificity: 0.00
I0208 13:18:10.482009 139998232987456 train.py:157] Epoch 6/80, Accuracy: 78.28, 
 Confusion Matrix: 
 [[176.  35.]
 [ 31.  88.]], Sensitivity: 85.02, Specificity: 71.54, 
 Test Accuracy: 50.00, 
 Test Confusion Matrix: 
 [[52. 31.]
 [ 0.  0.]], Test Sensitivity: 100.00, Test Specificity: 0.00,
 Eval Accuracy: 50.00, 
 Eval Confusion Matrix: 
 [[64. 39.]
 [ 0.  0.]], Eval Sensitivity: 100.00, Eval Specificity: 0.00
I0208 13:18:10.900108 139998232987456 train.py:157] Epoch 7/80, Accuracy: 76.65, 
 Confusion Matrix: 
 [[181.  42.]
 [ 26.  81.]], Sensitivity: 87.44, Specificity: 65.85, 
 Test Accuracy: 51.61, 
 Test Confusion Matrix: 
 [[52. 30.]
 [ 0.  1.]], Test Sensitivity: 100.00, Test Specificity: 3.23,
 Eval Accuracy: 50.00, 
 Eval Confusion Matrix: 
 [[64. 39.]
 [ 0.  0.]], Eval Sensitivity: 100.00, Eval Specificity: 0.00
I0208 13:18:11.316674 139998232987456 train.py:157] Epoch 8/80, Accuracy: 80.79, 
 Confusion Matrix: 
 [[183.  33.]
 [ 24.  90.]], Sensitivity: 88.41, Specificity: 73.17, 
 Test Accuracy: 51.61, 
 Test Confusion Matrix: 
 [[52. 30.]
 [ 0.  1.]], Test Sensitivity: 100.00, Test Specificity: 3.23,
 Eval Accuracy: 50.00, 
 Eval Confusion Matrix: 
 [[64. 39.]
 [ 0.  0.]], Eval Sensitivity: 100.00, Eval Specificity: 0.00
I0208 13:18:11.733780 139998232987456 train.py:157] Epoch 9/80, Accuracy: 81.52, 
 Confusion Matrix: 
 [[181.  30.]
 [ 26.  93.]], Sensitivity: 87.44, Specificity: 75.61, 
 Test Accuracy: 75.87, 
 Test Confusion Matrix: 
 [[42.  9.]
 [10. 22.]], Test Sensitivity: 80.77, Test Specificity: 70.97,
 Eval Accuracy: 68.33, 
 Eval Confusion Matrix: 
 [[53. 18.]
 [11. 21.]], Eval Sensitivity: 82.81, Eval Specificity: 53.85
I0208 13:18:12.150931 139998232987456 train.py:157] Epoch 10/80, Accuracy: 77.15, 
 Confusion Matrix: 
 [[173.  36.]
 [ 34.  87.]], Sensitivity: 83.57, Specificity: 70.73, 
 Test Accuracy: 78.75, 
 Test Confusion Matrix: 
 [[45.  9.]
 [ 7. 22.]], Test Sensitivity: 86.54, Test Specificity: 70.97,
 Eval Accuracy: 62.92, 
 Eval Confusion Matrix: 
 [[51. 21.]
 [13. 18.]], Eval Sensitivity: 79.69, Eval Specificity: 46.15
I0208 13:18:12.569293 139998232987456 train.py:157] Epoch 11/80, Accuracy: 82.73, 
 Confusion Matrix: 
 [[186.  30.]
 [ 21.  93.]], Sensitivity: 89.86, Specificity: 75.61, 
 Test Accuracy: 71.77, 
 Test Confusion Matrix: 
 [[26.  2.]
 [26. 29.]], Test Sensitivity: 50.00, Test Specificity: 93.55,
 Eval Accuracy: 73.72, 
 Eval Confusion Matrix: 
 [[32.  1.]
 [32. 38.]], Eval Sensitivity: 50.00, Eval Specificity: 97.44
I0208 13:18:12.985221 139998232987456 train.py:157] Epoch 12/80, Accuracy: 82.73, 
 Confusion Matrix: 
 [[186.  30.]
 [ 21.  93.]], Sensitivity: 89.86, Specificity: 75.61, 
 Test Accuracy: 72.12, 
 Test Confusion Matrix: 
 [[23.  0.]
 [29. 31.]], Test Sensitivity: 44.23, Test Specificity: 100.00,
 Eval Accuracy: 75.00, 
 Eval Confusion Matrix: 
 [[32.  0.]
 [32. 39.]], Eval Sensitivity: 50.00, Eval Specificity: 100.00
I0208 13:18:13.403640 139998232987456 train.py:157] Epoch 13/80, Accuracy: 84.61, 
 Confusion Matrix: 
 [[182.  23.]
 [ 25. 100.]], Sensitivity: 87.92, Specificity: 81.30, 
 Test Accuracy: 73.98, 
 Test Confusion Matrix: 
 [[35.  6.]
 [17. 25.]], Test Sensitivity: 67.31, Test Specificity: 80.65,
 Eval Accuracy: 73.56, 
 Eval Confusion Matrix: 
 [[40.  6.]
 [24. 33.]], Eval Sensitivity: 62.50, Eval Specificity: 84.62
I0208 13:18:13.816948 139998232987456 train.py:157] Epoch 14/80, Accuracy: 84.85, 
 Confusion Matrix: 
 [[183.  23.]
 [ 24. 100.]], Sensitivity: 88.41, Specificity: 81.30, 
 Test Accuracy: 74.26, 
 Test Confusion Matrix: 
 [[42. 10.]
 [10. 21.]], Test Sensitivity: 80.77, Test Specificity: 67.74,
 Eval Accuracy: 59.64, 
 Eval Confusion Matrix: 
 [[55. 26.]
 [ 9. 13.]], Eval Sensitivity: 85.94, Eval Specificity: 33.33
I0208 13:18:14.241831 139998232987456 train.py:157] Epoch 15/80, Accuracy: 87.78, 
 Confusion Matrix: 
 [[185.  17.]
 [ 22. 106.]], Sensitivity: 89.37, Specificity: 86.18, 
 Test Accuracy: 79.47, 
 Test Confusion Matrix: 
 [[34.  2.]
 [18. 29.]], Test Sensitivity: 65.38, Test Specificity: 93.55,
 Eval Accuracy: 81.31, 
 Eval Confusion Matrix: 
 [[45.  3.]
 [19. 36.]], Eval Sensitivity: 70.31, Eval Specificity: 92.31
I0208 13:18:14.657604 139998232987456 train.py:157] Epoch 16/80, Accuracy: 85.73, 
 Confusion Matrix: 
 [[190.  25.]
 [ 17.  98.]], Sensitivity: 91.79, Specificity: 79.67, 
 Test Accuracy: 71.09, 
 Test Confusion Matrix: 
 [[32.  6.]
 [20. 25.]], Test Sensitivity: 61.54, Test Specificity: 80.65,
 Eval Accuracy: 76.62, 
 Eval Confusion Matrix: 
 [[39.  3.]
 [25. 36.]], Eval Sensitivity: 60.94, Eval Specificity: 92.31
I0208 13:18:15.072357 139998232987456 train.py:157] Epoch 17/80, Accuracy: 85.65, 
 Confusion Matrix: 
 [[188.  24.]
 [ 19.  99.]], Sensitivity: 90.82, Specificity: 80.49, 
 Test Accuracy: 75.62, 
 Test Confusion Matrix: 
 [[30.  2.]
 [22. 29.]], Test Sensitivity: 57.69, Test Specificity: 93.55,
 Eval Accuracy: 76.62, 
 Eval Confusion Matrix: 
 [[39.  3.]
 [25. 36.]], Eval Sensitivity: 60.94, Eval Specificity: 92.31
I0208 13:18:15.488232 139998232987456 train.py:157] Epoch 18/80, Accuracy: 85.97, 
 Confusion Matrix: 
 [[191.  25.]
 [ 16.  98.]], Sensitivity: 92.27, Specificity: 79.67, 
 Test Accuracy: 69.51, 
 Test Confusion Matrix: 
 [[27.  4.]
 [25. 27.]], Test Sensitivity: 51.92, Test Specificity: 87.10,
 Eval Accuracy: 76.06, 
 Eval Confusion Matrix: 
 [[35.  1.]
 [29. 38.]], Eval Sensitivity: 54.69, Eval Specificity: 97.44
I0208 13:18:15.908038 139998232987456 train.py:157] Epoch 19/80, Accuracy: 89.80, 
 Confusion Matrix: 
 [[190.  15.]
 [ 17. 108.]], Sensitivity: 91.79, Specificity: 87.80, 
 Test Accuracy: 63.28, 
 Test Confusion Matrix: 
 [[44. 18.]
 [ 8. 13.]], Test Sensitivity: 84.62, Test Specificity: 41.94,
 Eval Accuracy: 58.85, 
 Eval Confusion Matrix: 
 [[54. 26.]
 [10. 13.]], Eval Sensitivity: 84.38, Eval Specificity: 33.33
I0208 13:18:16.330675 139998232987456 train.py:157] Epoch 20/80, Accuracy: 91.17, 
 Confusion Matrix: 
 [[194.  14.]
 [ 13. 109.]], Sensitivity: 93.72, Specificity: 88.62, 
 Test Accuracy: 55.77, 
 Test Confusion Matrix: 
 [[ 6.  0.]
 [46. 31.]], Test Sensitivity: 11.54, Test Specificity: 100.00,
 Eval Accuracy: 57.81, 
 Eval Confusion Matrix: 
 [[10.  0.]
 [54. 39.]], Eval Sensitivity: 15.62, Eval Specificity: 100.00
I0208 13:18:16.746951 139998232987456 train.py:157] Epoch 21/80, Accuracy: 88.25, 
 Confusion Matrix: 
 [[192.  20.]
 [ 15. 103.]], Sensitivity: 92.75, Specificity: 83.74, 
 Test Accuracy: 72.58, 
 Test Confusion Matrix: 
 [[52. 17.]
 [ 0. 14.]], Test Sensitivity: 100.00, Test Specificity: 45.16,
 Eval Accuracy: 60.76, 
 Eval Confusion Matrix: 
 [[63. 30.]
 [ 1.  9.]], Eval Sensitivity: 98.44, Eval Specificity: 23.08
I0208 13:18:17.165834 139998232987456 train.py:157] Epoch 22/80, Accuracy: 90.60, 
 Confusion Matrix: 
 [[195.  16.]
 [ 12. 107.]], Sensitivity: 94.20, Specificity: 86.99, 
 Test Accuracy: 79.06, 
 Test Confusion Matrix: 
 [[47. 10.]
 [ 5. 21.]], Test Sensitivity: 90.38, Test Specificity: 67.74,
 Eval Accuracy: 64.26, 
 Eval Confusion Matrix: 
 [[56. 23.]
 [ 8. 16.]], Eval Sensitivity: 87.50, Eval Specificity: 41.03
I0208 13:18:17.591913 139998232987456 train.py:157] Epoch 23/80, Accuracy: 91.41, 
 Confusion Matrix: 
 [[195.  14.]
 [ 12. 109.]], Sensitivity: 94.20, Specificity: 88.62, 
 Test Accuracy: 67.12, 
 Test Confusion Matrix: 
 [[48. 18.]
 [ 4. 13.]], Test Sensitivity: 92.31, Test Specificity: 41.94,
 Eval Accuracy: 72.74, 
 Eval Confusion Matrix: 
 [[57. 17.]
 [ 7. 22.]], Eval Sensitivity: 89.06, Eval Specificity: 56.41
I0208 13:18:18.011590 139998232987456 train.py:157] Epoch 24/80, Accuracy: 91.26, 
 Confusion Matrix: 
 [[191.  12.]
 [ 16. 111.]], Sensitivity: 92.27, Specificity: 90.24, 
 Test Accuracy: 50.00, 
 Test Confusion Matrix: 
 [[52. 31.]
 [ 0.  0.]], Test Sensitivity: 100.00, Test Specificity: 0.00,
 Eval Accuracy: 50.00, 
 Eval Confusion Matrix: 
 [[64. 39.]
 [ 0.  0.]], Eval Sensitivity: 100.00, Eval Specificity: 0.00
I0208 13:18:18.427870 139998232987456 train.py:157] Epoch 25/80, Accuracy: 91.17, 
 Confusion Matrix: 
 [[194.  14.]
 [ 13. 109.]], Sensitivity: 93.72, Specificity: 88.62, 
 Test Accuracy: 50.00, 
 Test Confusion Matrix: 
 [[52. 31.]
 [ 0.  0.]], Test Sensitivity: 100.00, Test Specificity: 0.00,
 Eval Accuracy: 51.28, 
 Eval Confusion Matrix: 
 [[64. 38.]
 [ 0.  1.]], Eval Sensitivity: 100.00, Eval Specificity: 2.56
I0208 13:18:18.840507 139998232987456 train.py:157] Epoch 26/80, Accuracy: 89.63, 
 Confusion Matrix: 
 [[191.  16.]
 [ 16. 107.]], Sensitivity: 92.27, Specificity: 86.99, 
 Test Accuracy: 50.00, 
 Test Confusion Matrix: 
 [[52. 31.]
 [ 0.  0.]], Test Sensitivity: 100.00, Test Specificity: 0.00,
 Eval Accuracy: 50.00, 
 Eval Confusion Matrix: 
 [[64. 39.]
 [ 0.  0.]], Eval Sensitivity: 100.00, Eval Specificity: 0.00
I0208 13:18:19.260433 139998232987456 train.py:157] Epoch 27/80, Accuracy: 91.82, 
 Confusion Matrix: 
 [[195.  13.]
 [ 12. 110.]], Sensitivity: 94.20, Specificity: 89.43, 
 Test Accuracy: 81.02, 
 Test Confusion Matrix: 
 [[44.  7.]
 [ 8. 24.]], Test Sensitivity: 84.62, Test Specificity: 77.42,
 Eval Accuracy: 80.37, 
 Eval Confusion Matrix: 
 [[52.  8.]
 [12. 31.]], Eval Sensitivity: 81.25, Eval Specificity: 79.49
I0208 13:18:19.680873 139998232987456 train.py:157] Epoch 28/80, Accuracy: 96.04, 
 Confusion Matrix: 
 [[199.   5.]
 [  8. 118.]], Sensitivity: 96.14, Specificity: 95.93, 
 Test Accuracy: 50.00, 
 Test Confusion Matrix: 
 [[52. 31.]
 [ 0.  0.]], Test Sensitivity: 100.00, Test Specificity: 0.00,
 Eval Accuracy: 50.00, 
 Eval Confusion Matrix: 
 [[64. 39.]
 [ 0.  0.]], Eval Sensitivity: 100.00, Eval Specificity: 0.00
I0208 13:18:20.097415 139998232987456 train.py:157] Epoch 29/80, Accuracy: 89.80, 
 Confusion Matrix: 
 [[190.  15.]
 [ 17. 108.]], Sensitivity: 91.79, Specificity: 87.80, 
 Test Accuracy: 50.00, 
 Test Confusion Matrix: 
 [[52. 31.]
 [ 0.  0.]], Test Sensitivity: 100.00, Test Specificity: 0.00,
 Eval Accuracy: 51.28, 
 Eval Confusion Matrix: 
 [[64. 38.]
 [ 0.  1.]], Eval Sensitivity: 100.00, Eval Specificity: 2.56
I0208 13:18:20.512028 139998232987456 train.py:157] Epoch 30/80, Accuracy: 91.49, 
 Confusion Matrix: 
 [[197.  15.]
 [ 10. 108.]], Sensitivity: 95.17, Specificity: 87.80, 
 Test Accuracy: 50.00, 
 Test Confusion Matrix: 
 [[52. 31.]
 [ 0.  0.]], Test Sensitivity: 100.00, Test Specificity: 0.00,
 Eval Accuracy: 50.00, 
 Eval Confusion Matrix: 
 [[64. 39.]
 [ 0.  0.]], Eval Sensitivity: 100.00, Eval Specificity: 0.00
I0208 13:18:20.934537 139998232987456 train.py:157] Epoch 31/80, Accuracy: 98.46, 
 Confusion Matrix: 
 [[204.   2.]
 [  3. 121.]], Sensitivity: 98.55, Specificity: 98.37, 
 Test Accuracy: 56.45, 
 Test Confusion Matrix: 
 [[52. 27.]
 [ 0.  4.]], Test Sensitivity: 100.00, Test Specificity: 12.90,
 Eval Accuracy: 56.41, 
 Eval Confusion Matrix: 
 [[64. 34.]
 [ 0.  5.]], Eval Sensitivity: 100.00, Eval Specificity: 12.82
I0208 13:18:21.367572 139998232987456 train.py:157] Epoch 32/80, Accuracy: 96.76, 
 Confusion Matrix: 
 [[202.   5.]
 [  5. 118.]], Sensitivity: 97.58, Specificity: 95.93, 
 Test Accuracy: 53.23, 
 Test Confusion Matrix: 
 [[52. 29.]
 [ 0.  2.]], Test Sensitivity: 100.00, Test Specificity: 6.45,
 Eval Accuracy: 50.00, 
 Eval Confusion Matrix: 
 [[64. 39.]
 [ 0.  0.]], Eval Sensitivity: 100.00, Eval Specificity: 0.00
I0208 13:18:21.783424 139998232987456 train.py:157] Epoch 33/80, Accuracy: 96.68, 
 Confusion Matrix: 
 [[200.   4.]
 [  7. 119.]], Sensitivity: 96.62, Specificity: 96.75, 
 Test Accuracy: 51.61, 
 Test Confusion Matrix: 
 [[52. 30.]
 [ 0.  1.]], Test Sensitivity: 100.00, Test Specificity: 3.23,
 Eval Accuracy: 50.00, 
 Eval Confusion Matrix: 
 [[64. 39.]
 [ 0.  0.]], Eval Sensitivity: 100.00, Eval Specificity: 0.00
I0208 13:18:22.202967 139998232987456 train.py:157] Epoch 34/80, Accuracy: 97.00, 
 Confusion Matrix: 
 [[203.   5.]
 [  4. 118.]], Sensitivity: 98.07, Specificity: 95.93, 
 Test Accuracy: 71.00, 
 Test Confusion Matrix: 
 [[47. 15.]
 [ 5. 16.]], Test Sensitivity: 90.38, Test Specificity: 51.61,
 Eval Accuracy: 74.02, 
 Eval Confusion Matrix: 
 [[57. 16.]
 [ 7. 23.]], Eval Sensitivity: 89.06, Eval Specificity: 58.97
I0208 13:18:22.622421 139998232987456 train.py:157] Epoch 35/80, Accuracy: 94.57, 
 Confusion Matrix: 
 [[198.   8.]
 [  9. 115.]], Sensitivity: 95.65, Specificity: 93.50, 
 Test Accuracy: 76.55, 
 Test Confusion Matrix: 
 [[36.  5.]
 [16. 26.]], Test Sensitivity: 69.23, Test Specificity: 83.87,
 Eval Accuracy: 79.81, 
 Eval Confusion Matrix: 
 [[48.  6.]
 [16. 33.]], Eval Sensitivity: 75.00, Eval Specificity: 84.62
I0208 13:18:23.048796 139998232987456 train.py:157] Epoch 36/80, Accuracy: 95.63, 
 Confusion Matrix: 
 [[199.   6.]
 [  8. 117.]], Sensitivity: 96.14, Specificity: 95.12, 
 Test Accuracy: 53.23, 
 Test Confusion Matrix: 
 [[52. 29.]
 [ 0.  2.]], Test Sensitivity: 100.00, Test Specificity: 6.45,
 Eval Accuracy: 52.56, 
 Eval Confusion Matrix: 
 [[64. 37.]
 [ 0.  2.]], Eval Sensitivity: 100.00, Eval Specificity: 5.13
I0208 13:18:23.472018 139998232987456 train.py:157] Epoch 37/80, Accuracy: 94.57, 
 Confusion Matrix: 
 [[198.   8.]
 [  9. 115.]], Sensitivity: 95.65, Specificity: 93.50, 
 Test Accuracy: 50.00, 
 Test Confusion Matrix: 
 [[52. 31.]
 [ 0.  0.]], Test Sensitivity: 100.00, Test Specificity: 0.00,
 Eval Accuracy: 51.28, 
 Eval Confusion Matrix: 
 [[64. 38.]
 [ 0.  1.]], Eval Sensitivity: 100.00, Eval Specificity: 2.56
I0208 13:18:23.892133 139998232987456 train.py:157] Epoch 38/80, Accuracy: 95.71, 
 Confusion Matrix: 
 [[201.   7.]
 [  6. 116.]], Sensitivity: 97.10, Specificity: 94.31, 
 Test Accuracy: 56.45, 
 Test Confusion Matrix: 
 [[52. 27.]
 [ 0.  4.]], Test Sensitivity: 100.00, Test Specificity: 12.90,
 Eval Accuracy: 60.26, 
 Eval Confusion Matrix: 
 [[64. 31.]
 [ 0.  8.]], Eval Sensitivity: 100.00, Eval Specificity: 20.51
I0208 13:18:24.310167 139998232987456 train.py:157] Epoch 39/80, Accuracy: 100.00, 
 Confusion Matrix: 
 [[207.   0.]
 [  0. 123.]], Sensitivity: 100.00, Specificity: 100.00, 
 Test Accuracy: 56.45, 
 Test Confusion Matrix: 
 [[52. 27.]
 [ 0.  4.]], Test Sensitivity: 100.00, Test Specificity: 12.90,
 Eval Accuracy: 58.97, 
 Eval Confusion Matrix: 
 [[64. 32.]
 [ 0.  7.]], Eval Sensitivity: 100.00, Eval Specificity: 17.95
I0208 13:18:24.723057 139998232987456 train.py:157] Epoch 40/80, Accuracy: 98.95, 
 Confusion Matrix: 
 [[206.   2.]
 [  1. 121.]], Sensitivity: 99.52, Specificity: 98.37, 
 Test Accuracy: 78.78, 
 Test Confusion Matrix: 
 [[40.  6.]
 [12. 25.]], Test Sensitivity: 76.92, Test Specificity: 80.65,
 Eval Accuracy: 79.81, 
 Eval Confusion Matrix: 
 [[48.  6.]
 [16. 33.]], Eval Sensitivity: 75.00, Eval Specificity: 84.62
I0208 13:18:25.153821 139998232987456 train.py:157] Epoch 41/80, Accuracy: 98.30, 
 Confusion Matrix: 
 [[205.   3.]
 [  2. 120.]], Sensitivity: 99.03, Specificity: 97.56, 
 Test Accuracy: 67.74, 
 Test Confusion Matrix: 
 [[52. 20.]
 [ 0. 11.]], Test Sensitivity: 100.00, Test Specificity: 35.48,
 Eval Accuracy: 62.04, 
 Eval Confusion Matrix: 
 [[63. 29.]
 [ 1. 10.]], Eval Sensitivity: 98.44, Eval Specificity: 25.64
I0208 13:18:25.577492 139998232987456 train.py:157] Epoch 42/80, Accuracy: 97.81, 
 Confusion Matrix: 
 [[203.   3.]
 [  4. 120.]], Sensitivity: 98.07, Specificity: 97.56, 
 Test Accuracy: 63.55, 
 Test Confusion Matrix: 
 [[51. 22.]
 [ 1.  9.]], Test Sensitivity: 98.08, Test Specificity: 29.03,
 Eval Accuracy: 60.76, 
 Eval Confusion Matrix: 
 [[63. 30.]
 [ 1.  9.]], Eval Sensitivity: 98.44, Eval Specificity: 23.08
I0208 13:18:25.991393 139998232987456 train.py:157] Epoch 43/80, Accuracy: 94.89, 
 Confusion Matrix: 
 [[201.   9.]
 [  6. 114.]], Sensitivity: 97.10, Specificity: 92.68, 
 Test Accuracy: 50.00, 
 Test Confusion Matrix: 
 [[52. 31.]
 [ 0.  0.]], Test Sensitivity: 100.00, Test Specificity: 0.00,
 Eval Accuracy: 50.00, 
 Eval Confusion Matrix: 
 [[64. 39.]
 [ 0.  0.]], Eval Sensitivity: 100.00, Eval Specificity: 0.00
I0208 13:18:26.406106 139998232987456 train.py:157] Epoch 44/80, Accuracy: 91.91, 
 Confusion Matrix: 
 [[192.  11.]
 [ 15. 112.]], Sensitivity: 92.75, Specificity: 91.06, 
 Test Accuracy: 65.88, 
 Test Confusion Matrix: 
 [[40. 14.]
 [12. 17.]], Test Sensitivity: 76.92, Test Specificity: 54.84,
 Eval Accuracy: 77.24, 
 Eval Confusion Matrix: 
 [[48.  8.]
 [16. 31.]], Eval Sensitivity: 75.00, Eval Specificity: 79.49
I0208 13:18:26.821470 139998232987456 train.py:157] Epoch 45/80, Accuracy: 98.70, 
 Confusion Matrix: 
 [[205.   2.]
 [  2. 121.]], Sensitivity: 99.03, Specificity: 98.37, 
 Test Accuracy: 71.46, 
 Test Confusion Matrix: 
 [[24.  1.]
 [28. 30.]], Test Sensitivity: 46.15, Test Specificity: 96.77,
 Eval Accuracy: 74.22, 
 Eval Confusion Matrix: 
 [[31.  0.]
 [33. 39.]], Eval Sensitivity: 48.44, Eval Specificity: 100.00
I0208 13:18:27.247394 139998232987456 train.py:157] Epoch 46/80, Accuracy: 99.76, 
 Confusion Matrix: 
 [[206.   0.]
 [  1. 123.]], Sensitivity: 99.52, Specificity: 100.00, 
 Test Accuracy: 78.44, 
 Test Confusion Matrix: 
 [[43.  8.]
 [ 9. 23.]], Test Sensitivity: 82.69, Test Specificity: 74.19,
 Eval Accuracy: 78.08, 
 Eval Confusion Matrix: 
 [[54. 11.]
 [10. 28.]], Eval Sensitivity: 84.38, Eval Specificity: 71.79
I0208 13:18:27.667570 139998232987456 train.py:157] Epoch 47/80, Accuracy: 99.35, 
 Confusion Matrix: 
 [[206.   1.]
 [  1. 122.]], Sensitivity: 99.52, Specificity: 99.19, 
 Test Accuracy: 73.60, 
 Test Confusion Matrix: 
 [[43. 11.]
 [ 9. 20.]], Test Sensitivity: 82.69, Test Specificity: 64.52,
 Eval Accuracy: 76.02, 
 Eval Confusion Matrix: 
 [[53. 12.]
 [11. 27.]], Eval Sensitivity: 82.81, Eval Specificity: 69.23
I0208 13:18:28.087545 139998232987456 train.py:157] Epoch 48/80, Accuracy: 98.06, 
 Confusion Matrix: 
 [[204.   3.]
 [  3. 120.]], Sensitivity: 98.55, Specificity: 97.56, 
 Test Accuracy: 73.29, 
 Test Confusion Matrix: 
 [[41. 10.]
 [11. 21.]], Test Sensitivity: 78.85, Test Specificity: 67.74,
 Eval Accuracy: 76.74, 
 Eval Confusion Matrix: 
 [[49.  9.]
 [15. 30.]], Eval Sensitivity: 76.56, Eval Specificity: 76.92
I0208 13:18:28.510659 139998232987456 train.py:157] Epoch 49/80, Accuracy: 98.70, 
 Confusion Matrix: 
 [[205.   2.]
 [  2. 121.]], Sensitivity: 99.03, Specificity: 98.37, 
 Test Accuracy: 65.17, 
 Test Confusion Matrix: 
 [[51. 21.]
 [ 1. 10.]], Test Sensitivity: 98.08, Test Specificity: 32.26,
 Eval Accuracy: 61.26, 
 Eval Confusion Matrix: 
 [[62. 29.]
 [ 2. 10.]], Eval Sensitivity: 96.88, Eval Specificity: 25.64
I0208 13:18:28.931885 139998232987456 train.py:157] Epoch 50/80, Accuracy: 97.17, 
 Confusion Matrix: 
 [[202.   4.]
 [  5. 119.]], Sensitivity: 97.58, Specificity: 96.75, 
 Test Accuracy: 53.85, 
 Test Confusion Matrix: 
 [[ 4.  0.]
 [48. 31.]], Test Sensitivity: 7.69, Test Specificity: 100.00,
 Eval Accuracy: 60.16, 
 Eval Confusion Matrix: 
 [[13.  0.]
 [51. 39.]], Eval Sensitivity: 20.31, Eval Specificity: 100.00
I0208 13:18:29.355241 139998232987456 train.py:157] Epoch 51/80, Accuracy: 96.85, 
 Confusion Matrix: 
 [[199.   3.]
 [  8. 120.]], Sensitivity: 96.14, Specificity: 97.56, 
 Test Accuracy: 74.97, 
 Test Confusion Matrix: 
 [[31.  3.]
 [21. 28.]], Test Sensitivity: 59.62, Test Specificity: 90.32,
 Eval Accuracy: 75.06, 
 Eval Confusion Matrix: 
 [[37.  3.]
 [27. 36.]], Eval Sensitivity: 57.81, Eval Specificity: 92.31
I0208 13:18:29.776167 139998232987456 train.py:157] Epoch 52/80, Accuracy: 92.78, 
 Confusion Matrix: 
 [[199.  13.]
 [  8. 110.]], Sensitivity: 96.14, Specificity: 89.43, 
 Test Accuracy: 79.47, 
 Test Confusion Matrix: 
 [[34.  2.]
 [18. 29.]], Test Sensitivity: 65.38, Test Specificity: 93.55,
 Eval Accuracy: 76.84, 
 Eval Confusion Matrix: 
 [[36.  1.]
 [28. 38.]], Eval Sensitivity: 56.25, Eval Specificity: 97.44
I0208 13:18:30.195207 139998232987456 train.py:157] Epoch 53/80, Accuracy: 95.30, 
 Confusion Matrix: 
 [[201.   8.]
 [  6. 115.]], Sensitivity: 97.10, Specificity: 93.50, 
 Test Accuracy: 67.43, 
 Test Confusion Matrix: 
 [[50. 19.]
 [ 2. 12.]], Test Sensitivity: 96.15, Test Specificity: 38.71,
 Eval Accuracy: 64.60, 
 Eval Confusion Matrix: 
 [[63. 27.]
 [ 1. 12.]], Eval Sensitivity: 98.44, Eval Specificity: 30.77
I0208 13:18:30.614477 139998232987456 train.py:157] Epoch 54/80, Accuracy: 98.63, 
 Confusion Matrix: 
 [[203.   1.]
 [  4. 122.]], Sensitivity: 98.07, Specificity: 99.19, 
 Test Accuracy: 70.69, 
 Test Confusion Matrix: 
 [[45. 14.]
 [ 7. 17.]], Test Sensitivity: 86.54, Test Specificity: 54.84,
 Eval Accuracy: 70.89, 
 Eval Confusion Matrix: 
 [[53. 16.]
 [11. 23.]], Eval Sensitivity: 82.81, Eval Specificity: 58.97
I0208 13:18:31.043283 139998232987456 train.py:157] Epoch 55/80, Accuracy: 97.24, 
 Confusion Matrix: 
 [[204.   5.]
 [  3. 118.]], Sensitivity: 98.55, Specificity: 95.93, 
 Test Accuracy: 73.26, 
 Test Confusion Matrix: 
 [[46. 13.]
 [ 6. 18.]], Test Sensitivity: 88.46, Test Specificity: 58.06,
 Eval Accuracy: 69.89, 
 Eval Confusion Matrix: 
 [[55. 18.]
 [ 9. 21.]], Eval Sensitivity: 85.94, Eval Specificity: 53.85
I0208 13:18:31.464849 139998232987456 train.py:157] Epoch 56/80, Accuracy: 99.76, 
 Confusion Matrix: 
 [[206.   0.]
 [  1. 123.]], Sensitivity: 99.52, Specificity: 100.00, 
 Test Accuracy: 54.84, 
 Test Confusion Matrix: 
 [[52. 28.]
 [ 0.  3.]], Test Sensitivity: 100.00, Test Specificity: 9.68,
 Eval Accuracy: 57.69, 
 Eval Confusion Matrix: 
 [[64. 33.]
 [ 0.  6.]], Eval Sensitivity: 100.00, Eval Specificity: 15.38
I0208 13:18:31.881772 139998232987456 train.py:157] Epoch 57/80, Accuracy: 97.00, 
 Confusion Matrix: 
 [[203.   5.]
 [  4. 118.]], Sensitivity: 98.07, Specificity: 95.93, 
 Test Accuracy: 51.61, 
 Test Confusion Matrix: 
 [[52. 30.]
 [ 0.  1.]], Test Sensitivity: 100.00, Test Specificity: 3.23,
 Eval Accuracy: 50.00, 
 Eval Confusion Matrix: 
 [[64. 39.]
 [ 0.  0.]], Eval Sensitivity: 100.00, Eval Specificity: 0.00
I0208 13:18:32.301303 139998232987456 train.py:157] Epoch 58/80, Accuracy: 100.00, 
 Confusion Matrix: 
 [[207.   0.]
 [  0. 123.]], Sensitivity: 100.00, Specificity: 100.00, 
 Test Accuracy: 77.45, 
 Test Confusion Matrix: 
 [[47. 11.]
 [ 5. 20.]], Test Sensitivity: 90.38, Test Specificity: 64.52,
 Eval Accuracy: 68.11, 
 Eval Confusion Matrix: 
 [[56. 20.]
 [ 8. 19.]], Eval Sensitivity: 87.50, Eval Specificity: 48.72
I0208 13:18:32.715692 139998232987456 train.py:157] Epoch 59/80, Accuracy: 98.06, 
 Confusion Matrix: 
 [[204.   3.]
 [  3. 120.]], Sensitivity: 98.55, Specificity: 97.56, 
 Test Accuracy: 51.61, 
 Test Confusion Matrix: 
 [[52. 30.]
 [ 0.  1.]], Test Sensitivity: 100.00, Test Specificity: 3.23,
 Eval Accuracy: 50.00, 
 Eval Confusion Matrix: 
 [[64. 39.]
 [ 0.  0.]], Eval Sensitivity: 100.00, Eval Specificity: 0.00
I0208 13:18:33.141114 139998232987456 train.py:157] Epoch 60/80, Accuracy: 96.35, 
 Confusion Matrix: 
 [[202.   6.]
 [  5. 117.]], Sensitivity: 97.58, Specificity: 95.12, 
 Test Accuracy: 76.49, 
 Test Confusion Matrix: 
 [[46. 11.]
 [ 6. 20.]], Test Sensitivity: 88.46, Test Specificity: 64.52,
 Eval Accuracy: 66.83, 
 Eval Confusion Matrix: 
 [[56. 21.]
 [ 8. 18.]], Eval Sensitivity: 87.50, Eval Specificity: 46.15
I0208 13:18:33.560583 139998232987456 train.py:157] Epoch 61/80, Accuracy: 98.87, 
 Confusion Matrix: 
 [[204.   1.]
 [  3. 122.]], Sensitivity: 98.55, Specificity: 99.19, 
 Test Accuracy: 66.78, 
 Test Confusion Matrix: 
 [[51. 20.]
 [ 1. 11.]], Test Sensitivity: 98.08, Test Specificity: 35.48,
 Eval Accuracy: 60.48, 
 Eval Confusion Matrix: 
 [[61. 29.]
 [ 3. 10.]], Eval Sensitivity: 95.31, Eval Specificity: 25.64
I0208 13:18:33.981277 139998232987456 train.py:157] Epoch 62/80, Accuracy: 98.95, 
 Confusion Matrix: 
 [[206.   2.]
 [  1. 121.]], Sensitivity: 99.52, Specificity: 98.37, 
 Test Accuracy: 60.33, 
 Test Confusion Matrix: 
 [[51. 24.]
 [ 1.  7.]], Test Sensitivity: 98.08, Test Specificity: 22.58,
 Eval Accuracy: 60.26, 
 Eval Confusion Matrix: 
 [[64. 31.]
 [ 0.  8.]], Eval Sensitivity: 100.00, Eval Specificity: 20.51
I0208 13:18:34.396622 139998232987456 train.py:157] Epoch 63/80, Accuracy: 99.11, 
 Confusion Matrix: 
 [[205.   1.]
 [  2. 122.]], Sensitivity: 99.03, Specificity: 99.19, 
 Test Accuracy: 71.00, 
 Test Confusion Matrix: 
 [[47. 15.]
 [ 5. 16.]], Test Sensitivity: 90.38, Test Specificity: 51.61,
 Eval Accuracy: 69.39, 
 Eval Confusion Matrix: 
 [[56. 19.]
 [ 8. 20.]], Eval Sensitivity: 87.50, Eval Specificity: 51.28
I0208 13:18:34.814276 139998232987456 train.py:157] Epoch 64/80, Accuracy: 95.46, 
 Confusion Matrix: 
 [[200.   7.]
 [  7. 116.]], Sensitivity: 96.62, Specificity: 94.31, 
 Test Accuracy: 81.73, 
 Test Confusion Matrix: 
 [[33.  0.]
 [19. 31.]], Test Sensitivity: 63.46, Test Specificity: 100.00,
 Eval Accuracy: 77.68, 
 Eval Confusion Matrix: 
 [[42.  4.]
 [22. 35.]], Eval Sensitivity: 65.62, Eval Specificity: 89.74
I0208 13:18:35.237736 139998232987456 train.py:157] Epoch 65/80, Accuracy: 97.17, 
 Confusion Matrix: 
 [[202.   4.]
 [  5. 119.]], Sensitivity: 97.58, Specificity: 96.75, 
 Test Accuracy: 72.95, 
 Test Confusion Matrix: 
 [[44. 12.]
 [ 8. 19.]], Test Sensitivity: 84.62, Test Specificity: 61.29,
 Eval Accuracy: 77.74, 
 Eval Confusion Matrix: 
 [[47.  7.]
 [17. 32.]], Eval Sensitivity: 73.44, Eval Specificity: 82.05
I0208 13:18:35.647046 139998232987456 train.py:157] Epoch 66/80, Accuracy: 97.81, 
 Confusion Matrix: 
 [[203.   3.]
 [  4. 120.]], Sensitivity: 98.07, Specificity: 97.56, 
 Test Accuracy: 71.96, 
 Test Confusion Matrix: 
 [[48. 15.]
 [ 4. 16.]], Test Sensitivity: 92.31, Test Specificity: 51.61,
 Eval Accuracy: 68.17, 
 Eval Confusion Matrix: 
 [[61. 23.]
 [ 3. 16.]], Eval Sensitivity: 95.31, Eval Specificity: 41.03
I0208 13:18:36.072185 139998232987456 train.py:157] Epoch 67/80, Accuracy: 99.11, 
 Confusion Matrix: 
 [[205.   1.]
 [  2. 122.]], Sensitivity: 99.03, Specificity: 99.19, 
 Test Accuracy: 79.44, 
 Test Confusion Matrix: 
 [[39.  5.]
 [13. 26.]], Test Sensitivity: 75.00, Test Specificity: 83.87,
 Eval Accuracy: 74.96, 
 Eval Confusion Matrix: 
 [[50. 11.]
 [14. 28.]], Eval Sensitivity: 78.12, Eval Specificity: 71.79
I0208 13:18:36.493222 139998232987456 train.py:157] Epoch 68/80, Accuracy: 100.00, 
 Confusion Matrix: 
 [[207.   0.]
 [  0. 123.]], Sensitivity: 100.00, Specificity: 100.00, 
 Test Accuracy: 77.17, 
 Test Confusion Matrix: 
 [[40.  7.]
 [12. 24.]], Test Sensitivity: 76.92, Test Specificity: 77.42,
 Eval Accuracy: 74.96, 
 Eval Confusion Matrix: 
 [[50. 11.]
 [14. 28.]], Eval Sensitivity: 78.12, Eval Specificity: 71.79
I0208 13:18:36.921257 139998232987456 train.py:157] Epoch 69/80, Accuracy: 99.76, 
 Confusion Matrix: 
 [[206.   0.]
 [  1. 123.]], Sensitivity: 99.52, Specificity: 100.00, 
 Test Accuracy: 80.09, 
 Test Confusion Matrix: 
 [[38.  4.]
 [14. 27.]], Test Sensitivity: 73.08, Test Specificity: 87.10,
 Eval Accuracy: 76.74, 
 Eval Confusion Matrix: 
 [[49.  9.]
 [15. 30.]], Eval Sensitivity: 76.56, Eval Specificity: 76.92
I0208 13:18:37.344987 139998232987456 train.py:157] Epoch 70/80, Accuracy: 99.19, 
 Confusion Matrix: 
 [[207.   2.]
 [  0. 121.]], Sensitivity: 100.00, Specificity: 98.37, 
 Test Accuracy: 54.81, 
 Test Confusion Matrix: 
 [[ 5.  0.]
 [47. 31.]], Test Sensitivity: 9.62, Test Specificity: 100.00,
 Eval Accuracy: 58.59, 
 Eval Confusion Matrix: 
 [[11.  0.]
 [53. 39.]], Eval Sensitivity: 17.19, Eval Specificity: 100.00
I0208 13:18:37.764879 139998232987456 train.py:157] Epoch 71/80, Accuracy: 98.87, 
 Confusion Matrix: 
 [[204.   1.]
 [  3. 122.]], Sensitivity: 98.55, Specificity: 99.19, 
 Test Accuracy: 78.16, 
 Test Confusion Matrix: 
 [[36.  4.]
 [16. 27.]], Test Sensitivity: 69.23, Test Specificity: 87.10,
 Eval Accuracy: 75.18, 
 Eval Confusion Matrix: 
 [[47.  9.]
 [17. 30.]], Eval Sensitivity: 73.44, Eval Specificity: 76.92
I0208 13:18:38.183213 139998232987456 train.py:157] Epoch 72/80, Accuracy: 99.76, 
 Confusion Matrix: 
 [[206.   0.]
 [  1. 123.]], Sensitivity: 99.52, Specificity: 100.00, 
 Test Accuracy: 59.06, 
 Test Confusion Matrix: 
 [[48. 23.]
 [ 4.  8.]], Test Sensitivity: 92.31, Test Specificity: 25.81,
 Eval Accuracy: 61.98, 
 Eval Confusion Matrix: 
 [[58. 26.]
 [ 6. 13.]], Eval Sensitivity: 90.62, Eval Specificity: 33.33
I0208 13:18:38.603882 139998232987456 train.py:157] Epoch 73/80, Accuracy: 97.24, 
 Confusion Matrix: 
 [[204.   5.]
 [  3. 118.]], Sensitivity: 98.55, Specificity: 95.93, 
 Test Accuracy: 70.04, 
 Test Confusion Matrix: 
 [[46. 15.]
 [ 6. 16.]], Test Sensitivity: 88.46, Test Specificity: 51.61,
 Eval Accuracy: 76.36, 
 Eval Confusion Matrix: 
 [[60. 16.]
 [ 4. 23.]], Eval Sensitivity: 93.75, Eval Specificity: 58.97
I0208 13:18:39.029797 139998232987456 train.py:157] Epoch 74/80, Accuracy: 99.35, 
 Confusion Matrix: 
 [[206.   1.]
 [  1. 122.]], Sensitivity: 99.52, Specificity: 99.19, 
 Test Accuracy: 72.95, 
 Test Confusion Matrix: 
 [[44. 12.]
 [ 8. 19.]], Test Sensitivity: 84.62, Test Specificity: 61.29,
 Eval Accuracy: 78.65, 
 Eval Confusion Matrix: 
 [[58. 13.]
 [ 6. 26.]], Eval Sensitivity: 90.62, Eval Specificity: 66.67
I0208 13:18:39.443176 139998232987456 train.py:157] Epoch 75/80, Accuracy: 98.95, 
 Confusion Matrix: 
 [[206.   2.]
 [  1. 121.]], Sensitivity: 99.52, Specificity: 98.37, 
 Test Accuracy: 57.44, 
 Test Confusion Matrix: 
 [[48. 24.]
 [ 4.  7.]], Test Sensitivity: 92.31, Test Specificity: 22.58,
 Eval Accuracy: 67.67, 
 Eval Confusion Matrix: 
 [[62. 24.]
 [ 2. 15.]], Eval Sensitivity: 96.88, Eval Specificity: 38.46
I0208 13:18:39.867969 139998232987456 train.py:157] Epoch 76/80, Accuracy: 99.52, 
 Confusion Matrix: 
 [[205.   0.]
 [  2. 123.]], Sensitivity: 99.03, Specificity: 100.00, 
 Test Accuracy: 54.84, 
 Test Confusion Matrix: 
 [[52. 28.]
 [ 0.  3.]], Test Sensitivity: 100.00, Test Specificity: 9.68,
 Eval Accuracy: 56.91, 
 Eval Confusion Matrix: 
 [[63. 33.]
 [ 1.  6.]], Eval Sensitivity: 98.44, Eval Specificity: 15.38
I0208 13:18:40.286873 139998232987456 train.py:157] Epoch 77/80, Accuracy: 100.00, 
 Confusion Matrix: 
 [[207.   0.]
 [  0. 123.]], Sensitivity: 100.00, Specificity: 100.00, 
 Test Accuracy: 61.94, 
 Test Confusion Matrix: 
 [[51. 23.]
 [ 1.  8.]], Test Sensitivity: 98.08, Test Specificity: 25.81,
 Eval Accuracy: 59.48, 
 Eval Confusion Matrix: 
 [[63. 31.]
 [ 1.  8.]], Eval Sensitivity: 98.44, Eval Specificity: 20.51
I0208 13:18:40.709239 139998232987456 train.py:157] Epoch 78/80, Accuracy: 100.00, 
 Confusion Matrix: 
 [[207.   0.]
 [  0. 123.]], Sensitivity: 100.00, Specificity: 100.00, 
 Test Accuracy: 75.19, 
 Test Confusion Matrix: 
 [[48. 13.]
 [ 4. 18.]], Test Sensitivity: 92.31, Test Specificity: 58.06,
 Eval Accuracy: 63.54, 
 Eval Confusion Matrix: 
 [[60. 26.]
 [ 4. 13.]], Eval Sensitivity: 93.75, Eval Specificity: 33.33
I0208 13:18:41.131670 139998232987456 train.py:157] Epoch 79/80, Accuracy: 100.00, 
 Confusion Matrix: 
 [[207.   0.]
 [  0. 123.]], Sensitivity: 100.00, Specificity: 100.00, 
 Test Accuracy: 77.45, 
 Test Confusion Matrix: 
 [[47. 11.]
 [ 5. 20.]], Test Sensitivity: 90.38, Test Specificity: 64.52,
 Eval Accuracy: 70.45, 
 Eval Confusion Matrix: 
 [[59. 20.]
 [ 5. 19.]], Eval Sensitivity: 92.19, Eval Specificity: 48.72
I0208 13:18:41.163616 139998232987456 train.py:226] Finished training after 1659 steps and 80 epochs.
Model: "vgg_like"
_________________________________________________________________
Layer (type)                 Output Shape              Param #   
=================================================================
input_1 (InputLayer)         [(None, None, None, 3)]   0         
_________________________________________________________________
conv2d (Conv2D)              (None, None, None, 8)     224       
_________________________________________________________________
batch_normalization (BatchNo (None, None, None, 8)     32        
_________________________________________________________________
conv2d_1 (Conv2D)            (None, None, None, 8)     584       
_________________________________________________________________
max_pooling2d (MaxPooling2D) (None, None, None, 8)     0         
_________________________________________________________________
batch_normalization_1 (Batch (None, None, None, 8)     32        
_________________________________________________________________
conv2d_2 (Conv2D)            (None, None, None, 16)    1168      
_________________________________________________________________
batch_normalization_2 (Batch (None, None, None, 16)    64        
_________________________________________________________________
conv2d_3 (Conv2D)            (None, None, None, 16)    2320      
_________________________________________________________________
max_pooling2d_1 (MaxPooling2 (None, None, None, 16)    0         
_________________________________________________________________
batch_normalization_3 (Batch (None, None, None, 16)    64        
_________________________________________________________________
conv2d_4 (Conv2D)            (None, None, None, 32)    4640      
_________________________________________________________________
batch_normalization_4 (Batch (None, None, None, 32)    128       
_________________________________________________________________
conv2d_5 (Conv2D)            (None, None, None, 32)    9248      
_________________________________________________________________
max_pooling2d_2 (MaxPooling2 (None, None, None, 32)    0         
_________________________________________________________________
batch_normalization_5 (Batch (None, None, None, 32)    128       
_________________________________________________________________
conv2d_6 (Conv2D)            (None, None, None, 64)    18496     
_________________________________________________________________
batch_normalization_6 (Batch (None, None, None, 64)    256       
_________________________________________________________________
conv2d_7 (Conv2D)            (None, None, None, 64)    36928     
_________________________________________________________________
max_pooling2d_3 (MaxPooling2 (None, None, None, 64)    0         
_________________________________________________________________
batch_normalization_7 (Batch (None, None, None, 64)    256       
_________________________________________________________________
global_average_pooling2d (Gl (None, 64)                0         
_________________________________________________________________
dense (Dense)                (None, 128)               8320      
_________________________________________________________________
dropout (Dropout)            (None, 128)               0         
_________________________________________________________________
dense_1 (Dense)              (None, 2)                 258       
=================================================================
Total params: 83,146
Trainable params: 82,666
Non-trainable params: 480
_________________________________________________________________
