2021-02-02 16:27:45.101819: I tensorflow/stream_executor/platform/default/dso_loader.cc:48] Successfully opened dynamic library libcudart.so.10.1
I0202 16:27:46.279313 140071304615744 datasets.py:14] Preparing dataset idrid...
I0202 16:27:46.280121 140071304615744 dataset_info.py:361] Load dataset info from /home/RUS_CIP/st169955/dl-lab-2020-team15/Project1-Diabetic_Retinopathy/idrid/1.0.0
I0202 16:27:46.280735 140071304615744 dataset_builder.py:299] Reusing dataset idrid (/home/RUS_CIP/st169955/dl-lab-2020-team15/Project1-Diabetic_Retinopathy/idrid/1.0.0)
I0202 16:27:46.280784 140071304615744 dataset_builder.py:510] Constructing tf.data.Dataset for split ['train[:80%]', 'train[80%:]', 'test'], from /home/RUS_CIP/st169955/dl-lab-2020-team15/Project1-Diabetic_Retinopathy/idrid/1.0.0
2021-02-02 16:27:46.282097: I tensorflow/stream_executor/platform/default/dso_loader.cc:48] Successfully opened dynamic library libcuda.so.1
2021-02-02 16:27:46.331302: I tensorflow/stream_executor/cuda/cuda_gpu_executor.cc:982] successful NUMA node read from SysFS had negative value (-1), but there must be at least one NUMA node, so returning NUMA node zero
2021-02-02 16:27:46.332044: I tensorflow/core/common_runtime/gpu/gpu_device.cc:1716] Found device 0 with properties: 
pciBusID: 0000:21:00.0 name: GeForce RTX 2080 Ti computeCapability: 7.5
coreClock: 1.545GHz coreCount: 68 deviceMemorySize: 10.76GiB deviceMemoryBandwidth: 573.69GiB/s
2021-02-02 16:27:46.332059: I tensorflow/stream_executor/platform/default/dso_loader.cc:48] Successfully opened dynamic library libcudart.so.10.1
2021-02-02 16:27:46.333202: I tensorflow/stream_executor/platform/default/dso_loader.cc:48] Successfully opened dynamic library libcublas.so.10
2021-02-02 16:27:46.334394: I tensorflow/stream_executor/platform/default/dso_loader.cc:48] Successfully opened dynamic library libcufft.so.10
2021-02-02 16:27:46.334542: I tensorflow/stream_executor/platform/default/dso_loader.cc:48] Successfully opened dynamic library libcurand.so.10
2021-02-02 16:27:46.335635: I tensorflow/stream_executor/platform/default/dso_loader.cc:48] Successfully opened dynamic library libcusolver.so.10
2021-02-02 16:27:46.336207: I tensorflow/stream_executor/platform/default/dso_loader.cc:48] Successfully opened dynamic library libcusparse.so.10
2021-02-02 16:27:46.338722: I tensorflow/stream_executor/platform/default/dso_loader.cc:48] Successfully opened dynamic library libcudnn.so.7
2021-02-02 16:27:46.338832: I tensorflow/stream_executor/cuda/cuda_gpu_executor.cc:982] successful NUMA node read from SysFS had negative value (-1), but there must be at least one NUMA node, so returning NUMA node zero
2021-02-02 16:27:46.339590: I tensorflow/stream_executor/cuda/cuda_gpu_executor.cc:982] successful NUMA node read from SysFS had negative value (-1), but there must be at least one NUMA node, so returning NUMA node zero
2021-02-02 16:27:46.340264: I tensorflow/core/common_runtime/gpu/gpu_device.cc:1858] Adding visible gpu devices: 0
2021-02-02 16:27:46.340576: I tensorflow/core/platform/cpu_feature_guard.cc:142] This TensorFlow binary is optimized with oneAPI Deep Neural Network Library (oneDNN)to use the following CPU instructions in performance-critical operations:  AVX2 FMA
To enable them in other operations, rebuild TensorFlow with the appropriate compiler flags.
2021-02-02 16:27:46.345688: I tensorflow/core/platform/profile_utils/cpu_utils.cc:104] CPU Frequency: 3800025000 Hz
2021-02-02 16:27:46.346049: I tensorflow/compiler/xla/service/service.cc:168] XLA service 0x451d3c0 initialized for platform Host (this does not guarantee that XLA will be used). Devices:
2021-02-02 16:27:46.346063: I tensorflow/compiler/xla/service/service.cc:176]   StreamExecutor device (0): Host, Default Version
2021-02-02 16:27:46.432988: I tensorflow/stream_executor/cuda/cuda_gpu_executor.cc:982] successful NUMA node read from SysFS had negative value (-1), but there must be at least one NUMA node, so returning NUMA node zero
2021-02-02 16:27:46.433807: I tensorflow/compiler/xla/service/service.cc:168] XLA service 0x4bae1d0 initialized for platform CUDA (this does not guarantee that XLA will be used). Devices:
2021-02-02 16:27:46.433892: I tensorflow/compiler/xla/service/service.cc:176]   StreamExecutor device (0): GeForce RTX 2080 Ti, Compute Capability 7.5
2021-02-02 16:27:46.434214: I tensorflow/stream_executor/cuda/cuda_gpu_executor.cc:982] successful NUMA node read from SysFS had negative value (-1), but there must be at least one NUMA node, so returning NUMA node zero
2021-02-02 16:27:46.435349: I tensorflow/core/common_runtime/gpu/gpu_device.cc:1716] Found device 0 with properties: 
pciBusID: 0000:21:00.0 name: GeForce RTX 2080 Ti computeCapability: 7.5
coreClock: 1.545GHz coreCount: 68 deviceMemorySize: 10.76GiB deviceMemoryBandwidth: 573.69GiB/s
2021-02-02 16:27:46.435383: I tensorflow/stream_executor/platform/default/dso_loader.cc:48] Successfully opened dynamic library libcudart.so.10.1
2021-02-02 16:27:46.435418: I tensorflow/stream_executor/platform/default/dso_loader.cc:48] Successfully opened dynamic library libcublas.so.10
2021-02-02 16:27:46.435432: I tensorflow/stream_executor/platform/default/dso_loader.cc:48] Successfully opened dynamic library libcufft.so.10
2021-02-02 16:27:46.435445: I tensorflow/stream_executor/platform/default/dso_loader.cc:48] Successfully opened dynamic library libcurand.so.10
2021-02-02 16:27:46.435458: I tensorflow/stream_executor/platform/default/dso_loader.cc:48] Successfully opened dynamic library libcusolver.so.10
2021-02-02 16:27:46.435470: I tensorflow/stream_executor/platform/default/dso_loader.cc:48] Successfully opened dynamic library libcusparse.so.10
2021-02-02 16:27:46.435483: I tensorflow/stream_executor/platform/default/dso_loader.cc:48] Successfully opened dynamic library libcudnn.so.7
2021-02-02 16:27:46.435571: I tensorflow/stream_executor/cuda/cuda_gpu_executor.cc:982] successful NUMA node read from SysFS had negative value (-1), but there must be at least one NUMA node, so returning NUMA node zero
2021-02-02 16:27:46.436635: I tensorflow/stream_executor/cuda/cuda_gpu_executor.cc:982] successful NUMA node read from SysFS had negative value (-1), but there must be at least one NUMA node, so returning NUMA node zero
2021-02-02 16:27:46.437634: I tensorflow/core/common_runtime/gpu/gpu_device.cc:1858] Adding visible gpu devices: 0
2021-02-02 16:27:46.437670: I tensorflow/stream_executor/platform/default/dso_loader.cc:48] Successfully opened dynamic library libcudart.so.10.1
2021-02-02 16:27:46.740745: I tensorflow/core/common_runtime/gpu/gpu_device.cc:1257] Device interconnect StreamExecutor with strength 1 edge matrix:
2021-02-02 16:27:46.740799: I tensorflow/core/common_runtime/gpu/gpu_device.cc:1263]      0 
2021-02-02 16:27:46.740819: I tensorflow/core/common_runtime/gpu/gpu_device.cc:1276] 0:   N 
2021-02-02 16:27:46.741053: I tensorflow/stream_executor/cuda/cuda_gpu_executor.cc:982] successful NUMA node read from SysFS had negative value (-1), but there must be at least one NUMA node, so returning NUMA node zero
2021-02-02 16:27:46.741774: I tensorflow/stream_executor/cuda/cuda_gpu_executor.cc:982] successful NUMA node read from SysFS had negative value (-1), but there must be at least one NUMA node, so returning NUMA node zero
2021-02-02 16:27:46.742472: I tensorflow/core/common_runtime/gpu/gpu_device.cc:1402] Created TensorFlow device (/job:localhost/replica:0/task:0/device:GPU:0 with 10074 MB memory) -> physical GPU (device: 0, name: GeForce RTX 2080 Ti, pci bus id: 0000:21:00.0, compute capability: 7.5)
WARNING:tensorflow:AutoGraph could not transform <function preprocess at 0x7f6473d36160> and will run it as-is.
Please report this to the TensorFlow team. When filing the bug, set the verbosity to 10 (on Linux, `export AUTOGRAPH_VERBOSITY=10`) and attach the full output.
Cause: module 'gast' has no attribute 'Index'
To silence this warning, decorate the function with @tf.autograph.experimental.do_not_convert
W0202 16:27:49.989566 140071304615744 ag_logging.py:146] AutoGraph could not transform <function preprocess at 0x7f6473d36160> and will run it as-is.
Please report this to the TensorFlow team. When filing the bug, set the verbosity to 10 (on Linux, `export AUTOGRAPH_VERBOSITY=10`) and attach the full output.
Cause: module 'gast' has no attribute 'Index'
To silence this warning, decorate the function with @tf.autograph.experimental.do_not_convert
WARNING:tensorflow:AutoGraph could not transform <function rotate at 0x7f6473dc8790> and will run it as-is.
Please report this to the TensorFlow team. When filing the bug, set the verbosity to 10 (on Linux, `export AUTOGRAPH_VERBOSITY=10`) and attach the full output.
Cause: module 'gast' has no attribute 'Index'
To silence this warning, decorate the function with @tf.autograph.experimental.do_not_convert
W0202 16:27:50.150454 140071304615744 ag_logging.py:146] AutoGraph could not transform <function rotate at 0x7f6473dc8790> and will run it as-is.
Please report this to the TensorFlow team. When filing the bug, set the verbosity to 10 (on Linux, `export AUTOGRAPH_VERBOSITY=10`) and attach the full output.
Cause: module 'gast' has no attribute 'Index'
To silence this warning, decorate the function with @tf.autograph.experimental.do_not_convert
I0202 16:27:55.424027 140071304615744 train.py:121] Initializing from scratch.
2021-02-02 16:27:56.446357: I tensorflow/stream_executor/platform/default/dso_loader.cc:48] Successfully opened dynamic library libcublas.so.10
2021-02-02 16:27:56.564234: I tensorflow/stream_executor/platform/default/dso_loader.cc:48] Successfully opened dynamic library libcudnn.so.7
I0202 16:28:01.558442 140071304615744 train.py:157] Epoch 1/80, Accuracy: 66.91, 
 Confusion Matrix: 
 [[130.  60.]
 [ 77. 147.]], Sensitivity: 62.80, Specificity: 71.01, 
 Test Accuracy: 50.00, 
 Test Confusion Matrix: 
 [[52. 31.]
 [ 0.  0.]], Test Sensitivity: 100.00, Test Specificity: 0.00,
 Eval Accuracy: 52.56, 
 Eval Confusion Matrix: 
 [[64. 37.]
 [ 0.  2.]], Eval Sensitivity: 100.00, Eval Specificity: 5.13
I0202 16:28:02.145908 140071304615744 train.py:157] Epoch 2/80, Accuracy: 69.81, 
 Confusion Matrix: 
 [[136.  54.]
 [ 71. 153.]], Sensitivity: 65.70, Specificity: 73.91, 
 Test Accuracy: 68.46, 
 Test Confusion Matrix: 
 [[41. 13.]
 [11. 18.]], Test Sensitivity: 78.85, Test Specificity: 58.06,
 Eval Accuracy: 57.01, 
 Eval Confusion Matrix: 
 [[50. 25.]
 [14. 14.]], Eval Sensitivity: 78.12, Eval Specificity: 35.90
I0202 16:28:02.646816 140071304615744 train.py:157] Epoch 3/80, Accuracy: 70.29, 
 Confusion Matrix: 
 [[132.  48.]
 [ 75. 159.]], Sensitivity: 63.77, Specificity: 76.81, 
 Test Accuracy: 70.72, 
 Test Confusion Matrix: 
 [[40. 11.]
 [12. 20.]], Test Sensitivity: 76.92, Test Specificity: 64.52,
 Eval Accuracy: 58.29, 
 Eval Confusion Matrix: 
 [[50. 24.]
 [14. 15.]], Eval Sensitivity: 78.12, Eval Specificity: 38.46
I0202 16:28:03.148565 140071304615744 train.py:157] Epoch 4/80, Accuracy: 72.71, 
 Confusion Matrix: 
 [[138.  44.]
 [ 69. 163.]], Sensitivity: 66.67, Specificity: 78.74, 
 Test Accuracy: 70.07, 
 Test Confusion Matrix: 
 [[41. 12.]
 [11. 19.]], Test Sensitivity: 78.85, Test Specificity: 61.29,
 Eval Accuracy: 54.23, 
 Eval Confusion Matrix: 
 [[53. 29.]
 [11. 10.]], Eval Sensitivity: 82.81, Eval Specificity: 25.64
I0202 16:28:03.650676 140071304615744 train.py:157] Epoch 5/80, Accuracy: 72.71, 
 Confusion Matrix: 
 [[145.  51.]
 [ 62. 156.]], Sensitivity: 70.05, Specificity: 75.36, 
 Test Accuracy: 69.76, 
 Test Confusion Matrix: 
 [[39. 11.]
 [13. 20.]], Test Sensitivity: 75.00, Test Specificity: 64.52,
 Eval Accuracy: 60.58, 
 Eval Confusion Matrix: 
 [[48. 21.]
 [16. 18.]], Eval Sensitivity: 75.00, Eval Specificity: 46.15
I0202 16:28:04.141067 140071304615744 train.py:157] Epoch 6/80, Accuracy: 74.88, 
 Confusion Matrix: 
 [[140.  37.]
 [ 67. 170.]], Sensitivity: 67.63, Specificity: 82.13, 
 Test Accuracy: 73.98, 
 Test Confusion Matrix: 
 [[35.  6.]
 [17. 25.]], Test Sensitivity: 67.31, Test Specificity: 80.65,
 Eval Accuracy: 64.42, 
 Eval Confusion Matrix: 
 [[48. 18.]
 [16. 21.]], Eval Sensitivity: 75.00, Eval Specificity: 53.85
I0202 16:28:04.630509 140071304615744 train.py:157] Epoch 7/80, Accuracy: 73.67, 
 Confusion Matrix: 
 [[135.  37.]
 [ 72. 170.]], Sensitivity: 65.22, Specificity: 82.13, 
 Test Accuracy: 78.50, 
 Test Confusion Matrix: 
 [[33.  2.]
 [19. 29.]], Test Sensitivity: 63.46, Test Specificity: 93.55,
 Eval Accuracy: 58.89, 
 Eval Confusion Matrix: 
 [[36. 15.]
 [28. 24.]], Eval Sensitivity: 56.25, Eval Specificity: 61.54
I0202 16:28:05.116307 140071304615744 train.py:157] Epoch 8/80, Accuracy: 71.74, 
 Confusion Matrix: 
 [[130.  40.]
 [ 77. 167.]], Sensitivity: 62.80, Specificity: 80.68, 
 Test Accuracy: 74.01, 
 Test Confusion Matrix: 
 [[30.  3.]
 [22. 28.]], Test Sensitivity: 57.69, Test Specificity: 90.32,
 Eval Accuracy: 64.86, 
 Eval Confusion Matrix: 
 [[42. 14.]
 [22. 25.]], Eval Sensitivity: 65.62, Eval Specificity: 64.10
I0202 16:28:05.600065 140071304615744 train.py:157] Epoch 9/80, Accuracy: 75.60, 
 Confusion Matrix: 
 [[134.  28.]
 [ 73. 179.]], Sensitivity: 64.73, Specificity: 86.47, 
 Test Accuracy: 76.89, 
 Test Confusion Matrix: 
 [[33.  3.]
 [19. 28.]], Test Sensitivity: 63.46, Test Specificity: 90.32,
 Eval Accuracy: 63.08, 
 Eval Confusion Matrix: 
 [[43. 16.]
 [21. 23.]], Eval Sensitivity: 67.19, Eval Specificity: 58.97
I0202 16:28:06.082904 140071304615744 train.py:157] Epoch 10/80, Accuracy: 76.33, 
 Confusion Matrix: 
 [[142.  33.]
 [ 65. 174.]], Sensitivity: 68.60, Specificity: 84.06, 
 Test Accuracy: 71.06, 
 Test Confusion Matrix: 
 [[37.  9.]
 [15. 22.]], Test Sensitivity: 71.15, Test Specificity: 70.97,
 Eval Accuracy: 60.58, 
 Eval Confusion Matrix: 
 [[48. 21.]
 [16. 18.]], Eval Sensitivity: 75.00, Eval Specificity: 46.15
I0202 16:28:06.567580 140071304615744 train.py:157] Epoch 11/80, Accuracy: 73.67, 
 Confusion Matrix: 
 [[139.  41.]
 [ 68. 166.]], Sensitivity: 67.15, Specificity: 80.19, 
 Test Accuracy: 62.66, 
 Test Confusion Matrix: 
 [[40. 16.]
 [12. 15.]], Test Sensitivity: 76.92, Test Specificity: 48.39,
 Eval Accuracy: 52.94, 
 Eval Confusion Matrix: 
 [[53. 30.]
 [11.  9.]], Eval Sensitivity: 82.81, Eval Specificity: 23.08
I0202 16:28:07.046845 140071304615744 train.py:157] Epoch 12/80, Accuracy: 75.36, 
 Confusion Matrix: 
 [[135.  30.]
 [ 72. 177.]], Sensitivity: 65.22, Specificity: 85.51, 
 Test Accuracy: 70.75, 
 Test Confusion Matrix: 
 [[35.  8.]
 [17. 23.]], Test Sensitivity: 67.31, Test Specificity: 74.19,
 Eval Accuracy: 62.64, 
 Eval Confusion Matrix: 
 [[49. 20.]
 [15. 19.]], Eval Sensitivity: 76.56, Eval Specificity: 48.72
I0202 16:28:07.512460 140071304615744 train.py:157] Epoch 13/80, Accuracy: 76.81, 
 Confusion Matrix: 
 [[139.  28.]
 [ 68. 179.]], Sensitivity: 67.15, Specificity: 86.47, 
 Test Accuracy: 75.31, 
 Test Confusion Matrix: 
 [[28.  1.]
 [24. 30.]], Test Sensitivity: 53.85, Test Specificity: 96.77,
 Eval Accuracy: 70.43, 
 Eval Confusion Matrix: 
 [[36.  6.]
 [28. 33.]], Eval Sensitivity: 56.25, Eval Specificity: 84.62
I0202 16:28:07.996865 140071304615744 train.py:157] Epoch 14/80, Accuracy: 76.57, 
 Confusion Matrix: 
 [[136.  26.]
 [ 71. 181.]], Sensitivity: 65.70, Specificity: 87.44, 
 Test Accuracy: 73.05, 
 Test Confusion Matrix: 
 [[29.  3.]
 [23. 28.]], Test Sensitivity: 55.77, Test Specificity: 90.32,
 Eval Accuracy: 72.00, 
 Eval Confusion Matrix: 
 [[38.  6.]
 [26. 33.]], Eval Sensitivity: 59.38, Eval Specificity: 84.62
I0202 16:28:08.487087 140071304615744 train.py:157] Epoch 15/80, Accuracy: 78.02, 
 Confusion Matrix: 
 [[142.  26.]
 [ 65. 181.]], Sensitivity: 68.60, Specificity: 87.44, 
 Test Accuracy: 73.70, 
 Test Confusion Matrix: 
 [[28.  2.]
 [24. 29.]], Test Sensitivity: 53.85, Test Specificity: 93.55,
 Eval Accuracy: 76.62, 
 Eval Confusion Matrix: 
 [[39.  3.]
 [25. 36.]], Eval Sensitivity: 60.94, Eval Specificity: 92.31
I0202 16:28:08.978935 140071304615744 train.py:157] Epoch 16/80, Accuracy: 79.47, 
 Confusion Matrix: 
 [[148.  26.]
 [ 59. 181.]], Sensitivity: 71.50, Specificity: 87.44, 
 Test Accuracy: 75.00, 
 Test Confusion Matrix: 
 [[26.  0.]
 [26. 31.]], Test Sensitivity: 50.00, Test Specificity: 100.00,
 Eval Accuracy: 75.84, 
 Eval Confusion Matrix: 
 [[38.  3.]
 [26. 36.]], Eval Sensitivity: 59.38, Eval Specificity: 92.31
I0202 16:28:09.458213 140071304615744 train.py:157] Epoch 17/80, Accuracy: 80.43, 
 Confusion Matrix: 
 [[153.  27.]
 [ 54. 180.]], Sensitivity: 73.91, Specificity: 86.96, 
 Test Accuracy: 50.00, 
 Test Confusion Matrix: 
 [[52. 31.]
 [ 0.  0.]], Test Sensitivity: 100.00, Test Specificity: 0.00,
 Eval Accuracy: 50.00, 
 Eval Confusion Matrix: 
 [[64. 39.]
 [ 0.  0.]], Eval Sensitivity: 100.00, Eval Specificity: 0.00
I0202 16:28:09.955776 140071304615744 train.py:157] Epoch 18/80, Accuracy: 79.71, 
 Confusion Matrix: 
 [[148.  25.]
 [ 59. 182.]], Sensitivity: 71.50, Specificity: 87.92, 
 Test Accuracy: 69.73, 
 Test Confusion Matrix: 
 [[44. 14.]
 [ 8. 17.]], Test Sensitivity: 84.62, Test Specificity: 54.84,
 Eval Accuracy: 56.51, 
 Eval Confusion Matrix: 
 [[51. 26.]
 [13. 13.]], Eval Sensitivity: 79.69, Eval Specificity: 33.33
I0202 16:28:10.445846 140071304615744 train.py:157] Epoch 19/80, Accuracy: 84.06, 
 Confusion Matrix: 
 [[158.  17.]
 [ 49. 190.]], Sensitivity: 76.33, Specificity: 91.79, 
 Test Accuracy: 57.10, 
 Test Confusion Matrix: 
 [[51. 26.]
 [ 1.  5.]], Test Sensitivity: 98.08, Test Specificity: 16.13,
 Eval Accuracy: 53.85, 
 Eval Confusion Matrix: 
 [[64. 36.]
 [ 0.  3.]], Eval Sensitivity: 100.00, Eval Specificity: 7.69
I0202 16:28:10.947210 140071304615744 train.py:157] Epoch 20/80, Accuracy: 83.33, 
 Confusion Matrix: 
 [[158.  20.]
 [ 49. 187.]], Sensitivity: 76.33, Specificity: 90.34, 
 Test Accuracy: 65.82, 
 Test Confusion Matrix: 
 [[50. 20.]
 [ 2. 11.]], Test Sensitivity: 96.15, Test Specificity: 35.48,
 Eval Accuracy: 56.13, 
 Eval Confusion Matrix: 
 [[62. 33.]
 [ 2.  6.]], Eval Sensitivity: 96.88, Eval Specificity: 15.38
I0202 16:28:11.434293 140071304615744 train.py:157] Epoch 21/80, Accuracy: 84.06, 
 Confusion Matrix: 
 [[160.  19.]
 [ 47. 188.]], Sensitivity: 77.29, Specificity: 90.82, 
 Test Accuracy: 83.31, 
 Test Confusion Matrix: 
 [[38.  2.]
 [14. 29.]], Test Sensitivity: 73.08, Test Specificity: 93.55,
 Eval Accuracy: 78.25, 
 Eval Confusion Matrix: 
 [[46.  6.]
 [18. 33.]], Eval Sensitivity: 71.88, Eval Specificity: 84.62
I0202 16:28:11.922851 140071304615744 train.py:157] Epoch 22/80, Accuracy: 86.96, 
 Confusion Matrix: 
 [[170.  17.]
 [ 37. 190.]], Sensitivity: 82.13, Specificity: 91.79, 
 Test Accuracy: 77.88, 
 Test Confusion Matrix: 
 [[29.  0.]
 [23. 31.]], Test Sensitivity: 55.77, Test Specificity: 100.00,
 Eval Accuracy: 72.94, 
 Eval Confusion Matrix: 
 [[31.  1.]
 [33. 38.]], Eval Sensitivity: 48.44, Eval Specificity: 97.44
I0202 16:28:12.423070 140071304615744 train.py:157] Epoch 23/80, Accuracy: 85.99, 
 Confusion Matrix: 
 [[170.  21.]
 [ 37. 186.]], Sensitivity: 82.13, Specificity: 89.86, 
 Test Accuracy: 75.00, 
 Test Confusion Matrix: 
 [[26.  0.]
 [26. 31.]], Test Sensitivity: 50.00, Test Specificity: 100.00,
 Eval Accuracy: 73.44, 
 Eval Confusion Matrix: 
 [[30.  0.]
 [34. 39.]], Eval Sensitivity: 46.88, Eval Specificity: 100.00
I0202 16:28:12.924393 140071304615744 train.py:157] Epoch 24/80, Accuracy: 86.47, 
 Confusion Matrix: 
 [[171.  20.]
 [ 36. 187.]], Sensitivity: 82.61, Specificity: 90.34, 
 Test Accuracy: 83.31, 
 Test Confusion Matrix: 
 [[38.  2.]
 [14. 29.]], Test Sensitivity: 73.08, Test Specificity: 93.55,
 Eval Accuracy: 84.15, 
 Eval Confusion Matrix: 
 [[47.  2.]
 [17. 37.]], Eval Sensitivity: 73.44, Eval Specificity: 94.87
I0202 16:28:13.412607 140071304615744 train.py:157] Epoch 25/80, Accuracy: 80.68, 
 Confusion Matrix: 
 [[157.  30.]
 [ 50. 177.]], Sensitivity: 75.85, Specificity: 85.51, 
 Test Accuracy: 82.04, 
 Test Confusion Matrix: 
 [[35.  1.]
 [17. 30.]], Test Sensitivity: 67.31, Test Specificity: 96.77,
 Eval Accuracy: 77.68, 
 Eval Confusion Matrix: 
 [[42.  4.]
 [22. 35.]], Eval Sensitivity: 65.62, Eval Specificity: 89.74
I0202 16:28:13.899057 140071304615744 train.py:157] Epoch 26/80, Accuracy: 85.27, 
 Confusion Matrix: 
 [[169.  23.]
 [ 38. 184.]], Sensitivity: 81.64, Specificity: 88.89, 
 Test Accuracy: 85.24, 
 Test Confusion Matrix: 
 [[40.  2.]
 [12. 29.]], Test Sensitivity: 76.92, Test Specificity: 93.55,
 Eval Accuracy: 78.75, 
 Eval Confusion Matrix: 
 [[45.  5.]
 [19. 34.]], Eval Sensitivity: 70.31, Eval Specificity: 87.18
I0202 16:28:14.392431 140071304615744 train.py:157] Epoch 27/80, Accuracy: 87.20, 
 Confusion Matrix: 
 [[172.  18.]
 [ 35. 189.]], Sensitivity: 83.09, Specificity: 91.30, 
 Test Accuracy: 71.62, 
 Test Confusion Matrix: 
 [[51. 17.]
 [ 1. 14.]], Test Sensitivity: 98.08, Test Specificity: 45.16,
 Eval Accuracy: 62.26, 
 Eval Confusion Matrix: 
 [[60. 27.]
 [ 4. 12.]], Eval Sensitivity: 93.75, Eval Specificity: 30.77
I0202 16:28:14.885493 140071304615744 train.py:157] Epoch 28/80, Accuracy: 87.20, 
 Confusion Matrix: 
 [[174.  20.]
 [ 33. 187.]], Sensitivity: 84.06, Specificity: 90.34, 
 Test Accuracy: 78.41, 
 Test Confusion Matrix: 
 [[48. 11.]
 [ 4. 20.]], Test Sensitivity: 92.31, Test Specificity: 64.52,
 Eval Accuracy: 65.54, 
 Eval Confusion Matrix: 
 [[56. 22.]
 [ 8. 17.]], Eval Sensitivity: 87.50, Eval Specificity: 43.59
I0202 16:28:15.383557 140071304615744 train.py:157] Epoch 29/80, Accuracy: 87.92, 
 Confusion Matrix: 
 [[177.  20.]
 [ 30. 187.]], Sensitivity: 85.51, Specificity: 90.34, 
 Test Accuracy: 83.59, 
 Test Confusion Matrix: 
 [[45.  6.]
 [ 7. 25.]], Test Sensitivity: 86.54, Test Specificity: 80.65,
 Eval Accuracy: 74.24, 
 Eval Confusion Matrix: 
 [[54. 14.]
 [10. 25.]], Eval Sensitivity: 84.38, Eval Specificity: 64.10
I0202 16:28:15.887352 140071304615744 train.py:157] Epoch 30/80, Accuracy: 88.65, 
 Confusion Matrix: 
 [[177.  17.]
 [ 30. 190.]], Sensitivity: 85.51, Specificity: 91.79, 
 Test Accuracy: 88.43, 
 Test Confusion Matrix: 
 [[45.  3.]
 [ 7. 28.]], Test Sensitivity: 86.54, Test Specificity: 90.32,
 Eval Accuracy: 75.46, 
 Eval Confusion Matrix: 
 [[49. 10.]
 [15. 29.]], Eval Sensitivity: 76.56, Eval Specificity: 74.36
I0202 16:28:16.384300 140071304615744 train.py:157] Epoch 31/80, Accuracy: 90.82, 
 Confusion Matrix: 
 [[179.  10.]
 [ 28. 197.]], Sensitivity: 86.47, Specificity: 95.17, 
 Test Accuracy: 81.95, 
 Test Confusion Matrix: 
 [[50. 10.]
 [ 2. 21.]], Test Sensitivity: 96.15, Test Specificity: 67.74,
 Eval Accuracy: 64.26, 
 Eval Confusion Matrix: 
 [[56. 23.]
 [ 8. 16.]], Eval Sensitivity: 87.50, Eval Specificity: 41.03
I0202 16:28:16.885421 140071304615744 train.py:157] Epoch 32/80, Accuracy: 92.03, 
 Confusion Matrix: 
 [[187.  13.]
 [ 20. 194.]], Sensitivity: 90.34, Specificity: 93.72, 
 Test Accuracy: 81.08, 
 Test Confusion Matrix: 
 [[34.  1.]
 [18. 30.]], Test Sensitivity: 65.38, Test Specificity: 96.77,
 Eval Accuracy: 82.03, 
 Eval Confusion Matrix: 
 [[41.  0.]
 [23. 39.]], Eval Sensitivity: 64.06, Eval Specificity: 100.00
I0202 16:28:17.374957 140071304615744 train.py:157] Epoch 33/80, Accuracy: 91.06, 
 Confusion Matrix: 
 [[186.  16.]
 [ 21. 191.]], Sensitivity: 89.86, Specificity: 92.27, 
 Test Accuracy: 90.69, 
 Test Confusion Matrix: 
 [[44.  1.]
 [ 8. 30.]], Test Sensitivity: 84.62, Test Specificity: 96.77,
 Eval Accuracy: 82.15, 
 Eval Confusion Matrix: 
 [[51.  6.]
 [13. 33.]], Eval Sensitivity: 79.69, Eval Specificity: 84.62
I0202 16:28:17.863171 140071304615744 train.py:157] Epoch 34/80, Accuracy: 91.30, 
 Confusion Matrix: 
 [[184.  13.]
 [ 23. 194.]], Sensitivity: 88.89, Specificity: 93.72, 
 Test Accuracy: 71.96, 
 Test Confusion Matrix: 
 [[48. 15.]
 [ 4. 16.]], Test Sensitivity: 92.31, Test Specificity: 51.61,
 Eval Accuracy: 61.70, 
 Eval Confusion Matrix: 
 [[56. 25.]
 [ 8. 14.]], Eval Sensitivity: 87.50, Eval Specificity: 35.90
I0202 16:28:18.358965 140071304615744 train.py:157] Epoch 35/80, Accuracy: 95.41, 
 Confusion Matrix: 
 [[196.   8.]
 [ 11. 199.]], Sensitivity: 94.69, Specificity: 96.14, 
 Test Accuracy: 90.69, 
 Test Confusion Matrix: 
 [[44.  1.]
 [ 8. 30.]], Test Sensitivity: 84.62, Test Specificity: 96.77,
 Eval Accuracy: 81.37, 
 Eval Confusion Matrix: 
 [[50.  6.]
 [14. 33.]], Eval Sensitivity: 78.12, Eval Specificity: 84.62
I0202 16:28:18.854965 140071304615744 train.py:157] Epoch 36/80, Accuracy: 93.00, 
 Confusion Matrix: 
 [[192.  14.]
 [ 15. 193.]], Sensitivity: 92.75, Specificity: 93.24, 
 Test Accuracy: 89.73, 
 Test Confusion Matrix: 
 [[43.  1.]
 [ 9. 30.]], Test Sensitivity: 82.69, Test Specificity: 96.77,
 Eval Accuracy: 84.50, 
 Eval Confusion Matrix: 
 [[54.  6.]
 [10. 33.]], Eval Sensitivity: 84.38, Eval Specificity: 84.62
I0202 16:28:19.357526 140071304615744 train.py:157] Epoch 37/80, Accuracy: 93.48, 
 Confusion Matrix: 
 [[191.  11.]
 [ 16. 196.]], Sensitivity: 92.27, Specificity: 94.69, 
 Test Accuracy: 63.55, 
 Test Confusion Matrix: 
 [[51. 22.]
 [ 1.  9.]], Test Sensitivity: 98.08, Test Specificity: 29.03,
 Eval Accuracy: 57.41, 
 Eval Confusion Matrix: 
 [[62. 32.]
 [ 2.  7.]], Eval Sensitivity: 96.88, Eval Specificity: 17.95
I0202 16:28:19.849341 140071304615744 train.py:157] Epoch 38/80, Accuracy: 94.69, 
 Confusion Matrix: 
 [[194.   9.]
 [ 13. 198.]], Sensitivity: 93.72, Specificity: 95.65, 
 Test Accuracy: 87.44, 
 Test Confusion Matrix: 
 [[49.  6.]
 [ 3. 25.]], Test Sensitivity: 94.23, Test Specificity: 80.65,
 Eval Accuracy: 70.67, 
 Eval Confusion Matrix: 
 [[56. 18.]
 [ 8. 21.]], Eval Sensitivity: 87.50, Eval Specificity: 53.85
I0202 16:28:20.344386 140071304615744 train.py:157] Epoch 39/80, Accuracy: 96.14, 
 Confusion Matrix: 
 [[194.   3.]
 [ 13. 204.]], Sensitivity: 93.72, Specificity: 98.55, 
 Test Accuracy: 75.90, 
 Test Confusion Matrix: 
 [[37.  6.]
 [15. 25.]], Test Sensitivity: 71.15, Test Specificity: 80.65,
 Eval Accuracy: 74.06, 
 Eval Confusion Matrix: 
 [[39.  5.]
 [25. 34.]], Eval Sensitivity: 60.94, Eval Specificity: 87.18
I0202 16:28:20.820977 140071304615744 train.py:157] Epoch 40/80, Accuracy: 88.89, 
 Confusion Matrix: 
 [[179.  18.]
 [ 28. 189.]], Sensitivity: 86.47, Specificity: 91.30, 
 Test Accuracy: 56.45, 
 Test Confusion Matrix: 
 [[52. 27.]
 [ 0.  4.]], Test Sensitivity: 100.00, Test Specificity: 12.90,
 Eval Accuracy: 54.35, 
 Eval Confusion Matrix: 
 [[63. 35.]
 [ 1.  4.]], Eval Sensitivity: 98.44, Eval Specificity: 10.26
I0202 16:28:21.308491 140071304615744 train.py:157] Epoch 41/80, Accuracy: 93.00, 
 Confusion Matrix: 
 [[188.  10.]
 [ 19. 197.]], Sensitivity: 90.82, Specificity: 95.17, 
 Test Accuracy: 63.55, 
 Test Confusion Matrix: 
 [[51. 22.]
 [ 1.  9.]], Test Sensitivity: 98.08, Test Specificity: 29.03,
 Eval Accuracy: 55.63, 
 Eval Confusion Matrix: 
 [[63. 34.]
 [ 1.  5.]], Eval Sensitivity: 98.44, Eval Specificity: 12.82
I0202 16:28:21.813094 140071304615744 train.py:157] Epoch 42/80, Accuracy: 96.62, 
 Confusion Matrix: 
 [[197.   4.]
 [ 10. 203.]], Sensitivity: 95.17, Specificity: 98.07, 
 Test Accuracy: 86.85, 
 Test Confusion Matrix: 
 [[40.  1.]
 [12. 30.]], Test Sensitivity: 76.92, Test Specificity: 96.77,
 Eval Accuracy: 83.37, 
 Eval Confusion Matrix: 
 [[46.  2.]
 [18. 37.]], Eval Sensitivity: 71.88, Eval Specificity: 94.87
I0202 16:28:22.305282 140071304615744 train.py:157] Epoch 43/80, Accuracy: 99.03, 
 Confusion Matrix: 
 [[204.   1.]
 [  3. 206.]], Sensitivity: 98.55, Specificity: 99.52, 
 Test Accuracy: 86.85, 
 Test Confusion Matrix: 
 [[40.  1.]
 [12. 30.]], Test Sensitivity: 76.92, Test Specificity: 96.77,
 Eval Accuracy: 84.15, 
 Eval Confusion Matrix: 
 [[47.  2.]
 [17. 37.]], Eval Sensitivity: 73.44, Eval Specificity: 94.87
I0202 16:28:22.799901 140071304615744 train.py:157] Epoch 44/80, Accuracy: 98.55, 
 Confusion Matrix: 
 [[203.   2.]
 [  4. 205.]], Sensitivity: 98.07, Specificity: 99.03, 
 Test Accuracy: 85.86, 
 Test Confusion Matrix: 
 [[44.  4.]
 [ 8. 27.]], Test Sensitivity: 84.62, Test Specificity: 87.10,
 Eval Accuracy: 85.00, 
 Eval Confusion Matrix: 
 [[53.  5.]
 [11. 34.]], Eval Sensitivity: 82.81, Eval Specificity: 87.18
I0202 16:28:23.304387 140071304615744 train.py:157] Epoch 45/80, Accuracy: 95.89, 
 Confusion Matrix: 
 [[199.   9.]
 [  8. 198.]], Sensitivity: 96.14, Specificity: 95.65, 
 Test Accuracy: 85.83, 
 Test Confusion Matrix: 
 [[49.  7.]
 [ 3. 24.]], Test Sensitivity: 94.23, Test Specificity: 77.42,
 Eval Accuracy: 69.11, 
 Eval Confusion Matrix: 
 [[54. 18.]
 [10. 21.]], Eval Sensitivity: 84.38, Eval Specificity: 53.85
I0202 16:28:23.802469 140071304615744 train.py:157] Epoch 46/80, Accuracy: 96.14, 
 Confusion Matrix: 
 [[197.   6.]
 [ 10. 201.]], Sensitivity: 95.17, Specificity: 97.10, 
 Test Accuracy: 85.24, 
 Test Confusion Matrix: 
 [[40.  2.]
 [12. 29.]], Test Sensitivity: 76.92, Test Specificity: 93.55,
 Eval Accuracy: 80.53, 
 Eval Confusion Matrix: 
 [[44.  3.]
 [20. 36.]], Eval Sensitivity: 68.75, Eval Specificity: 92.31
I0202 16:28:24.306101 140071304615744 train.py:157] Epoch 47/80, Accuracy: 96.86, 
 Confusion Matrix: 
 [[200.   6.]
 [  7. 201.]], Sensitivity: 96.62, Specificity: 97.10, 
 Test Accuracy: 89.73, 
 Test Confusion Matrix: 
 [[43.  1.]
 [ 9. 30.]], Test Sensitivity: 82.69, Test Specificity: 96.77,
 Eval Accuracy: 80.09, 
 Eval Confusion Matrix: 
 [[50.  7.]
 [14. 32.]], Eval Sensitivity: 78.12, Eval Specificity: 82.05
I0202 16:28:24.804634 140071304615744 train.py:157] Epoch 48/80, Accuracy: 99.52, 
 Confusion Matrix: 
 [[206.   1.]
 [  1. 206.]], Sensitivity: 99.52, Specificity: 99.52, 
 Test Accuracy: 79.16, 
 Test Confusion Matrix: 
 [[32.  1.]
 [20. 30.]], Test Sensitivity: 61.54, Test Specificity: 96.77,
 Eval Accuracy: 79.97, 
 Eval Confusion Matrix: 
 [[40.  1.]
 [24. 38.]], Eval Sensitivity: 62.50, Eval Specificity: 97.44
I0202 16:28:25.301160 140071304615744 train.py:157] Epoch 49/80, Accuracy: 97.83, 
 Confusion Matrix: 
 [[201.   3.]
 [  6. 204.]], Sensitivity: 97.10, Specificity: 98.55, 
 Test Accuracy: 86.51, 
 Test Confusion Matrix: 
 [[43.  3.]
 [ 9. 28.]], Test Sensitivity: 82.69, Test Specificity: 90.32,
 Eval Accuracy: 85.50, 
 Eval Confusion Matrix: 
 [[52.  4.]
 [12. 35.]], Eval Sensitivity: 81.25, Eval Specificity: 89.74
I0202 16:28:25.808531 140071304615744 train.py:157] Epoch 50/80, Accuracy: 99.28, 
 Confusion Matrix: 
 [[206.   2.]
 [  1. 205.]], Sensitivity: 99.52, Specificity: 99.03, 
 Test Accuracy: 83.00, 
 Test Confusion Matrix: 
 [[36.  1.]
 [16. 30.]], Test Sensitivity: 69.23, Test Specificity: 96.77,
 Eval Accuracy: 80.47, 
 Eval Confusion Matrix: 
 [[39.  0.]
 [25. 39.]], Eval Sensitivity: 60.94, Eval Specificity: 100.00
I0202 16:28:26.298847 140071304615744 train.py:157] Epoch 51/80, Accuracy: 99.76, 
 Confusion Matrix: 
 [[207.   1.]
 [  0. 206.]], Sensitivity: 100.00, Specificity: 99.52, 
 Test Accuracy: 87.16, 
 Test Confusion Matrix: 
 [[42.  2.]
 [10. 29.]], Test Sensitivity: 80.77, Test Specificity: 93.55,
 Eval Accuracy: 79.75, 
 Eval Confusion Matrix: 
 [[43.  3.]
 [21. 36.]], Eval Sensitivity: 67.19, Eval Specificity: 92.31
I0202 16:28:26.803568 140071304615744 train.py:157] Epoch 52/80, Accuracy: 100.00, 
 Confusion Matrix: 
 [[207.   0.]
 [  0. 207.]], Sensitivity: 100.00, Specificity: 100.00, 
 Test Accuracy: 87.16, 
 Test Confusion Matrix: 
 [[42.  2.]
 [10. 29.]], Test Sensitivity: 80.77, Test Specificity: 93.55,
 Eval Accuracy: 83.15, 
 Eval Confusion Matrix: 
 [[49.  4.]
 [15. 35.]], Eval Sensitivity: 76.56, Eval Specificity: 89.74
I0202 16:28:27.317095 140071304615744 train.py:157] Epoch 53/80, Accuracy: 99.28, 
 Confusion Matrix: 
 [[206.   2.]
 [  1. 205.]], Sensitivity: 99.52, Specificity: 99.03, 
 Test Accuracy: 71.43, 
 Test Confusion Matrix: 
 [[29.  4.]
 [23. 27.]], Test Sensitivity: 55.77, Test Specificity: 87.10,
 Eval Accuracy: 70.93, 
 Eval Confusion Matrix: 
 [[35.  5.]
 [29. 34.]], Eval Sensitivity: 54.69, Eval Specificity: 87.18
I0202 16:28:27.820445 140071304615744 train.py:157] Epoch 54/80, Accuracy: 92.75, 
 Confusion Matrix: 
 [[191.  14.]
 [ 16. 193.]], Sensitivity: 92.27, Specificity: 93.24, 
 Test Accuracy: 79.37, 
 Test Confusion Matrix: 
 [[49. 11.]
 [ 3. 20.]], Test Sensitivity: 94.23, Test Specificity: 64.52,
 Eval Accuracy: 58.13, 
 Eval Confusion Matrix: 
 [[58. 29.]
 [ 6. 10.]], Eval Sensitivity: 90.62, Eval Specificity: 25.64
I0202 16:28:28.317096 140071304615744 train.py:157] Epoch 55/80, Accuracy: 97.58, 
 Confusion Matrix: 
 [[200.   3.]
 [  7. 204.]], Sensitivity: 96.62, Specificity: 98.55, 
 Test Accuracy: 84.52, 
 Test Confusion Matrix: 
 [[51.  9.]
 [ 1. 22.]], Test Sensitivity: 98.08, Test Specificity: 70.97,
 Eval Accuracy: 69.61, 
 Eval Confusion Matrix: 
 [[53. 17.]
 [11. 22.]], Eval Sensitivity: 82.81, Eval Specificity: 56.41
I0202 16:28:28.825104 140071304615744 train.py:157] Epoch 56/80, Accuracy: 98.79, 
 Confusion Matrix: 
 [[204.   2.]
 [  3. 205.]], Sensitivity: 98.55, Specificity: 99.03, 
 Test Accuracy: 88.77, 
 Test Confusion Matrix: 
 [[42.  1.]
 [10. 30.]], Test Sensitivity: 80.77, Test Specificity: 96.77,
 Eval Accuracy: 81.87, 
 Eval Confusion Matrix: 
 [[49.  5.]
 [15. 34.]], Eval Sensitivity: 76.56, Eval Specificity: 87.18
I0202 16:28:29.327492 140071304615744 train.py:157] Epoch 57/80, Accuracy: 100.00, 
 Confusion Matrix: 
 [[207.   0.]
 [  0. 207.]], Sensitivity: 100.00, Specificity: 100.00, 
 Test Accuracy: 76.27, 
 Test Confusion Matrix: 
 [[29.  1.]
 [23. 30.]], Test Sensitivity: 55.77, Test Specificity: 96.77,
 Eval Accuracy: 76.06, 
 Eval Confusion Matrix: 
 [[35.  1.]
 [29. 38.]], Eval Sensitivity: 54.69, Eval Specificity: 97.44
I0202 16:28:29.820162 140071304615744 train.py:157] Epoch 58/80, Accuracy: 100.00, 
 Confusion Matrix: 
 [[207.   0.]
 [  0. 207.]], Sensitivity: 100.00, Specificity: 100.00, 
 Test Accuracy: 82.04, 
 Test Confusion Matrix: 
 [[35.  1.]
 [17. 30.]], Test Sensitivity: 67.31, Test Specificity: 96.77,
 Eval Accuracy: 79.19, 
 Eval Confusion Matrix: 
 [[39.  1.]
 [25. 38.]], Eval Sensitivity: 60.94, Eval Specificity: 97.44
I0202 16:28:30.318566 140071304615744 train.py:157] Epoch 59/80, Accuracy: 100.00, 
 Confusion Matrix: 
 [[207.   0.]
 [  0. 207.]], Sensitivity: 100.00, Specificity: 100.00, 
 Test Accuracy: 82.04, 
 Test Confusion Matrix: 
 [[35.  1.]
 [17. 30.]], Test Sensitivity: 67.31, Test Specificity: 96.77,
 Eval Accuracy: 78.69, 
 Eval Confusion Matrix: 
 [[40.  2.]
 [24. 37.]], Eval Sensitivity: 62.50, Eval Specificity: 94.87
I0202 16:28:30.813524 140071304615744 train.py:157] Epoch 60/80, Accuracy: 100.00, 
 Confusion Matrix: 
 [[207.   0.]
 [  0. 207.]], Sensitivity: 100.00, Specificity: 100.00, 
 Test Accuracy: 78.19, 
 Test Confusion Matrix: 
 [[31.  1.]
 [21. 30.]], Test Sensitivity: 59.62, Test Specificity: 96.77,
 Eval Accuracy: 75.56, 
 Eval Confusion Matrix: 
 [[36.  2.]
 [28. 37.]], Eval Sensitivity: 56.25, Eval Specificity: 94.87
I0202 16:28:31.308726 140071304615744 train.py:157] Epoch 61/80, Accuracy: 100.00, 
 Confusion Matrix: 
 [[207.   0.]
 [  0. 207.]], Sensitivity: 100.00, Specificity: 100.00, 
 Test Accuracy: 80.12, 
 Test Confusion Matrix: 
 [[33.  1.]
 [19. 30.]], Test Sensitivity: 63.46, Test Specificity: 96.77,
 Eval Accuracy: 77.12, 
 Eval Confusion Matrix: 
 [[38.  2.]
 [26. 37.]], Eval Sensitivity: 59.38, Eval Specificity: 94.87
I0202 16:28:31.821560 140071304615744 train.py:157] Epoch 62/80, Accuracy: 100.00, 
 Confusion Matrix: 
 [[207.   0.]
 [  0. 207.]], Sensitivity: 100.00, Specificity: 100.00, 
 Test Accuracy: 84.93, 
 Test Confusion Matrix: 
 [[38.  1.]
 [14. 30.]], Test Sensitivity: 73.08, Test Specificity: 96.77,
 Eval Accuracy: 78.19, 
 Eval Confusion Matrix: 
 [[41.  3.]
 [23. 36.]], Eval Sensitivity: 64.06, Eval Specificity: 92.31
I0202 16:28:32.323695 140071304615744 train.py:157] Epoch 63/80, Accuracy: 100.00, 
 Confusion Matrix: 
 [[207.   0.]
 [  0. 207.]], Sensitivity: 100.00, Specificity: 100.00, 
 Test Accuracy: 86.85, 
 Test Confusion Matrix: 
 [[40.  1.]
 [12. 30.]], Test Sensitivity: 76.92, Test Specificity: 96.77,
 Eval Accuracy: 80.03, 
 Eval Confusion Matrix: 
 [[45.  4.]
 [19. 35.]], Eval Sensitivity: 70.31, Eval Specificity: 89.74
I0202 16:28:32.826696 140071304615744 train.py:157] Epoch 64/80, Accuracy: 100.00, 
 Confusion Matrix: 
 [[207.   0.]
 [  0. 207.]], Sensitivity: 100.00, Specificity: 100.00, 
 Test Accuracy: 87.81, 
 Test Confusion Matrix: 
 [[41.  1.]
 [11. 30.]], Test Sensitivity: 78.85, Test Specificity: 96.77,
 Eval Accuracy: 79.53, 
 Eval Confusion Matrix: 
 [[46.  5.]
 [18. 34.]], Eval Sensitivity: 71.88, Eval Specificity: 87.18
I0202 16:28:33.320178 140071304615744 train.py:157] Epoch 65/80, Accuracy: 100.00, 
 Confusion Matrix: 
 [[207.   0.]
 [  0. 207.]], Sensitivity: 100.00, Specificity: 100.00, 
 Test Accuracy: 87.81, 
 Test Confusion Matrix: 
 [[41.  1.]
 [11. 30.]], Test Sensitivity: 78.85, Test Specificity: 96.77,
 Eval Accuracy: 79.53, 
 Eval Confusion Matrix: 
 [[46.  5.]
 [18. 34.]], Eval Sensitivity: 71.88, Eval Specificity: 87.18
I0202 16:28:33.826435 140071304615744 train.py:157] Epoch 66/80, Accuracy: 100.00, 
 Confusion Matrix: 
 [[207.   0.]
 [  0. 207.]], Sensitivity: 100.00, Specificity: 100.00, 
 Test Accuracy: 89.73, 
 Test Confusion Matrix: 
 [[43.  1.]
 [ 9. 30.]], Test Sensitivity: 82.69, Test Specificity: 96.77,
 Eval Accuracy: 78.53, 
 Eval Confusion Matrix: 
 [[48.  7.]
 [16. 32.]], Eval Sensitivity: 75.00, Eval Specificity: 82.05
I0202 16:28:34.334412 140071304615744 train.py:157] Epoch 67/80, Accuracy: 100.00, 
 Confusion Matrix: 
 [[207.   0.]
 [  0. 207.]], Sensitivity: 100.00, Specificity: 100.00, 
 Test Accuracy: 87.81, 
 Test Confusion Matrix: 
 [[41.  1.]
 [11. 30.]], Test Sensitivity: 78.85, Test Specificity: 96.77,
 Eval Accuracy: 76.68, 
 Eval Confusion Matrix: 
 [[44.  6.]
 [20. 33.]], Eval Sensitivity: 68.75, Eval Specificity: 84.62
I0202 16:28:34.839806 140071304615744 train.py:157] Epoch 68/80, Accuracy: 99.76, 
 Confusion Matrix: 
 [[206.   0.]
 [  1. 207.]], Sensitivity: 99.52, Specificity: 100.00, 
 Test Accuracy: 86.82, 
 Test Confusion Matrix: 
 [[45.  4.]
 [ 7. 27.]], Test Sensitivity: 86.54, Test Specificity: 87.10,
 Eval Accuracy: 73.96, 
 Eval Confusion Matrix: 
 [[52. 13.]
 [12. 26.]], Eval Sensitivity: 81.25, Eval Specificity: 66.67
I0202 16:28:35.339700 140071304615744 train.py:157] Epoch 69/80, Accuracy: 94.20, 
 Confusion Matrix: 
 [[196.  13.]
 [ 11. 194.]], Sensitivity: 94.69, Specificity: 93.72, 
 Test Accuracy: 58.06, 
 Test Confusion Matrix: 
 [[52. 26.]
 [ 0.  5.]], Test Sensitivity: 100.00, Test Specificity: 16.13,
 Eval Accuracy: 50.50, 
 Eval Confusion Matrix: 
 [[63. 38.]
 [ 1.  1.]], Eval Sensitivity: 98.44, Eval Specificity: 2.56
I0202 16:28:35.835047 140071304615744 train.py:157] Epoch 70/80, Accuracy: 95.65, 
 Confusion Matrix: 
 [[195.   6.]
 [ 12. 201.]], Sensitivity: 94.20, Specificity: 97.10, 
 Test Accuracy: 68.39, 
 Test Confusion Matrix: 
 [[51. 19.]
 [ 1. 12.]], Test Sensitivity: 98.08, Test Specificity: 38.71,
 Eval Accuracy: 58.41, 
 Eval Confusion Matrix: 
 [[60. 30.]
 [ 4.  9.]], Eval Sensitivity: 93.75, Eval Specificity: 23.08
I0202 16:28:36.328814 140071304615744 train.py:157] Epoch 71/80, Accuracy: 99.28, 
 Confusion Matrix: 
 [[204.   0.]
 [  3. 207.]], Sensitivity: 98.55, Specificity: 100.00, 
 Test Accuracy: 89.39, 
 Test Confusion Matrix: 
 [[46.  3.]
 [ 6. 28.]], Test Sensitivity: 88.46, Test Specificity: 90.32,
 Eval Accuracy: 74.24, 
 Eval Confusion Matrix: 
 [[54. 14.]
 [10. 25.]], Eval Sensitivity: 84.38, Eval Specificity: 64.10
I0202 16:28:36.835715 140071304615744 train.py:157] Epoch 72/80, Accuracy: 100.00, 
 Confusion Matrix: 
 [[207.   0.]
 [  0. 207.]], Sensitivity: 100.00, Specificity: 100.00, 
 Test Accuracy: 83.31, 
 Test Confusion Matrix: 
 [[38.  2.]
 [14. 29.]], Test Sensitivity: 73.08, Test Specificity: 93.55,
 Eval Accuracy: 82.87, 
 Eval Confusion Matrix: 
 [[47.  3.]
 [17. 36.]], Eval Sensitivity: 73.44, Eval Specificity: 92.31
I0202 16:28:37.351027 140071304615744 train.py:157] Epoch 73/80, Accuracy: 100.00, 
 Confusion Matrix: 
 [[207.   0.]
 [  0. 207.]], Sensitivity: 100.00, Specificity: 100.00, 
 Test Accuracy: 87.16, 
 Test Confusion Matrix: 
 [[42.  2.]
 [10. 29.]], Test Sensitivity: 80.77, Test Specificity: 93.55,
 Eval Accuracy: 82.43, 
 Eval Confusion Matrix: 
 [[53.  7.]
 [11. 32.]], Eval Sensitivity: 82.81, Eval Specificity: 82.05
I0202 16:28:37.851496 140071304615744 train.py:157] Epoch 74/80, Accuracy: 100.00, 
 Confusion Matrix: 
 [[207.   0.]
 [  0. 207.]], Sensitivity: 100.00, Specificity: 100.00, 
 Test Accuracy: 87.16, 
 Test Confusion Matrix: 
 [[42.  2.]
 [10. 29.]], Test Sensitivity: 80.77, Test Specificity: 93.55,
 Eval Accuracy: 80.87, 
 Eval Confusion Matrix: 
 [[51.  7.]
 [13. 32.]], Eval Sensitivity: 79.69, Eval Specificity: 82.05
I0202 16:28:38.352498 140071304615744 train.py:157] Epoch 75/80, Accuracy: 100.00, 
 Confusion Matrix: 
 [[207.   0.]
 [  0. 207.]], Sensitivity: 100.00, Specificity: 100.00, 
 Test Accuracy: 87.16, 
 Test Confusion Matrix: 
 [[42.  2.]
 [10. 29.]], Test Sensitivity: 80.77, Test Specificity: 93.55,
 Eval Accuracy: 81.09, 
 Eval Confusion Matrix: 
 [[48.  5.]
 [16. 34.]], Eval Sensitivity: 75.00, Eval Specificity: 87.18
I0202 16:28:38.846867 140071304615744 train.py:157] Epoch 76/80, Accuracy: 100.00, 
 Confusion Matrix: 
 [[207.   0.]
 [  0. 207.]], Sensitivity: 100.00, Specificity: 100.00, 
 Test Accuracy: 86.20, 
 Test Confusion Matrix: 
 [[41.  2.]
 [11. 29.]], Test Sensitivity: 78.85, Test Specificity: 93.55,
 Eval Accuracy: 79.81, 
 Eval Confusion Matrix: 
 [[48.  6.]
 [16. 33.]], Eval Sensitivity: 75.00, Eval Specificity: 84.62
I0202 16:28:39.351109 140071304615744 train.py:157] Epoch 77/80, Accuracy: 100.00, 
 Confusion Matrix: 
 [[207.   0.]
 [  0. 207.]], Sensitivity: 100.00, Specificity: 100.00, 
 Test Accuracy: 85.24, 
 Test Confusion Matrix: 
 [[40.  2.]
 [12. 29.]], Test Sensitivity: 76.92, Test Specificity: 93.55,
 Eval Accuracy: 81.09, 
 Eval Confusion Matrix: 
 [[48.  5.]
 [16. 34.]], Eval Sensitivity: 75.00, Eval Specificity: 87.18
I0202 16:28:39.855337 140071304615744 train.py:157] Epoch 78/80, Accuracy: 100.00, 
 Confusion Matrix: 
 [[207.   0.]
 [  0. 207.]], Sensitivity: 100.00, Specificity: 100.00, 
 Test Accuracy: 85.24, 
 Test Confusion Matrix: 
 [[40.  2.]
 [12. 29.]], Test Sensitivity: 76.92, Test Specificity: 93.55,
 Eval Accuracy: 81.09, 
 Eval Confusion Matrix: 
 [[48.  5.]
 [16. 34.]], Eval Sensitivity: 75.00, Eval Specificity: 87.18
I0202 16:28:40.360248 140071304615744 train.py:157] Epoch 79/80, Accuracy: 100.00, 
 Confusion Matrix: 
 [[207.   0.]
 [  0. 207.]], Sensitivity: 100.00, Specificity: 100.00, 
 Test Accuracy: 86.20, 
 Test Confusion Matrix: 
 [[41.  2.]
 [11. 29.]], Test Sensitivity: 78.85, Test Specificity: 93.55,
 Eval Accuracy: 81.09, 
 Eval Confusion Matrix: 
 [[48.  5.]
 [16. 34.]], Eval Sensitivity: 75.00, Eval Specificity: 87.18
I0202 16:28:40.391829 140071304615744 train.py:226] Finished training after 2054 steps and 80 epochs.
Model: "vgg_like"
_________________________________________________________________
Layer (type)                 Output Shape              Param #   
=================================================================
input_1 (InputLayer)         [(None, None, None, 3)]   0         
_________________________________________________________________
conv2d (Conv2D)              (None, None, None, 8)     224       
_________________________________________________________________
batch_normalization (BatchNo (None, None, None, 8)     32        
_________________________________________________________________
conv2d_1 (Conv2D)            (None, None, None, 8)     584       
_________________________________________________________________
max_pooling2d (MaxPooling2D) (None, None, None, 8)     0         
_________________________________________________________________
batch_normalization_1 (Batch (None, None, None, 8)     32        
_________________________________________________________________
conv2d_2 (Conv2D)            (None, None, None, 16)    1168      
_________________________________________________________________
batch_normalization_2 (Batch (None, None, None, 16)    64        
_________________________________________________________________
conv2d_3 (Conv2D)            (None, None, None, 16)    2320      
_________________________________________________________________
max_pooling2d_1 (MaxPooling2 (None, None, None, 16)    0         
_________________________________________________________________
batch_normalization_3 (Batch (None, None, None, 16)    64        
_________________________________________________________________
conv2d_4 (Conv2D)            (None, None, None, 32)    4640      
_________________________________________________________________
batch_normalization_4 (Batch (None, None, None, 32)    128       
_________________________________________________________________
conv2d_5 (Conv2D)            (None, None, None, 32)    9248      
_________________________________________________________________
max_pooling2d_2 (MaxPooling2 (None, None, None, 32)    0         
_________________________________________________________________
batch_normalization_5 (Batch (None, None, None, 32)    128       
_________________________________________________________________
conv2d_6 (Conv2D)            (None, None, None, 64)    18496     
_________________________________________________________________
batch_normalization_6 (Batch (None, None, None, 64)    256       
_________________________________________________________________
conv2d_7 (Conv2D)            (None, None, None, 64)    36928     
_________________________________________________________________
max_pooling2d_3 (MaxPooling2 (None, None, None, 64)    0         
_________________________________________________________________
batch_normalization_7 (Batch (None, None, None, 64)    256       
_________________________________________________________________
global_average_pooling2d (Gl (None, 64)                0         
_________________________________________________________________
dense (Dense)                (None, 128)               8320      
_________________________________________________________________
dropout (Dropout)            (None, 128)               0         
_________________________________________________________________
dense_1 (Dense)              (None, 2)                 258       
=================================================================
Total params: 83,146
Trainable params: 82,666
Non-trainable params: 480
_________________________________________________________________
