2021-02-01 15:28:32.795439: I tensorflow/stream_executor/platform/default/dso_loader.cc:48] Successfully opened dynamic library libcudart.so.10.1
I0201 15:28:33.994563 139759284569920 datasets.py:14] Preparing dataset idrid...
I0201 15:28:33.995477 139759284569920 dataset_info.py:361] Load dataset info from /home/RUS_CIP/st169955/dl-lab-2020-team15/Project1-Diabetic_Retinopathy/idrid/1.0.0
I0201 15:28:33.996105 139759284569920 dataset_builder.py:299] Reusing dataset idrid (/home/RUS_CIP/st169955/dl-lab-2020-team15/Project1-Diabetic_Retinopathy/idrid/1.0.0)
I0201 15:28:33.996153 139759284569920 dataset_builder.py:510] Constructing tf.data.Dataset for split ['train[:80%]', 'train[80%:]', 'test'], from /home/RUS_CIP/st169955/dl-lab-2020-team15/Project1-Diabetic_Retinopathy/idrid/1.0.0
2021-02-01 15:28:33.999555: I tensorflow/stream_executor/platform/default/dso_loader.cc:48] Successfully opened dynamic library libcuda.so.1
2021-02-01 15:28:34.045860: I tensorflow/stream_executor/cuda/cuda_gpu_executor.cc:982] successful NUMA node read from SysFS had negative value (-1), but there must be at least one NUMA node, so returning NUMA node zero
2021-02-01 15:28:34.046569: I tensorflow/core/common_runtime/gpu/gpu_device.cc:1716] Found device 0 with properties: 
pciBusID: 0000:4b:00.0 name: GeForce RTX 2080 Ti computeCapability: 7.5
coreClock: 1.545GHz coreCount: 68 deviceMemorySize: 10.76GiB deviceMemoryBandwidth: 573.69GiB/s
2021-02-01 15:28:34.046586: I tensorflow/stream_executor/platform/default/dso_loader.cc:48] Successfully opened dynamic library libcudart.so.10.1
2021-02-01 15:28:34.047854: I tensorflow/stream_executor/platform/default/dso_loader.cc:48] Successfully opened dynamic library libcublas.so.10
2021-02-01 15:28:34.049115: I tensorflow/stream_executor/platform/default/dso_loader.cc:48] Successfully opened dynamic library libcufft.so.10
2021-02-01 15:28:34.049266: I tensorflow/stream_executor/platform/default/dso_loader.cc:48] Successfully opened dynamic library libcurand.so.10
2021-02-01 15:28:34.050486: I tensorflow/stream_executor/platform/default/dso_loader.cc:48] Successfully opened dynamic library libcusolver.so.10
2021-02-01 15:28:34.051099: I tensorflow/stream_executor/platform/default/dso_loader.cc:48] Successfully opened dynamic library libcusparse.so.10
2021-02-01 15:28:34.053789: I tensorflow/stream_executor/platform/default/dso_loader.cc:48] Successfully opened dynamic library libcudnn.so.7
2021-02-01 15:28:34.053900: I tensorflow/stream_executor/cuda/cuda_gpu_executor.cc:982] successful NUMA node read from SysFS had negative value (-1), but there must be at least one NUMA node, so returning NUMA node zero
2021-02-01 15:28:34.054636: I tensorflow/stream_executor/cuda/cuda_gpu_executor.cc:982] successful NUMA node read from SysFS had negative value (-1), but there must be at least one NUMA node, so returning NUMA node zero
2021-02-01 15:28:34.055267: I tensorflow/core/common_runtime/gpu/gpu_device.cc:1858] Adding visible gpu devices: 0
2021-02-01 15:28:34.055600: I tensorflow/core/platform/cpu_feature_guard.cc:142] This TensorFlow binary is optimized with oneAPI Deep Neural Network Library (oneDNN)to use the following CPU instructions in performance-critical operations:  AVX2 FMA
To enable them in other operations, rebuild TensorFlow with the appropriate compiler flags.
2021-02-01 15:28:34.060896: I tensorflow/core/platform/profile_utils/cpu_utils.cc:104] CPU Frequency: 3800025000 Hz
2021-02-01 15:28:34.061221: I tensorflow/compiler/xla/service/service.cc:168] XLA service 0x559eb30 initialized for platform Host (this does not guarantee that XLA will be used). Devices:
2021-02-01 15:28:34.061234: I tensorflow/compiler/xla/service/service.cc:176]   StreamExecutor device (0): Host, Default Version
2021-02-01 15:28:34.152096: I tensorflow/stream_executor/cuda/cuda_gpu_executor.cc:982] successful NUMA node read from SysFS had negative value (-1), but there must be at least one NUMA node, so returning NUMA node zero
2021-02-01 15:28:34.152827: I tensorflow/compiler/xla/service/service.cc:168] XLA service 0x6311420 initialized for platform CUDA (this does not guarantee that XLA will be used). Devices:
2021-02-01 15:28:34.152861: I tensorflow/compiler/xla/service/service.cc:176]   StreamExecutor device (0): GeForce RTX 2080 Ti, Compute Capability 7.5
2021-02-01 15:28:34.153054: I tensorflow/stream_executor/cuda/cuda_gpu_executor.cc:982] successful NUMA node read from SysFS had negative value (-1), but there must be at least one NUMA node, so returning NUMA node zero
2021-02-01 15:28:34.154044: I tensorflow/core/common_runtime/gpu/gpu_device.cc:1716] Found device 0 with properties: 
pciBusID: 0000:4b:00.0 name: GeForce RTX 2080 Ti computeCapability: 7.5
coreClock: 1.545GHz coreCount: 68 deviceMemorySize: 10.76GiB deviceMemoryBandwidth: 573.69GiB/s
2021-02-01 15:28:34.154071: I tensorflow/stream_executor/platform/default/dso_loader.cc:48] Successfully opened dynamic library libcudart.so.10.1
2021-02-01 15:28:34.154103: I tensorflow/stream_executor/platform/default/dso_loader.cc:48] Successfully opened dynamic library libcublas.so.10
2021-02-01 15:28:34.154118: I tensorflow/stream_executor/platform/default/dso_loader.cc:48] Successfully opened dynamic library libcufft.so.10
2021-02-01 15:28:34.154133: I tensorflow/stream_executor/platform/default/dso_loader.cc:48] Successfully opened dynamic library libcurand.so.10
2021-02-01 15:28:34.154147: I tensorflow/stream_executor/platform/default/dso_loader.cc:48] Successfully opened dynamic library libcusolver.so.10
2021-02-01 15:28:34.154161: I tensorflow/stream_executor/platform/default/dso_loader.cc:48] Successfully opened dynamic library libcusparse.so.10
2021-02-01 15:28:34.154176: I tensorflow/stream_executor/platform/default/dso_loader.cc:48] Successfully opened dynamic library libcudnn.so.7
2021-02-01 15:28:34.154241: I tensorflow/stream_executor/cuda/cuda_gpu_executor.cc:982] successful NUMA node read from SysFS had negative value (-1), but there must be at least one NUMA node, so returning NUMA node zero
2021-02-01 15:28:34.155529: I tensorflow/stream_executor/cuda/cuda_gpu_executor.cc:982] successful NUMA node read from SysFS had negative value (-1), but there must be at least one NUMA node, so returning NUMA node zero
2021-02-01 15:28:34.156471: I tensorflow/core/common_runtime/gpu/gpu_device.cc:1858] Adding visible gpu devices: 0
2021-02-01 15:28:34.156500: I tensorflow/stream_executor/platform/default/dso_loader.cc:48] Successfully opened dynamic library libcudart.so.10.1
2021-02-01 15:28:34.475566: I tensorflow/core/common_runtime/gpu/gpu_device.cc:1257] Device interconnect StreamExecutor with strength 1 edge matrix:
2021-02-01 15:28:34.475618: I tensorflow/core/common_runtime/gpu/gpu_device.cc:1263]      0 
2021-02-01 15:28:34.475624: I tensorflow/core/common_runtime/gpu/gpu_device.cc:1276] 0:   N 
2021-02-01 15:28:34.475859: I tensorflow/stream_executor/cuda/cuda_gpu_executor.cc:982] successful NUMA node read from SysFS had negative value (-1), but there must be at least one NUMA node, so returning NUMA node zero
2021-02-01 15:28:34.476545: I tensorflow/stream_executor/cuda/cuda_gpu_executor.cc:982] successful NUMA node read from SysFS had negative value (-1), but there must be at least one NUMA node, so returning NUMA node zero
2021-02-01 15:28:34.477184: I tensorflow/core/common_runtime/gpu/gpu_device.cc:1402] Created TensorFlow device (/job:localhost/replica:0/task:0/device:GPU:0 with 10074 MB memory) -> physical GPU (device: 0, name: GeForce RTX 2080 Ti, pci bus id: 0000:4b:00.0, compute capability: 7.5)
WARNING:tensorflow:AutoGraph could not transform <function preprocess at 0x7f1bcdfcd160> and will run it as-is.
Please report this to the TensorFlow team. When filing the bug, set the verbosity to 10 (on Linux, `export AUTOGRAPH_VERBOSITY=10`) and attach the full output.
Cause: module 'gast' has no attribute 'Index'
To silence this warning, decorate the function with @tf.autograph.experimental.do_not_convert
W0201 15:28:38.480720 139759284569920 ag_logging.py:146] AutoGraph could not transform <function preprocess at 0x7f1bcdfcd160> and will run it as-is.
Please report this to the TensorFlow team. When filing the bug, set the verbosity to 10 (on Linux, `export AUTOGRAPH_VERBOSITY=10`) and attach the full output.
Cause: module 'gast' has no attribute 'Index'
To silence this warning, decorate the function with @tf.autograph.experimental.do_not_convert
WARNING:tensorflow:AutoGraph could not transform <function rotate at 0x7f1bce05e790> and will run it as-is.
Please report this to the TensorFlow team. When filing the bug, set the verbosity to 10 (on Linux, `export AUTOGRAPH_VERBOSITY=10`) and attach the full output.
Cause: module 'gast' has no attribute 'Index'
To silence this warning, decorate the function with @tf.autograph.experimental.do_not_convert
W0201 15:28:38.612763 139759284569920 ag_logging.py:146] AutoGraph could not transform <function rotate at 0x7f1bce05e790> and will run it as-is.
Please report this to the TensorFlow team. When filing the bug, set the verbosity to 10 (on Linux, `export AUTOGRAPH_VERBOSITY=10`) and attach the full output.
Cause: module 'gast' has no attribute 'Index'
To silence this warning, decorate the function with @tf.autograph.experimental.do_not_convert
I0201 15:28:44.596119 139759284569920 train.py:121] Initializing from scratch.
2021-02-01 15:28:45.611401: I tensorflow/stream_executor/platform/default/dso_loader.cc:48] Successfully opened dynamic library libcublas.so.10
2021-02-01 15:28:45.743077: I tensorflow/stream_executor/platform/default/dso_loader.cc:48] Successfully opened dynamic library libcudnn.so.7
I0201 15:28:52.004742 139759284569920 train.py:157] Epoch 1/80, Accuracy: 68.45, 
 Confusion Matrix: 
 [[496. 206.]
 [290. 580.]], Sensitivity: 63.10, Specificity: 73.79, 
 Test Accuracy: 71.34, 
 Test Confusion Matrix: 
 [[44. 13.]
 [ 8. 18.]], Test Sensitivity: 84.62, Test Specificity: 58.06,
 Eval Accuracy: 54.73, 
 Eval Confusion Matrix: 
 [[52. 28.]
 [12. 11.]], Eval Sensitivity: 81.25, Eval Specificity: 28.21
I0201 15:28:53.788180 139759284569920 train.py:157] Epoch 2/80, Accuracy: 71.69, 
 Confusion Matrix: 
 [[538. 197.]
 [248. 589.]], Sensitivity: 68.45, Specificity: 74.94, 
 Test Accuracy: 67.18, 
 Test Confusion Matrix: 
 [[38. 12.]
 [14. 19.]], Test Sensitivity: 73.08, Test Specificity: 61.29,
 Eval Accuracy: 55.17, 
 Eval Confusion Matrix: 
 [[46. 24.]
 [18. 15.]], Eval Sensitivity: 71.88, Eval Specificity: 38.46
I0201 15:28:55.453882 139759284569920 train.py:157] Epoch 3/80, Accuracy: 72.14, 
 Confusion Matrix: 
 [[529. 181.]
 [257. 605.]], Sensitivity: 67.30, Specificity: 76.97, 
 Test Accuracy: 73.98, 
 Test Confusion Matrix: 
 [[35.  6.]
 [17. 25.]], Test Sensitivity: 67.31, Test Specificity: 80.65,
 Eval Accuracy: 63.14, 
 Eval Confusion Matrix: 
 [[48. 19.]
 [16. 20.]], Eval Sensitivity: 75.00, Eval Specificity: 51.28
I0201 15:28:57.142822 139759284569920 train.py:157] Epoch 4/80, Accuracy: 73.22, 
 Confusion Matrix: 
 [[535. 170.]
 [251. 616.]], Sensitivity: 68.07, Specificity: 78.37, 
 Test Accuracy: 52.30, 
 Test Confusion Matrix: 
 [[46. 26.]
 [ 6.  5.]], Test Sensitivity: 88.46, Test Specificity: 16.13,
 Eval Accuracy: 48.66, 
 Eval Confusion Matrix: 
 [[59. 37.]
 [ 5.  2.]], Eval Sensitivity: 92.19, Eval Specificity: 5.13
I0201 15:28:58.831337 139759284569920 train.py:157] Epoch 5/80, Accuracy: 74.12, 
 Confusion Matrix: 
 [[572. 190.]
 [220. 602.]], Sensitivity: 72.22, Specificity: 76.01, 
 Test Accuracy: 61.32, 
 Test Confusion Matrix: 
 [[47. 21.]
 [ 5. 10.]], Test Sensitivity: 90.38, Test Specificity: 32.26,
 Eval Accuracy: 48.88, 
 Eval Confusion Matrix: 
 [[56. 35.]
 [ 8.  4.]], Eval Sensitivity: 87.50, Eval Specificity: 10.26
I0201 15:29:00.521477 139759284569920 train.py:157] Epoch 6/80, Accuracy: 74.68, 
 Confusion Matrix: 
 [[567. 179.]
 [219. 607.]], Sensitivity: 72.14, Specificity: 77.23, 
 Test Accuracy: 73.01, 
 Test Confusion Matrix: 
 [[34.  6.]
 [18. 25.]], Test Sensitivity: 65.38, Test Specificity: 80.65,
 Eval Accuracy: 64.36, 
 Eval Confusion Matrix: 
 [[43. 15.]
 [21. 24.]], Eval Sensitivity: 67.19, Eval Specificity: 61.54
I0201 15:29:02.219701 139759284569920 train.py:157] Epoch 7/80, Accuracy: 76.65, 
 Confusion Matrix: 
 [[586. 167.]
 [200. 619.]], Sensitivity: 74.55, Specificity: 78.75, 
 Test Accuracy: 77.20, 
 Test Confusion Matrix: 
 [[35.  4.]
 [17. 27.]], Test Sensitivity: 67.31, Test Specificity: 87.10,
 Eval Accuracy: 62.08, 
 Eval Confusion Matrix: 
 [[45. 18.]
 [19. 21.]], Eval Sensitivity: 70.31, Eval Specificity: 53.85
I0201 15:29:03.916810 139759284569920 train.py:157] Epoch 8/80, Accuracy: 77.42, 
 Confusion Matrix: 
 [[582. 151.]
 [204. 635.]], Sensitivity: 74.05, Specificity: 80.79, 
 Test Accuracy: 74.32, 
 Test Confusion Matrix: 
 [[32.  4.]
 [20. 27.]], Test Sensitivity: 61.54, Test Specificity: 87.10,
 Eval Accuracy: 67.71, 
 Eval Confusion Matrix: 
 [[44. 13.]
 [20. 26.]], Eval Sensitivity: 68.75, Eval Specificity: 66.67
I0201 15:29:05.615604 139759284569920 train.py:157] Epoch 9/80, Accuracy: 76.78, 
 Confusion Matrix: 
 [[542. 121.]
 [244. 665.]], Sensitivity: 68.96, Specificity: 84.61, 
 Test Accuracy: 76.89, 
 Test Confusion Matrix: 
 [[33.  3.]
 [19. 28.]], Test Sensitivity: 63.46, Test Specificity: 90.32,
 Eval Accuracy: 68.71, 
 Eval Confusion Matrix: 
 [[42. 11.]
 [22. 28.]], Eval Sensitivity: 65.62, Eval Specificity: 71.79
I0201 15:29:07.328481 139759284569920 train.py:157] Epoch 10/80, Accuracy: 78.60, 
 Confusion Matrix: 
 [[561. 108.]
 [231. 684.]], Sensitivity: 70.83, Specificity: 86.36, 
 Test Accuracy: 75.96, 
 Test Confusion Matrix: 
 [[27.  0.]
 [25. 31.]], Test Sensitivity: 51.92, Test Specificity: 100.00,
 Eval Accuracy: 76.34, 
 Eval Confusion Matrix: 
 [[37.  2.]
 [27. 37.]], Eval Sensitivity: 57.81, Eval Specificity: 94.87
I0201 15:29:09.377142 139759284569920 train.py:157] Epoch 11/80, Accuracy: 77.90, 
 Confusion Matrix: 
 [[544. 106.]
 [241. 679.]], Sensitivity: 69.30, Specificity: 86.50, 
 Test Accuracy: 67.31, 
 Test Confusion Matrix: 
 [[18.  0.]
 [34. 31.]], Test Sensitivity: 34.62, Test Specificity: 100.00,
 Eval Accuracy: 70.59, 
 Eval Confusion Matrix: 
 [[28.  1.]
 [36. 38.]], Eval Sensitivity: 43.75, Eval Specificity: 97.44
I0201 15:29:11.512226 139759284569920 train.py:157] Epoch 12/80, Accuracy: 82.87, 
 Confusion Matrix: 
 [[604.  84.]
 [187. 707.]], Sensitivity: 76.36, Specificity: 89.38, 
 Test Accuracy: 72.36, 
 Test Confusion Matrix: 
 [[35.  7.]
 [17. 24.]], Test Sensitivity: 67.31, Test Specificity: 77.42,
 Eval Accuracy: 77.96, 
 Eval Confusion Matrix: 
 [[44.  5.]
 [20. 34.]], Eval Sensitivity: 68.75, Eval Specificity: 87.18
I0201 15:29:13.209547 139759284569920 train.py:157] Epoch 13/80, Accuracy: 83.44, 
 Confusion Matrix: 
 [[600.  75.]
 [185. 710.]], Sensitivity: 76.43, Specificity: 90.45, 
 Test Accuracy: 50.65, 
 Test Confusion Matrix: 
 [[51. 30.]
 [ 1.  1.]], Test Sensitivity: 98.08, Test Specificity: 3.23,
 Eval Accuracy: 51.28, 
 Eval Confusion Matrix: 
 [[64. 38.]
 [ 0.  1.]], Eval Sensitivity: 100.00, Eval Specificity: 2.56
I0201 15:29:14.914007 139759284569920 train.py:157] Epoch 14/80, Accuracy: 85.18, 
 Confusion Matrix: 
 [[630.  77.]
 [156. 709.]], Sensitivity: 80.15, Specificity: 90.20, 
 Test Accuracy: 61.54, 
 Test Confusion Matrix: 
 [[12.  0.]
 [40. 31.]], Test Sensitivity: 23.08, Test Specificity: 100.00,
 Eval Accuracy: 60.94, 
 Eval Confusion Matrix: 
 [[14.  0.]
 [50. 39.]], Eval Sensitivity: 21.88, Eval Specificity: 100.00
I0201 15:29:16.619465 139759284569920 train.py:157] Epoch 15/80, Accuracy: 86.93, 
 Confusion Matrix: 
 [[647.  62.]
 [145. 730.]], Sensitivity: 81.69, Specificity: 92.17, 
 Test Accuracy: 84.55, 
 Test Confusion Matrix: 
 [[46.  6.]
 [ 6. 25.]], Test Sensitivity: 88.46, Test Specificity: 80.65,
 Eval Accuracy: 74.52, 
 Eval Confusion Matrix: 
 [[56. 15.]
 [ 8. 24.]], Eval Sensitivity: 87.50, Eval Specificity: 61.54
I0201 15:29:18.331675 139759284569920 train.py:157] Epoch 16/80, Accuracy: 88.36, 
 Confusion Matrix: 
 [[664.  61.]
 [122. 725.]], Sensitivity: 84.48, Specificity: 92.24, 
 Test Accuracy: 76.15, 
 Test Confusion Matrix: 
 [[49. 13.]
 [ 3. 18.]], Test Sensitivity: 94.23, Test Specificity: 58.06,
 Eval Accuracy: 71.73, 
 Eval Confusion Matrix: 
 [[59. 19.]
 [ 5. 20.]], Eval Sensitivity: 92.19, Eval Specificity: 51.28
I0201 15:29:20.031060 139759284569920 train.py:157] Epoch 17/80, Accuracy: 88.57, 
 Confusion Matrix: 
 [[676.  65.]
 [116. 727.]], Sensitivity: 85.35, Specificity: 91.79, 
 Test Accuracy: 83.65, 
 Test Confusion Matrix: 
 [[35.  0.]
 [17. 31.]], Test Sensitivity: 67.31, Test Specificity: 100.00,
 Eval Accuracy: 85.16, 
 Eval Confusion Matrix: 
 [[45.  0.]
 [19. 39.]], Eval Sensitivity: 70.31, Eval Specificity: 100.00
I0201 15:29:21.740596 139759284569920 train.py:157] Epoch 18/80, Accuracy: 89.49, 
 Confusion Matrix: 
 [[676.  56.]
 [109. 729.]], Sensitivity: 86.11, Specificity: 92.87, 
 Test Accuracy: 82.69, 
 Test Confusion Matrix: 
 [[34.  0.]
 [18. 31.]], Test Sensitivity: 65.38, Test Specificity: 100.00,
 Eval Accuracy: 79.75, 
 Eval Confusion Matrix: 
 [[43.  3.]
 [21. 36.]], Eval Sensitivity: 67.19, Eval Specificity: 92.31
I0201 15:29:23.440002 139759284569920 train.py:157] Epoch 19/80, Accuracy: 89.30, 
 Confusion Matrix: 
 [[671.  54.]
 [114. 731.]], Sensitivity: 85.48, Specificity: 93.12, 
 Test Accuracy: 60.33, 
 Test Confusion Matrix: 
 [[51. 24.]
 [ 1.  7.]], Test Sensitivity: 98.08, Test Specificity: 22.58,
 Eval Accuracy: 56.91, 
 Eval Confusion Matrix: 
 [[63. 33.]
 [ 1.  6.]], Eval Sensitivity: 98.44, Eval Specificity: 15.38
I0201 15:29:25.150294 139759284569920 train.py:157] Epoch 20/80, Accuracy: 90.58, 
 Confusion Matrix: 
 [[690.  48.]
 [101. 743.]], Sensitivity: 87.23, Specificity: 93.93, 
 Test Accuracy: 82.69, 
 Test Confusion Matrix: 
 [[34.  0.]
 [18. 31.]], Test Sensitivity: 65.38, Test Specificity: 100.00,
 Eval Accuracy: 83.87, 
 Eval Confusion Matrix: 
 [[45.  1.]
 [19. 38.]], Eval Sensitivity: 70.31, Eval Specificity: 97.44
I0201 15:29:26.843867 139759284569920 train.py:157] Epoch 21/80, Accuracy: 91.73, 
 Confusion Matrix: 
 [[694.  38.]
 [ 92. 748.]], Sensitivity: 88.30, Specificity: 95.17, 
 Test Accuracy: 89.36, 
 Test Confusion Matrix: 
 [[51.  6.]
 [ 1. 25.]], Test Sensitivity: 98.08, Test Specificity: 80.65,
 Eval Accuracy: 75.58, 
 Eval Confusion Matrix: 
 [[59. 16.]
 [ 5. 23.]], Eval Sensitivity: 92.19, Eval Specificity: 58.97
I0201 15:29:28.549015 139759284569920 train.py:157] Epoch 22/80, Accuracy: 91.54, 
 Confusion Matrix: 
 [[697.  44.]
 [ 89. 742.]], Sensitivity: 88.68, Specificity: 94.40, 
 Test Accuracy: 88.43, 
 Test Confusion Matrix: 
 [[45.  3.]
 [ 7. 28.]], Test Sensitivity: 86.54, Test Specificity: 90.32,
 Eval Accuracy: 81.93, 
 Eval Confusion Matrix: 
 [[54.  8.]
 [10. 31.]], Eval Sensitivity: 84.38, Eval Specificity: 79.49
I0201 15:29:30.235003 139759284569920 train.py:157] Epoch 23/80, Accuracy: 91.46, 
 Confusion Matrix: 
 [[691.  40.]
 [ 94. 745.]], Sensitivity: 88.03, Specificity: 94.90, 
 Test Accuracy: 83.65, 
 Test Confusion Matrix: 
 [[35.  0.]
 [17. 31.]], Test Sensitivity: 67.31, Test Specificity: 100.00,
 Eval Accuracy: 85.94, 
 Eval Confusion Matrix: 
 [[46.  0.]
 [18. 39.]], Eval Sensitivity: 71.88, Eval Specificity: 100.00
I0201 15:29:31.916840 139759284569920 train.py:157] Epoch 24/80, Accuracy: 91.79, 
 Confusion Matrix: 
 [[704.  42.]
 [ 88. 750.]], Sensitivity: 88.89, Specificity: 94.70, 
 Test Accuracy: 82.69, 
 Test Confusion Matrix: 
 [[34.  0.]
 [18. 31.]], Test Sensitivity: 65.38, Test Specificity: 100.00,
 Eval Accuracy: 82.03, 
 Eval Confusion Matrix: 
 [[41.  0.]
 [23. 39.]], Eval Sensitivity: 64.06, Eval Specificity: 100.00
I0201 15:29:33.627921 139759284569920 train.py:157] Epoch 25/80, Accuracy: 91.67, 
 Confusion Matrix: 
 [[707.  47.]
 [ 85. 745.]], Sensitivity: 89.27, Specificity: 94.07, 
 Test Accuracy: 80.77, 
 Test Confusion Matrix: 
 [[32.  0.]
 [20. 31.]], Test Sensitivity: 61.54, Test Specificity: 100.00,
 Eval Accuracy: 80.47, 
 Eval Confusion Matrix: 
 [[39.  0.]
 [25. 39.]], Eval Sensitivity: 60.94, Eval Specificity: 100.00
I0201 15:29:35.330462 139759284569920 train.py:157] Epoch 26/80, Accuracy: 91.53, 
 Confusion Matrix: 
 [[697.  45.]
 [ 88. 740.]], Sensitivity: 88.79, Specificity: 94.27, 
 Test Accuracy: 56.73, 
 Test Confusion Matrix: 
 [[ 7.  0.]
 [45. 31.]], Test Sensitivity: 13.46, Test Specificity: 100.00,
 Eval Accuracy: 55.47, 
 Eval Confusion Matrix: 
 [[ 7.  0.]
 [57. 39.]], Eval Sensitivity: 10.94, Eval Specificity: 100.00
I0201 15:29:37.058573 139759284569920 train.py:157] Epoch 27/80, Accuracy: 86.90, 
 Confusion Matrix: 
 [[636.  56.]
 [150. 730.]], Sensitivity: 80.92, Specificity: 92.88, 
 Test Accuracy: 81.98, 
 Test Confusion Matrix: 
 [[45.  7.]
 [ 7. 24.]], Test Sensitivity: 86.54, Test Specificity: 77.42,
 Eval Accuracy: 78.31, 
 Eval Confusion Matrix: 
 [[51.  9.]
 [13. 30.]], Eval Sensitivity: 79.69, Eval Specificity: 76.92
I0201 15:29:38.763895 139759284569920 train.py:157] Epoch 28/80, Accuracy: 89.12, 
 Confusion Matrix: 
 [[669.  54.]
 [117. 732.]], Sensitivity: 85.11, Specificity: 93.13, 
 Test Accuracy: 84.86, 
 Test Confusion Matrix: 
 [[48.  7.]
 [ 4. 24.]], Test Sensitivity: 92.31, Test Specificity: 77.42,
 Eval Accuracy: 78.65, 
 Eval Confusion Matrix: 
 [[58. 13.]
 [ 6. 26.]], Eval Sensitivity: 90.62, Eval Specificity: 66.67
I0201 15:29:40.467784 139759284569920 train.py:157] Epoch 29/80, Accuracy: 89.90, 
 Confusion Matrix: 
 [[688.  56.]
 [104. 736.]], Sensitivity: 86.87, Specificity: 92.93, 
 Test Accuracy: 70.19, 
 Test Confusion Matrix: 
 [[21.  0.]
 [31. 31.]], Test Sensitivity: 40.38, Test Specificity: 100.00,
 Eval Accuracy: 64.84, 
 Eval Confusion Matrix: 
 [[19.  0.]
 [45. 39.]], Eval Sensitivity: 29.69, Eval Specificity: 100.00
I0201 15:29:42.160817 139759284569920 train.py:157] Epoch 30/80, Accuracy: 90.78, 
 Confusion Matrix: 
 [[695.  54.]
 [ 91. 732.]], Sensitivity: 88.42, Specificity: 93.13, 
 Test Accuracy: 84.27, 
 Test Confusion Matrix: 
 [[39.  2.]
 [13. 29.]], Test Sensitivity: 75.00, Test Specificity: 93.55,
 Eval Accuracy: 81.81, 
 Eval Confusion Matrix: 
 [[44.  2.]
 [20. 37.]], Eval Sensitivity: 68.75, Eval Specificity: 94.87
I0201 15:29:43.858999 139759284569920 train.py:157] Epoch 31/80, Accuracy: 91.92, 
 Confusion Matrix: 
 [[703.  44.]
 [ 83. 742.]], Sensitivity: 89.44, Specificity: 94.40, 
 Test Accuracy: 90.04, 
 Test Confusion Matrix: 
 [[45.  2.]
 [ 7. 29.]], Test Sensitivity: 86.54, Test Specificity: 93.55,
 Eval Accuracy: 84.50, 
 Eval Confusion Matrix: 
 [[54.  6.]
 [10. 33.]], Eval Sensitivity: 84.38, Eval Specificity: 84.62
I0201 15:29:45.560924 139759284569920 train.py:157] Epoch 32/80, Accuracy: 92.11, 
 Confusion Matrix: 
 [[706.  44.]
 [ 80. 742.]], Sensitivity: 89.82, Specificity: 94.40, 
 Test Accuracy: 91.63, 
 Test Confusion Matrix: 
 [[50.  4.]
 [ 2. 27.]], Test Sensitivity: 96.15, Test Specificity: 87.10,
 Eval Accuracy: 75.02, 
 Eval Confusion Matrix: 
 [[55. 14.]
 [ 9. 25.]], Eval Sensitivity: 85.94, Eval Specificity: 64.10
I0201 15:29:47.258936 139759284569920 train.py:157] Epoch 33/80, Accuracy: 91.98, 
 Confusion Matrix: 
 [[717.  52.]
 [ 75. 740.]], Sensitivity: 90.53, Specificity: 93.43, 
 Test Accuracy: 81.95, 
 Test Confusion Matrix: 
 [[50. 10.]
 [ 2. 21.]], Test Sensitivity: 96.15, Test Specificity: 67.74,
 Eval Accuracy: 71.45, 
 Eval Confusion Matrix: 
 [[57. 18.]
 [ 7. 21.]], Eval Sensitivity: 89.06, Eval Specificity: 53.85
I0201 15:29:49.380046 139759284569920 train.py:157] Epoch 34/80, Accuracy: 92.33, 
 Confusion Matrix: 
 [[715.  47.]
 [ 74. 742.]], Sensitivity: 90.62, Specificity: 94.04, 
 Test Accuracy: 92.28, 
 Test Confusion Matrix: 
 [[49.  3.]
 [ 3. 28.]], Test Sensitivity: 94.23, Test Specificity: 90.32,
 Eval Accuracy: 73.52, 
 Eval Confusion Matrix: 
 [[58. 17.]
 [ 6. 22.]], Eval Sensitivity: 90.62, Eval Specificity: 56.41
I0201 15:29:51.064237 139759284569920 train.py:157] Epoch 35/80, Accuracy: 92.81, 
 Confusion Matrix: 
 [[718.  45.]
 [ 68. 741.]], Sensitivity: 91.35, Specificity: 94.27, 
 Test Accuracy: 85.89, 
 Test Confusion Matrix: 
 [[39.  1.]
 [13. 30.]], Test Sensitivity: 75.00, Test Specificity: 96.77,
 Eval Accuracy: 81.09, 
 Eval Confusion Matrix: 
 [[48.  5.]
 [16. 34.]], Eval Sensitivity: 75.00, Eval Specificity: 87.18
I0201 15:29:52.787090 139759284569920 train.py:157] Epoch 36/80, Accuracy: 92.04, 
 Confusion Matrix: 
 [[712.  52.]
 [ 73. 733.]], Sensitivity: 90.70, Specificity: 93.38, 
 Test Accuracy: 83.65, 
 Test Confusion Matrix: 
 [[35.  0.]
 [17. 31.]], Test Sensitivity: 67.31, Test Specificity: 100.00,
 Eval Accuracy: 86.72, 
 Eval Confusion Matrix: 
 [[47.  0.]
 [17. 39.]], Eval Sensitivity: 73.44, Eval Specificity: 100.00
I0201 15:29:54.487197 139759284569920 train.py:157] Epoch 37/80, Accuracy: 94.01, 
 Confusion Matrix: 
 [[723.  32.]
 [ 62. 753.]], Sensitivity: 92.10, Specificity: 95.92, 
 Test Accuracy: 88.77, 
 Test Confusion Matrix: 
 [[42.  1.]
 [10. 30.]], Test Sensitivity: 80.77, Test Specificity: 96.77,
 Eval Accuracy: 83.43, 
 Eval Confusion Matrix: 
 [[51.  5.]
 [13. 34.]], Eval Sensitivity: 79.69, Eval Specificity: 87.18
I0201 15:29:56.223082 139759284569920 train.py:157] Epoch 38/80, Accuracy: 93.06, 
 Confusion Matrix: 
 [[723.  41.]
 [ 69. 751.]], Sensitivity: 91.29, Specificity: 94.82, 
 Test Accuracy: 87.16, 
 Test Confusion Matrix: 
 [[42.  2.]
 [10. 29.]], Test Sensitivity: 80.77, Test Specificity: 93.55,
 Eval Accuracy: 86.50, 
 Eval Confusion Matrix: 
 [[50.  2.]
 [14. 37.]], Eval Sensitivity: 78.12, Eval Specificity: 94.87
I0201 15:29:57.941563 139759284569920 train.py:157] Epoch 39/80, Accuracy: 94.20, 
 Confusion Matrix: 
 [[726.  32.]
 [ 59. 753.]], Sensitivity: 92.48, Specificity: 95.92, 
 Test Accuracy: 82.04, 
 Test Confusion Matrix: 
 [[35.  1.]
 [17. 30.]], Test Sensitivity: 67.31, Test Specificity: 96.77,
 Eval Accuracy: 84.66, 
 Eval Confusion Matrix: 
 [[46.  1.]
 [18. 38.]], Eval Sensitivity: 71.88, Eval Specificity: 97.44
I0201 15:29:59.654638 139759284569920 train.py:157] Epoch 40/80, Accuracy: 93.51, 
 Confusion Matrix: 
 [[717.  33.]
 [ 69. 753.]], Sensitivity: 91.22, Specificity: 95.80, 
 Test Accuracy: 85.55, 
 Test Confusion Matrix: 
 [[42.  3.]
 [10. 28.]], Test Sensitivity: 80.77, Test Specificity: 90.32,
 Eval Accuracy: 80.81, 
 Eval Confusion Matrix: 
 [[46.  4.]
 [18. 35.]], Eval Sensitivity: 71.88, Eval Specificity: 89.74
I0201 15:30:01.341470 139759284569920 train.py:157] Epoch 41/80, Accuracy: 92.60, 
 Confusion Matrix: 
 [[718.  44.]
 [ 73. 747.]], Sensitivity: 90.77, Specificity: 94.44, 
 Test Accuracy: 88.12, 
 Test Confusion Matrix: 
 [[43.  2.]
 [ 9. 29.]], Test Sensitivity: 82.69, Test Specificity: 93.55,
 Eval Accuracy: 76.52, 
 Eval Confusion Matrix: 
 [[52. 11.]
 [12. 28.]], Eval Sensitivity: 81.25, Eval Specificity: 71.79
I0201 15:30:03.039437 139759284569920 train.py:157] Epoch 42/80, Accuracy: 94.07, 
 Confusion Matrix: 
 [[735.  37.]
 [ 57. 755.]], Sensitivity: 92.80, Specificity: 95.33, 
 Test Accuracy: 83.65, 
 Test Confusion Matrix: 
 [[35.  0.]
 [17. 31.]], Test Sensitivity: 67.31, Test Specificity: 100.00,
 Eval Accuracy: 82.37, 
 Eval Confusion Matrix: 
 [[48.  4.]
 [16. 35.]], Eval Sensitivity: 75.00, Eval Specificity: 89.74
I0201 15:30:04.744881 139759284569920 train.py:157] Epoch 43/80, Accuracy: 94.75, 
 Confusion Matrix: 
 [[736.  28.]
 [ 55. 763.]], Sensitivity: 93.05, Specificity: 96.46, 
 Test Accuracy: 85.24, 
 Test Confusion Matrix: 
 [[40.  2.]
 [12. 29.]], Test Sensitivity: 76.92, Test Specificity: 93.55,
 Eval Accuracy: 85.00, 
 Eval Confusion Matrix: 
 [[53.  5.]
 [11. 34.]], Eval Sensitivity: 82.81, Eval Specificity: 87.18
I0201 15:30:06.445621 139759284569920 train.py:157] Epoch 44/80, Accuracy: 93.96, 
 Confusion Matrix: 
 [[718.  27.]
 [ 68. 759.]], Sensitivity: 91.35, Specificity: 96.56, 
 Test Accuracy: 74.53, 
 Test Confusion Matrix: 
 [[49. 14.]
 [ 3. 17.]], Test Sensitivity: 94.23, Test Specificity: 54.84,
 Eval Accuracy: 70.17, 
 Eval Confusion Matrix: 
 [[57. 19.]
 [ 7. 20.]], Eval Sensitivity: 89.06, Eval Specificity: 51.28
I0201 15:30:08.156006 139759284569920 train.py:157] Epoch 45/80, Accuracy: 95.29, 
 Confusion Matrix: 
 [[744.  32.]
 [ 42. 754.]], Sensitivity: 94.66, Specificity: 95.93, 
 Test Accuracy: 92.62, 
 Test Confusion Matrix: 
 [[46.  1.]
 [ 6. 30.]], Test Sensitivity: 88.46, Test Specificity: 96.77,
 Eval Accuracy: 82.43, 
 Eval Confusion Matrix: 
 [[53.  7.]
 [11. 32.]], Eval Sensitivity: 82.81, Eval Specificity: 82.05
I0201 15:30:09.877782 139759284569920 train.py:157] Epoch 46/80, Accuracy: 94.63, 
 Confusion Matrix: 
 [[742.  35.]
 [ 50. 757.]], Sensitivity: 93.69, Specificity: 95.58, 
 Test Accuracy: 88.43, 
 Test Confusion Matrix: 
 [[45.  3.]
 [ 7. 28.]], Test Sensitivity: 86.54, Test Specificity: 90.32,
 Eval Accuracy: 83.93, 
 Eval Confusion Matrix: 
 [[50.  4.]
 [14. 35.]], Eval Sensitivity: 78.12, Eval Specificity: 89.74
I0201 15:30:11.574064 139759284569920 train.py:157] Epoch 47/80, Accuracy: 94.27, 
 Confusion Matrix: 
 [[732.  37.]
 [ 53. 748.]], Sensitivity: 93.25, Specificity: 95.29, 
 Test Accuracy: 90.01, 
 Test Confusion Matrix: 
 [[50.  5.]
 [ 2. 26.]], Test Sensitivity: 96.15, Test Specificity: 83.87,
 Eval Accuracy: 78.37, 
 Eval Confusion Matrix: 
 [[56. 12.]
 [ 8. 27.]], Eval Sensitivity: 87.50, Eval Specificity: 69.23
I0201 15:30:13.285061 139759284569920 train.py:157] Epoch 48/80, Accuracy: 95.64, 
 Confusion Matrix: 
 [[750.  27.]
 [ 42. 765.]], Sensitivity: 94.70, Specificity: 96.59, 
 Test Accuracy: 78.07, 
 Test Confusion Matrix: 
 [[51. 13.]
 [ 1. 18.]], Test Sensitivity: 98.08, Test Specificity: 58.06,
 Eval Accuracy: 68.89, 
 Eval Confusion Matrix: 
 [[57. 20.]
 [ 7. 19.]], Eval Sensitivity: 89.06, Eval Specificity: 48.72
I0201 15:30:15.006669 139759284569920 train.py:157] Epoch 49/80, Accuracy: 95.08, 
 Confusion Matrix: 
 [[742.  28.]
 [ 50. 764.]], Sensitivity: 93.69, Specificity: 96.46, 
 Test Accuracy: 85.58, 
 Test Confusion Matrix: 
 [[37.  0.]
 [15. 31.]], Test Sensitivity: 71.15, Test Specificity: 100.00,
 Eval Accuracy: 85.94, 
 Eval Confusion Matrix: 
 [[46.  0.]
 [18. 39.]], Eval Sensitivity: 71.88, Eval Specificity: 100.00
I0201 15:30:16.706121 139759284569920 train.py:157] Epoch 50/80, Accuracy: 95.70, 
 Confusion Matrix: 
 [[743.  20.]
 [ 48. 771.]], Sensitivity: 93.93, Specificity: 97.47, 
 Test Accuracy: 89.73, 
 Test Confusion Matrix: 
 [[43.  1.]
 [ 9. 30.]], Test Sensitivity: 82.69, Test Specificity: 96.77,
 Eval Accuracy: 86.50, 
 Eval Confusion Matrix: 
 [[50.  2.]
 [14. 37.]], Eval Sensitivity: 78.12, Eval Specificity: 94.87
I0201 15:30:18.388610 139759284569920 train.py:157] Epoch 51/80, Accuracy: 95.45, 
 Confusion Matrix: 
 [[749.  29.]
 [ 43. 763.]], Sensitivity: 94.57, Specificity: 96.34, 
 Test Accuracy: 89.73, 
 Test Confusion Matrix: 
 [[43.  1.]
 [ 9. 30.]], Test Sensitivity: 82.69, Test Specificity: 96.77,
 Eval Accuracy: 82.09, 
 Eval Confusion Matrix: 
 [[46.  3.]
 [18. 36.]], Eval Sensitivity: 71.88, Eval Specificity: 92.31
I0201 15:30:20.100994 139759284569920 train.py:157] Epoch 52/80, Accuracy: 96.05, 
 Confusion Matrix: 
 [[747.  24.]
 [ 38. 761.]], Sensitivity: 95.16, Specificity: 96.94, 
 Test Accuracy: 91.35, 
 Test Confusion Matrix: 
 [[43.  0.]
 [ 9. 31.]], Test Sensitivity: 82.69, Test Specificity: 100.00,
 Eval Accuracy: 84.50, 
 Eval Confusion Matrix: 
 [[54.  6.]
 [10. 33.]], Eval Sensitivity: 84.38, Eval Specificity: 84.62
I0201 15:30:21.832982 139759284569920 train.py:157] Epoch 53/80, Accuracy: 95.48, 
 Confusion Matrix: 
 [[743.  28.]
 [ 43. 758.]], Sensitivity: 94.53, Specificity: 96.44, 
 Test Accuracy: 91.66, 
 Test Confusion Matrix: 
 [[45.  1.]
 [ 7. 30.]], Test Sensitivity: 86.54, Test Specificity: 96.77,
 Eval Accuracy: 82.93, 
 Eval Confusion Matrix: 
 [[52.  6.]
 [12. 33.]], Eval Sensitivity: 81.25, Eval Specificity: 84.62
I0201 15:30:24.022067 139759284569920 train.py:157] Epoch 54/80, Accuracy: 96.76, 
 Confusion Matrix: 
 [[757.  20.]
 [ 31. 768.]], Sensitivity: 96.07, Specificity: 97.46, 
 Test Accuracy: 88.71, 
 Test Confusion Matrix: 
 [[52.  7.]
 [ 0. 24.]], Test Sensitivity: 100.00, Test Specificity: 77.42,
 Eval Accuracy: 71.45, 
 Eval Confusion Matrix: 
 [[57. 18.]
 [ 7. 21.]], Eval Sensitivity: 89.06, Eval Specificity: 53.85
I0201 15:30:25.739373 139759284569920 train.py:157] Epoch 55/80, Accuracy: 95.80, 
 Confusion Matrix: 
 [[746.  26.]
 [ 40. 760.]], Sensitivity: 94.91, Specificity: 96.69, 
 Test Accuracy: 85.24, 
 Test Confusion Matrix: 
 [[40.  2.]
 [12. 29.]], Test Sensitivity: 76.92, Test Specificity: 93.55,
 Eval Accuracy: 82.37, 
 Eval Confusion Matrix: 
 [[48.  4.]
 [16. 35.]], Eval Sensitivity: 75.00, Eval Specificity: 89.74
I0201 15:30:27.457758 139759284569920 train.py:157] Epoch 56/80, Accuracy: 96.14, 
 Confusion Matrix: 
 [[755.  25.]
 [ 36. 766.]], Sensitivity: 95.45, Specificity: 96.84, 
 Test Accuracy: 55.49, 
 Test Confusion Matrix: 
 [[51. 27.]
 [ 1.  4.]], Test Sensitivity: 98.08, Test Specificity: 12.90,
 Eval Accuracy: 53.85, 
 Eval Confusion Matrix: 
 [[64. 36.]
 [ 0.  3.]], Eval Sensitivity: 100.00, Eval Specificity: 7.69
I0201 15:30:29.195120 139759284569920 train.py:157] Epoch 57/80, Accuracy: 95.77, 
 Confusion Matrix: 
 [[752.  27.]
 [ 40. 765.]], Sensitivity: 94.95, Specificity: 96.59, 
 Test Accuracy: 88.43, 
 Test Confusion Matrix: 
 [[45.  3.]
 [ 7. 28.]], Test Sensitivity: 86.54, Test Specificity: 90.32,
 Eval Accuracy: 83.71, 
 Eval Confusion Matrix: 
 [[53.  6.]
 [11. 33.]], Eval Sensitivity: 82.81, Eval Specificity: 84.62
I0201 15:30:30.906144 139759284569920 train.py:157] Epoch 58/80, Accuracy: 93.63, 
 Confusion Matrix: 
 [[719.  34.]
 [ 66. 751.]], Sensitivity: 91.59, Specificity: 95.67, 
 Test Accuracy: 63.55, 
 Test Confusion Matrix: 
 [[51. 22.]
 [ 1.  9.]], Test Sensitivity: 98.08, Test Specificity: 29.03,
 Eval Accuracy: 52.78, 
 Eval Confusion Matrix: 
 [[61. 35.]
 [ 3.  4.]], Eval Sensitivity: 95.31, Eval Specificity: 10.26
I0201 15:30:32.597807 139759284569920 train.py:157] Epoch 59/80, Accuracy: 93.91, 
 Confusion Matrix: 
 [[721.  29.]
 [ 67. 759.]], Sensitivity: 91.50, Specificity: 96.32, 
 Test Accuracy: 56.45, 
 Test Confusion Matrix: 
 [[52. 27.]
 [ 0.  4.]], Test Sensitivity: 100.00, Test Specificity: 12.90,
 Eval Accuracy: 53.06, 
 Eval Confusion Matrix: 
 [[63. 36.]
 [ 1.  3.]], Eval Sensitivity: 98.44, Eval Specificity: 7.69
I0201 15:30:34.299037 139759284569920 train.py:157] Epoch 60/80, Accuracy: 95.20, 
 Confusion Matrix: 
 [[743.  28.]
 [ 48. 763.]], Sensitivity: 93.93, Specificity: 96.46, 
 Test Accuracy: 90.35, 
 Test Confusion Matrix: 
 [[47.  3.]
 [ 5. 28.]], Test Sensitivity: 90.38, Test Specificity: 90.32,
 Eval Accuracy: 74.80, 
 Eval Confusion Matrix: 
 [[58. 16.]
 [ 6. 23.]], Eval Sensitivity: 90.62, Eval Specificity: 58.97
I0201 15:30:36.004124 139759284569920 train.py:157] Epoch 61/80, Accuracy: 95.23, 
 Confusion Matrix: 
 [[737.  26.]
 [ 49. 760.]], Sensitivity: 93.77, Specificity: 96.69, 
 Test Accuracy: 89.05, 
 Test Confusion Matrix: 
 [[49.  5.]
 [ 3. 26.]], Test Sensitivity: 94.23, Test Specificity: 83.87,
 Eval Accuracy: 73.80, 
 Eval Confusion Matrix: 
 [[60. 18.]
 [ 4. 21.]], Eval Sensitivity: 93.75, Eval Specificity: 53.85
I0201 15:30:37.738543 139759284569920 train.py:157] Epoch 62/80, Accuracy: 94.72, 
 Confusion Matrix: 
 [[738.  35.]
 [ 48. 751.]], Sensitivity: 93.89, Specificity: 95.55, 
 Test Accuracy: 86.17, 
 Test Confusion Matrix: 
 [[46.  5.]
 [ 6. 26.]], Test Sensitivity: 88.46, Test Specificity: 83.87,
 Eval Accuracy: 76.30, 
 Eval Confusion Matrix: 
 [[55. 13.]
 [ 9. 26.]], Eval Sensitivity: 85.94, Eval Specificity: 66.67
I0201 15:30:39.472973 139759284569920 train.py:157] Epoch 63/80, Accuracy: 94.82, 
 Confusion Matrix: 
 [[741.  31.]
 [ 51. 761.]], Sensitivity: 93.56, Specificity: 96.09, 
 Test Accuracy: 78.07, 
 Test Confusion Matrix: 
 [[51. 13.]
 [ 1. 18.]], Test Sensitivity: 98.08, Test Specificity: 58.06,
 Eval Accuracy: 71.51, 
 Eval Confusion Matrix: 
 [[62. 21.]
 [ 2. 18.]], Eval Sensitivity: 96.88, Eval Specificity: 46.15
I0201 15:30:41.185625 139759284569920 train.py:157] Epoch 64/80, Accuracy: 94.59, 
 Confusion Matrix: 
 [[737.  36.]
 [ 49. 750.]], Sensitivity: 93.77, Specificity: 95.42, 
 Test Accuracy: 91.97, 
 Test Confusion Matrix: 
 [[47.  2.]
 [ 5. 29.]], Test Sensitivity: 90.38, Test Specificity: 93.55,
 Eval Accuracy: 80.93, 
 Eval Confusion Matrix: 
 [[56. 10.]
 [ 8. 29.]], Eval Sensitivity: 87.50, Eval Specificity: 74.36
I0201 15:30:42.873690 139759284569920 train.py:157] Epoch 65/80, Accuracy: 94.86, 
 Confusion Matrix: 
 [[740.  33.]
 [ 48. 755.]], Sensitivity: 93.91, Specificity: 95.81, 
 Test Accuracy: 91.97, 
 Test Confusion Matrix: 
 [[47.  2.]
 [ 5. 29.]], Test Sensitivity: 90.38, Test Specificity: 93.55,
 Eval Accuracy: 83.21, 
 Eval Confusion Matrix: 
 [[54.  7.]
 [10. 32.]], Eval Sensitivity: 84.38, Eval Specificity: 82.05
I0201 15:30:44.580468 139759284569920 train.py:157] Epoch 66/80, Accuracy: 95.36, 
 Confusion Matrix: 
 [[740.  27.]
 [ 46. 759.]], Sensitivity: 94.15, Specificity: 96.56, 
 Test Accuracy: 89.73, 
 Test Confusion Matrix: 
 [[43.  1.]
 [ 9. 30.]], Test Sensitivity: 82.69, Test Specificity: 96.77,
 Eval Accuracy: 83.65, 
 Eval Confusion Matrix: 
 [[48.  3.]
 [16. 36.]], Eval Sensitivity: 75.00, Eval Specificity: 92.31
I0201 15:30:46.306601 139759284569920 train.py:157] Epoch 67/80, Accuracy: 96.25, 
 Confusion Matrix: 
 [[751.  24.]
 [ 35. 762.]], Sensitivity: 95.55, Specificity: 96.95, 
 Test Accuracy: 92.93, 
 Test Confusion Matrix: 
 [[48.  2.]
 [ 4. 29.]], Test Sensitivity: 92.31, Test Specificity: 93.55,
 Eval Accuracy: 72.96, 
 Eval Confusion Matrix: 
 [[54. 15.]
 [10. 24.]], Eval Sensitivity: 84.38, Eval Specificity: 61.54
I0201 15:30:48.029434 139759284569920 train.py:157] Epoch 68/80, Accuracy: 96.91, 
 Confusion Matrix: 
 [[764.  21.]
 [ 28. 771.]], Sensitivity: 96.46, Specificity: 97.35, 
 Test Accuracy: 90.01, 
 Test Confusion Matrix: 
 [[50.  5.]
 [ 2. 26.]], Test Sensitivity: 96.15, Test Specificity: 83.87,
 Eval Accuracy: 79.37, 
 Eval Confusion Matrix: 
 [[54. 10.]
 [10. 29.]], Eval Sensitivity: 84.38, Eval Specificity: 74.36
I0201 15:30:49.752599 139759284569920 train.py:157] Epoch 69/80, Accuracy: 95.87, 
 Confusion Matrix: 
 [[743.  22.]
 [ 43. 764.]], Sensitivity: 94.53, Specificity: 97.20, 
 Test Accuracy: 82.91, 
 Test Confusion Matrix: 
 [[51. 10.]
 [ 1. 21.]], Test Sensitivity: 98.08, Test Specificity: 67.74,
 Eval Accuracy: 65.04, 
 Eval Confusion Matrix: 
 [[57. 23.]
 [ 7. 16.]], Eval Sensitivity: 89.06, Eval Specificity: 41.03
I0201 15:30:51.468122 139759284569920 train.py:157] Epoch 70/80, Accuracy: 96.78, 
 Confusion Matrix: 
 [[761.  20.]
 [ 31. 772.]], Sensitivity: 96.09, Specificity: 97.47, 
 Test Accuracy: 90.35, 
 Test Confusion Matrix: 
 [[47.  3.]
 [ 5. 28.]], Test Sensitivity: 90.38, Test Specificity: 90.32,
 Eval Accuracy: 78.37, 
 Eval Confusion Matrix: 
 [[56. 12.]
 [ 8. 27.]], Eval Sensitivity: 87.50, Eval Specificity: 69.23
I0201 15:30:53.174196 139759284569920 train.py:157] Epoch 71/80, Accuracy: 96.58, 
 Confusion Matrix: 
 [[756.  21.]
 [ 33. 768.]], Sensitivity: 95.82, Specificity: 97.34, 
 Test Accuracy: 91.97, 
 Test Confusion Matrix: 
 [[47.  2.]
 [ 5. 29.]], Test Sensitivity: 90.38, Test Specificity: 93.55,
 Eval Accuracy: 81.15, 
 Eval Confusion Matrix: 
 [[53.  8.]
 [11. 31.]], Eval Sensitivity: 82.81, Eval Specificity: 79.49
I0201 15:30:54.871247 139759284569920 train.py:157] Epoch 72/80, Accuracy: 96.63, 
 Confusion Matrix: 
 [[754.  21.]
 [ 32. 765.]], Sensitivity: 95.93, Specificity: 97.33, 
 Test Accuracy: 86.82, 
 Test Confusion Matrix: 
 [[45.  4.]
 [ 7. 27.]], Test Sensitivity: 86.54, Test Specificity: 87.10,
 Eval Accuracy: 87.34, 
 Eval Confusion Matrix: 
 [[56.  5.]
 [ 8. 34.]], Eval Sensitivity: 87.50, Eval Specificity: 87.18
I0201 15:30:56.565207 139759284569920 train.py:157] Epoch 73/80, Accuracy: 97.14, 
 Confusion Matrix: 
 [[758.  17.]
 [ 28. 769.]], Sensitivity: 96.44, Specificity: 97.84, 
 Test Accuracy: 92.62, 
 Test Confusion Matrix: 
 [[46.  1.]
 [ 6. 30.]], Test Sensitivity: 88.46, Test Specificity: 96.77,
 Eval Accuracy: 82.93, 
 Eval Confusion Matrix: 
 [[52.  6.]
 [12. 33.]], Eval Sensitivity: 81.25, Eval Specificity: 84.62
I0201 15:30:58.264439 139759284569920 train.py:157] Epoch 74/80, Accuracy: 97.26, 
 Confusion Matrix: 
 [[759.  16.]
 [ 27. 770.]], Sensitivity: 96.56, Specificity: 97.96, 
 Test Accuracy: 89.08, 
 Test Confusion Matrix: 
 [[44.  2.]
 [ 8. 29.]], Test Sensitivity: 84.62, Test Specificity: 93.55,
 Eval Accuracy: 75.24, 
 Eval Confusion Matrix: 
 [[52. 12.]
 [12. 27.]], Eval Sensitivity: 81.25, Eval Specificity: 69.23
I0201 15:30:59.967454 139759284569920 train.py:157] Epoch 75/80, Accuracy: 97.20, 
 Confusion Matrix: 
 [[760.  18.]
 [ 26. 768.]], Sensitivity: 96.69, Specificity: 97.71, 
 Test Accuracy: 92.93, 
 Test Confusion Matrix: 
 [[48.  2.]
 [ 4. 29.]], Test Sensitivity: 92.31, Test Specificity: 93.55,
 Eval Accuracy: 75.80, 
 Eval Confusion Matrix: 
 [[56. 14.]
 [ 8. 25.]], Eval Sensitivity: 87.50, Eval Specificity: 64.10
I0201 15:31:01.671774 139759284569920 train.py:157] Epoch 76/80, Accuracy: 98.34, 
 Confusion Matrix: 
 [[769.  10.]
 [ 16. 775.]], Sensitivity: 97.96, Specificity: 98.73, 
 Test Accuracy: 92.59, 
 Test Confusion Matrix: 
 [[51.  4.]
 [ 1. 27.]], Test Sensitivity: 98.08, Test Specificity: 87.10,
 Eval Accuracy: 77.58, 
 Eval Confusion Matrix: 
 [[55. 12.]
 [ 9. 27.]], Eval Sensitivity: 85.94, Eval Specificity: 69.23
I0201 15:31:03.379179 139759284569920 train.py:157] Epoch 77/80, Accuracy: 97.84, 
 Confusion Matrix: 
 [[764.  12.]
 [ 22. 774.]], Sensitivity: 97.20, Specificity: 98.47, 
 Test Accuracy: 85.89, 
 Test Confusion Matrix: 
 [[39.  1.]
 [13. 30.]], Test Sensitivity: 75.00, Test Specificity: 96.77,
 Eval Accuracy: 85.44, 
 Eval Confusion Matrix: 
 [[47.  1.]
 [17. 38.]], Eval Sensitivity: 73.44, Eval Specificity: 97.44
I0201 15:31:05.096138 139759284569920 train.py:157] Epoch 78/80, Accuracy: 97.65, 
 Confusion Matrix: 
 [[766.  17.]
 [ 20. 769.]], Sensitivity: 97.46, Specificity: 97.84, 
 Test Accuracy: 88.71, 
 Test Confusion Matrix: 
 [[52.  7.]
 [ 0. 24.]], Test Sensitivity: 100.00, Test Specificity: 77.42,
 Eval Accuracy: 74.30, 
 Eval Confusion Matrix: 
 [[59. 17.]
 [ 5. 22.]], Eval Sensitivity: 92.19, Eval Specificity: 56.41
I0201 15:31:06.799165 139759284569920 train.py:157] Epoch 79/80, Accuracy: 97.58, 
 Confusion Matrix: 
 [[766.  18.]
 [ 20. 768.]], Sensitivity: 97.46, Specificity: 97.71, 
 Test Accuracy: 92.93, 
 Test Confusion Matrix: 
 [[48.  2.]
 [ 4. 29.]], Test Sensitivity: 92.31, Test Specificity: 93.55,
 Eval Accuracy: 78.87, 
 Eval Confusion Matrix: 
 [[55. 11.]
 [ 9. 28.]], Eval Sensitivity: 85.94, Eval Specificity: 71.79
I0201 15:31:06.834216 139759284569920 train.py:226] Finished training after 7821 steps and 80 epochs.
Model: "vgg_like"
_________________________________________________________________
Layer (type)                 Output Shape              Param #   
=================================================================
input_1 (InputLayer)         [(None, None, None, 3)]   0         
_________________________________________________________________
conv2d (Conv2D)              (None, None, None, 8)     224       
_________________________________________________________________
batch_normalization (BatchNo (None, None, None, 8)     32        
_________________________________________________________________
conv2d_1 (Conv2D)            (None, None, None, 8)     584       
_________________________________________________________________
max_pooling2d (MaxPooling2D) (None, None, None, 8)     0         
_________________________________________________________________
batch_normalization_1 (Batch (None, None, None, 8)     32        
_________________________________________________________________
conv2d_2 (Conv2D)            (None, None, None, 16)    1168      
_________________________________________________________________
batch_normalization_2 (Batch (None, None, None, 16)    64        
_________________________________________________________________
conv2d_3 (Conv2D)            (None, None, None, 16)    2320      
_________________________________________________________________
max_pooling2d_1 (MaxPooling2 (None, None, None, 16)    0         
_________________________________________________________________
batch_normalization_3 (Batch (None, None, None, 16)    64        
_________________________________________________________________
conv2d_4 (Conv2D)            (None, None, None, 32)    4640      
_________________________________________________________________
batch_normalization_4 (Batch (None, None, None, 32)    128       
_________________________________________________________________
conv2d_5 (Conv2D)            (None, None, None, 32)    9248      
_________________________________________________________________
max_pooling2d_2 (MaxPooling2 (None, None, None, 32)    0         
_________________________________________________________________
batch_normalization_5 (Batch (None, None, None, 32)    128       
_________________________________________________________________
conv2d_6 (Conv2D)            (None, None, None, 64)    18496     
_________________________________________________________________
batch_normalization_6 (Batch (None, None, None, 64)    256       
_________________________________________________________________
conv2d_7 (Conv2D)            (None, None, None, 64)    36928     
_________________________________________________________________
max_pooling2d_3 (MaxPooling2 (None, None, None, 64)    0         
_________________________________________________________________
batch_normalization_7 (Batch (None, None, None, 64)    256       
_________________________________________________________________
global_average_pooling2d (Gl (None, 64)                0         
_________________________________________________________________
dense (Dense)                (None, 128)               8320      
_________________________________________________________________
dropout (Dropout)            (None, 128)               0         
_________________________________________________________________
dense_1 (Dense)              (None, 2)                 258       
=================================================================
Total params: 83,146
Trainable params: 82,666
Non-trainable params: 480
_________________________________________________________________
