2021-02-02 16:28:42.373139: I tensorflow/stream_executor/platform/default/dso_loader.cc:48] Successfully opened dynamic library libcudart.so.10.1
I0202 16:28:43.546020 140706629408576 datasets.py:14] Preparing dataset idrid...
I0202 16:28:43.546846 140706629408576 dataset_info.py:361] Load dataset info from /home/RUS_CIP/st169955/dl-lab-2020-team15/Project1-Diabetic_Retinopathy/idrid/1.0.0
I0202 16:28:43.547462 140706629408576 dataset_builder.py:299] Reusing dataset idrid (/home/RUS_CIP/st169955/dl-lab-2020-team15/Project1-Diabetic_Retinopathy/idrid/1.0.0)
I0202 16:28:43.547511 140706629408576 dataset_builder.py:510] Constructing tf.data.Dataset for split ['train[:80%]', 'train[80%:]', 'test'], from /home/RUS_CIP/st169955/dl-lab-2020-team15/Project1-Diabetic_Retinopathy/idrid/1.0.0
2021-02-02 16:28:43.548803: I tensorflow/stream_executor/platform/default/dso_loader.cc:48] Successfully opened dynamic library libcuda.so.1
2021-02-02 16:28:43.594836: I tensorflow/stream_executor/cuda/cuda_gpu_executor.cc:982] successful NUMA node read from SysFS had negative value (-1), but there must be at least one NUMA node, so returning NUMA node zero
2021-02-02 16:28:43.595583: I tensorflow/core/common_runtime/gpu/gpu_device.cc:1716] Found device 0 with properties: 
pciBusID: 0000:21:00.0 name: GeForce RTX 2080 Ti computeCapability: 7.5
coreClock: 1.545GHz coreCount: 68 deviceMemorySize: 10.76GiB deviceMemoryBandwidth: 573.69GiB/s
2021-02-02 16:28:43.595598: I tensorflow/stream_executor/platform/default/dso_loader.cc:48] Successfully opened dynamic library libcudart.so.10.1
2021-02-02 16:28:43.596720: I tensorflow/stream_executor/platform/default/dso_loader.cc:48] Successfully opened dynamic library libcublas.so.10
2021-02-02 16:28:43.597872: I tensorflow/stream_executor/platform/default/dso_loader.cc:48] Successfully opened dynamic library libcufft.so.10
2021-02-02 16:28:43.598020: I tensorflow/stream_executor/platform/default/dso_loader.cc:48] Successfully opened dynamic library libcurand.so.10
2021-02-02 16:28:43.599095: I tensorflow/stream_executor/platform/default/dso_loader.cc:48] Successfully opened dynamic library libcusolver.so.10
2021-02-02 16:28:43.599665: I tensorflow/stream_executor/platform/default/dso_loader.cc:48] Successfully opened dynamic library libcusparse.so.10
2021-02-02 16:28:43.602082: I tensorflow/stream_executor/platform/default/dso_loader.cc:48] Successfully opened dynamic library libcudnn.so.7
2021-02-02 16:28:43.602188: I tensorflow/stream_executor/cuda/cuda_gpu_executor.cc:982] successful NUMA node read from SysFS had negative value (-1), but there must be at least one NUMA node, so returning NUMA node zero
2021-02-02 16:28:43.602989: I tensorflow/stream_executor/cuda/cuda_gpu_executor.cc:982] successful NUMA node read from SysFS had negative value (-1), but there must be at least one NUMA node, so returning NUMA node zero
2021-02-02 16:28:43.603676: I tensorflow/core/common_runtime/gpu/gpu_device.cc:1858] Adding visible gpu devices: 0
2021-02-02 16:28:43.603977: I tensorflow/core/platform/cpu_feature_guard.cc:142] This TensorFlow binary is optimized with oneAPI Deep Neural Network Library (oneDNN)to use the following CPU instructions in performance-critical operations:  AVX2 FMA
To enable them in other operations, rebuild TensorFlow with the appropriate compiler flags.
2021-02-02 16:28:43.609069: I tensorflow/core/platform/profile_utils/cpu_utils.cc:104] CPU Frequency: 3800025000 Hz
2021-02-02 16:28:43.609372: I tensorflow/compiler/xla/service/service.cc:168] XLA service 0x3df0070 initialized for platform Host (this does not guarantee that XLA will be used). Devices:
2021-02-02 16:28:43.609385: I tensorflow/compiler/xla/service/service.cc:176]   StreamExecutor device (0): Host, Default Version
2021-02-02 16:28:43.691003: I tensorflow/stream_executor/cuda/cuda_gpu_executor.cc:982] successful NUMA node read from SysFS had negative value (-1), but there must be at least one NUMA node, so returning NUMA node zero
2021-02-02 16:28:43.691781: I tensorflow/compiler/xla/service/service.cc:168] XLA service 0x3d1ba50 initialized for platform CUDA (this does not guarantee that XLA will be used). Devices:
2021-02-02 16:28:43.691815: I tensorflow/compiler/xla/service/service.cc:176]   StreamExecutor device (0): GeForce RTX 2080 Ti, Compute Capability 7.5
2021-02-02 16:28:43.691937: I tensorflow/stream_executor/cuda/cuda_gpu_executor.cc:982] successful NUMA node read from SysFS had negative value (-1), but there must be at least one NUMA node, so returning NUMA node zero
2021-02-02 16:28:43.692620: I tensorflow/core/common_runtime/gpu/gpu_device.cc:1716] Found device 0 with properties: 
pciBusID: 0000:21:00.0 name: GeForce RTX 2080 Ti computeCapability: 7.5
coreClock: 1.545GHz coreCount: 68 deviceMemorySize: 10.76GiB deviceMemoryBandwidth: 573.69GiB/s
2021-02-02 16:28:43.692644: I tensorflow/stream_executor/platform/default/dso_loader.cc:48] Successfully opened dynamic library libcudart.so.10.1
2021-02-02 16:28:43.692671: I tensorflow/stream_executor/platform/default/dso_loader.cc:48] Successfully opened dynamic library libcublas.so.10
2021-02-02 16:28:43.692679: I tensorflow/stream_executor/platform/default/dso_loader.cc:48] Successfully opened dynamic library libcufft.so.10
2021-02-02 16:28:43.692687: I tensorflow/stream_executor/platform/default/dso_loader.cc:48] Successfully opened dynamic library libcurand.so.10
2021-02-02 16:28:43.692693: I tensorflow/stream_executor/platform/default/dso_loader.cc:48] Successfully opened dynamic library libcusolver.so.10
2021-02-02 16:28:43.692700: I tensorflow/stream_executor/platform/default/dso_loader.cc:48] Successfully opened dynamic library libcusparse.so.10
2021-02-02 16:28:43.692707: I tensorflow/stream_executor/platform/default/dso_loader.cc:48] Successfully opened dynamic library libcudnn.so.7
2021-02-02 16:28:43.692742: I tensorflow/stream_executor/cuda/cuda_gpu_executor.cc:982] successful NUMA node read from SysFS had negative value (-1), but there must be at least one NUMA node, so returning NUMA node zero
2021-02-02 16:28:43.693430: I tensorflow/stream_executor/cuda/cuda_gpu_executor.cc:982] successful NUMA node read from SysFS had negative value (-1), but there must be at least one NUMA node, so returning NUMA node zero
2021-02-02 16:28:43.694089: I tensorflow/core/common_runtime/gpu/gpu_device.cc:1858] Adding visible gpu devices: 0
2021-02-02 16:28:43.694107: I tensorflow/stream_executor/platform/default/dso_loader.cc:48] Successfully opened dynamic library libcudart.so.10.1
2021-02-02 16:28:43.990275: I tensorflow/core/common_runtime/gpu/gpu_device.cc:1257] Device interconnect StreamExecutor with strength 1 edge matrix:
2021-02-02 16:28:43.990326: I tensorflow/core/common_runtime/gpu/gpu_device.cc:1263]      0 
2021-02-02 16:28:43.990331: I tensorflow/core/common_runtime/gpu/gpu_device.cc:1276] 0:   N 
2021-02-02 16:28:43.990586: I tensorflow/stream_executor/cuda/cuda_gpu_executor.cc:982] successful NUMA node read from SysFS had negative value (-1), but there must be at least one NUMA node, so returning NUMA node zero
2021-02-02 16:28:43.991315: I tensorflow/stream_executor/cuda/cuda_gpu_executor.cc:982] successful NUMA node read from SysFS had negative value (-1), but there must be at least one NUMA node, so returning NUMA node zero
2021-02-02 16:28:43.991995: I tensorflow/core/common_runtime/gpu/gpu_device.cc:1402] Created TensorFlow device (/job:localhost/replica:0/task:0/device:GPU:0 with 10074 MB memory) -> physical GPU (device: 0, name: GeForce RTX 2080 Ti, pci bus id: 0000:21:00.0, compute capability: 7.5)
WARNING:tensorflow:AutoGraph could not transform <function preprocess at 0x7ff86023f160> and will run it as-is.
Please report this to the TensorFlow team. When filing the bug, set the verbosity to 10 (on Linux, `export AUTOGRAPH_VERBOSITY=10`) and attach the full output.
Cause: module 'gast' has no attribute 'Index'
To silence this warning, decorate the function with @tf.autograph.experimental.do_not_convert
W0202 16:28:47.230105 140706629408576 ag_logging.py:146] AutoGraph could not transform <function preprocess at 0x7ff86023f160> and will run it as-is.
Please report this to the TensorFlow team. When filing the bug, set the verbosity to 10 (on Linux, `export AUTOGRAPH_VERBOSITY=10`) and attach the full output.
Cause: module 'gast' has no attribute 'Index'
To silence this warning, decorate the function with @tf.autograph.experimental.do_not_convert
WARNING:tensorflow:AutoGraph could not transform <function rotate at 0x7ff8602cf790> and will run it as-is.
Please report this to the TensorFlow team. When filing the bug, set the verbosity to 10 (on Linux, `export AUTOGRAPH_VERBOSITY=10`) and attach the full output.
Cause: module 'gast' has no attribute 'Index'
To silence this warning, decorate the function with @tf.autograph.experimental.do_not_convert
W0202 16:28:47.407241 140706629408576 ag_logging.py:146] AutoGraph could not transform <function rotate at 0x7ff8602cf790> and will run it as-is.
Please report this to the TensorFlow team. When filing the bug, set the verbosity to 10 (on Linux, `export AUTOGRAPH_VERBOSITY=10`) and attach the full output.
Cause: module 'gast' has no attribute 'Index'
To silence this warning, decorate the function with @tf.autograph.experimental.do_not_convert
I0202 16:28:52.673020 140706629408576 train.py:121] Initializing from scratch.
2021-02-02 16:28:53.706452: I tensorflow/stream_executor/platform/default/dso_loader.cc:48] Successfully opened dynamic library libcublas.so.10
2021-02-02 16:28:53.830468: I tensorflow/stream_executor/platform/default/dso_loader.cc:48] Successfully opened dynamic library libcudnn.so.7
I0202 16:28:58.732903 140706629408576 train.py:157] Epoch 1/80, Accuracy: 68.12, 
 Confusion Matrix: 
 [[122.  47.]
 [ 85. 160.]], Sensitivity: 58.94, Specificity: 77.29, 
 Test Accuracy: 50.00, 
 Test Confusion Matrix: 
 [[52. 31.]
 [ 0.  0.]], Test Sensitivity: 100.00, Test Specificity: 0.00,
 Eval Accuracy: 51.28, 
 Eval Confusion Matrix: 
 [[64. 38.]
 [ 0.  1.]], Eval Sensitivity: 100.00, Eval Specificity: 2.56
I0202 16:28:59.315475 140706629408576 train.py:157] Epoch 2/80, Accuracy: 71.50, 
 Confusion Matrix: 
 [[133.  44.]
 [ 74. 163.]], Sensitivity: 64.25, Specificity: 78.74, 
 Test Accuracy: 61.01, 
 Test Confusion Matrix: 
 [[45. 20.]
 [ 7. 11.]], Test Sensitivity: 86.54, Test Specificity: 35.48,
 Eval Accuracy: 53.00, 
 Eval Confusion Matrix: 
 [[58. 33.]
 [ 6.  6.]], Eval Sensitivity: 90.62, Eval Specificity: 15.38
I0202 16:28:59.807560 140706629408576 train.py:157] Epoch 3/80, Accuracy: 74.88, 
 Confusion Matrix: 
 [[145.  42.]
 [ 62. 165.]], Sensitivity: 70.05, Specificity: 79.71, 
 Test Accuracy: 71.37, 
 Test Confusion Matrix: 
 [[39. 10.]
 [13. 21.]], Test Sensitivity: 75.00, Test Specificity: 67.74,
 Eval Accuracy: 60.08, 
 Eval Confusion Matrix: 
 [[49. 22.]
 [15. 17.]], Eval Sensitivity: 76.56, Eval Specificity: 43.59
I0202 16:29:00.309752 140706629408576 train.py:157] Epoch 4/80, Accuracy: 75.12, 
 Confusion Matrix: 
 [[158.  54.]
 [ 49. 153.]], Sensitivity: 76.33, Specificity: 73.91, 
 Test Accuracy: 72.36, 
 Test Confusion Matrix: 
 [[35.  7.]
 [17. 24.]], Test Sensitivity: 67.31, Test Specificity: 77.42,
 Eval Accuracy: 61.86, 
 Eval Confusion Matrix: 
 [[48. 20.]
 [16. 19.]], Eval Sensitivity: 75.00, Eval Specificity: 48.72
I0202 16:29:00.805771 140706629408576 train.py:157] Epoch 5/80, Accuracy: 76.33, 
 Confusion Matrix: 
 [[146.  37.]
 [ 61. 170.]], Sensitivity: 70.53, Specificity: 82.13, 
 Test Accuracy: 80.12, 
 Test Confusion Matrix: 
 [[33.  1.]
 [19. 30.]], Test Sensitivity: 63.46, Test Specificity: 96.77,
 Eval Accuracy: 59.96, 
 Eval Confusion Matrix: 
 [[39. 16.]
 [25. 23.]], Eval Sensitivity: 60.94, Eval Specificity: 58.97
I0202 16:29:01.287647 140706629408576 train.py:157] Epoch 6/80, Accuracy: 75.85, 
 Confusion Matrix: 
 [[154.  47.]
 [ 53. 160.]], Sensitivity: 74.40, Specificity: 77.29, 
 Test Accuracy: 70.50, 
 Test Confusion Matrix: 
 [[23.  1.]
 [29. 30.]], Test Sensitivity: 44.23, Test Specificity: 96.77,
 Eval Accuracy: 64.68, 
 Eval Confusion Matrix: 
 [[27.  5.]
 [37. 34.]], Eval Sensitivity: 42.19, Eval Specificity: 87.18
I0202 16:29:01.767193 140706629408576 train.py:157] Epoch 7/80, Accuracy: 77.54, 
 Confusion Matrix: 
 [[158.  44.]
 [ 49. 163.]], Sensitivity: 76.33, Specificity: 78.74, 
 Test Accuracy: 71.06, 
 Test Confusion Matrix: 
 [[37.  9.]
 [15. 22.]], Test Sensitivity: 71.15, Test Specificity: 70.97,
 Eval Accuracy: 58.79, 
 Eval Confusion Matrix: 
 [[49. 23.]
 [15. 16.]], Eval Sensitivity: 76.56, Eval Specificity: 41.03
I0202 16:29:02.249023 140706629408576 train.py:157] Epoch 8/80, Accuracy: 77.29, 
 Confusion Matrix: 
 [[155.  42.]
 [ 52. 165.]], Sensitivity: 74.88, Specificity: 79.71, 
 Test Accuracy: 62.28, 
 Test Confusion Matrix: 
 [[48. 21.]
 [ 4. 10.]], Test Sensitivity: 92.31, Test Specificity: 32.26,
 Eval Accuracy: 51.00, 
 Eval Confusion Matrix: 
 [[62. 37.]
 [ 2.  2.]], Eval Sensitivity: 96.88, Eval Specificity: 5.13
I0202 16:29:02.741045 140706629408576 train.py:157] Epoch 9/80, Accuracy: 77.29, 
 Confusion Matrix: 
 [[160.  47.]
 [ 47. 160.]], Sensitivity: 77.29, Specificity: 77.29, 
 Test Accuracy: 72.12, 
 Test Confusion Matrix: 
 [[23.  0.]
 [29. 31.]], Test Sensitivity: 44.23, Test Specificity: 100.00,
 Eval Accuracy: 67.53, 
 Eval Confusion Matrix: 
 [[29.  4.]
 [35. 35.]], Eval Sensitivity: 45.31, Eval Specificity: 89.74
I0202 16:29:03.227598 140706629408576 train.py:157] Epoch 10/80, Accuracy: 77.54, 
 Confusion Matrix: 
 [[154.  40.]
 [ 53. 167.]], Sensitivity: 74.40, Specificity: 80.68, 
 Test Accuracy: 61.54, 
 Test Confusion Matrix: 
 [[12.  0.]
 [40. 31.]], Test Sensitivity: 23.08, Test Specificity: 100.00,
 Eval Accuracy: 64.84, 
 Eval Confusion Matrix: 
 [[19.  0.]
 [45. 39.]], Eval Sensitivity: 29.69, Eval Specificity: 100.00
I0202 16:29:03.711181 140706629408576 train.py:157] Epoch 11/80, Accuracy: 79.23, 
 Confusion Matrix: 
 [[157.  36.]
 [ 50. 171.]], Sensitivity: 75.85, Specificity: 82.61, 
 Test Accuracy: 51.92, 
 Test Confusion Matrix: 
 [[ 2.  0.]
 [50. 31.]], Test Sensitivity: 3.85, Test Specificity: 100.00,
 Eval Accuracy: 56.25, 
 Eval Confusion Matrix: 
 [[ 8.  0.]
 [56. 39.]], Eval Sensitivity: 12.50, Eval Specificity: 100.00
I0202 16:29:04.210318 140706629408576 train.py:157] Epoch 12/80, Accuracy: 80.68, 
 Confusion Matrix: 
 [[158.  31.]
 [ 49. 176.]], Sensitivity: 76.33, Specificity: 85.02, 
 Test Accuracy: 60.58, 
 Test Confusion Matrix: 
 [[11.  0.]
 [41. 31.]], Test Sensitivity: 21.15, Test Specificity: 100.00,
 Eval Accuracy: 59.15, 
 Eval Confusion Matrix: 
 [[15.  2.]
 [49. 37.]], Eval Sensitivity: 23.44, Eval Specificity: 94.87
I0202 16:29:04.702420 140706629408576 train.py:157] Epoch 13/80, Accuracy: 78.26, 
 Confusion Matrix: 
 [[155.  38.]
 [ 52. 169.]], Sensitivity: 74.88, Specificity: 81.64, 
 Test Accuracy: 57.69, 
 Test Confusion Matrix: 
 [[ 8.  0.]
 [44. 31.]], Test Sensitivity: 15.38, Test Specificity: 100.00,
 Eval Accuracy: 59.38, 
 Eval Confusion Matrix: 
 [[12.  0.]
 [52. 39.]], Eval Sensitivity: 18.75, Eval Specificity: 100.00
I0202 16:29:05.189893 140706629408576 train.py:157] Epoch 14/80, Accuracy: 79.95, 
 Confusion Matrix: 
 [[156.  32.]
 [ 51. 175.]], Sensitivity: 75.36, Specificity: 84.54, 
 Test Accuracy: 53.85, 
 Test Confusion Matrix: 
 [[ 4.  0.]
 [48. 31.]], Test Sensitivity: 7.69, Test Specificity: 100.00,
 Eval Accuracy: 57.03, 
 Eval Confusion Matrix: 
 [[ 9.  0.]
 [55. 39.]], Eval Sensitivity: 14.06, Eval Specificity: 100.00
I0202 16:29:05.673214 140706629408576 train.py:157] Epoch 15/80, Accuracy: 81.40, 
 Confusion Matrix: 
 [[161.  31.]
 [ 46. 176.]], Sensitivity: 77.78, Specificity: 85.02, 
 Test Accuracy: 57.69, 
 Test Confusion Matrix: 
 [[ 8.  0.]
 [44. 31.]], Test Sensitivity: 15.38, Test Specificity: 100.00,
 Eval Accuracy: 59.66, 
 Eval Confusion Matrix: 
 [[14.  1.]
 [50. 38.]], Eval Sensitivity: 21.88, Eval Specificity: 97.44
I0202 16:29:06.160649 140706629408576 train.py:157] Epoch 16/80, Accuracy: 78.02, 
 Confusion Matrix: 
 [[158.  42.]
 [ 49. 165.]], Sensitivity: 76.33, Specificity: 79.71, 
 Test Accuracy: 76.27, 
 Test Confusion Matrix: 
 [[29.  1.]
 [23. 30.]], Test Sensitivity: 55.77, Test Specificity: 96.77,
 Eval Accuracy: 69.21, 
 Eval Confusion Matrix: 
 [[41. 10.]
 [23. 29.]], Eval Sensitivity: 64.06, Eval Specificity: 74.36
I0202 16:29:06.648139 140706629408576 train.py:157] Epoch 17/80, Accuracy: 80.19, 
 Confusion Matrix: 
 [[158.  33.]
 [ 49. 174.]], Sensitivity: 76.33, Specificity: 84.06, 
 Test Accuracy: 73.95, 
 Test Confusion Matrix: 
 [[40.  9.]
 [12. 22.]], Test Sensitivity: 76.92, Test Specificity: 70.97,
 Eval Accuracy: 54.01, 
 Eval Confusion Matrix: 
 [[56. 31.]
 [ 8.  8.]], Eval Sensitivity: 87.50, Eval Specificity: 20.51
I0202 16:29:07.138302 140706629408576 train.py:157] Epoch 18/80, Accuracy: 78.50, 
 Confusion Matrix: 
 [[156.  38.]
 [ 51. 169.]], Sensitivity: 75.36, Specificity: 81.64, 
 Test Accuracy: 62.50, 
 Test Confusion Matrix: 
 [[13.  0.]
 [39. 31.]], Test Sensitivity: 25.00, Test Specificity: 100.00,
 Eval Accuracy: 63.56, 
 Eval Confusion Matrix: 
 [[19.  1.]
 [45. 38.]], Eval Sensitivity: 29.69, Eval Specificity: 97.44
I0202 16:29:07.634992 140706629408576 train.py:157] Epoch 19/80, Accuracy: 78.99, 
 Confusion Matrix: 
 [[157.  37.]
 [ 50. 170.]], Sensitivity: 75.85, Specificity: 82.13, 
 Test Accuracy: 73.36, 
 Test Confusion Matrix: 
 [[31.  4.]
 [21. 27.]], Test Sensitivity: 59.62, Test Specificity: 87.10,
 Eval Accuracy: 54.39, 
 Eval Confusion Matrix: 
 [[45. 24.]
 [19. 15.]], Eval Sensitivity: 70.31, Eval Specificity: 38.46
I0202 16:29:08.130960 140706629408576 train.py:157] Epoch 20/80, Accuracy: 81.64, 
 Confusion Matrix: 
 [[154.  23.]
 [ 53. 184.]], Sensitivity: 74.40, Specificity: 88.89, 
 Test Accuracy: 72.74, 
 Test Confusion Matrix: 
 [[27.  2.]
 [25. 29.]], Test Sensitivity: 51.92, Test Specificity: 93.55,
 Eval Accuracy: 70.99, 
 Eval Confusion Matrix: 
 [[40.  8.]
 [24. 31.]], Eval Sensitivity: 62.50, Eval Specificity: 79.49
I0202 16:29:08.624564 140706629408576 train.py:157] Epoch 21/80, Accuracy: 80.68, 
 Confusion Matrix: 
 [[156.  29.]
 [ 51. 178.]], Sensitivity: 75.36, Specificity: 85.99, 
 Test Accuracy: 53.23, 
 Test Confusion Matrix: 
 [[52. 29.]
 [ 0.  2.]], Test Sensitivity: 100.00, Test Specificity: 6.45,
 Eval Accuracy: 51.28, 
 Eval Confusion Matrix: 
 [[64. 38.]
 [ 0.  1.]], Eval Sensitivity: 100.00, Eval Specificity: 2.56
I0202 16:29:09.123859 140706629408576 train.py:157] Epoch 22/80, Accuracy: 80.68, 
 Confusion Matrix: 
 [[156.  29.]
 [ 51. 178.]], Sensitivity: 75.36, Specificity: 85.99, 
 Test Accuracy: 60.58, 
 Test Confusion Matrix: 
 [[11.  0.]
 [41. 31.]], Test Sensitivity: 21.15, Test Specificity: 100.00,
 Eval Accuracy: 63.28, 
 Eval Confusion Matrix: 
 [[17.  0.]
 [47. 39.]], Eval Sensitivity: 26.56, Eval Specificity: 100.00
I0202 16:29:09.609040 140706629408576 train.py:157] Epoch 23/80, Accuracy: 84.30, 
 Confusion Matrix: 
 [[165.  23.]
 [ 42. 184.]], Sensitivity: 79.71, Specificity: 88.89, 
 Test Accuracy: 78.16, 
 Test Confusion Matrix: 
 [[36.  4.]
 [16. 27.]], Test Sensitivity: 69.23, Test Specificity: 87.10,
 Eval Accuracy: 70.33, 
 Eval Confusion Matrix: 
 [[49. 14.]
 [15. 25.]], Eval Sensitivity: 76.56, Eval Specificity: 64.10
I0202 16:29:10.096697 140706629408576 train.py:157] Epoch 24/80, Accuracy: 83.33, 
 Confusion Matrix: 
 [[162.  24.]
 [ 45. 183.]], Sensitivity: 78.26, Specificity: 88.41, 
 Test Accuracy: 71.15, 
 Test Confusion Matrix: 
 [[22.  0.]
 [30. 31.]], Test Sensitivity: 42.31, Test Specificity: 100.00,
 Eval Accuracy: 68.75, 
 Eval Confusion Matrix: 
 [[24.  0.]
 [40. 39.]], Eval Sensitivity: 37.50, Eval Specificity: 100.00
I0202 16:29:10.592057 140706629408576 train.py:157] Epoch 25/80, Accuracy: 85.51, 
 Confusion Matrix: 
 [[170.  23.]
 [ 37. 184.]], Sensitivity: 82.13, Specificity: 88.89, 
 Test Accuracy: 75.62, 
 Test Confusion Matrix: 
 [[30.  2.]
 [22. 29.]], Test Sensitivity: 57.69, Test Specificity: 93.55,
 Eval Accuracy: 78.47, 
 Eval Confusion Matrix: 
 [[43.  4.]
 [21. 35.]], Eval Sensitivity: 67.19, Eval Specificity: 89.74
I0202 16:29:11.080540 140706629408576 train.py:157] Epoch 26/80, Accuracy: 83.82, 
 Confusion Matrix: 
 [[166.  26.]
 [ 41. 181.]], Sensitivity: 80.19, Specificity: 87.44, 
 Test Accuracy: 78.19, 
 Test Confusion Matrix: 
 [[31.  1.]
 [21. 30.]], Test Sensitivity: 59.62, Test Specificity: 96.77,
 Eval Accuracy: 76.18, 
 Eval Confusion Matrix: 
 [[45.  7.]
 [19. 32.]], Eval Sensitivity: 70.31, Eval Specificity: 82.05
I0202 16:29:11.564552 140706629408576 train.py:157] Epoch 27/80, Accuracy: 84.06, 
 Confusion Matrix: 
 [[167.  26.]
 [ 40. 181.]], Sensitivity: 80.68, Specificity: 87.44, 
 Test Accuracy: 67.31, 
 Test Confusion Matrix: 
 [[18.  0.]
 [34. 31.]], Test Sensitivity: 34.62, Test Specificity: 100.00,
 Eval Accuracy: 66.41, 
 Eval Confusion Matrix: 
 [[21.  0.]
 [43. 39.]], Eval Sensitivity: 32.81, Eval Specificity: 100.00
I0202 16:29:12.051817 140706629408576 train.py:157] Epoch 28/80, Accuracy: 85.51, 
 Confusion Matrix: 
 [[172.  25.]
 [ 35. 182.]], Sensitivity: 83.09, Specificity: 87.92, 
 Test Accuracy: 69.54, 
 Test Confusion Matrix: 
 [[22.  1.]
 [30. 30.]], Test Sensitivity: 42.31, Test Specificity: 96.77,
 Eval Accuracy: 66.69, 
 Eval Confusion Matrix: 
 [[23.  1.]
 [41. 38.]], Eval Sensitivity: 35.94, Eval Specificity: 97.44
I0202 16:29:12.543074 140706629408576 train.py:157] Epoch 29/80, Accuracy: 87.68, 
 Confusion Matrix: 
 [[173.  17.]
 [ 34. 190.]], Sensitivity: 83.57, Specificity: 91.79, 
 Test Accuracy: 65.38, 
 Test Confusion Matrix: 
 [[16.  0.]
 [36. 31.]], Test Sensitivity: 30.77, Test Specificity: 100.00,
 Eval Accuracy: 68.75, 
 Eval Confusion Matrix: 
 [[24.  0.]
 [40. 39.]], Eval Sensitivity: 37.50, Eval Specificity: 100.00
I0202 16:29:13.027565 140706629408576 train.py:157] Epoch 30/80, Accuracy: 86.71, 
 Confusion Matrix: 
 [[171.  19.]
 [ 36. 188.]], Sensitivity: 82.61, Specificity: 90.82, 
 Test Accuracy: 58.72, 
 Test Confusion Matrix: 
 [[51. 25.]
 [ 1.  6.]], Test Sensitivity: 98.08, Test Specificity: 19.35,
 Eval Accuracy: 48.16, 
 Eval Confusion Matrix: 
 [[60. 38.]
 [ 4.  1.]], Eval Sensitivity: 93.75, Eval Specificity: 2.56
I0202 16:29:13.518583 140706629408576 train.py:157] Epoch 31/80, Accuracy: 89.37, 
 Confusion Matrix: 
 [[178.  15.]
 [ 29. 192.]], Sensitivity: 85.99, Specificity: 92.75, 
 Test Accuracy: 77.88, 
 Test Confusion Matrix: 
 [[29.  0.]
 [23. 31.]], Test Sensitivity: 55.77, Test Specificity: 100.00,
 Eval Accuracy: 77.96, 
 Eval Confusion Matrix: 
 [[44.  5.]
 [20. 34.]], Eval Sensitivity: 68.75, Eval Specificity: 87.18
I0202 16:29:14.002269 140706629408576 train.py:157] Epoch 32/80, Accuracy: 86.96, 
 Confusion Matrix: 
 [[171.  18.]
 [ 36. 189.]], Sensitivity: 82.61, Specificity: 91.30, 
 Test Accuracy: 49.04, 
 Test Confusion Matrix: 
 [[51. 31.]
 [ 1.  0.]], Test Sensitivity: 98.08, Test Specificity: 0.00,
 Eval Accuracy: 50.00, 
 Eval Confusion Matrix: 
 [[64. 39.]
 [ 0.  0.]], Eval Sensitivity: 100.00, Eval Specificity: 0.00
I0202 16:29:14.489600 140706629408576 train.py:157] Epoch 33/80, Accuracy: 87.92, 
 Confusion Matrix: 
 [[174.  17.]
 [ 33. 190.]], Sensitivity: 84.06, Specificity: 91.79, 
 Test Accuracy: 77.48, 
 Test Confusion Matrix: 
 [[42.  8.]
 [10. 23.]], Test Sensitivity: 80.77, Test Specificity: 74.19,
 Eval Accuracy: 61.64, 
 Eval Confusion Matrix: 
 [[51. 22.]
 [13. 17.]], Eval Sensitivity: 79.69, Eval Specificity: 43.59
I0202 16:29:14.976783 140706629408576 train.py:157] Epoch 34/80, Accuracy: 87.92, 
 Confusion Matrix: 
 [[175.  18.]
 [ 32. 189.]], Sensitivity: 84.54, Specificity: 91.30, 
 Test Accuracy: 69.08, 
 Test Confusion Matrix: 
 [[45. 15.]
 [ 7. 16.]], Test Sensitivity: 86.54, Test Specificity: 51.61,
 Eval Accuracy: 54.79, 
 Eval Confusion Matrix: 
 [[57. 31.]
 [ 7.  8.]], Eval Sensitivity: 89.06, Eval Specificity: 20.51
I0202 16:29:15.467859 140706629408576 train.py:157] Epoch 35/80, Accuracy: 91.79, 
 Confusion Matrix: 
 [[185.  12.]
 [ 22. 195.]], Sensitivity: 89.37, Specificity: 94.20, 
 Test Accuracy: 67.74, 
 Test Confusion Matrix: 
 [[52. 20.]
 [ 0. 11.]], Test Sensitivity: 100.00, Test Specificity: 35.48,
 Eval Accuracy: 51.50, 
 Eval Confusion Matrix: 
 [[61. 36.]
 [ 3.  3.]], Eval Sensitivity: 95.31, Eval Specificity: 7.69
I0202 16:29:15.958660 140706629408576 train.py:157] Epoch 36/80, Accuracy: 91.30, 
 Confusion Matrix: 
 [[185.  14.]
 [ 22. 193.]], Sensitivity: 89.37, Specificity: 93.24, 
 Test Accuracy: 79.81, 
 Test Confusion Matrix: 
 [[31.  0.]
 [21. 31.]], Test Sensitivity: 59.62, Test Specificity: 100.00,
 Eval Accuracy: 79.97, 
 Eval Confusion Matrix: 
 [[40.  1.]
 [24. 38.]], Eval Sensitivity: 62.50, Eval Specificity: 97.44
I0202 16:29:16.448587 140706629408576 train.py:157] Epoch 37/80, Accuracy: 91.30, 
 Confusion Matrix: 
 [[186.  15.]
 [ 21. 192.]], Sensitivity: 89.86, Specificity: 92.75, 
 Test Accuracy: 79.16, 
 Test Confusion Matrix: 
 [[32.  1.]
 [20. 30.]], Test Sensitivity: 61.54, Test Specificity: 96.77,
 Eval Accuracy: 76.34, 
 Eval Confusion Matrix: 
 [[37.  2.]
 [27. 37.]], Eval Sensitivity: 57.81, Eval Specificity: 94.87
I0202 16:29:16.936563 140706629408576 train.py:157] Epoch 38/80, Accuracy: 91.30, 
 Confusion Matrix: 
 [[187.  16.]
 [ 20. 191.]], Sensitivity: 90.34, Specificity: 92.27, 
 Test Accuracy: 69.54, 
 Test Confusion Matrix: 
 [[22.  1.]
 [30. 30.]], Test Sensitivity: 42.31, Test Specificity: 96.77,
 Eval Accuracy: 71.88, 
 Eval Confusion Matrix: 
 [[28.  0.]
 [36. 39.]], Eval Sensitivity: 43.75, Eval Specificity: 100.00
I0202 16:29:17.427097 140706629408576 train.py:157] Epoch 39/80, Accuracy: 90.10, 
 Confusion Matrix: 
 [[182.  16.]
 [ 25. 191.]], Sensitivity: 87.92, Specificity: 92.27, 
 Test Accuracy: 77.48, 
 Test Confusion Matrix: 
 [[42.  8.]
 [10. 23.]], Test Sensitivity: 80.77, Test Specificity: 74.19,
 Eval Accuracy: 77.02, 
 Eval Confusion Matrix: 
 [[51. 10.]
 [13. 29.]], Eval Sensitivity: 79.69, Eval Specificity: 74.36
I0202 16:29:17.921136 140706629408576 train.py:157] Epoch 40/80, Accuracy: 91.79, 
 Confusion Matrix: 
 [[186.  13.]
 [ 21. 194.]], Sensitivity: 89.86, Specificity: 93.72, 
 Test Accuracy: 79.16, 
 Test Confusion Matrix: 
 [[32.  1.]
 [20. 30.]], Test Sensitivity: 61.54, Test Specificity: 96.77,
 Eval Accuracy: 77.12, 
 Eval Confusion Matrix: 
 [[38.  2.]
 [26. 37.]], Eval Sensitivity: 59.38, Eval Specificity: 94.87
I0202 16:29:18.420383 140706629408576 train.py:157] Epoch 41/80, Accuracy: 91.79, 
 Confusion Matrix: 
 [[187.  14.]
 [ 20. 193.]], Sensitivity: 90.34, Specificity: 93.24, 
 Test Accuracy: 86.51, 
 Test Confusion Matrix: 
 [[43.  3.]
 [ 9. 28.]], Test Sensitivity: 82.69, Test Specificity: 90.32,
 Eval Accuracy: 81.15, 
 Eval Confusion Matrix: 
 [[53.  8.]
 [11. 31.]], Eval Sensitivity: 82.81, Eval Specificity: 79.49
I0202 16:29:18.912810 140706629408576 train.py:157] Epoch 42/80, Accuracy: 91.79, 
 Confusion Matrix: 
 [[185.  12.]
 [ 22. 195.]], Sensitivity: 89.37, Specificity: 94.20, 
 Test Accuracy: 74.84, 
 Test Confusion Matrix: 
 [[51. 15.]
 [ 1. 16.]], Test Sensitivity: 98.08, Test Specificity: 51.61,
 Eval Accuracy: 55.85, 
 Eval Confusion Matrix: 
 [[60. 32.]
 [ 4.  7.]], Eval Sensitivity: 93.75, Eval Specificity: 17.95
I0202 16:29:19.402824 140706629408576 train.py:157] Epoch 43/80, Accuracy: 93.96, 
 Confusion Matrix: 
 [[192.  10.]
 [ 15. 197.]], Sensitivity: 92.75, Specificity: 95.17, 
 Test Accuracy: 83.25, 
 Test Confusion Matrix: 
 [[48.  8.]
 [ 4. 23.]], Test Sensitivity: 92.31, Test Specificity: 74.19,
 Eval Accuracy: 57.85, 
 Eval Confusion Matrix: 
 [[56. 28.]
 [ 8. 11.]], Eval Sensitivity: 87.50, Eval Specificity: 28.21
I0202 16:29:19.905271 140706629408576 train.py:157] Epoch 44/80, Accuracy: 94.44, 
 Confusion Matrix: 
 [[192.   8.]
 [ 15. 199.]], Sensitivity: 92.75, Specificity: 96.14, 
 Test Accuracy: 74.66, 
 Test Confusion Matrix: 
 [[29.  2.]
 [23. 29.]], Test Sensitivity: 55.77, Test Specificity: 93.55,
 Eval Accuracy: 76.06, 
 Eval Confusion Matrix: 
 [[35.  1.]
 [29. 38.]], Eval Sensitivity: 54.69, Eval Specificity: 97.44
I0202 16:29:20.409481 140706629408576 train.py:157] Epoch 45/80, Accuracy: 92.51, 
 Confusion Matrix: 
 [[189.  13.]
 [ 18. 194.]], Sensitivity: 91.30, Specificity: 93.72, 
 Test Accuracy: 53.88, 
 Test Confusion Matrix: 
 [[51. 28.]
 [ 1.  3.]], Test Sensitivity: 98.08, Test Specificity: 9.68,
 Eval Accuracy: 51.78, 
 Eval Confusion Matrix: 
 [[63. 37.]
 [ 1.  2.]], Eval Sensitivity: 98.44, Eval Specificity: 5.13
I0202 16:29:20.913918 140706629408576 train.py:157] Epoch 46/80, Accuracy: 92.75, 
 Confusion Matrix: 
 [[188.  11.]
 [ 19. 196.]], Sensitivity: 90.82, Specificity: 94.69, 
 Test Accuracy: 84.55, 
 Test Confusion Matrix: 
 [[46.  6.]
 [ 6. 25.]], Test Sensitivity: 88.46, Test Specificity: 80.65,
 Eval Accuracy: 78.59, 
 Eval Confusion Matrix: 
 [[53. 10.]
 [11. 29.]], Eval Sensitivity: 82.81, Eval Specificity: 74.36
I0202 16:29:21.412207 140706629408576 train.py:157] Epoch 47/80, Accuracy: 95.17, 
 Confusion Matrix: 
 [[195.   8.]
 [ 12. 199.]], Sensitivity: 94.20, Specificity: 96.14, 
 Test Accuracy: 71.15, 
 Test Confusion Matrix: 
 [[22.  0.]
 [30. 31.]], Test Sensitivity: 42.31, Test Specificity: 100.00,
 Eval Accuracy: 67.19, 
 Eval Confusion Matrix: 
 [[22.  0.]
 [42. 39.]], Eval Sensitivity: 34.38, Eval Specificity: 100.00
I0202 16:29:21.891800 140706629408576 train.py:157] Epoch 48/80, Accuracy: 96.38, 
 Confusion Matrix: 
 [[197.   5.]
 [ 10. 202.]], Sensitivity: 95.17, Specificity: 97.58, 
 Test Accuracy: 81.64, 
 Test Confusion Matrix: 
 [[48.  9.]
 [ 4. 22.]], Test Sensitivity: 92.31, Test Specificity: 70.97,
 Eval Accuracy: 57.57, 
 Eval Confusion Matrix: 
 [[54. 27.]
 [10. 12.]], Eval Sensitivity: 84.38, Eval Specificity: 30.77
I0202 16:29:22.382829 140706629408576 train.py:157] Epoch 49/80, Accuracy: 95.65, 
 Confusion Matrix: 
 [[198.   9.]
 [  9. 198.]], Sensitivity: 95.65, Specificity: 95.65, 
 Test Accuracy: 83.31, 
 Test Confusion Matrix: 
 [[38.  2.]
 [14. 29.]], Test Sensitivity: 73.08, Test Specificity: 93.55,
 Eval Accuracy: 78.97, 
 Eval Confusion Matrix: 
 [[42.  3.]
 [22. 36.]], Eval Sensitivity: 65.62, Eval Specificity: 92.31
I0202 16:29:22.861996 140706629408576 train.py:157] Epoch 50/80, Accuracy: 97.10, 
 Confusion Matrix: 
 [[200.   5.]
 [  7. 202.]], Sensitivity: 96.62, Specificity: 97.58, 
 Test Accuracy: 76.27, 
 Test Confusion Matrix: 
 [[29.  1.]
 [23. 30.]], Test Sensitivity: 55.77, Test Specificity: 96.77,
 Eval Accuracy: 76.56, 
 Eval Confusion Matrix: 
 [[34.  0.]
 [30. 39.]], Eval Sensitivity: 53.12, Eval Specificity: 100.00
I0202 16:29:23.359214 140706629408576 train.py:157] Epoch 51/80, Accuracy: 95.41, 
 Confusion Matrix: 
 [[197.   9.]
 [ 10. 198.]], Sensitivity: 95.17, Specificity: 95.65, 
 Test Accuracy: 86.17, 
 Test Confusion Matrix: 
 [[46.  5.]
 [ 6. 26.]], Test Sensitivity: 88.46, Test Specificity: 83.87,
 Eval Accuracy: 79.59, 
 Eval Confusion Matrix: 
 [[51.  8.]
 [13. 31.]], Eval Sensitivity: 79.69, Eval Specificity: 79.49
I0202 16:29:23.855741 140706629408576 train.py:157] Epoch 52/80, Accuracy: 96.14, 
 Confusion Matrix: 
 [[196.   5.]
 [ 11. 202.]], Sensitivity: 94.69, Specificity: 97.58, 
 Test Accuracy: 83.59, 
 Test Confusion Matrix: 
 [[45.  6.]
 [ 7. 25.]], Test Sensitivity: 86.54, Test Specificity: 80.65,
 Eval Accuracy: 71.61, 
 Eval Confusion Matrix: 
 [[49. 13.]
 [15. 26.]], Eval Sensitivity: 76.56, Eval Specificity: 66.67
I0202 16:29:24.357128 140706629408576 train.py:157] Epoch 53/80, Accuracy: 92.51, 
 Confusion Matrix: 
 [[190.  14.]
 [ 17. 193.]], Sensitivity: 91.79, Specificity: 93.24, 
 Test Accuracy: 87.47, 
 Test Confusion Matrix: 
 [[44.  3.]
 [ 8. 28.]], Test Sensitivity: 84.62, Test Specificity: 90.32,
 Eval Accuracy: 78.53, 
 Eval Confusion Matrix: 
 [[48.  7.]
 [16. 32.]], Eval Sensitivity: 75.00, Eval Specificity: 82.05
I0202 16:29:24.847193 140706629408576 train.py:157] Epoch 54/80, Accuracy: 95.17, 
 Confusion Matrix: 
 [[194.   7.]
 [ 13. 200.]], Sensitivity: 93.72, Specificity: 96.62, 
 Test Accuracy: 87.47, 
 Test Confusion Matrix: 
 [[44.  3.]
 [ 8. 28.]], Test Sensitivity: 84.62, Test Specificity: 90.32,
 Eval Accuracy: 69.83, 
 Eval Confusion Matrix: 
 [[50. 15.]
 [14. 24.]], Eval Sensitivity: 78.12, Eval Specificity: 61.54
I0202 16:29:25.336638 140706629408576 train.py:157] Epoch 55/80, Accuracy: 96.38, 
 Confusion Matrix: 
 [[196.   4.]
 [ 11. 203.]], Sensitivity: 94.69, Specificity: 98.07, 
 Test Accuracy: 78.07, 
 Test Confusion Matrix: 
 [[51. 13.]
 [ 1. 18.]], Test Sensitivity: 98.08, Test Specificity: 58.06,
 Eval Accuracy: 54.79, 
 Eval Confusion Matrix: 
 [[57. 31.]
 [ 7.  8.]], Eval Sensitivity: 89.06, Eval Specificity: 20.51
I0202 16:29:25.833411 140706629408576 train.py:157] Epoch 56/80, Accuracy: 97.34, 
 Confusion Matrix: 
 [[202.   6.]
 [  5. 201.]], Sensitivity: 97.58, Specificity: 97.10, 
 Test Accuracy: 80.99, 
 Test Confusion Matrix: 
 [[49. 10.]
 [ 3. 21.]], Test Sensitivity: 94.23, Test Specificity: 67.74,
 Eval Accuracy: 59.13, 
 Eval Confusion Matrix: 
 [[56. 27.]
 [ 8. 12.]], Eval Sensitivity: 87.50, Eval Specificity: 30.77
I0202 16:29:26.330224 140706629408576 train.py:157] Epoch 57/80, Accuracy: 97.58, 
 Confusion Matrix: 
 [[201.   4.]
 [  6. 203.]], Sensitivity: 97.10, Specificity: 98.07, 
 Test Accuracy: 77.11, 
 Test Confusion Matrix: 
 [[50. 13.]
 [ 2. 18.]], Test Sensitivity: 96.15, Test Specificity: 58.06,
 Eval Accuracy: 50.72, 
 Eval Confusion Matrix: 
 [[60. 36.]
 [ 4.  3.]], Eval Sensitivity: 93.75, Eval Specificity: 7.69
I0202 16:29:26.825906 140706629408576 train.py:157] Epoch 58/80, Accuracy: 99.76, 
 Confusion Matrix: 
 [[207.   1.]
 [  0. 206.]], Sensitivity: 100.00, Specificity: 99.52, 
 Test Accuracy: 79.68, 
 Test Confusion Matrix: 
 [[51. 12.]
 [ 1. 19.]], Test Sensitivity: 98.08, Test Specificity: 61.29,
 Eval Accuracy: 52.72, 
 Eval Confusion Matrix: 
 [[56. 32.]
 [ 8.  7.]], Eval Sensitivity: 87.50, Eval Specificity: 17.95
I0202 16:29:27.321536 140706629408576 train.py:157] Epoch 59/80, Accuracy: 99.28, 
 Confusion Matrix: 
 [[205.   1.]
 [  2. 206.]], Sensitivity: 99.03, Specificity: 99.52, 
 Test Accuracy: 84.24, 
 Test Confusion Matrix: 
 [[44.  5.]
 [ 8. 26.]], Test Sensitivity: 84.62, Test Specificity: 83.87,
 Eval Accuracy: 73.18, 
 Eval Confusion Matrix: 
 [[51. 13.]
 [13. 26.]], Eval Sensitivity: 79.69, Eval Specificity: 66.67
I0202 16:29:27.814021 140706629408576 train.py:157] Epoch 60/80, Accuracy: 97.34, 
 Confusion Matrix: 
 [[201.   5.]
 [  6. 202.]], Sensitivity: 97.10, Specificity: 97.58, 
 Test Accuracy: 75.96, 
 Test Confusion Matrix: 
 [[27.  0.]
 [25. 31.]], Test Sensitivity: 51.92, Test Specificity: 100.00,
 Eval Accuracy: 68.75, 
 Eval Confusion Matrix: 
 [[24.  0.]
 [40. 39.]], Eval Sensitivity: 37.50, Eval Specificity: 100.00
I0202 16:29:28.301205 140706629408576 train.py:157] Epoch 61/80, Accuracy: 99.03, 
 Confusion Matrix: 
 [[204.   1.]
 [  3. 206.]], Sensitivity: 98.55, Specificity: 99.52, 
 Test Accuracy: 87.78, 
 Test Confusion Matrix: 
 [[46.  4.]
 [ 6. 27.]], Test Sensitivity: 88.46, Test Specificity: 87.10,
 Eval Accuracy: 78.02, 
 Eval Confusion Matrix: 
 [[49.  8.]
 [15. 31.]], Eval Sensitivity: 76.56, Eval Specificity: 79.49
I0202 16:29:28.791100 140706629408576 train.py:157] Epoch 62/80, Accuracy: 97.83, 
 Confusion Matrix: 
 [[200.   2.]
 [  7. 205.]], Sensitivity: 96.62, Specificity: 99.03, 
 Test Accuracy: 84.89, 
 Test Confusion Matrix: 
 [[43.  4.]
 [ 9. 27.]], Test Sensitivity: 82.69, Test Specificity: 87.10,
 Eval Accuracy: 74.68, 
 Eval Confusion Matrix: 
 [[48. 10.]
 [16. 29.]], Eval Sensitivity: 75.00, Eval Specificity: 74.36
I0202 16:29:29.285500 140706629408576 train.py:157] Epoch 63/80, Accuracy: 97.58, 
 Confusion Matrix: 
 [[201.   4.]
 [  6. 203.]], Sensitivity: 97.10, Specificity: 98.07, 
 Test Accuracy: 88.09, 
 Test Confusion Matrix: 
 [[48.  5.]
 [ 4. 26.]], Test Sensitivity: 92.31, Test Specificity: 83.87,
 Eval Accuracy: 77.80, 
 Eval Confusion Matrix: 
 [[52. 10.]
 [12. 29.]], Eval Sensitivity: 81.25, Eval Specificity: 74.36
I0202 16:29:29.784485 140706629408576 train.py:157] Epoch 64/80, Accuracy: 99.52, 
 Confusion Matrix: 
 [[205.   0.]
 [  2. 207.]], Sensitivity: 99.03, Specificity: 100.00, 
 Test Accuracy: 85.24, 
 Test Confusion Matrix: 
 [[40.  2.]
 [12. 29.]], Test Sensitivity: 76.92, Test Specificity: 93.55,
 Eval Accuracy: 81.59, 
 Eval Confusion Matrix: 
 [[47.  4.]
 [17. 35.]], Eval Sensitivity: 73.44, Eval Specificity: 89.74
I0202 16:29:30.284161 140706629408576 train.py:157] Epoch 65/80, Accuracy: 100.00, 
 Confusion Matrix: 
 [[207.   0.]
 [  0. 207.]], Sensitivity: 100.00, Specificity: 100.00, 
 Test Accuracy: 84.58, 
 Test Confusion Matrix: 
 [[41.  3.]
 [11. 28.]], Test Sensitivity: 78.85, Test Specificity: 90.32,
 Eval Accuracy: 78.53, 
 Eval Confusion Matrix: 
 [[48.  7.]
 [16. 32.]], Eval Sensitivity: 75.00, Eval Specificity: 82.05
I0202 16:29:30.782104 140706629408576 train.py:157] Epoch 66/80, Accuracy: 98.07, 
 Confusion Matrix: 
 [[203.   4.]
 [  4. 203.]], Sensitivity: 98.07, Specificity: 98.07, 
 Test Accuracy: 79.78, 
 Test Confusion Matrix: 
 [[36.  3.]
 [16. 28.]], Test Sensitivity: 69.23, Test Specificity: 90.32,
 Eval Accuracy: 74.06, 
 Eval Confusion Matrix: 
 [[39.  5.]
 [25. 34.]], Eval Sensitivity: 60.94, Eval Specificity: 87.18
I0202 16:29:31.286998 140706629408576 train.py:157] Epoch 67/80, Accuracy: 99.76, 
 Confusion Matrix: 
 [[207.   1.]
 [  0. 206.]], Sensitivity: 100.00, Specificity: 99.52, 
 Test Accuracy: 81.64, 
 Test Confusion Matrix: 
 [[48.  9.]
 [ 4. 22.]], Test Sensitivity: 92.31, Test Specificity: 70.97,
 Eval Accuracy: 72.18, 
 Eval Confusion Matrix: 
 [[53. 15.]
 [11. 24.]], Eval Sensitivity: 82.81, Eval Specificity: 61.54
I0202 16:29:31.786432 140706629408576 train.py:157] Epoch 68/80, Accuracy: 100.00, 
 Confusion Matrix: 
 [[207.   0.]
 [  0. 207.]], Sensitivity: 100.00, Specificity: 100.00, 
 Test Accuracy: 69.35, 
 Test Confusion Matrix: 
 [[52. 19.]
 [ 0. 12.]], Test Sensitivity: 100.00, Test Specificity: 38.71,
 Eval Accuracy: 47.38, 
 Eval Confusion Matrix: 
 [[59. 38.]
 [ 5.  1.]], Eval Sensitivity: 92.19, Eval Specificity: 2.56
I0202 16:29:32.288553 140706629408576 train.py:157] Epoch 69/80, Accuracy: 99.28, 
 Confusion Matrix: 
 [[205.   1.]
 [  2. 206.]], Sensitivity: 99.03, Specificity: 99.52, 
 Test Accuracy: 84.24, 
 Test Confusion Matrix: 
 [[44.  5.]
 [ 8. 26.]], Test Sensitivity: 84.62, Test Specificity: 83.87,
 Eval Accuracy: 80.87, 
 Eval Confusion Matrix: 
 [[51.  7.]
 [13. 32.]], Eval Sensitivity: 79.69, Eval Specificity: 82.05
I0202 16:29:32.790285 140706629408576 train.py:157] Epoch 70/80, Accuracy: 100.00, 
 Confusion Matrix: 
 [[207.   0.]
 [  0. 207.]], Sensitivity: 100.00, Specificity: 100.00, 
 Test Accuracy: 82.01, 
 Test Confusion Matrix: 
 [[40.  4.]
 [12. 27.]], Test Sensitivity: 76.92, Test Specificity: 87.10,
 Eval Accuracy: 74.40, 
 Eval Confusion Matrix: 
 [[46.  9.]
 [18. 30.]], Eval Sensitivity: 71.88, Eval Specificity: 76.92
I0202 16:29:33.295420 140706629408576 train.py:157] Epoch 71/80, Accuracy: 100.00, 
 Confusion Matrix: 
 [[207.   0.]
 [  0. 207.]], Sensitivity: 100.00, Specificity: 100.00, 
 Test Accuracy: 82.63, 
 Test Confusion Matrix: 
 [[44.  6.]
 [ 8. 25.]], Test Sensitivity: 84.62, Test Specificity: 80.65,
 Eval Accuracy: 74.96, 
 Eval Confusion Matrix: 
 [[50. 11.]
 [14. 28.]], Eval Sensitivity: 78.12, Eval Specificity: 71.79
I0202 16:29:33.795459 140706629408576 train.py:157] Epoch 72/80, Accuracy: 100.00, 
 Confusion Matrix: 
 [[207.   0.]
 [  0. 207.]], Sensitivity: 100.00, Specificity: 100.00, 
 Test Accuracy: 85.51, 
 Test Confusion Matrix: 
 [[47.  6.]
 [ 5. 25.]], Test Sensitivity: 90.38, Test Specificity: 80.65,
 Eval Accuracy: 74.46, 
 Eval Confusion Matrix: 
 [[51. 12.]
 [13. 27.]], Eval Sensitivity: 79.69, Eval Specificity: 69.23
I0202 16:29:34.291837 140706629408576 train.py:157] Epoch 73/80, Accuracy: 100.00, 
 Confusion Matrix: 
 [[207.   0.]
 [  0. 207.]], Sensitivity: 100.00, Specificity: 100.00, 
 Test Accuracy: 85.51, 
 Test Confusion Matrix: 
 [[47.  6.]
 [ 5. 25.]], Test Sensitivity: 90.38, Test Specificity: 80.65,
 Eval Accuracy: 74.46, 
 Eval Confusion Matrix: 
 [[51. 12.]
 [13. 27.]], Eval Sensitivity: 79.69, Eval Specificity: 69.23
I0202 16:29:34.795188 140706629408576 train.py:157] Epoch 74/80, Accuracy: 100.00, 
 Confusion Matrix: 
 [[207.   0.]
 [  0. 207.]], Sensitivity: 100.00, Specificity: 100.00, 
 Test Accuracy: 86.48, 
 Test Confusion Matrix: 
 [[48.  6.]
 [ 4. 25.]], Test Sensitivity: 92.31, Test Specificity: 80.65,
 Eval Accuracy: 74.46, 
 Eval Confusion Matrix: 
 [[51. 12.]
 [13. 27.]], Eval Sensitivity: 79.69, Eval Specificity: 69.23
I0202 16:29:35.300726 140706629408576 train.py:157] Epoch 75/80, Accuracy: 100.00, 
 Confusion Matrix: 
 [[207.   0.]
 [  0. 207.]], Sensitivity: 100.00, Specificity: 100.00, 
 Test Accuracy: 87.13, 
 Test Confusion Matrix: 
 [[47.  5.]
 [ 5. 26.]], Test Sensitivity: 90.38, Test Specificity: 83.87,
 Eval Accuracy: 73.18, 
 Eval Confusion Matrix: 
 [[51. 13.]
 [13. 26.]], Eval Sensitivity: 79.69, Eval Specificity: 66.67
I0202 16:29:35.795868 140706629408576 train.py:157] Epoch 76/80, Accuracy: 100.00, 
 Confusion Matrix: 
 [[207.   0.]
 [  0. 207.]], Sensitivity: 100.00, Specificity: 100.00, 
 Test Accuracy: 85.51, 
 Test Confusion Matrix: 
 [[47.  6.]
 [ 5. 25.]], Test Sensitivity: 90.38, Test Specificity: 80.65,
 Eval Accuracy: 77.02, 
 Eval Confusion Matrix: 
 [[51. 10.]
 [13. 29.]], Eval Sensitivity: 79.69, Eval Specificity: 74.36
I0202 16:29:36.300285 140706629408576 train.py:157] Epoch 77/80, Accuracy: 100.00, 
 Confusion Matrix: 
 [[207.   0.]
 [  0. 207.]], Sensitivity: 100.00, Specificity: 100.00, 
 Test Accuracy: 84.55, 
 Test Confusion Matrix: 
 [[46.  6.]
 [ 6. 25.]], Test Sensitivity: 88.46, Test Specificity: 80.65,
 Eval Accuracy: 73.96, 
 Eval Confusion Matrix: 
 [[52. 13.]
 [12. 26.]], Eval Sensitivity: 81.25, Eval Specificity: 66.67
I0202 16:29:36.795795 140706629408576 train.py:157] Epoch 78/80, Accuracy: 100.00, 
 Confusion Matrix: 
 [[207.   0.]
 [  0. 207.]], Sensitivity: 100.00, Specificity: 100.00, 
 Test Accuracy: 84.86, 
 Test Confusion Matrix: 
 [[48.  7.]
 [ 4. 24.]], Test Sensitivity: 92.31, Test Specificity: 77.42,
 Eval Accuracy: 67.55, 
 Eval Confusion Matrix: 
 [[52. 18.]
 [12. 21.]], Eval Sensitivity: 81.25, Eval Specificity: 53.85
I0202 16:29:37.292700 140706629408576 train.py:157] Epoch 79/80, Accuracy: 100.00, 
 Confusion Matrix: 
 [[207.   0.]
 [  0. 207.]], Sensitivity: 100.00, Specificity: 100.00, 
 Test Accuracy: 84.86, 
 Test Confusion Matrix: 
 [[48.  7.]
 [ 4. 24.]], Test Sensitivity: 92.31, Test Specificity: 77.42,
 Eval Accuracy: 67.55, 
 Eval Confusion Matrix: 
 [[52. 18.]
 [12. 21.]], Eval Sensitivity: 81.25, Eval Specificity: 53.85
I0202 16:29:37.325428 140706629408576 train.py:226] Finished training after 2054 steps and 80 epochs.
Model: "vgg_like"
_________________________________________________________________
Layer (type)                 Output Shape              Param #   
=================================================================
input_1 (InputLayer)         [(None, None, None, 3)]   0         
_________________________________________________________________
conv2d (Conv2D)              (None, None, None, 8)     224       
_________________________________________________________________
batch_normalization (BatchNo (None, None, None, 8)     32        
_________________________________________________________________
conv2d_1 (Conv2D)            (None, None, None, 8)     584       
_________________________________________________________________
max_pooling2d (MaxPooling2D) (None, None, None, 8)     0         
_________________________________________________________________
batch_normalization_1 (Batch (None, None, None, 8)     32        
_________________________________________________________________
conv2d_2 (Conv2D)            (None, None, None, 16)    1168      
_________________________________________________________________
batch_normalization_2 (Batch (None, None, None, 16)    64        
_________________________________________________________________
conv2d_3 (Conv2D)            (None, None, None, 16)    2320      
_________________________________________________________________
max_pooling2d_1 (MaxPooling2 (None, None, None, 16)    0         
_________________________________________________________________
batch_normalization_3 (Batch (None, None, None, 16)    64        
_________________________________________________________________
conv2d_4 (Conv2D)            (None, None, None, 32)    4640      
_________________________________________________________________
batch_normalization_4 (Batch (None, None, None, 32)    128       
_________________________________________________________________
conv2d_5 (Conv2D)            (None, None, None, 32)    9248      
_________________________________________________________________
max_pooling2d_2 (MaxPooling2 (None, None, None, 32)    0         
_________________________________________________________________
batch_normalization_5 (Batch (None, None, None, 32)    128       
_________________________________________________________________
conv2d_6 (Conv2D)            (None, None, None, 64)    18496     
_________________________________________________________________
batch_normalization_6 (Batch (None, None, None, 64)    256       
_________________________________________________________________
conv2d_7 (Conv2D)            (None, None, None, 64)    36928     
_________________________________________________________________
max_pooling2d_3 (MaxPooling2 (None, None, None, 64)    0         
_________________________________________________________________
batch_normalization_7 (Batch (None, None, None, 64)    256       
_________________________________________________________________
global_average_pooling2d (Gl (None, 64)                0         
_________________________________________________________________
dense (Dense)                (None, 128)               8320      
_________________________________________________________________
dropout (Dropout)            (None, 128)               0         
_________________________________________________________________
dense_1 (Dense)              (None, 2)                 258       
=================================================================
Total params: 83,146
Trainable params: 82,666
Non-trainable params: 480
_________________________________________________________________
