2021-02-03 12:13:20.057012: I tensorflow/stream_executor/platform/default/dso_loader.cc:48] Successfully opened dynamic library libcudart.so.10.1
I0203 12:13:21.705527 139844002608960 datasets.py:14] Preparing dataset idrid...
I0203 12:13:21.706242 139844002608960 dataset_info.py:361] Load dataset info from /home/RUS_CIP/st169955/dl-lab-2020-team15/Project1-Diabetic_Retinopathy/idrid/1.0.0
I0203 12:13:21.706884 139844002608960 dataset_builder.py:299] Reusing dataset idrid (/home/RUS_CIP/st169955/dl-lab-2020-team15/Project1-Diabetic_Retinopathy/idrid/1.0.0)
I0203 12:13:21.706934 139844002608960 dataset_builder.py:510] Constructing tf.data.Dataset for split ['train[:80%]', 'train[80%:]', 'test'], from /home/RUS_CIP/st169955/dl-lab-2020-team15/Project1-Diabetic_Retinopathy/idrid/1.0.0
2021-02-03 12:13:21.708746: I tensorflow/stream_executor/platform/default/dso_loader.cc:48] Successfully opened dynamic library libcuda.so.1
2021-02-03 12:13:21.758100: I tensorflow/core/common_runtime/gpu/gpu_device.cc:1716] Found device 0 with properties: 
pciBusID: 0000:01:00.0 name: GeForce RTX 2080 Ti computeCapability: 7.5
coreClock: 1.545GHz coreCount: 68 deviceMemorySize: 10.76GiB deviceMemoryBandwidth: 573.69GiB/s
2021-02-03 12:13:21.758141: I tensorflow/stream_executor/platform/default/dso_loader.cc:48] Successfully opened dynamic library libcudart.so.10.1
2021-02-03 12:13:21.777880: I tensorflow/stream_executor/platform/default/dso_loader.cc:48] Successfully opened dynamic library libcublas.so.10
2021-02-03 12:13:21.792140: I tensorflow/stream_executor/platform/default/dso_loader.cc:48] Successfully opened dynamic library libcufft.so.10
2021-02-03 12:13:21.795054: I tensorflow/stream_executor/platform/default/dso_loader.cc:48] Successfully opened dynamic library libcurand.so.10
2021-02-03 12:13:21.821902: I tensorflow/stream_executor/platform/default/dso_loader.cc:48] Successfully opened dynamic library libcusolver.so.10
2021-02-03 12:13:21.825056: I tensorflow/stream_executor/platform/default/dso_loader.cc:48] Successfully opened dynamic library libcusparse.so.10
2021-02-03 12:13:21.853948: I tensorflow/stream_executor/platform/default/dso_loader.cc:48] Successfully opened dynamic library libcudnn.so.7
2021-02-03 12:13:21.856069: I tensorflow/core/common_runtime/gpu/gpu_device.cc:1858] Adding visible gpu devices: 0
2021-02-03 12:13:21.856450: I tensorflow/core/platform/cpu_feature_guard.cc:142] This TensorFlow binary is optimized with oneAPI Deep Neural Network Library (oneDNN)to use the following CPU instructions in performance-critical operations:  AVX2 FMA
To enable them in other operations, rebuild TensorFlow with the appropriate compiler flags.
2021-02-03 12:13:21.866750: I tensorflow/core/platform/profile_utils/cpu_utils.cc:104] CPU Frequency: 3800025000 Hz
2021-02-03 12:13:21.867186: I tensorflow/compiler/xla/service/service.cc:168] XLA service 0x56fcc40 initialized for platform Host (this does not guarantee that XLA will be used). Devices:
2021-02-03 12:13:21.867209: I tensorflow/compiler/xla/service/service.cc:176]   StreamExecutor device (0): Host, Default Version
2021-02-03 12:13:21.978581: I tensorflow/compiler/xla/service/service.cc:168] XLA service 0x5200530 initialized for platform CUDA (this does not guarantee that XLA will be used). Devices:
2021-02-03 12:13:21.978614: I tensorflow/compiler/xla/service/service.cc:176]   StreamExecutor device (0): GeForce RTX 2080 Ti, Compute Capability 7.5
2021-02-03 12:13:21.979609: I tensorflow/core/common_runtime/gpu/gpu_device.cc:1716] Found device 0 with properties: 
pciBusID: 0000:01:00.0 name: GeForce RTX 2080 Ti computeCapability: 7.5
coreClock: 1.545GHz coreCount: 68 deviceMemorySize: 10.76GiB deviceMemoryBandwidth: 573.69GiB/s
2021-02-03 12:13:21.979635: I tensorflow/stream_executor/platform/default/dso_loader.cc:48] Successfully opened dynamic library libcudart.so.10.1
2021-02-03 12:13:21.979663: I tensorflow/stream_executor/platform/default/dso_loader.cc:48] Successfully opened dynamic library libcublas.so.10
2021-02-03 12:13:21.979672: I tensorflow/stream_executor/platform/default/dso_loader.cc:48] Successfully opened dynamic library libcufft.so.10
2021-02-03 12:13:21.979694: I tensorflow/stream_executor/platform/default/dso_loader.cc:48] Successfully opened dynamic library libcurand.so.10
2021-02-03 12:13:21.979703: I tensorflow/stream_executor/platform/default/dso_loader.cc:48] Successfully opened dynamic library libcusolver.so.10
2021-02-03 12:13:21.979711: I tensorflow/stream_executor/platform/default/dso_loader.cc:48] Successfully opened dynamic library libcusparse.so.10
2021-02-03 12:13:21.979720: I tensorflow/stream_executor/platform/default/dso_loader.cc:48] Successfully opened dynamic library libcudnn.so.7
2021-02-03 12:13:21.981128: I tensorflow/core/common_runtime/gpu/gpu_device.cc:1858] Adding visible gpu devices: 0
2021-02-03 12:13:21.984230: I tensorflow/stream_executor/platform/default/dso_loader.cc:48] Successfully opened dynamic library libcudart.so.10.1
2021-02-03 12:13:22.541168: I tensorflow/core/common_runtime/gpu/gpu_device.cc:1257] Device interconnect StreamExecutor with strength 1 edge matrix:
2021-02-03 12:13:22.541215: I tensorflow/core/common_runtime/gpu/gpu_device.cc:1263]      0 
2021-02-03 12:13:22.541221: I tensorflow/core/common_runtime/gpu/gpu_device.cc:1276] 0:   N 
2021-02-03 12:13:22.542890: I tensorflow/core/common_runtime/gpu/gpu_device.cc:1402] Created TensorFlow device (/job:localhost/replica:0/task:0/device:GPU:0 with 10072 MB memory) -> physical GPU (device: 0, name: GeForce RTX 2080 Ti, pci bus id: 0000:01:00.0, compute capability: 7.5)
WARNING:tensorflow:AutoGraph could not transform <function preprocess at 0x7f2f87920160> and will run it as-is.
Please report this to the TensorFlow team. When filing the bug, set the verbosity to 10 (on Linux, `export AUTOGRAPH_VERBOSITY=10`) and attach the full output.
Cause: module 'gast' has no attribute 'Index'
To silence this warning, decorate the function with @tf.autograph.experimental.do_not_convert
W0203 12:13:22.754691 139844002608960 ag_logging.py:146] AutoGraph could not transform <function preprocess at 0x7f2f87920160> and will run it as-is.
Please report this to the TensorFlow team. When filing the bug, set the verbosity to 10 (on Linux, `export AUTOGRAPH_VERBOSITY=10`) and attach the full output.
Cause: module 'gast' has no attribute 'Index'
To silence this warning, decorate the function with @tf.autograph.experimental.do_not_convert
WARNING:tensorflow:AutoGraph could not transform <function rotate at 0x7f2f879b1790> and will run it as-is.
Please report this to the TensorFlow team. When filing the bug, set the verbosity to 10 (on Linux, `export AUTOGRAPH_VERBOSITY=10`) and attach the full output.
Cause: module 'gast' has no attribute 'Index'
To silence this warning, decorate the function with @tf.autograph.experimental.do_not_convert
W0203 12:13:33.114321 139844002608960 ag_logging.py:146] AutoGraph could not transform <function rotate at 0x7f2f879b1790> and will run it as-is.
Please report this to the TensorFlow team. When filing the bug, set the verbosity to 10 (on Linux, `export AUTOGRAPH_VERBOSITY=10`) and attach the full output.
Cause: module 'gast' has no attribute 'Index'
To silence this warning, decorate the function with @tf.autograph.experimental.do_not_convert
I0203 12:13:40.108968 139844002608960 train.py:121] Initializing from scratch.
2021-02-03 12:13:41.191869: I tensorflow/stream_executor/platform/default/dso_loader.cc:48] Successfully opened dynamic library libcublas.so.10
2021-02-03 12:13:41.430600: I tensorflow/stream_executor/platform/default/dso_loader.cc:48] Successfully opened dynamic library libcudnn.so.7
I0203 12:13:48.209008 139844002608960 train.py:157] Epoch 1/80, Accuracy: 71.46, 
 Confusion Matrix: 
 [[522. 185.]
 [263. 600.]], Sensitivity: 66.50, Specificity: 76.43, 
 Test Accuracy: 69.11, 
 Test Confusion Matrix: 
 [[40. 12.]
 [12. 19.]], Test Sensitivity: 76.92, Test Specificity: 61.29,
 Eval Accuracy: 59.58, 
 Eval Confusion Matrix: 
 [[50. 23.]
 [14. 16.]], Eval Sensitivity: 78.12, Eval Specificity: 41.03
I0203 12:13:50.158584 139844002608960 train.py:157] Epoch 2/80, Accuracy: 73.25, 
 Confusion Matrix: 
 [[525. 160.]
 [260. 625.]], Sensitivity: 66.88, Specificity: 79.62, 
 Test Accuracy: 50.00, 
 Test Confusion Matrix: 
 [[52. 31.]
 [ 0.  0.]], Test Sensitivity: 100.00, Test Specificity: 0.00,
 Eval Accuracy: 50.00, 
 Eval Confusion Matrix: 
 [[64. 39.]
 [ 0.  0.]], Eval Sensitivity: 100.00, Eval Specificity: 0.00
I0203 12:13:51.940539 139844002608960 train.py:157] Epoch 3/80, Accuracy: 73.69, 
 Confusion Matrix: 
 [[518. 146.]
 [267. 639.]], Sensitivity: 65.99, Specificity: 81.40, 
 Test Accuracy: 50.00, 
 Test Confusion Matrix: 
 [[52. 31.]
 [ 0.  0.]], Test Sensitivity: 100.00, Test Specificity: 0.00,
 Eval Accuracy: 50.00, 
 Eval Confusion Matrix: 
 [[64. 39.]
 [ 0.  0.]], Eval Sensitivity: 100.00, Eval Specificity: 0.00
I0203 12:13:53.715654 139844002608960 train.py:157] Epoch 4/80, Accuracy: 75.10, 
 Confusion Matrix: 
 [[547. 153.]
 [238. 632.]], Sensitivity: 69.68, Specificity: 80.51, 
 Test Accuracy: 73.67, 
 Test Confusion Matrix: 
 [[33.  5.]
 [19. 26.]], Test Sensitivity: 63.46, Test Specificity: 83.87,
 Eval Accuracy: 62.08, 
 Eval Confusion Matrix: 
 [[45. 18.]
 [19. 21.]], Eval Sensitivity: 70.31, Eval Specificity: 53.85
I0203 12:13:55.523594 139844002608960 train.py:157] Epoch 5/80, Accuracy: 74.84, 
 Confusion Matrix: 
 [[534. 144.]
 [251. 641.]], Sensitivity: 68.03, Specificity: 81.66, 
 Test Accuracy: 52.61, 
 Test Confusion Matrix: 
 [[48. 27.]
 [ 4.  4.]], Test Sensitivity: 92.31, Test Specificity: 12.90,
 Eval Accuracy: 54.85, 
 Eval Confusion Matrix: 
 [[62. 34.]
 [ 2.  5.]], Eval Sensitivity: 96.88, Eval Specificity: 12.82
I0203 12:13:57.355514 139844002608960 train.py:157] Epoch 6/80, Accuracy: 76.24, 
 Confusion Matrix: 
 [[555. 143.]
 [230. 642.]], Sensitivity: 70.70, Specificity: 81.78, 
 Test Accuracy: 74.26, 
 Test Confusion Matrix: 
 [[42. 10.]
 [10. 21.]], Test Sensitivity: 80.77, Test Specificity: 67.74,
 Eval Accuracy: 64.76, 
 Eval Confusion Matrix: 
 [[55. 22.]
 [ 9. 17.]], Eval Sensitivity: 85.94, Eval Specificity: 43.59
I0203 12:13:59.187368 139844002608960 train.py:157] Epoch 7/80, Accuracy: 80.32, 
 Confusion Matrix: 
 [[582. 106.]
 [203. 679.]], Sensitivity: 74.14, Specificity: 86.50, 
 Test Accuracy: 65.38, 
 Test Confusion Matrix: 
 [[16.  0.]
 [36. 31.]], Test Sensitivity: 30.77, Test Specificity: 100.00,
 Eval Accuracy: 64.84, 
 Eval Confusion Matrix: 
 [[19.  0.]
 [45. 39.]], Eval Sensitivity: 29.69, Eval Specificity: 100.00
I0203 12:14:00.979644 139844002608960 train.py:157] Epoch 8/80, Accuracy: 83.38, 
 Confusion Matrix: 
 [[606.  82.]
 [179. 703.]], Sensitivity: 77.20, Specificity: 89.55, 
 Test Accuracy: 81.70, 
 Test Confusion Matrix: 
 [[38.  3.]
 [14. 28.]], Test Sensitivity: 73.08, Test Specificity: 90.32,
 Eval Accuracy: 78.02, 
 Eval Confusion Matrix: 
 [[49.  8.]
 [15. 31.]], Eval Sensitivity: 76.56, Eval Specificity: 79.49
I0203 12:14:02.785882 139844002608960 train.py:157] Epoch 9/80, Accuracy: 86.05, 
 Confusion Matrix: 
 [[629.  63.]
 [156. 722.]], Sensitivity: 80.13, Specificity: 91.97, 
 Test Accuracy: 84.62, 
 Test Confusion Matrix: 
 [[36.  0.]
 [16. 31.]], Test Sensitivity: 69.23, Test Specificity: 100.00,
 Eval Accuracy: 79.97, 
 Eval Confusion Matrix: 
 [[40.  1.]
 [24. 38.]], Eval Sensitivity: 62.50, Eval Specificity: 97.44
I0203 12:14:04.637648 139844002608960 train.py:157] Epoch 10/80, Accuracy: 87.50, 
 Confusion Matrix: 
 [[663.  69.]
 [129. 723.]], Sensitivity: 83.71, Specificity: 91.29, 
 Test Accuracy: 83.96, 
 Test Confusion Matrix: 
 [[37.  1.]
 [15. 30.]], Test Sensitivity: 71.15, Test Specificity: 96.77,
 Eval Accuracy: 76.68, 
 Eval Confusion Matrix: 
 [[44.  6.]
 [20. 33.]], Eval Sensitivity: 68.75, Eval Specificity: 84.62
I0203 12:14:06.478136 139844002608960 train.py:157] Epoch 11/80, Accuracy: 87.26, 
 Confusion Matrix: 
 [[656.  71.]
 [129. 714.]], Sensitivity: 83.57, Specificity: 90.96, 
 Test Accuracy: 88.12, 
 Test Confusion Matrix: 
 [[43.  2.]
 [ 9. 29.]], Test Sensitivity: 82.69, Test Specificity: 93.55,
 Eval Accuracy: 79.59, 
 Eval Confusion Matrix: 
 [[51.  8.]
 [13. 31.]], Eval Sensitivity: 79.69, Eval Specificity: 79.49
I0203 12:14:08.751494 139844002608960 train.py:157] Epoch 12/80, Accuracy: 87.23, 
 Confusion Matrix: 
 [[656.  67.]
 [135. 724.]], Sensitivity: 82.93, Specificity: 91.53, 
 Test Accuracy: 82.01, 
 Test Confusion Matrix: 
 [[40.  4.]
 [12. 27.]], Test Sensitivity: 76.92, Test Specificity: 87.10,
 Eval Accuracy: 77.24, 
 Eval Confusion Matrix: 
 [[48.  8.]
 [16. 31.]], Eval Sensitivity: 75.00, Eval Specificity: 79.49
I0203 12:14:10.561303 139844002608960 train.py:157] Epoch 13/80, Accuracy: 89.68, 
 Confusion Matrix: 
 [[678.  55.]
 [107. 730.]], Sensitivity: 86.37, Specificity: 92.99, 
 Test Accuracy: 55.77, 
 Test Confusion Matrix: 
 [[ 6.  0.]
 [46. 31.]], Test Sensitivity: 11.54, Test Specificity: 100.00,
 Eval Accuracy: 53.12, 
 Eval Confusion Matrix: 
 [[ 4.  0.]
 [60. 39.]], Eval Sensitivity: 6.25, Eval Specificity: 100.00
I0203 12:14:12.407438 139844002608960 train.py:157] Epoch 14/80, Accuracy: 87.26, 
 Confusion Matrix: 
 [[658.  73.]
 [127. 712.]], Sensitivity: 83.82, Specificity: 90.70, 
 Test Accuracy: 82.32, 
 Test Confusion Matrix: 
 [[42.  5.]
 [10. 26.]], Test Sensitivity: 80.77, Test Specificity: 83.87,
 Eval Accuracy: 80.87, 
 Eval Confusion Matrix: 
 [[51.  7.]
 [13. 32.]], Eval Sensitivity: 79.69, Eval Specificity: 82.05
I0203 12:14:14.237133 139844002608960 train.py:157] Epoch 15/80, Accuracy: 89.04, 
 Confusion Matrix: 
 [[679.  66.]
 [106. 719.]], Sensitivity: 86.50, Specificity: 91.59, 
 Test Accuracy: 83.62, 
 Test Confusion Matrix: 
 [[40.  3.]
 [12. 28.]], Test Sensitivity: 76.92, Test Specificity: 90.32,
 Eval Accuracy: 84.72, 
 Eval Confusion Matrix: 
 [[51.  4.]
 [13. 35.]], Eval Sensitivity: 79.69, Eval Specificity: 89.74
I0203 12:14:16.072279 139844002608960 train.py:157] Epoch 16/80, Accuracy: 90.57, 
 Confusion Matrix: 
 [[697.  60.]
 [ 88. 725.]], Sensitivity: 88.79, Specificity: 92.36, 
 Test Accuracy: 86.20, 
 Test Confusion Matrix: 
 [[41.  2.]
 [11. 29.]], Test Sensitivity: 78.85, Test Specificity: 93.55,
 Eval Accuracy: 82.87, 
 Eval Confusion Matrix: 
 [[47.  3.]
 [17. 36.]], Eval Sensitivity: 73.44, Eval Specificity: 92.31
I0203 12:14:17.919670 139844002608960 train.py:157] Epoch 17/80, Accuracy: 89.87, 
 Confusion Matrix: 
 [[691.  65.]
 [ 94. 720.]], Sensitivity: 88.03, Specificity: 91.72, 
 Test Accuracy: 87.47, 
 Test Confusion Matrix: 
 [[44.  3.]
 [ 8. 28.]], Test Sensitivity: 84.62, Test Specificity: 90.32,
 Eval Accuracy: 85.72, 
 Eval Confusion Matrix: 
 [[49.  2.]
 [15. 37.]], Eval Sensitivity: 76.56, Eval Specificity: 94.87
I0203 12:14:19.770612 139844002608960 train.py:157] Epoch 18/80, Accuracy: 90.85, 
 Confusion Matrix: 
 [[704.  57.]
 [ 88. 735.]], Sensitivity: 88.89, Specificity: 92.80, 
 Test Accuracy: 86.54, 
 Test Confusion Matrix: 
 [[38.  0.]
 [14. 31.]], Test Sensitivity: 73.08, Test Specificity: 100.00,
 Eval Accuracy: 87.50, 
 Eval Confusion Matrix: 
 [[48.  0.]
 [16. 39.]], Eval Sensitivity: 75.00, Eval Specificity: 100.00
I0203 12:14:21.612654 139844002608960 train.py:157] Epoch 19/80, Accuracy: 90.64, 
 Confusion Matrix: 
 [[690.  52.]
 [ 95. 733.]], Sensitivity: 87.90, Specificity: 93.38, 
 Test Accuracy: 85.89, 
 Test Confusion Matrix: 
 [[39.  1.]
 [13. 30.]], Test Sensitivity: 75.00, Test Specificity: 96.77,
 Eval Accuracy: 82.37, 
 Eval Confusion Matrix: 
 [[48.  4.]
 [16. 35.]], Eval Sensitivity: 75.00, Eval Specificity: 89.74
I0203 12:14:23.437231 139844002608960 train.py:157] Epoch 20/80, Accuracy: 90.89, 
 Confusion Matrix: 
 [[691.  49.]
 [ 94. 736.]], Sensitivity: 88.03, Specificity: 93.76, 
 Test Accuracy: 86.48, 
 Test Confusion Matrix: 
 [[48.  6.]
 [ 4. 25.]], Test Sensitivity: 92.31, Test Specificity: 80.65,
 Eval Accuracy: 78.37, 
 Eval Confusion Matrix: 
 [[56. 12.]
 [ 8. 27.]], Eval Sensitivity: 87.50, Eval Specificity: 69.23
I0203 12:14:25.278300 139844002608960 train.py:157] Epoch 21/80, Accuracy: 92.17, 
 Confusion Matrix: 
 [[707.  45.]
 [ 78. 740.]], Sensitivity: 90.06, Specificity: 94.27, 
 Test Accuracy: 85.58, 
 Test Confusion Matrix: 
 [[37.  0.]
 [15. 31.]], Test Sensitivity: 71.15, Test Specificity: 100.00,
 Eval Accuracy: 86.72, 
 Eval Confusion Matrix: 
 [[47.  0.]
 [17. 39.]], Eval Sensitivity: 73.44, Eval Specificity: 100.00
I0203 12:14:27.118282 139844002608960 train.py:157] Epoch 22/80, Accuracy: 89.11, 
 Confusion Matrix: 
 [[675.  61.]
 [110. 724.]], Sensitivity: 85.99, Specificity: 92.23, 
 Test Accuracy: 87.50, 
 Test Confusion Matrix: 
 [[39.  0.]
 [13. 31.]], Test Sensitivity: 75.00, Test Specificity: 100.00,
 Eval Accuracy: 83.87, 
 Eval Confusion Matrix: 
 [[45.  1.]
 [19. 38.]], Eval Sensitivity: 70.31, Eval Specificity: 97.44
I0203 12:14:28.953974 139844002608960 train.py:157] Epoch 23/80, Accuracy: 92.36, 
 Confusion Matrix: 
 [[712.  47.]
 [ 73. 738.]], Sensitivity: 90.70, Specificity: 94.01, 
 Test Accuracy: 90.04, 
 Test Confusion Matrix: 
 [[45.  2.]
 [ 7. 29.]], Test Sensitivity: 86.54, Test Specificity: 93.55,
 Eval Accuracy: 80.65, 
 Eval Confusion Matrix: 
 [[54.  9.]
 [10. 30.]], Eval Sensitivity: 84.38, Eval Specificity: 76.92
I0203 12:14:30.814805 139844002608960 train.py:157] Epoch 24/80, Accuracy: 92.99, 
 Confusion Matrix: 
 [[709.  34.]
 [ 76. 751.]], Sensitivity: 90.32, Specificity: 95.67, 
 Test Accuracy: 89.70, 
 Test Confusion Matrix: 
 [[48.  4.]
 [ 4. 27.]], Test Sensitivity: 92.31, Test Specificity: 87.10,
 Eval Accuracy: 82.71, 
 Eval Confusion Matrix: 
 [[55.  8.]
 [ 9. 31.]], Eval Sensitivity: 85.94, Eval Specificity: 79.49
I0203 12:14:32.650762 139844002608960 train.py:157] Epoch 25/80, Accuracy: 92.93, 
 Confusion Matrix: 
 [[715.  41.]
 [ 70. 744.]], Sensitivity: 91.08, Specificity: 94.78, 
 Test Accuracy: 83.00, 
 Test Confusion Matrix: 
 [[36.  1.]
 [16. 30.]], Test Sensitivity: 69.23, Test Specificity: 96.77,
 Eval Accuracy: 83.87, 
 Eval Confusion Matrix: 
 [[45.  1.]
 [19. 38.]], Eval Sensitivity: 70.31, Eval Specificity: 97.44
I0203 12:14:34.494313 139844002608960 train.py:157] Epoch 26/80, Accuracy: 92.48, 
 Confusion Matrix: 
 [[712.  45.]
 [ 73. 740.]], Sensitivity: 90.70, Specificity: 94.27, 
 Test Accuracy: 86.85, 
 Test Confusion Matrix: 
 [[40.  1.]
 [12. 30.]], Test Sensitivity: 76.92, Test Specificity: 96.77,
 Eval Accuracy: 84.21, 
 Eval Confusion Matrix: 
 [[52.  5.]
 [12. 34.]], Eval Sensitivity: 81.25, Eval Specificity: 87.18
I0203 12:14:36.353606 139844002608960 train.py:157] Epoch 27/80, Accuracy: 93.25, 
 Confusion Matrix: 
 [[716.  37.]
 [ 69. 748.]], Sensitivity: 91.21, Specificity: 95.29, 
 Test Accuracy: 83.93, 
 Test Confusion Matrix: 
 [[42.  4.]
 [10. 27.]], Test Sensitivity: 80.77, Test Specificity: 87.10,
 Eval Accuracy: 85.50, 
 Eval Confusion Matrix: 
 [[52.  4.]
 [12. 35.]], Eval Sensitivity: 81.25, Eval Specificity: 89.74
I0203 12:14:38.205673 139844002608960 train.py:157] Epoch 28/80, Accuracy: 91.66, 
 Confusion Matrix: 
 [[699.  45.]
 [ 86. 740.]], Sensitivity: 89.04, Specificity: 94.27, 
 Test Accuracy: 72.12, 
 Test Confusion Matrix: 
 [[23.  0.]
 [29. 31.]], Test Sensitivity: 44.23, Test Specificity: 100.00,
 Eval Accuracy: 70.31, 
 Eval Confusion Matrix: 
 [[26.  0.]
 [38. 39.]], Eval Sensitivity: 40.62, Eval Specificity: 100.00
I0203 12:14:40.029047 139844002608960 train.py:157] Epoch 29/80, Accuracy: 92.55, 
 Confusion Matrix: 
 [[709.  41.]
 [ 76. 744.]], Sensitivity: 90.32, Specificity: 94.78, 
 Test Accuracy: 88.12, 
 Test Confusion Matrix: 
 [[43.  2.]
 [ 9. 29.]], Test Sensitivity: 82.69, Test Specificity: 93.55,
 Eval Accuracy: 83.15, 
 Eval Confusion Matrix: 
 [[49.  4.]
 [15. 35.]], Eval Sensitivity: 76.56, Eval Specificity: 89.74
I0203 12:14:41.819125 139844002608960 train.py:157] Epoch 30/80, Accuracy: 93.57, 
 Confusion Matrix: 
 [[720.  36.]
 [ 65. 749.]], Sensitivity: 91.72, Specificity: 95.41, 
 Test Accuracy: 89.73, 
 Test Confusion Matrix: 
 [[43.  1.]
 [ 9. 30.]], Test Sensitivity: 82.69, Test Specificity: 96.77,
 Eval Accuracy: 84.94, 
 Eval Confusion Matrix: 
 [[48.  2.]
 [16. 37.]], Eval Sensitivity: 75.00, Eval Specificity: 94.87
I0203 12:14:43.619216 139844002608960 train.py:157] Epoch 31/80, Accuracy: 93.76, 
 Confusion Matrix: 
 [[722.  35.]
 [ 63. 750.]], Sensitivity: 91.97, Specificity: 95.54, 
 Test Accuracy: 91.66, 
 Test Confusion Matrix: 
 [[45.  1.]
 [ 7. 30.]], Test Sensitivity: 86.54, Test Specificity: 96.77,
 Eval Accuracy: 81.37, 
 Eval Confusion Matrix: 
 [[50.  6.]
 [14. 33.]], Eval Sensitivity: 78.12, Eval Specificity: 84.62
I0203 12:14:45.397899 139844002608960 train.py:157] Epoch 32/80, Accuracy: 94.01, 
 Confusion Matrix: 
 [[722.  31.]
 [ 63. 754.]], Sensitivity: 91.97, Specificity: 96.05, 
 Test Accuracy: 83.96, 
 Test Confusion Matrix: 
 [[37.  1.]
 [15. 30.]], Test Sensitivity: 71.15, Test Specificity: 96.77,
 Eval Accuracy: 82.65, 
 Eval Confusion Matrix: 
 [[50.  5.]
 [14. 34.]], Eval Sensitivity: 78.12, Eval Specificity: 87.18
I0203 12:14:47.170753 139844002608960 train.py:157] Epoch 33/80, Accuracy: 93.38, 
 Confusion Matrix: 
 [[720.  39.]
 [ 65. 746.]], Sensitivity: 91.72, Specificity: 95.03, 
 Test Accuracy: 90.69, 
 Test Confusion Matrix: 
 [[44.  1.]
 [ 8. 30.]], Test Sensitivity: 84.62, Test Specificity: 96.77,
 Eval Accuracy: 79.09, 
 Eval Confusion Matrix: 
 [[52.  9.]
 [12. 30.]], Eval Sensitivity: 81.25, Eval Specificity: 76.92
I0203 12:14:48.957264 139844002608960 train.py:157] Epoch 34/80, Accuracy: 94.14, 
 Confusion Matrix: 
 [[725.  32.]
 [ 60. 753.]], Sensitivity: 92.36, Specificity: 95.92, 
 Test Accuracy: 82.69, 
 Test Confusion Matrix: 
 [[34.  0.]
 [18. 31.]], Test Sensitivity: 65.38, Test Specificity: 100.00,
 Eval Accuracy: 77.62, 
 Eval Confusion Matrix: 
 [[37.  1.]
 [27. 38.]], Eval Sensitivity: 57.81, Eval Specificity: 97.44
I0203 12:14:50.776384 139844002608960 train.py:157] Epoch 35/80, Accuracy: 94.14, 
 Confusion Matrix: 
 [[725.  32.]
 [ 60. 753.]], Sensitivity: 92.36, Specificity: 95.92, 
 Test Accuracy: 89.05, 
 Test Confusion Matrix: 
 [[49.  5.]
 [ 3. 26.]], Test Sensitivity: 94.23, Test Specificity: 83.87,
 Eval Accuracy: 78.37, 
 Eval Confusion Matrix: 
 [[56. 12.]
 [ 8. 27.]], Eval Sensitivity: 87.50, Eval Specificity: 69.23
I0203 12:14:52.579057 139844002608960 train.py:157] Epoch 36/80, Accuracy: 94.39, 
 Confusion Matrix: 
 [[730.  33.]
 [ 55. 752.]], Sensitivity: 92.99, Specificity: 95.80, 
 Test Accuracy: 92.93, 
 Test Confusion Matrix: 
 [[48.  2.]
 [ 4. 29.]], Test Sensitivity: 92.31, Test Specificity: 93.55,
 Eval Accuracy: 85.56, 
 Eval Confusion Matrix: 
 [[57.  7.]
 [ 7. 32.]], Eval Sensitivity: 89.06, Eval Specificity: 82.05
I0203 12:14:54.426086 139844002608960 train.py:157] Epoch 37/80, Accuracy: 93.50, 
 Confusion Matrix: 
 [[723.  40.]
 [ 62. 745.]], Sensitivity: 92.10, Specificity: 94.90, 
 Test Accuracy: 82.63, 
 Test Confusion Matrix: 
 [[44.  6.]
 [ 8. 25.]], Test Sensitivity: 84.62, Test Specificity: 80.65,
 Eval Accuracy: 84.50, 
 Eval Confusion Matrix: 
 [[54.  6.]
 [10. 33.]], Eval Sensitivity: 84.38, Eval Specificity: 84.62
I0203 12:14:56.253960 139844002608960 train.py:157] Epoch 38/80, Accuracy: 94.78, 
 Confusion Matrix: 
 [[734.  31.]
 [ 51. 754.]], Sensitivity: 93.50, Specificity: 96.05, 
 Test Accuracy: 88.12, 
 Test Confusion Matrix: 
 [[43.  2.]
 [ 9. 29.]], Test Sensitivity: 82.69, Test Specificity: 93.55,
 Eval Accuracy: 83.93, 
 Eval Confusion Matrix: 
 [[50.  4.]
 [14. 35.]], Eval Sensitivity: 78.12, Eval Specificity: 89.74
I0203 12:14:58.123007 139844002608960 train.py:157] Epoch 39/80, Accuracy: 94.33, 
 Confusion Matrix: 
 [[727.  31.]
 [ 58. 754.]], Sensitivity: 92.61, Specificity: 96.05, 
 Test Accuracy: 88.74, 
 Test Confusion Matrix: 
 [[47.  4.]
 [ 5. 27.]], Test Sensitivity: 90.38, Test Specificity: 87.10,
 Eval Accuracy: 82.99, 
 Eval Confusion Matrix: 
 [[57.  9.]
 [ 7. 30.]], Eval Sensitivity: 89.06, Eval Specificity: 76.92
I0203 12:14:59.966043 139844002608960 train.py:157] Epoch 40/80, Accuracy: 95.41, 
 Confusion Matrix: 
 [[737.  24.]
 [ 48. 761.]], Sensitivity: 93.89, Specificity: 96.94, 
 Test Accuracy: 90.35, 
 Test Confusion Matrix: 
 [[47.  3.]
 [ 5. 28.]], Test Sensitivity: 90.38, Test Specificity: 90.32,
 Eval Accuracy: 76.58, 
 Eval Confusion Matrix: 
 [[57. 14.]
 [ 7. 25.]], Eval Sensitivity: 89.06, Eval Specificity: 64.10
I0203 12:15:01.806438 139844002608960 train.py:157] Epoch 41/80, Accuracy: 94.84, 
 Confusion Matrix: 
 [[735.  31.]
 [ 50. 754.]], Sensitivity: 93.63, Specificity: 96.05, 
 Test Accuracy: 87.75, 
 Test Confusion Matrix: 
 [[51.  7.]
 [ 1. 24.]], Test Sensitivity: 98.08, Test Specificity: 77.42,
 Eval Accuracy: 72.74, 
 Eval Confusion Matrix: 
 [[57. 17.]
 [ 7. 22.]], Eval Sensitivity: 89.06, Eval Specificity: 56.41
I0203 12:15:04.102132 139844002608960 train.py:157] Epoch 42/80, Accuracy: 95.44, 
 Confusion Matrix: 
 [[744.  26.]
 [ 46. 764.]], Sensitivity: 94.18, Specificity: 96.71, 
 Test Accuracy: 91.66, 
 Test Confusion Matrix: 
 [[45.  1.]
 [ 7. 30.]], Test Sensitivity: 86.54, Test Specificity: 96.77,
 Eval Accuracy: 79.59, 
 Eval Confusion Matrix: 
 [[51.  8.]
 [13. 31.]], Eval Sensitivity: 79.69, Eval Specificity: 79.49
I0203 12:15:05.955940 139844002608960 train.py:157] Epoch 43/80, Accuracy: 94.46, 
 Confusion Matrix: 
 [[732.  34.]
 [ 53. 751.]], Sensitivity: 93.25, Specificity: 95.67, 
 Test Accuracy: 85.83, 
 Test Confusion Matrix: 
 [[49.  7.]
 [ 3. 24.]], Test Sensitivity: 94.23, Test Specificity: 77.42,
 Eval Accuracy: 81.43, 
 Eval Confusion Matrix: 
 [[55.  9.]
 [ 9. 30.]], Eval Sensitivity: 85.94, Eval Specificity: 76.92
I0203 12:15:07.781570 139844002608960 train.py:157] Epoch 44/80, Accuracy: 94.52, 
 Confusion Matrix: 
 [[735.  36.]
 [ 50. 749.]], Sensitivity: 93.63, Specificity: 95.41, 
 Test Accuracy: 86.20, 
 Test Confusion Matrix: 
 [[41.  2.]
 [11. 29.]], Test Sensitivity: 78.85, Test Specificity: 93.55,
 Eval Accuracy: 83.43, 
 Eval Confusion Matrix: 
 [[51.  5.]
 [13. 34.]], Eval Sensitivity: 79.69, Eval Specificity: 87.18
I0203 12:15:09.603219 139844002608960 train.py:157] Epoch 45/80, Accuracy: 95.13, 
 Confusion Matrix: 
 [[741.  27.]
 [ 50. 764.]], Sensitivity: 93.68, Specificity: 96.59, 
 Test Accuracy: 88.77, 
 Test Confusion Matrix: 
 [[42.  1.]
 [10. 30.]], Test Sensitivity: 80.77, Test Specificity: 96.77,
 Eval Accuracy: 84.44, 
 Eval Confusion Matrix: 
 [[49.  3.]
 [15. 36.]], Eval Sensitivity: 76.56, Eval Specificity: 92.31
I0203 12:15:11.492204 139844002608960 train.py:157] Epoch 46/80, Accuracy: 95.35, 
 Confusion Matrix: 
 [[739.  27.]
 [ 46. 758.]], Sensitivity: 94.14, Specificity: 96.56, 
 Test Accuracy: 85.58, 
 Test Confusion Matrix: 
 [[37.  0.]
 [15. 31.]], Test Sensitivity: 71.15, Test Specificity: 100.00,
 Eval Accuracy: 80.03, 
 Eval Confusion Matrix: 
 [[45.  4.]
 [19. 35.]], Eval Sensitivity: 70.31, Eval Specificity: 89.74
I0203 12:15:13.350132 139844002608960 train.py:157] Epoch 47/80, Accuracy: 95.61, 
 Confusion Matrix: 
 [[739.  23.]
 [ 46. 762.]], Sensitivity: 94.14, Specificity: 97.07, 
 Test Accuracy: 89.08, 
 Test Confusion Matrix: 
 [[44.  2.]
 [ 8. 29.]], Test Sensitivity: 84.62, Test Specificity: 93.55,
 Eval Accuracy: 83.65, 
 Eval Confusion Matrix: 
 [[48.  3.]
 [16. 36.]], Eval Sensitivity: 75.00, Eval Specificity: 92.31
I0203 12:15:15.240926 139844002608960 train.py:157] Epoch 48/80, Accuracy: 95.45, 
 Confusion Matrix: 
 [[742.  23.]
 [ 49. 768.]], Sensitivity: 93.81, Specificity: 97.09, 
 Test Accuracy: 91.66, 
 Test Confusion Matrix: 
 [[45.  1.]
 [ 7. 30.]], Test Sensitivity: 86.54, Test Specificity: 96.77,
 Eval Accuracy: 81.37, 
 Eval Confusion Matrix: 
 [[50.  6.]
 [14. 33.]], Eval Sensitivity: 78.12, Eval Specificity: 84.62
I0203 12:15:17.104542 139844002608960 train.py:157] Epoch 49/80, Accuracy: 95.35, 
 Confusion Matrix: 
 [[744.  32.]
 [ 41. 753.]], Sensitivity: 94.78, Specificity: 95.92, 
 Test Accuracy: 81.64, 
 Test Confusion Matrix: 
 [[48.  9.]
 [ 4. 22.]], Test Sensitivity: 92.31, Test Specificity: 70.97,
 Eval Accuracy: 82.99, 
 Eval Confusion Matrix: 
 [[57.  9.]
 [ 7. 30.]], Eval Sensitivity: 89.06, Eval Specificity: 76.92
I0203 12:15:18.940045 139844002608960 train.py:157] Epoch 50/80, Accuracy: 94.44, 
 Confusion Matrix: 
 [[730.  26.]
 [ 62. 766.]], Sensitivity: 92.17, Specificity: 96.72, 
 Test Accuracy: 92.62, 
 Test Confusion Matrix: 
 [[46.  1.]
 [ 6. 30.]], Test Sensitivity: 88.46, Test Specificity: 96.77,
 Eval Accuracy: 84.21, 
 Eval Confusion Matrix: 
 [[52.  5.]
 [12. 34.]], Eval Sensitivity: 81.25, Eval Specificity: 87.18
I0203 12:15:20.775637 139844002608960 train.py:157] Epoch 51/80, Accuracy: 96.05, 
 Confusion Matrix: 
 [[741.  18.]
 [ 44. 767.]], Sensitivity: 94.39, Specificity: 97.71, 
 Test Accuracy: 86.20, 
 Test Confusion Matrix: 
 [[41.  2.]
 [11. 29.]], Test Sensitivity: 78.85, Test Specificity: 93.55,
 Eval Accuracy: 82.65, 
 Eval Confusion Matrix: 
 [[50.  5.]
 [14. 34.]], Eval Sensitivity: 78.12, Eval Specificity: 87.18
I0203 12:15:22.593329 139844002608960 train.py:157] Epoch 52/80, Accuracy: 93.18, 
 Confusion Matrix: 
 [[716.  38.]
 [ 69. 747.]], Sensitivity: 91.21, Specificity: 95.16, 
 Test Accuracy: 89.73, 
 Test Confusion Matrix: 
 [[43.  1.]
 [ 9. 30.]], Test Sensitivity: 82.69, Test Specificity: 96.77,
 Eval Accuracy: 85.22, 
 Eval Confusion Matrix: 
 [[50.  3.]
 [14. 36.]], Eval Sensitivity: 78.12, Eval Specificity: 92.31
I0203 12:15:24.461087 139844002608960 train.py:157] Epoch 53/80, Accuracy: 95.58, 
 Confusion Matrix: 
 [[743.  22.]
 [ 48. 769.]], Sensitivity: 93.93, Specificity: 97.22, 
 Test Accuracy: 87.78, 
 Test Confusion Matrix: 
 [[46.  4.]
 [ 6. 27.]], Test Sensitivity: 88.46, Test Specificity: 87.10,
 Eval Accuracy: 83.71, 
 Eval Confusion Matrix: 
 [[53.  6.]
 [11. 33.]], Eval Sensitivity: 82.81, Eval Specificity: 84.62
I0203 12:15:26.280939 139844002608960 train.py:157] Epoch 54/80, Accuracy: 95.92, 
 Confusion Matrix: 
 [[744.  23.]
 [ 41. 762.]], Sensitivity: 94.78, Specificity: 97.07, 
 Test Accuracy: 91.00, 
 Test Confusion Matrix: 
 [[46.  2.]
 [ 6. 29.]], Test Sensitivity: 88.46, Test Specificity: 93.55,
 Eval Accuracy: 82.15, 
 Eval Confusion Matrix: 
 [[51.  6.]
 [13. 33.]], Eval Sensitivity: 79.69, Eval Specificity: 84.62
I0203 12:15:28.105281 139844002608960 train.py:157] Epoch 55/80, Accuracy: 95.61, 
 Confusion Matrix: 
 [[741.  25.]
 [ 44. 760.]], Sensitivity: 94.39, Specificity: 96.82, 
 Test Accuracy: 90.35, 
 Test Confusion Matrix: 
 [[47.  3.]
 [ 5. 28.]], Test Sensitivity: 90.38, Test Specificity: 90.32,
 Eval Accuracy: 79.59, 
 Eval Confusion Matrix: 
 [[51.  8.]
 [13. 31.]], Eval Sensitivity: 79.69, Eval Specificity: 79.49
I0203 12:15:29.963747 139844002608960 train.py:157] Epoch 56/80, Accuracy: 95.35, 
 Confusion Matrix: 
 [[737.  25.]
 [ 48. 760.]], Sensitivity: 93.89, Specificity: 96.82, 
 Test Accuracy: 90.66, 
 Test Confusion Matrix: 
 [[49.  4.]
 [ 3. 27.]], Test Sensitivity: 94.23, Test Specificity: 87.10,
 Eval Accuracy: 78.87, 
 Eval Confusion Matrix: 
 [[55. 11.]
 [ 9. 28.]], Eval Sensitivity: 85.94, Eval Specificity: 71.79
I0203 12:15:31.790285 139844002608960 train.py:157] Epoch 57/80, Accuracy: 96.24, 
 Confusion Matrix: 
 [[748.  22.]
 [ 37. 763.]], Sensitivity: 95.29, Specificity: 97.20, 
 Test Accuracy: 90.66, 
 Test Confusion Matrix: 
 [[49.  4.]
 [ 3. 27.]], Test Sensitivity: 94.23, Test Specificity: 87.10,
 Eval Accuracy: 77.58, 
 Eval Confusion Matrix: 
 [[55. 12.]
 [ 9. 27.]], Eval Sensitivity: 85.94, Eval Specificity: 69.23
I0203 12:15:33.623421 139844002608960 train.py:157] Epoch 58/80, Accuracy: 96.62, 
 Confusion Matrix: 
 [[751.  19.]
 [ 34. 766.]], Sensitivity: 95.67, Specificity: 97.58, 
 Test Accuracy: 92.28, 
 Test Confusion Matrix: 
 [[49.  3.]
 [ 3. 28.]], Test Sensitivity: 94.23, Test Specificity: 90.32,
 Eval Accuracy: 83.99, 
 Eval Confusion Matrix: 
 [[55.  7.]
 [ 9. 32.]], Eval Sensitivity: 85.94, Eval Specificity: 82.05
I0203 12:15:35.475676 139844002608960 train.py:157] Epoch 59/80, Accuracy: 95.86, 
 Confusion Matrix: 
 [[746.  26.]
 [ 39. 759.]], Sensitivity: 95.03, Specificity: 96.69, 
 Test Accuracy: 85.83, 
 Test Confusion Matrix: 
 [[49.  7.]
 [ 3. 24.]], Test Sensitivity: 94.23, Test Specificity: 77.42,
 Eval Accuracy: 76.08, 
 Eval Confusion Matrix: 
 [[58. 15.]
 [ 6. 24.]], Eval Sensitivity: 90.62, Eval Specificity: 61.54
I0203 12:15:37.321744 139844002608960 train.py:157] Epoch 60/80, Accuracy: 96.43, 
 Confusion Matrix: 
 [[747.  18.]
 [ 38. 767.]], Sensitivity: 95.16, Specificity: 97.71, 
 Test Accuracy: 84.86, 
 Test Confusion Matrix: 
 [[48.  7.]
 [ 4. 24.]], Test Sensitivity: 92.31, Test Specificity: 77.42,
 Eval Accuracy: 74.80, 
 Eval Confusion Matrix: 
 [[58. 16.]
 [ 6. 23.]], Eval Sensitivity: 90.62, Eval Specificity: 58.97
I0203 12:15:39.177550 139844002608960 train.py:157] Epoch 61/80, Accuracy: 96.88, 
 Confusion Matrix: 
 [[751.  15.]
 [ 34. 770.]], Sensitivity: 95.67, Specificity: 98.09, 
 Test Accuracy: 87.13, 
 Test Confusion Matrix: 
 [[47.  5.]
 [ 5. 26.]], Test Sensitivity: 90.38, Test Specificity: 83.87,
 Eval Accuracy: 74.52, 
 Eval Confusion Matrix: 
 [[56. 15.]
 [ 8. 24.]], Eval Sensitivity: 87.50, Eval Specificity: 61.54
I0203 12:15:41.030039 139844002608960 train.py:157] Epoch 62/80, Accuracy: 95.80, 
 Confusion Matrix: 
 [[738.  19.]
 [ 47. 766.]], Sensitivity: 94.01, Specificity: 97.58, 
 Test Accuracy: 90.69, 
 Test Confusion Matrix: 
 [[44.  1.]
 [ 8. 30.]], Test Sensitivity: 84.62, Test Specificity: 96.77,
 Eval Accuracy: 84.72, 
 Eval Confusion Matrix: 
 [[51.  4.]
 [13. 35.]], Eval Sensitivity: 79.69, Eval Specificity: 89.74
I0203 12:15:42.905648 139844002608960 train.py:157] Epoch 63/80, Accuracy: 96.56, 
 Confusion Matrix: 
 [[754.  23.]
 [ 31. 762.]], Sensitivity: 96.05, Specificity: 97.07, 
 Test Accuracy: 89.39, 
 Test Confusion Matrix: 
 [[46.  3.]
 [ 6. 28.]], Test Sensitivity: 88.46, Test Specificity: 90.32,
 Eval Accuracy: 85.28, 
 Eval Confusion Matrix: 
 [[55.  6.]
 [ 9. 33.]], Eval Sensitivity: 85.94, Eval Specificity: 84.62
I0203 12:15:44.756352 139844002608960 train.py:157] Epoch 64/80, Accuracy: 95.54, 
 Confusion Matrix: 
 [[743.  28.]
 [ 42. 757.]], Sensitivity: 94.65, Specificity: 96.43, 
 Test Accuracy: 90.04, 
 Test Confusion Matrix: 
 [[45.  2.]
 [ 7. 29.]], Test Sensitivity: 86.54, Test Specificity: 93.55,
 Eval Accuracy: 83.21, 
 Eval Confusion Matrix: 
 [[54.  7.]
 [10. 32.]], Eval Sensitivity: 84.38, Eval Specificity: 82.05
I0203 12:15:46.582936 139844002608960 train.py:157] Epoch 65/80, Accuracy: 96.43, 
 Confusion Matrix: 
 [[749.  20.]
 [ 36. 765.]], Sensitivity: 95.41, Specificity: 97.45, 
 Test Accuracy: 91.97, 
 Test Confusion Matrix: 
 [[47.  2.]
 [ 5. 29.]], Test Sensitivity: 90.38, Test Specificity: 93.55,
 Eval Accuracy: 79.87, 
 Eval Confusion Matrix: 
 [[53.  9.]
 [11. 30.]], Eval Sensitivity: 82.81, Eval Specificity: 76.92
I0203 12:15:48.430896 139844002608960 train.py:157] Epoch 66/80, Accuracy: 97.39, 
 Confusion Matrix: 
 [[757.  13.]
 [ 28. 772.]], Sensitivity: 96.43, Specificity: 98.34, 
 Test Accuracy: 90.04, 
 Test Confusion Matrix: 
 [[45.  2.]
 [ 7. 29.]], Test Sensitivity: 86.54, Test Specificity: 93.55,
 Eval Accuracy: 82.43, 
 Eval Confusion Matrix: 
 [[53.  7.]
 [11. 32.]], Eval Sensitivity: 82.81, Eval Specificity: 82.05
I0203 12:15:50.268904 139844002608960 train.py:157] Epoch 67/80, Accuracy: 96.82, 
 Confusion Matrix: 
 [[751.  16.]
 [ 34. 769.]], Sensitivity: 95.67, Specificity: 97.96, 
 Test Accuracy: 90.35, 
 Test Confusion Matrix: 
 [[47.  3.]
 [ 5. 28.]], Test Sensitivity: 90.38, Test Specificity: 90.32,
 Eval Accuracy: 81.93, 
 Eval Confusion Matrix: 
 [[54.  8.]
 [10. 31.]], Eval Sensitivity: 84.38, Eval Specificity: 79.49
I0203 12:15:52.132662 139844002608960 train.py:157] Epoch 68/80, Accuracy: 96.88, 
 Confusion Matrix: 
 [[753.  17.]
 [ 32. 768.]], Sensitivity: 95.92, Specificity: 97.83, 
 Test Accuracy: 88.12, 
 Test Confusion Matrix: 
 [[43.  2.]
 [ 9. 29.]], Test Sensitivity: 82.69, Test Specificity: 93.55,
 Eval Accuracy: 82.65, 
 Eval Confusion Matrix: 
 [[50.  5.]
 [14. 34.]], Eval Sensitivity: 78.12, Eval Specificity: 87.18
I0203 12:15:53.968790 139844002608960 train.py:157] Epoch 69/80, Accuracy: 96.71, 
 Confusion Matrix: 
 [[756.  17.]
 [ 35. 774.]], Sensitivity: 95.58, Specificity: 97.85, 
 Test Accuracy: 91.00, 
 Test Confusion Matrix: 
 [[46.  2.]
 [ 6. 29.]], Test Sensitivity: 88.46, Test Specificity: 93.55,
 Eval Accuracy: 81.43, 
 Eval Confusion Matrix: 
 [[55.  9.]
 [ 9. 30.]], Eval Sensitivity: 85.94, Eval Specificity: 76.92
I0203 12:15:55.830902 139844002608960 train.py:157] Epoch 70/80, Accuracy: 96.75, 
 Confusion Matrix: 
 [[752.  18.]
 [ 33. 767.]], Sensitivity: 95.80, Specificity: 97.71, 
 Test Accuracy: 89.73, 
 Test Confusion Matrix: 
 [[43.  1.]
 [ 9. 30.]], Test Sensitivity: 82.69, Test Specificity: 96.77,
 Eval Accuracy: 80.87, 
 Eval Confusion Matrix: 
 [[51.  7.]
 [13. 32.]], Eval Sensitivity: 79.69, Eval Specificity: 82.05
I0203 12:15:58.117951 139844002608960 train.py:157] Epoch 71/80, Accuracy: 96.89, 
 Confusion Matrix: 
 [[759.  19.]
 [ 30. 770.]], Sensitivity: 96.20, Specificity: 97.59, 
 Test Accuracy: 83.96, 
 Test Confusion Matrix: 
 [[37.  1.]
 [15. 30.]], Test Sensitivity: 71.15, Test Specificity: 96.77,
 Eval Accuracy: 82.37, 
 Eval Confusion Matrix: 
 [[48.  4.]
 [16. 35.]], Eval Sensitivity: 75.00, Eval Specificity: 89.74
I0203 12:15:59.935675 139844002608960 train.py:157] Epoch 72/80, Accuracy: 97.64, 
 Confusion Matrix: 
 [[757.   9.]
 [ 28. 776.]], Sensitivity: 96.43, Specificity: 98.85, 
 Test Accuracy: 91.00, 
 Test Confusion Matrix: 
 [[46.  2.]
 [ 6. 29.]], Test Sensitivity: 88.46, Test Specificity: 93.55,
 Eval Accuracy: 79.87, 
 Eval Confusion Matrix: 
 [[53.  9.]
 [11. 30.]], Eval Sensitivity: 82.81, Eval Specificity: 76.92
I0203 12:16:01.800951 139844002608960 train.py:157] Epoch 73/80, Accuracy: 97.13, 
 Confusion Matrix: 
 [[756.  16.]
 [ 29. 769.]], Sensitivity: 96.31, Specificity: 97.96, 
 Test Accuracy: 89.08, 
 Test Confusion Matrix: 
 [[44.  2.]
 [ 8. 29.]], Test Sensitivity: 84.62, Test Specificity: 93.55,
 Eval Accuracy: 84.21, 
 Eval Confusion Matrix: 
 [[52.  5.]
 [12. 34.]], Eval Sensitivity: 81.25, Eval Specificity: 87.18
I0203 12:16:03.643720 139844002608960 train.py:157] Epoch 74/80, Accuracy: 97.13, 
 Confusion Matrix: 
 [[754.  14.]
 [ 31. 771.]], Sensitivity: 96.05, Specificity: 98.22, 
 Test Accuracy: 88.12, 
 Test Confusion Matrix: 
 [[43.  2.]
 [ 9. 29.]], Test Sensitivity: 82.69, Test Specificity: 93.55,
 Eval Accuracy: 81.93, 
 Eval Confusion Matrix: 
 [[54.  8.]
 [10. 31.]], Eval Sensitivity: 84.38, Eval Specificity: 79.49
I0203 12:16:05.502941 139844002608960 train.py:157] Epoch 75/80, Accuracy: 96.43, 
 Confusion Matrix: 
 [[747.  18.]
 [ 38. 767.]], Sensitivity: 95.16, Specificity: 97.71, 
 Test Accuracy: 79.16, 
 Test Confusion Matrix: 
 [[32.  1.]
 [20. 30.]], Test Sensitivity: 61.54, Test Specificity: 96.77,
 Eval Accuracy: 83.09, 
 Eval Confusion Matrix: 
 [[44.  1.]
 [20. 38.]], Eval Sensitivity: 68.75, Eval Specificity: 97.44
I0203 12:16:07.351731 139844002608960 train.py:157] Epoch 76/80, Accuracy: 95.41, 
 Confusion Matrix: 
 [[731.  18.]
 [ 54. 767.]], Sensitivity: 93.12, Specificity: 97.71, 
 Test Accuracy: 65.01, 
 Test Confusion Matrix: 
 [[24.  5.]
 [28. 26.]], Test Sensitivity: 46.15, Test Specificity: 83.87,
 Eval Accuracy: 67.97, 
 Eval Confusion Matrix: 
 [[23.  0.]
 [41. 39.]], Eval Sensitivity: 35.94, Eval Specificity: 100.00
I0203 12:16:09.194810 139844002608960 train.py:157] Epoch 77/80, Accuracy: 91.97, 
 Confusion Matrix: 
 [[703.  44.]
 [ 82. 741.]], Sensitivity: 89.55, Specificity: 94.39, 
 Test Accuracy: 87.81, 
 Test Confusion Matrix: 
 [[41.  1.]
 [11. 30.]], Test Sensitivity: 78.85, Test Specificity: 96.77,
 Eval Accuracy: 81.59, 
 Eval Confusion Matrix: 
 [[47.  4.]
 [17. 35.]], Eval Sensitivity: 73.44, Eval Specificity: 89.74
I0203 12:16:11.037507 139844002608960 train.py:157] Epoch 78/80, Accuracy: 93.89, 
 Confusion Matrix: 
 [[717.  28.]
 [ 68. 757.]], Sensitivity: 91.34, Specificity: 96.43, 
 Test Accuracy: 86.85, 
 Test Confusion Matrix: 
 [[40.  1.]
 [12. 30.]], Test Sensitivity: 76.92, Test Specificity: 96.77,
 Eval Accuracy: 86.78, 
 Eval Confusion Matrix: 
 [[52.  3.]
 [12. 36.]], Eval Sensitivity: 81.25, Eval Specificity: 92.31
I0203 12:16:12.890965 139844002608960 train.py:157] Epoch 79/80, Accuracy: 94.65, 
 Confusion Matrix: 
 [[729.  28.]
 [ 56. 757.]], Sensitivity: 92.87, Specificity: 96.43, 
 Test Accuracy: 85.89, 
 Test Confusion Matrix: 
 [[39.  1.]
 [13. 30.]], Test Sensitivity: 75.00, Test Specificity: 96.77,
 Eval Accuracy: 90.12, 
 Eval Confusion Matrix: 
 [[53.  1.]
 [11. 38.]], Eval Sensitivity: 82.81, Eval Specificity: 97.44
I0203 12:16:12.935834 139844002608960 train.py:226] Finished training after 7821 steps and 80 epochs.
Model: "vgg_like"
_________________________________________________________________
Layer (type)                 Output Shape              Param #   
=================================================================
input_1 (InputLayer)         [(None, None, None, 3)]   0         
_________________________________________________________________
conv2d (Conv2D)              (None, None, None, 8)     224       
_________________________________________________________________
batch_normalization (BatchNo (None, None, None, 8)     32        
_________________________________________________________________
conv2d_1 (Conv2D)            (None, None, None, 8)     584       
_________________________________________________________________
max_pooling2d (MaxPooling2D) (None, None, None, 8)     0         
_________________________________________________________________
batch_normalization_1 (Batch (None, None, None, 8)     32        
_________________________________________________________________
conv2d_2 (Conv2D)            (None, None, None, 16)    1168      
_________________________________________________________________
batch_normalization_2 (Batch (None, None, None, 16)    64        
_________________________________________________________________
conv2d_3 (Conv2D)            (None, None, None, 16)    2320      
_________________________________________________________________
max_pooling2d_1 (MaxPooling2 (None, None, None, 16)    0         
_________________________________________________________________
batch_normalization_3 (Batch (None, None, None, 16)    64        
_________________________________________________________________
conv2d_4 (Conv2D)            (None, None, None, 32)    4640      
_________________________________________________________________
batch_normalization_4 (Batch (None, None, None, 32)    128       
_________________________________________________________________
conv2d_5 (Conv2D)            (None, None, None, 32)    9248      
_________________________________________________________________
max_pooling2d_2 (MaxPooling2 (None, None, None, 32)    0         
_________________________________________________________________
batch_normalization_5 (Batch (None, None, None, 32)    128       
_________________________________________________________________
conv2d_6 (Conv2D)            (None, None, None, 64)    18496     
_________________________________________________________________
batch_normalization_6 (Batch (None, None, None, 64)    256       
_________________________________________________________________
conv2d_7 (Conv2D)            (None, None, None, 64)    36928     
_________________________________________________________________
max_pooling2d_3 (MaxPooling2 (None, None, None, 64)    0         
_________________________________________________________________
batch_normalization_7 (Batch (None, None, None, 64)    256       
_________________________________________________________________
global_average_pooling2d (Gl (None, 64)                0         
_________________________________________________________________
dense (Dense)                (None, 128)               8320      
_________________________________________________________________
dropout (Dropout)            (None, 128)               0         
_________________________________________________________________
dense_1 (Dense)              (None, 2)                 258       
=================================================================
Total params: 83,146
Trainable params: 82,666
Non-trainable params: 480
_________________________________________________________________
