
2021-02-08 13:18:43.140596: I tensorflow/stream_executor/platform/default/dso_loader.cc:48] Successfully opened dynamic library libcudart.so.10.1
I0208 13:18:44.249771 140115793807168 datasets.py:14] Preparing dataset idrid...
I0208 13:18:44.250491 140115793807168 dataset_info.py:361] Load dataset info from /home/RUS_CIP/st169955/dl-lab-2020-team15/Project1-Diabetic_Retinopathy/idrid/1.0.0
I0208 13:18:44.251092 140115793807168 dataset_builder.py:299] Reusing dataset idrid (/home/RUS_CIP/st169955/dl-lab-2020-team15/Project1-Diabetic_Retinopathy/idrid/1.0.0)
I0208 13:18:44.251140 140115793807168 dataset_builder.py:510] Constructing tf.data.Dataset for split ['train[:80%]', 'train[80%:]', 'test'], from /home/RUS_CIP/st169955/dl-lab-2020-team15/Project1-Diabetic_Retinopathy/idrid/1.0.0
2021-02-08 13:18:44.252442: I tensorflow/stream_executor/platform/default/dso_loader.cc:48] Successfully opened dynamic library libcuda.so.1
2021-02-08 13:18:44.295492: I tensorflow/stream_executor/cuda/cuda_gpu_executor.cc:982] successful NUMA node read from SysFS had negative value (-1), but there must be at least one NUMA node, so returning NUMA node zero
2021-02-08 13:18:44.296240: I tensorflow/core/common_runtime/gpu/gpu_device.cc:1716] Found device 0 with properties:
pciBusID: 0000:21:00.0 name: GeForce RTX 2080 Ti computeCapability: 7.5
coreClock: 1.545GHz coreCount: 68 deviceMemorySize: 10.76GiB deviceMemoryBandwidth: 573.69GiB/s
2021-02-08 13:18:44.296255: I tensorflow/stream_executor/platform/default/dso_loader.cc:48] Successfully opened dynamic library libcudart.so.10.1
2021-02-08 13:18:44.297333: I tensorflow/stream_executor/platform/default/dso_loader.cc:48] Successfully opened dynamic library libcublas.so.10
2021-02-08 13:18:44.298502: I tensorflow/stream_executor/platform/default/dso_loader.cc:48] Successfully opened dynamic library libcufft.so.10
2021-02-08 13:18:44.298644: I tensorflow/stream_executor/platform/default/dso_loader.cc:48] Successfully opened dynamic library libcurand.so.10
2021-02-08 13:18:44.299663: I tensorflow/stream_executor/platform/default/dso_loader.cc:48] Successfully opened dynamic library libcusolver.so.10
2021-02-08 13:18:44.300215: I tensorflow/stream_executor/platform/default/dso_loader.cc:48] Successfully opened dynamic library libcusparse.so.10
2021-02-08 13:18:44.302582: I tensorflow/stream_executor/platform/default/dso_loader.cc:48] Successfully opened dynamic library libcudnn.so.7
2021-02-08 13:18:44.302693: I tensorflow/stream_executor/cuda/cuda_gpu_executor.cc:982] successful NUMA node read from SysFS had negative value (-1), but there must be at least one NUMA node, so returning NUMA node zero
2021-02-08 13:18:44.303467: I tensorflow/stream_executor/cuda/cuda_gpu_executor.cc:982] successful NUMA node read from SysFS had negative value (-1), but there must be at least one NUMA node, so returning NUMA node zero
2021-02-08 13:18:44.304143: I tensorflow/core/common_runtime/gpu/gpu_device.cc:1858] Adding visible gpu devices: 0
2021-02-08 13:18:44.304450: I tensorflow/core/platform/cpu_feature_guard.cc:142] This TensorFlow binary is optimized with oneAPI Deep Neural Network Library (oneDNN)to use the following CPU instructions in performance-critical operations:  AVX2 FMA
To enable them in other operations, rebuild TensorFlow with the appropriate compiler flags.
2021-02-08 13:18:44.310007: I tensorflow/core/platform/profile_utils/cpu_utils.cc:104] CPU Frequency: 3800025000 Hz
2021-02-08 13:18:44.310302: I tensorflow/compiler/xla/service/service.cc:168] XLA service 0x57ae2c0 initialized for platform Host (this does not guarantee that XLA will be used). Devices:
2021-02-08 13:18:44.310312: I tensorflow/compiler/xla/service/service.cc:176]   StreamExecutor device (0): Host, Default Version
2021-02-08 13:18:44.391158: I tensorflow/stream_executor/cuda/cuda_gpu_executor.cc:982] successful NUMA node read from SysFS had negative value (-1), but there must be at least one NUMA node, so returning NUMA node zero
2021-02-08 13:18:44.392303: I tensorflow/compiler/xla/service/service.cc:168] XLA service 0x51e8de0 initialized for platform CUDA (this does not guarantee that XLA will be used). Devices:
2021-02-08 13:18:44.392335: I tensorflow/compiler/xla/service/service.cc:176]   StreamExecutor device (0): GeForce RTX 2080 Ti, Compute Capability 7.5
2021-02-08 13:18:44.392458: I tensorflow/stream_executor/cuda/cuda_gpu_executor.cc:982] successful NUMA node read from SysFS had negative value (-1), but there must be at least one NUMA node, so returning NUMA node zero
2021-02-08 13:18:44.393153: I tensorflow/core/common_runtime/gpu/gpu_device.cc:1716] Found device 0 with properties:
pciBusID: 0000:21:00.0 name: GeForce RTX 2080 Ti computeCapability: 7.5
coreClock: 1.545GHz coreCount: 68 deviceMemorySize: 10.76GiB deviceMemoryBandwidth: 573.69GiB/s
2021-02-08 13:18:44.393177: I tensorflow/stream_executor/platform/default/dso_loader.cc:48] Successfully opened dynamic library libcudart.so.10.1
2021-02-08 13:18:44.393209: I tensorflow/stream_executor/platform/default/dso_loader.cc:48] Successfully opened dynamic library libcublas.so.10
2021-02-08 13:18:44.393218: I tensorflow/stream_executor/platform/default/dso_loader.cc:48] Successfully opened dynamic library libcufft.so.10
2021-02-08 13:18:44.393227: I tensorflow/stream_executor/platform/default/dso_loader.cc:48] Successfully opened dynamic library libcurand.so.10
2021-02-08 13:18:44.393235: I tensorflow/stream_executor/platform/default/dso_loader.cc:48] Successfully opened dynamic library libcusolver.so.10
2021-02-08 13:18:44.393242: I tensorflow/stream_executor/platform/default/dso_loader.cc:48] Successfully opened dynamic library libcusparse.so.10
2021-02-08 13:18:44.393251: I tensorflow/stream_executor/platform/default/dso_loader.cc:48] Successfully opened dynamic library libcudnn.so.7
2021-02-08 13:18:44.393286: I tensorflow/stream_executor/cuda/cuda_gpu_executor.cc:982] successful NUMA node read from SysFS had negative value (-1), but there must be at least one NUMA node, so returning NUMA node zero
2021-02-08 13:18:44.393987: I tensorflow/stream_executor/cuda/cuda_gpu_executor.cc:982] successful NUMA node read from SysFS had negative value (-1), but there must be at least one NUMA node, so returning NUMA node zero
2021-02-08 13:18:44.394674: I tensorflow/core/common_runtime/gpu/gpu_device.cc:1858] Adding visible gpu devices: 0
2021-02-08 13:18:44.394694: I tensorflow/stream_executor/platform/default/dso_loader.cc:48] Successfully opened dynamic library libcudart.so.10.1
2021-02-08 13:18:44.690487: I tensorflow/core/common_runtime/gpu/gpu_device.cc:1257] Device interconnect StreamExecutor with strength 1 edge matrix:
2021-02-08 13:18:44.690542: I tensorflow/core/common_runtime/gpu/gpu_device.cc:1263]      0
2021-02-08 13:18:44.690548: I tensorflow/core/common_runtime/gpu/gpu_device.cc:1276] 0:   N
2021-02-08 13:18:44.690777: I tensorflow/stream_executor/cuda/cuda_gpu_executor.cc:982] successful NUMA node read from SysFS had negative value (-1), but there must be at least one NUMA node, so returning NUMA node zero
2021-02-08 13:18:44.691524: I tensorflow/stream_executor/cuda/cuda_gpu_executor.cc:982] successful NUMA node read from SysFS had negative value (-1), but there must be at least one NUMA node, so returning NUMA node zero
2021-02-08 13:18:44.692219: I tensorflow/core/common_runtime/gpu/gpu_device.cc:1402] Created TensorFlow device (/job:localhost/replica:0/task:0/device:GPU:0 with 10074 MB memory) -> physical GPU (device: 0, name: GeForce RTX 2080 Ti, pci bus id: 0000:21:00.0, compute capability: 7.5)
WARNING:tensorflow:AutoGraph could not transform <function preprocess at 0x7f6ecf980160> and will run it as-is.
Please report this to the TensorFlow team. When filing the bug, set the verbosity to 10 (on Linux, `export AUTOGRAPH_VERBOSITY=10`) and attach the full output.
Cause: module 'gast' has no attribute 'Index'
To silence this warning, decorate the function with @tf.autograph.experimental.do_not_convert
W0208 13:18:44.893170 140115793807168 ag_logging.py:146] AutoGraph could not transform <function preprocess at 0x7f6ecf980160> and will run it as-is.
Please report this to the TensorFlow team. When filing the bug, set the verbosity to 10 (on Linux, `export AUTOGRAPH_VERBOSITY=10`) and attach the full output.
Cause: module 'gast' has no attribute 'Index'
To silence this warning, decorate the function with @tf.autograph.experimental.do_not_convert
I0208 13:19:00.061313 140115793807168 train.py:121] Initializing from scratch.
2021-02-08 13:19:01.040115: I tensorflow/stream_executor/platform/default/dso_loader.cc:48] Successfully opened dynamic library libcublas.so.10
2021-02-08 13:19:01.162875: I tensorflow/stream_executor/platform/default/dso_loader.cc:48] Successfully opened dynamic library libcudnn.so.7
I0208 13:19:06.421206 140115793807168 train.py:157] Epoch 1/80, Accuracy: 66.76,
 Confusion Matrix:
 [[167.  58.]
 [ 40.  65.]], Sensitivity: 80.68, Specificity: 52.85,
 Test Accuracy: 50.00,
 Test Confusion Matrix:
 [[52. 31.]
 [ 0.  0.]], Test Sensitivity: 100.00, Test Specificity: 0.00,
 Eval Accuracy: 50.00,
 Eval Confusion Matrix:
 [[64. 39.]
 [ 0.  0.]], Eval Sensitivity: 100.00, Eval Specificity: 0.00
I0208 13:19:06.917480 140115793807168 train.py:157] Epoch 2/80, Accuracy: 67.80,
 Confusion Matrix:
 [[173.  59.]
 [ 34.  64.]], Sensitivity: 83.57, Specificity: 52.03,
 Test Accuracy: 50.00,
 Test Confusion Matrix:
 [[52. 31.]
 [ 0.  0.]], Test Sensitivity: 100.00, Test Specificity: 0.00,
 Eval Accuracy: 50.00,
 Eval Confusion Matrix:
 [[64. 39.]
 [ 0.  0.]], Eval Sensitivity: 100.00, Eval Specificity: 0.00
I0208 13:19:07.335334 140115793807168 train.py:157] Epoch 3/80, Accuracy: 73.81,
 Confusion Matrix:
 [[176.  46.]
 [ 31.  77.]], Sensitivity: 85.02, Specificity: 62.60,
 Test Accuracy: 50.00,
 Test Confusion Matrix:
 [[52. 31.]
 [ 0.  0.]], Test Sensitivity: 100.00, Test Specificity: 0.00,
 Eval Accuracy: 50.00,
 Eval Confusion Matrix:
 [[64. 39.]
 [ 0.  0.]], Eval Sensitivity: 100.00, Eval Specificity: 0.00
I0208 13:19:07.756421 140115793807168 train.py:157] Epoch 4/80, Accuracy: 74.31,
 Confusion Matrix:
 [[173.  43.]
 [ 34.  80.]], Sensitivity: 83.57, Specificity: 65.04,
 Test Accuracy: 59.68,
 Test Confusion Matrix:
 [[52. 25.]
 [ 0.  6.]], Test Sensitivity: 100.00, Test Specificity: 19.35,
 Eval Accuracy: 51.28,
 Eval Confusion Matrix:
 [[64. 38.]
 [ 0.  1.]], Eval Sensitivity: 100.00, Eval Specificity: 2.56
I0208 13:19:08.174140 140115793807168 train.py:157] Epoch 5/80, Accuracy: 78.59,
 Confusion Matrix:
 [[184.  39.]
 [ 23.  84.]], Sensitivity: 88.89, Specificity: 68.29,
 Test Accuracy: 50.00,
 Test Confusion Matrix:
 [[52. 31.]
 [ 0.  0.]], Test Sensitivity: 100.00, Test Specificity: 0.00,
 Eval Accuracy: 50.00,
 Eval Confusion Matrix:
 [[64. 39.]
 [ 0.  0.]], Eval Sensitivity: 100.00, Eval Specificity: 0.00
I0208 13:19:08.586495 140115793807168 train.py:157] Epoch 6/80, Accuracy: 79.09,
 Confusion Matrix:
 [[181.  36.]
 [ 26.  87.]], Sensitivity: 87.44, Specificity: 70.73,
 Test Accuracy: 59.68,
 Test Confusion Matrix:
 [[52. 25.]
 [ 0.  6.]], Test Sensitivity: 100.00, Test Specificity: 19.35,
 Eval Accuracy: 50.00,
 Eval Confusion Matrix:
 [[64. 39.]
 [ 0.  0.]], Eval Sensitivity: 100.00, Eval Specificity: 0.00
I0208 13:19:08.999476 140115793807168 train.py:157] Epoch 7/80, Accuracy: 79.01,
 Confusion Matrix:
 [[179.  35.]
 [ 28.  88.]], Sensitivity: 86.47, Specificity: 71.54,
 Test Accuracy: 58.06,
 Test Confusion Matrix:
 [[52. 26.]
 [ 0.  5.]], Test Sensitivity: 100.00, Test Specificity: 16.13,
 Eval Accuracy: 51.28,
 Eval Confusion Matrix:
 [[64. 38.]
 [ 0.  1.]], Eval Sensitivity: 100.00, Eval Specificity: 2.56
I0208 13:19:09.410814 140115793807168 train.py:157] Epoch 8/80, Accuracy: 79.99,
 Confusion Matrix:
 [[178.  32.]
 [ 29.  91.]], Sensitivity: 85.99, Specificity: 73.98,
 Test Accuracy: 56.45,
 Test Confusion Matrix:
 [[52. 27.]
 [ 0.  4.]], Test Sensitivity: 100.00, Test Specificity: 12.90,
 Eval Accuracy: 50.00,
 Eval Confusion Matrix:
 [[64. 39.]
 [ 0.  0.]], Eval Sensitivity: 100.00, Eval Specificity: 0.00
I0208 13:19:09.819759 140115793807168 train.py:157] Epoch 9/80, Accuracy: 84.03,
 Confusion Matrix:
 [[188.  28.]
 [ 19.  95.]], Sensitivity: 90.82, Specificity: 77.24,
 Test Accuracy: 54.84,
 Test Confusion Matrix:
 [[52. 28.]
 [ 0.  3.]], Test Sensitivity: 100.00, Test Specificity: 9.68,
 Eval Accuracy: 55.13,
 Eval Confusion Matrix:
 [[64. 35.]
 [ 0.  4.]], Eval Sensitivity: 100.00, Eval Specificity: 10.26
I0208 13:19:10.227071 140115793807168 train.py:157] Epoch 10/80, Accuracy: 82.41,
 Confusion Matrix:
 [[183.  29.]
 [ 24.  94.]], Sensitivity: 88.41, Specificity: 76.42,
 Test Accuracy: 75.19,
 Test Confusion Matrix:
 [[48. 13.]
 [ 4. 18.]], Test Sensitivity: 92.31, Test Specificity: 58.06,
 Eval Accuracy: 67.11,
 Eval Confusion Matrix:
 [[58. 22.]
 [ 6. 17.]], Eval Sensitivity: 90.62, Eval Specificity: 43.59
I0208 13:19:10.640705 140115793807168 train.py:157] Epoch 11/80, Accuracy: 84.85,
 Confusion Matrix:
 [[183.  23.]
 [ 24. 100.]], Sensitivity: 88.41, Specificity: 81.30,
 Test Accuracy: 75.59,
 Test Confusion Matrix:
 [[35.  5.]
 [17. 26.]], Test Sensitivity: 67.31, Test Specificity: 83.87,
 Eval Accuracy: 77.96,
 Eval Confusion Matrix:
 [[44.  5.]
 [20. 34.]], Eval Sensitivity: 68.75, Eval Specificity: 87.18
I0208 13:19:11.049687 140115793807168 train.py:157] Epoch 12/80, Accuracy: 84.93,
 Confusion Matrix:
 [[185.  24.]
 [ 22.  99.]], Sensitivity: 89.37, Specificity: 80.49,
 Test Accuracy: 79.47,
 Test Confusion Matrix:
 [[34.  2.]
 [18. 29.]], Test Sensitivity: 65.38, Test Specificity: 93.55,
 Eval Accuracy: 75.68,
 Eval Confusion Matrix:
 [[46.  8.]
 [18. 31.]], Eval Sensitivity: 71.88, Eval Specificity: 79.49
I0208 13:19:11.461205 140115793807168 train.py:157] Epoch 13/80, Accuracy: 83.55,
 Confusion Matrix:
 [[186.  28.]
 [ 21.  95.]], Sensitivity: 89.86, Specificity: 77.24,
 Test Accuracy: 66.35,
 Test Confusion Matrix:
 [[17.  0.]
 [35. 31.]], Test Sensitivity: 32.69, Test Specificity: 100.00,
 Eval Accuracy: 65.62,
 Eval Confusion Matrix:
 [[20.  0.]
 [44. 39.]], Eval Sensitivity: 31.25, Eval Specificity: 100.00
I0208 13:19:11.870483 140115793807168 train.py:157] Epoch 14/80, Accuracy: 88.34,
 Confusion Matrix:
 [[189.  18.]
 [ 18. 105.]], Sensitivity: 91.30, Specificity: 85.37,
 Test Accuracy: 58.72,
 Test Confusion Matrix:
 [[51. 25.]
 [ 1.  6.]], Test Sensitivity: 98.08, Test Specificity: 19.35,
 Eval Accuracy: 51.28,
 Eval Confusion Matrix:
 [[64. 38.]
 [ 0.  1.]], Eval Sensitivity: 100.00, Eval Specificity: 2.56
I0208 13:19:12.285016 140115793807168 train.py:157] Epoch 15/80, Accuracy: 83.95,
 Confusion Matrix:
 [[186.  27.]
 [ 21.  96.]], Sensitivity: 89.86, Specificity: 78.05,
 Test Accuracy: 51.61,
 Test Confusion Matrix:
 [[52. 30.]
 [ 0.  1.]], Test Sensitivity: 100.00, Test Specificity: 3.23,
 Eval Accuracy: 50.00,
 Eval Confusion Matrix:
 [[64. 39.]
 [ 0.  0.]], Eval Sensitivity: 100.00, Eval Specificity: 0.00
I0208 13:19:12.693658 140115793807168 train.py:157] Epoch 16/80, Accuracy: 84.61,
 Confusion Matrix:
 [[182.  23.]
 [ 25. 100.]], Sensitivity: 87.92, Specificity: 81.30,
 Test Accuracy: 68.73,
 Test Confusion Matrix:
 [[48. 17.]
 [ 4. 14.]], Test Sensitivity: 92.31, Test Specificity: 45.16,
 Eval Accuracy: 59.98,
 Eval Confusion Matrix:
 [[62. 30.]
 [ 2.  9.]], Eval Sensitivity: 96.88, Eval Specificity: 23.08
I0208 13:19:13.108425 140115793807168 train.py:157] Epoch 17/80, Accuracy: 89.07,
 Confusion Matrix:
 [[187.  15.]
 [ 20. 108.]], Sensitivity: 90.34, Specificity: 87.80,
 Test Accuracy: 76.18,
 Test Confusion Matrix:
 [[44. 10.]
 [ 8. 21.]], Test Sensitivity: 84.62, Test Specificity: 67.74,
 Eval Accuracy: 82.71,
 Eval Confusion Matrix:
 [[55.  8.]
 [ 9. 31.]], Eval Sensitivity: 85.94, Eval Specificity: 79.49
I0208 13:19:13.515666 140115793807168 train.py:157] Epoch 18/80, Accuracy: 88.41,
 Confusion Matrix:
 [[191.  19.]
 [ 16. 104.]], Sensitivity: 92.27, Specificity: 84.55,
 Test Accuracy: 58.72,
 Test Confusion Matrix:
 [[51. 25.]
 [ 1.  6.]], Test Sensitivity: 98.08, Test Specificity: 19.35,
 Eval Accuracy: 58.19,
 Eval Confusion Matrix:
 [[63. 32.]
 [ 1.  7.]], Eval Sensitivity: 98.44, Eval Specificity: 17.95
I0208 13:19:13.936851 140115793807168 train.py:157] Epoch 19/80, Accuracy: 88.18,
 Confusion Matrix:
 [[185.  16.]
 [ 22. 107.]], Sensitivity: 89.37, Specificity: 86.99,
 Test Accuracy: 72.30,
 Test Confusion Matrix:
 [[45. 13.]
 [ 7. 18.]], Test Sensitivity: 86.54, Test Specificity: 58.06,
 Eval Accuracy: 54.29,
 Eval Confusion Matrix:
 [[58. 32.]
 [ 6.  7.]], Eval Sensitivity: 90.62, Eval Specificity: 17.95
I0208 13:19:14.358418 140115793807168 train.py:157] Epoch 20/80, Accuracy: 86.15,
 Confusion Matrix:
 [[185.  21.]
 [ 22. 102.]], Sensitivity: 89.37, Specificity: 82.93,
 Test Accuracy: 68.58,
 Test Confusion Matrix:
 [[21.  1.]
 [31. 30.]], Test Sensitivity: 40.38, Test Specificity: 96.77,
 Eval Accuracy: 66.47,
 Eval Confusion Matrix:
 [[26.  3.]
 [38. 36.]], Eval Sensitivity: 40.62, Eval Specificity: 92.31
I0208 13:19:14.780788 140115793807168 train.py:157] Epoch 21/80, Accuracy: 87.29,
 Confusion Matrix:
 [[183.  17.]
 [ 24. 106.]], Sensitivity: 88.41, Specificity: 86.18,
 Test Accuracy: 75.28,
 Test Confusion Matrix:
 [[33.  4.]
 [19. 27.]], Test Sensitivity: 63.46, Test Specificity: 87.10,
 Eval Accuracy: 74.12,
 Eval Confusion Matrix:
 [[44.  8.]
 [20. 31.]], Eval Sensitivity: 68.75, Eval Specificity: 79.49
I0208 13:19:15.204841 140115793807168 train.py:157] Epoch 22/80, Accuracy: 88.65,
 Confusion Matrix:
 [[192.  19.]
 [ 15. 104.]], Sensitivity: 92.75, Specificity: 84.55,
 Test Accuracy: 64.42,
 Test Confusion Matrix:
 [[15.  0.]
 [37. 31.]], Test Sensitivity: 28.85, Test Specificity: 100.00,
 Eval Accuracy: 65.62,
 Eval Confusion Matrix:
 [[20.  0.]
 [44. 39.]], Eval Sensitivity: 31.25, Eval Specificity: 100.00
I0208 13:19:15.623067 140115793807168 train.py:157] Epoch 23/80, Accuracy: 90.28,
 Confusion Matrix:
 [[192.  15.]
 [ 15. 108.]], Sensitivity: 92.75, Specificity: 87.80,
 Test Accuracy: 81.98,
 Test Confusion Matrix:
 [[45.  7.]
 [ 7. 24.]], Test Sensitivity: 86.54, Test Specificity: 77.42,
 Eval Accuracy: 87.84,
 Eval Confusion Matrix:
 [[55.  4.]
 [ 9. 35.]], Eval Sensitivity: 85.94, Eval Specificity: 89.74
I0208 13:19:16.046944 140115793807168 train.py:157] Epoch 24/80, Accuracy: 91.58,
 Confusion Matrix:
 [[194.  13.]
 [ 13. 110.]], Sensitivity: 93.72, Specificity: 89.43,
 Test Accuracy: 77.51,
 Test Confusion Matrix:
 [[37.  5.]
 [15. 26.]], Test Sensitivity: 71.15, Test Specificity: 83.87,
 Eval Accuracy: 72.90,
 Eval Confusion Matrix:
 [[49. 12.]
 [15. 27.]], Eval Sensitivity: 76.56, Eval Specificity: 69.23
I0208 13:19:16.464627 140115793807168 train.py:157] Epoch 25/80, Accuracy: 92.46,
 Confusion Matrix:
 [[196.  12.]
 [ 11. 111.]], Sensitivity: 94.69, Specificity: 90.24,
 Test Accuracy: 54.22,
 Test Confusion Matrix:
 [[48. 26.]
 [ 4.  5.]], Test Sensitivity: 92.31, Test Specificity: 16.13,
 Eval Accuracy: 59.98,
 Eval Confusion Matrix:
 [[62. 30.]
 [ 2.  9.]], Eval Sensitivity: 96.88, Eval Specificity: 23.08
I0208 13:19:16.886430 140115793807168 train.py:157] Epoch 26/80, Accuracy: 86.39,
 Confusion Matrix:
 [[186.  21.]
 [ 21. 102.]], Sensitivity: 89.86, Specificity: 82.93,
 Test Accuracy: 55.77,
 Test Confusion Matrix:
 [[ 6.  0.]
 [46. 31.]], Test Sensitivity: 11.54, Test Specificity: 100.00,
 Eval Accuracy: 58.59,
 Eval Confusion Matrix:
 [[11.  0.]
 [53. 39.]], Eval Sensitivity: 17.19, Eval Specificity: 100.00
I0208 13:19:17.309452 140115793807168 train.py:157] Epoch 27/80, Accuracy: 95.39,
 Confusion Matrix:
 [[198.   6.]
 [  9. 117.]], Sensitivity: 95.65, Specificity: 95.12,
 Test Accuracy: 74.22,
 Test Confusion Matrix:
 [[47. 13.]
 [ 5. 18.]], Test Sensitivity: 90.38, Test Specificity: 58.06,
 Eval Accuracy: 75.30,
 Eval Confusion Matrix:
 [[57. 15.]
 [ 7. 24.]], Eval Sensitivity: 89.06, Eval Specificity: 61.54
I0208 13:19:17.741084 140115793807168 train.py:157] Epoch 28/80, Accuracy: 94.17,
 Confusion Matrix:
 [[198.   9.]
 [  9. 114.]], Sensitivity: 95.65, Specificity: 92.68,
 Test Accuracy: 75.56,
 Test Confusion Matrix:
 [[40.  8.]
 [12. 23.]], Test Sensitivity: 76.92, Test Specificity: 74.19,
 Eval Accuracy: 69.05,
 Eval Confusion Matrix:
 [[49. 15.]
 [15. 24.]], Eval Sensitivity: 76.56, Eval Specificity: 61.54
I0208 13:19:18.166690 140115793807168 train.py:157] Epoch 29/80, Accuracy: 96.02,
 Confusion Matrix:
 [[204.   8.]
 [  3. 115.]], Sensitivity: 98.55, Specificity: 93.50,
 Test Accuracy: 78.16,
 Test Confusion Matrix:
 [[36.  4.]
 [16. 27.]], Test Sensitivity: 69.23, Test Specificity: 87.10,
 Eval Accuracy: 78.53,
 Eval Confusion Matrix:
 [[48.  7.]
 [16. 32.]], Eval Sensitivity: 75.00, Eval Specificity: 82.05
I0208 13:19:18.582551 140115793807168 train.py:157] Epoch 30/80, Accuracy: 87.69,
 Confusion Matrix:
 [[188.  19.]
 [ 19. 104.]], Sensitivity: 90.82, Specificity: 84.55,
 Test Accuracy: 80.33,
 Test Confusion Matrix:
 [[50. 11.]
 [ 2. 20.]], Test Sensitivity: 96.15, Test Specificity: 64.52,
 Eval Accuracy: 65.10,
 Eval Confusion Matrix:
 [[62. 26.]
 [ 2. 13.]], Eval Sensitivity: 96.88, Eval Specificity: 33.33
I0208 13:19:19.001801 140115793807168 train.py:157] Epoch 31/80, Accuracy: 91.33,
 Confusion Matrix:
 [[193.  13.]
 [ 14. 110.]], Sensitivity: 93.24, Specificity: 89.43,
 Test Accuracy: 79.03,
 Test Confusion Matrix:
 [[52. 13.]
 [ 0. 18.]], Test Sensitivity: 100.00, Test Specificity: 58.06,
 Eval Accuracy: 63.54,
 Eval Confusion Matrix:
 [[60. 26.]
 [ 4. 13.]], Eval Sensitivity: 93.75, Eval Specificity: 33.33
I0208 13:19:19.421331 140115793807168 train.py:157] Epoch 32/80, Accuracy: 89.55,
 Confusion Matrix:
 [[189.  15.]
 [ 18. 108.]], Sensitivity: 91.30, Specificity: 87.80,
 Test Accuracy: 79.40,
 Test Confusion Matrix:
 [[44.  8.]
 [ 8. 23.]], Test Sensitivity: 84.62, Test Specificity: 74.19,
 Eval Accuracy: 82.21,
 Eval Confusion Matrix:
 [[56.  9.]
 [ 8. 30.]], Eval Sensitivity: 87.50, Eval Specificity: 76.92
I0208 13:19:19.843520 140115793807168 train.py:157] Epoch 33/80, Accuracy: 91.02,
 Confusion Matrix:
 [[190.  12.]
 [ 17. 111.]], Sensitivity: 91.79, Specificity: 90.24,
 Test Accuracy: 52.88,
 Test Confusion Matrix:
 [[ 3.  0.]
 [49. 31.]], Test Sensitivity: 5.77, Test Specificity: 100.00,
 Eval Accuracy: 57.03,
 Eval Confusion Matrix:
 [[ 9.  0.]
 [55. 39.]], Eval Sensitivity: 14.06, Eval Specificity: 100.00
I0208 13:19:20.266463 140115793807168 train.py:157] Epoch 34/80, Accuracy: 92.71,
 Confusion Matrix:
 [[197.  12.]
 [ 10. 111.]], Sensitivity: 95.17, Specificity: 90.24,
 Test Accuracy: 74.04,
 Test Confusion Matrix:
 [[25.  0.]
 [27. 31.]], Test Sensitivity: 48.08, Test Specificity: 100.00,
 Eval Accuracy: 74.50,
 Eval Confusion Matrix:
 [[33.  1.]
 [31. 38.]], Eval Sensitivity: 51.56, Eval Specificity: 97.44
I0208 13:19:20.688566 140115793807168 train.py:157] Epoch 35/80, Accuracy: 94.74,
 Confusion Matrix:
 [[197.   7.]
 [ 10. 116.]], Sensitivity: 95.17, Specificity: 94.31,
 Test Accuracy: 72.92,
 Test Confusion Matrix:
 [[49. 15.]
 [ 3. 16.]], Test Sensitivity: 94.23, Test Specificity: 51.61,
 Eval Accuracy: 68.89,
 Eval Confusion Matrix:
 [[57. 20.]
 [ 7. 19.]], Eval Sensitivity: 89.06, Eval Specificity: 48.72
I0208 13:19:21.116159 140115793807168 train.py:157] Epoch 36/80, Accuracy: 95.87,
 Confusion Matrix:
 [[200.   6.]
 [  7. 117.]], Sensitivity: 96.62, Specificity: 95.12,
 Test Accuracy: 78.72,
 Test Confusion Matrix:
 [[50. 12.]
 [ 2. 19.]], Test Sensitivity: 96.15, Test Specificity: 61.29,
 Eval Accuracy: 64.04,
 Eval Confusion Matrix:
 [[59. 25.]
 [ 5. 14.]], Eval Sensitivity: 92.19, Eval Specificity: 35.90
I0208 13:19:21.530555 140115793807168 train.py:157] Epoch 37/80, Accuracy: 95.46,
 Confusion Matrix:
 [[200.   7.]
 [  7. 116.]], Sensitivity: 96.62, Specificity: 94.31,
 Test Accuracy: 64.86,
 Test Confusion Matrix:
 [[49. 20.]
 [ 3. 11.]], Test Sensitivity: 94.23, Test Specificity: 35.48,
 Eval Accuracy: 63.76,
 Eval Confusion Matrix:
 [[57. 24.]
 [ 7. 15.]], Eval Sensitivity: 89.06, Eval Specificity: 38.46
I0208 13:19:21.948409 140115793807168 train.py:157] Epoch 38/80, Accuracy: 93.28,
 Confusion Matrix:
 [[196.  10.]
 [ 11. 113.]], Sensitivity: 94.69, Specificity: 91.87,
 Test Accuracy: 51.92,
 Test Confusion Matrix:
 [[ 2.  0.]
 [50. 31.]], Test Sensitivity: 3.85, Test Specificity: 100.00,
 Eval Accuracy: 53.91,
 Eval Confusion Matrix:
 [[ 5.  0.]
 [59. 39.]], Eval Sensitivity: 7.81, Eval Specificity: 100.00
I0208 13:19:22.367118 140115793807168 train.py:157] Epoch 39/80, Accuracy: 97.81,
 Confusion Matrix:
 [[203.   3.]
 [  4. 120.]], Sensitivity: 98.07, Specificity: 97.56,
 Test Accuracy: 69.54,
 Test Confusion Matrix:
 [[22.  1.]
 [30. 30.]], Test Sensitivity: 42.31, Test Specificity: 96.77,
 Eval Accuracy: 70.31,
 Eval Confusion Matrix:
 [[26.  0.]
 [38. 39.]], Eval Sensitivity: 40.62, Eval Specificity: 100.00
I0208 13:19:22.788032 140115793807168 train.py:157] Epoch 40/80, Accuracy: 95.22,
 Confusion Matrix:
 [[199.   7.]
 [  8. 116.]], Sensitivity: 96.14, Specificity: 94.31,
 Test Accuracy: 62.50,
 Test Confusion Matrix:
 [[13.  0.]
 [39. 31.]], Test Sensitivity: 25.00, Test Specificity: 100.00,
 Eval Accuracy: 64.06,
 Eval Confusion Matrix:
 [[18.  0.]
 [46. 39.]], Eval Sensitivity: 28.12, Eval Specificity: 100.00
I0208 13:19:23.203743 140115793807168 train.py:157] Epoch 41/80, Accuracy: 93.76,
 Confusion Matrix:
 [[198.  10.]
 [  9. 113.]], Sensitivity: 95.65, Specificity: 91.87,
 Test Accuracy: 50.00,
 Test Confusion Matrix:
 [[52. 31.]
 [ 0.  0.]], Test Sensitivity: 100.00, Test Specificity: 0.00,
 Eval Accuracy: 53.85,
 Eval Confusion Matrix:
 [[64. 36.]
 [ 0.  3.]], Eval Sensitivity: 100.00, Eval Specificity: 7.69
I0208 13:19:23.629917 140115793807168 train.py:157] Epoch 42/80, Accuracy: 95.87,
 Confusion Matrix:
 [[200.   6.]
 [  7. 117.]], Sensitivity: 96.62, Specificity: 95.12,
 Test Accuracy: 76.83,
 Test Confusion Matrix:
 [[43.  9.]
 [ 9. 22.]], Test Sensitivity: 82.69, Test Specificity: 70.97,
 Eval Accuracy: 67.77,
 Eval Confusion Matrix:
 [[49. 16.]
 [15. 23.]], Eval Sensitivity: 76.56, Eval Specificity: 58.97
I0208 13:19:24.051175 140115793807168 train.py:157] Epoch 43/80, Accuracy: 98.70,
 Confusion Matrix:
 [[205.   2.]
 [  2. 121.]], Sensitivity: 99.03, Specificity: 98.37,
 Test Accuracy: 69.04,
 Test Confusion Matrix:
 [[50. 18.]
 [ 2. 13.]], Test Sensitivity: 96.15, Test Specificity: 41.94,
 Eval Accuracy: 66.61,
 Eval Confusion Matrix:
 [[59. 23.]
 [ 5. 16.]], Eval Sensitivity: 92.19, Eval Specificity: 41.03
I0208 13:19:24.470996 140115793807168 train.py:157] Epoch 44/80, Accuracy: 98.22,
 Confusion Matrix:
 [[203.   2.]
 [  4. 121.]], Sensitivity: 98.07, Specificity: 98.37,
 Test Accuracy: 79.16,
 Test Confusion Matrix:
 [[32.  1.]
 [20. 30.]], Test Sensitivity: 61.54, Test Specificity: 96.77,
 Eval Accuracy: 75.06,
 Eval Confusion Matrix:
 [[37.  3.]
 [27. 36.]], Eval Sensitivity: 57.81, Eval Specificity: 92.31
I0208 13:19:24.890448 140115793807168 train.py:157] Epoch 45/80, Accuracy: 99.52,
 Confusion Matrix:
 [[205.   0.]
 [  2. 123.]], Sensitivity: 99.03, Specificity: 100.00,
 Test Accuracy: 53.23,
 Test Confusion Matrix:
 [[52. 29.]
 [ 0.  2.]], Test Sensitivity: 100.00, Test Specificity: 6.45,
 Eval Accuracy: 52.56,
 Eval Confusion Matrix:
 [[64. 37.]
 [ 0.  2.]], Eval Sensitivity: 100.00, Eval Specificity: 5.13
I0208 13:19:25.314076 140115793807168 train.py:157] Epoch 46/80, Accuracy: 92.95,
 Confusion Matrix:
 [[198.  12.]
 [  9. 111.]], Sensitivity: 95.65, Specificity: 90.24,
 Test Accuracy: 57.69,
 Test Confusion Matrix:
 [[ 8.  0.]
 [44. 31.]], Test Sensitivity: 15.38, Test Specificity: 100.00,
 Eval Accuracy: 61.72,
 Eval Confusion Matrix:
 [[15.  0.]
 [49. 39.]], Eval Sensitivity: 23.44, Eval Specificity: 100.00
I0208 13:19:25.745119 140115793807168 train.py:157] Epoch 47/80, Accuracy: 89.71,
 Confusion Matrix:
 [[193.  17.]
 [ 14. 106.]], Sensitivity: 93.24, Specificity: 86.18,
 Test Accuracy: 58.72,
 Test Confusion Matrix:
 [[51. 25.]
 [ 1.  6.]], Test Sensitivity: 98.08, Test Specificity: 19.35,
 Eval Accuracy: 53.85,
 Eval Confusion Matrix:
 [[64. 36.]
 [ 0.  3.]], Eval Sensitivity: 100.00, Eval Specificity: 7.69
I0208 13:19:26.162220 140115793807168 train.py:157] Epoch 48/80, Accuracy: 98.46,
 Confusion Matrix:
 [[204.   2.]
 [  3. 121.]], Sensitivity: 98.55, Specificity: 98.37,
 Test Accuracy: 61.54,
 Test Confusion Matrix:
 [[12.  0.]
 [40. 31.]], Test Sensitivity: 23.08, Test Specificity: 100.00,
 Eval Accuracy: 63.28,
 Eval Confusion Matrix:
 [[17.  0.]
 [47. 39.]], Eval Sensitivity: 26.56, Eval Specificity: 100.00
I0208 13:19:26.581248 140115793807168 train.py:157] Epoch 49/80, Accuracy: 98.95,
 Confusion Matrix:
 [[206.   2.]
 [  1. 121.]], Sensitivity: 99.52, Specificity: 98.37,
 Test Accuracy: 74.97,
 Test Confusion Matrix:
 [[31.  3.]
 [21. 28.]], Test Sensitivity: 59.62, Test Specificity: 90.32,
 Eval Accuracy: 78.97,
 Eval Confusion Matrix:
 [[42.  3.]
 [22. 36.]], Eval Sensitivity: 65.62, Eval Specificity: 92.31
I0208 13:19:26.999139 140115793807168 train.py:157] Epoch 50/80, Accuracy: 100.00,
 Confusion Matrix:
 [[207.   0.]
 [  0. 123.]], Sensitivity: 100.00, Specificity: 100.00,
 Test Accuracy: 76.89,
 Test Confusion Matrix:
 [[33.  3.]
 [19. 28.]], Test Sensitivity: 63.46, Test Specificity: 90.32,
 Eval Accuracy: 79.75,
 Eval Confusion Matrix:
 [[43.  3.]
 [21. 36.]], Eval Sensitivity: 67.19, Eval Specificity: 92.31
I0208 13:19:27.419776 140115793807168 train.py:157] Epoch 51/80, Accuracy: 93.76,
 Confusion Matrix:
 [[198.  10.]
 [  9. 113.]], Sensitivity: 95.65, Specificity: 91.87,
 Test Accuracy: 73.60,
 Test Confusion Matrix:
 [[43. 11.]
 [ 9. 20.]], Test Sensitivity: 82.69, Test Specificity: 64.52,
 Eval Accuracy: 68.83,
 Eval Confusion Matrix:
 [[52. 17.]
 [12. 22.]], Eval Sensitivity: 81.25, Eval Specificity: 56.41
I0208 13:19:27.847798 140115793807168 train.py:157] Epoch 52/80, Accuracy: 99.11,
 Confusion Matrix:
 [[205.   1.]
 [  2. 122.]], Sensitivity: 99.03, Specificity: 99.19,
 Test Accuracy: 70.47,
 Test Confusion Matrix:
 [[28.  4.]
 [24. 27.]], Test Sensitivity: 53.85, Test Specificity: 87.10,
 Eval Accuracy: 72.72,
 Eval Confusion Matrix:
 [[34.  3.]
 [30. 36.]], Eval Sensitivity: 53.12, Eval Specificity: 92.31
I0208 13:19:28.267552 140115793807168 train.py:157] Epoch 53/80, Accuracy: 98.46,
 Confusion Matrix:
 [[204.   2.]
 [  3. 121.]], Sensitivity: 98.55, Specificity: 98.37,
 Test Accuracy: 79.40,
 Test Confusion Matrix:
 [[44.  8.]
 [ 8. 23.]], Test Sensitivity: 84.62, Test Specificity: 74.19,
 Eval Accuracy: 75.02,
 Eval Confusion Matrix:
 [[55. 14.]
 [ 9. 25.]], Eval Sensitivity: 85.94, Eval Specificity: 64.10
I0208 13:19:28.686248 140115793807168 train.py:157] Epoch 54/80, Accuracy: 100.00,
 Confusion Matrix:
 [[207.   0.]
 [  0. 123.]], Sensitivity: 100.00, Specificity: 100.00,
 Test Accuracy: 61.29,
 Test Confusion Matrix:
 [[52. 24.]
 [ 0.  7.]], Test Sensitivity: 100.00, Test Specificity: 22.58,
 Eval Accuracy: 52.56,
 Eval Confusion Matrix:
 [[64. 37.]
 [ 0.  2.]], Eval Sensitivity: 100.00, Eval Specificity: 5.13
I0208 13:19:29.100462 140115793807168 train.py:157] Epoch 55/80, Accuracy: 99.76,
 Confusion Matrix:
 [[206.   0.]
 [  1. 123.]], Sensitivity: 99.52, Specificity: 100.00,
 Test Accuracy: 76.86,
 Test Confusion Matrix:
 [[38.  6.]
 [14. 25.]], Test Sensitivity: 73.08, Test Specificity: 80.65,
 Eval Accuracy: 77.24,
 Eval Confusion Matrix:
 [[48.  8.]
 [16. 31.]], Eval Sensitivity: 75.00, Eval Specificity: 79.49
I0208 13:19:29.516968 140115793807168 train.py:157] Epoch 56/80, Accuracy: 98.06,
 Confusion Matrix:
 [[204.   3.]
 [  3. 120.]], Sensitivity: 98.55, Specificity: 97.56,
 Test Accuracy: 67.74,
 Test Confusion Matrix:
 [[52. 20.]
 [ 0. 11.]], Test Sensitivity: 100.00, Test Specificity: 35.48,
 Eval Accuracy: 56.13,
 Eval Confusion Matrix:
 [[62. 33.]
 [ 2.  6.]], Eval Sensitivity: 96.88, Eval Specificity: 15.38
I0208 13:19:29.931842 140115793807168 train.py:157] Epoch 57/80, Accuracy: 100.00,
 Confusion Matrix:
 [[207.   0.]
 [  0. 123.]], Sensitivity: 100.00, Specificity: 100.00,
 Test Accuracy: 66.13,
 Test Confusion Matrix:
 [[52. 21.]
 [ 0. 10.]], Test Sensitivity: 100.00, Test Specificity: 32.26,
 Eval Accuracy: 53.29,
 Eval Confusion Matrix:
 [[60. 34.]
 [ 4.  5.]], Eval Sensitivity: 93.75, Eval Specificity: 12.82
I0208 13:19:30.350518 140115793807168 train.py:157] Epoch 58/80, Accuracy: 100.00,
 Confusion Matrix:
 [[207.   0.]
 [  0. 123.]], Sensitivity: 100.00, Specificity: 100.00,
 Test Accuracy: 64.52,
 Test Confusion Matrix:
 [[52. 22.]
 [ 0.  9.]], Test Sensitivity: 100.00, Test Specificity: 29.03,
 Eval Accuracy: 51.22,
 Eval Confusion Matrix:
 [[59. 35.]
 [ 5.  4.]], Eval Sensitivity: 92.19, Eval Specificity: 10.26
I0208 13:19:30.774108 140115793807168 train.py:157] Epoch 59/80, Accuracy: 96.52,
 Confusion Matrix:
 [[201.   5.]
 [  6. 118.]], Sensitivity: 97.10, Specificity: 95.93,
 Test Accuracy: 54.81,
 Test Confusion Matrix:
 [[ 5.  0.]
 [47. 31.]], Test Sensitivity: 9.62, Test Specificity: 100.00,
 Eval Accuracy: 54.69,
 Eval Confusion Matrix:
 [[ 6.  0.]
 [58. 39.]], Eval Sensitivity: 9.38, Eval Specificity: 100.00
I0208 13:19:31.199306 140115793807168 train.py:157] Epoch 60/80, Accuracy: 96.35,
 Confusion Matrix:
 [[202.   6.]
 [  5. 117.]], Sensitivity: 97.58, Specificity: 95.12,
 Test Accuracy: 73.36,
 Test Confusion Matrix:
 [[31.  4.]
 [21. 27.]], Test Sensitivity: 59.62, Test Specificity: 87.10,
 Eval Accuracy: 76.12,
 Eval Confusion Matrix:
 [[40.  4.]
 [24. 35.]], Eval Sensitivity: 62.50, Eval Specificity: 89.74
I0208 13:19:31.626774 140115793807168 train.py:157] Epoch 61/80, Accuracy: 94.00,
 Confusion Matrix:
 [[199.  10.]
 [  8. 113.]], Sensitivity: 96.14, Specificity: 91.87,
 Test Accuracy: 58.72,
 Test Confusion Matrix:
 [[51. 25.]
 [ 1.  6.]], Test Sensitivity: 98.08, Test Specificity: 19.35,
 Eval Accuracy: 55.13,
 Eval Confusion Matrix:
 [[64. 35.]
 [ 0.  4.]], Eval Sensitivity: 100.00, Eval Specificity: 10.26
I0208 13:19:32.047004 140115793807168 train.py:157] Epoch 62/80, Accuracy: 99.19,
 Confusion Matrix:
 [[207.   2.]
 [  0. 121.]], Sensitivity: 100.00, Specificity: 98.37,
 Test Accuracy: 76.55,
 Test Confusion Matrix:
 [[36.  5.]
 [16. 26.]], Test Sensitivity: 69.23, Test Specificity: 83.87,
 Eval Accuracy: 78.75,
 Eval Confusion Matrix:
 [[45.  5.]
 [19. 34.]], Eval Sensitivity: 70.31, Eval Specificity: 87.18
I0208 13:19:32.461723 140115793807168 train.py:157] Epoch 63/80, Accuracy: 99.52,
 Confusion Matrix:
 [[205.   0.]
 [  2. 123.]], Sensitivity: 99.03, Specificity: 100.00,
 Test Accuracy: 77.79,
 Test Confusion Matrix:
 [[44.  9.]
 [ 8. 22.]], Test Sensitivity: 84.62, Test Specificity: 70.97,
 Eval Accuracy: 74.24,
 Eval Confusion Matrix:
 [[54. 14.]
 [10. 25.]], Eval Sensitivity: 84.38, Eval Specificity: 64.10
I0208 13:19:32.879205 140115793807168 train.py:157] Epoch 64/80, Accuracy: 100.00,
 Confusion Matrix:
 [[207.   0.]
 [  0. 123.]], Sensitivity: 100.00, Specificity: 100.00,
 Test Accuracy: 74.53,
 Test Confusion Matrix:
 [[49. 14.]
 [ 3. 17.]], Test Sensitivity: 94.23, Test Specificity: 54.84,
 Eval Accuracy: 67.33,
 Eval Confusion Matrix:
 [[55. 20.]
 [ 9. 19.]], Eval Sensitivity: 85.94, Eval Specificity: 48.72
I0208 13:19:33.297175 140115793807168 train.py:157] Epoch 65/80, Accuracy: 100.00,
 Confusion Matrix:
 [[207.   0.]
 [  0. 123.]], Sensitivity: 100.00, Specificity: 100.00,
 Test Accuracy: 72.92,
 Test Confusion Matrix:
 [[49. 15.]
 [ 3. 16.]], Test Sensitivity: 94.23, Test Specificity: 51.61,
 Eval Accuracy: 66.05,
 Eval Confusion Matrix:
 [[55. 21.]
 [ 9. 18.]], Eval Sensitivity: 85.94, Eval Specificity: 46.15
I0208 13:19:33.716049 140115793807168 train.py:157] Epoch 66/80, Accuracy: 100.00,
 Confusion Matrix:
 [[207.   0.]
 [  0. 123.]], Sensitivity: 100.00, Specificity: 100.00,
 Test Accuracy: 68.73,
 Test Confusion Matrix:
 [[48. 17.]
 [ 4. 14.]], Test Sensitivity: 92.31, Test Specificity: 45.16,
 Eval Accuracy: 68.61,
 Eval Confusion Matrix:
 [[55. 19.]
 [ 9. 20.]], Eval Sensitivity: 85.94, Eval Specificity: 51.28
I0208 13:19:34.139386 140115793807168 train.py:157] Epoch 67/80, Accuracy: 99.52,
 Confusion Matrix:
 [[205.   0.]
 [  2. 123.]], Sensitivity: 99.03, Specificity: 100.00,
 Test Accuracy: 69.04,
 Test Confusion Matrix:
 [[50. 18.]
 [ 2. 13.]], Test Sensitivity: 96.15, Test Specificity: 41.94,
 Eval Accuracy: 54.85,
 Eval Confusion Matrix:
 [[62. 34.]
 [ 2.  5.]], Eval Sensitivity: 96.88, Eval Specificity: 12.82
I0208 13:19:34.561102 140115793807168 train.py:157] Epoch 68/80, Accuracy: 100.00,
 Confusion Matrix:
 [[207.   0.]
 [  0. 123.]], Sensitivity: 100.00, Specificity: 100.00,
 Test Accuracy: 62.59,
 Test Confusion Matrix:
 [[50. 22.]
 [ 2.  9.]], Test Sensitivity: 96.15, Test Specificity: 29.03,
 Eval Accuracy: 54.85,
 Eval Confusion Matrix:
 [[62. 34.]
 [ 2.  5.]], Eval Sensitivity: 96.88, Eval Specificity: 12.82
I0208 13:19:34.988043 140115793807168 train.py:157] Epoch 69/80, Accuracy: 100.00,
 Confusion Matrix:
 [[207.   0.]
 [  0. 123.]], Sensitivity: 100.00, Specificity: 100.00,
 Test Accuracy: 71.31,
 Test Confusion Matrix:
 [[49. 16.]
 [ 3. 15.]], Test Sensitivity: 94.23, Test Specificity: 48.39,
 Eval Accuracy: 63.26,
 Eval Confusion Matrix:
 [[58. 25.]
 [ 6. 14.]], Eval Sensitivity: 90.62, Eval Specificity: 35.90
I0208 13:19:35.413255 140115793807168 train.py:157] Epoch 70/80, Accuracy: 100.00,
 Confusion Matrix:
 [[207.   0.]
 [  0. 123.]], Sensitivity: 100.00, Specificity: 100.00,
 Test Accuracy: 60.33,
 Test Confusion Matrix:
 [[51. 24.]
 [ 1.  7.]], Test Sensitivity: 98.08, Test Specificity: 22.58,
 Eval Accuracy: 52.78,
 Eval Confusion Matrix:
 [[61. 35.]
 [ 3.  4.]], Eval Sensitivity: 95.31, Eval Specificity: 10.26
I0208 13:19:35.837899 140115793807168 train.py:157] Epoch 71/80, Accuracy: 100.00,
 Confusion Matrix:
 [[207.   0.]
 [  0. 123.]], Sensitivity: 100.00, Specificity: 100.00,
 Test Accuracy: 70.01,
 Test Confusion Matrix:
 [[51. 18.]
 [ 1. 13.]], Test Sensitivity: 98.08, Test Specificity: 41.94,
 Eval Accuracy: 60.48,
 Eval Confusion Matrix:
 [[61. 29.]
 [ 3. 10.]], Eval Sensitivity: 95.31, Eval Specificity: 25.64
I0208 13:19:36.267322 140115793807168 train.py:157] Epoch 72/80, Accuracy: 93.60,
 Confusion Matrix:
 [[199.  11.]
 [  8. 112.]], Sensitivity: 96.14, Specificity: 91.06,
 Test Accuracy: 58.65,
 Test Confusion Matrix:
 [[ 9.  0.]
 [43. 31.]], Test Sensitivity: 17.31, Test Specificity: 100.00,
 Eval Accuracy: 59.38,
 Eval Confusion Matrix:
 [[12.  0.]
 [52. 39.]], Eval Sensitivity: 18.75, Eval Specificity: 100.00
I0208 13:19:36.692029 140115793807168 train.py:157] Epoch 73/80, Accuracy: 99.11,
 Confusion Matrix:
 [[205.   1.]
 [  2. 122.]], Sensitivity: 99.03, Specificity: 99.19,
 Test Accuracy: 73.98,
 Test Confusion Matrix:
 [[35.  6.]
 [17. 25.]], Test Sensitivity: 67.31, Test Specificity: 80.65,
 Eval Accuracy: 81.09,
 Eval Confusion Matrix:
 [[48.  5.]
 [16. 34.]], Eval Sensitivity: 75.00, Eval Specificity: 87.18
I0208 13:19:37.113582 140115793807168 train.py:157] Epoch 74/80, Accuracy: 98.95,
 Confusion Matrix:
 [[206.   2.]
 [  1. 121.]], Sensitivity: 99.52, Specificity: 98.37,
 Test Accuracy: 71.74,
 Test Confusion Matrix:
 [[31.  5.]
 [21. 26.]], Test Sensitivity: 59.62, Test Specificity: 83.87,
 Eval Accuracy: 79.75,
 Eval Confusion Matrix:
 [[43.  3.]
 [21. 36.]], Eval Sensitivity: 67.19, Eval Specificity: 92.31
I0208 13:19:37.535516 140115793807168 train.py:157] Epoch 75/80, Accuracy: 100.00,
 Confusion Matrix:
 [[207.   0.]
 [  0. 123.]], Sensitivity: 100.00, Specificity: 100.00,
 Test Accuracy: 77.48,
 Test Confusion Matrix:
 [[42.  8.]
 [10. 23.]], Test Sensitivity: 80.77, Test Specificity: 74.19,
 Eval Accuracy: 79.87,
 Eval Confusion Matrix:
 [[53.  9.]
 [11. 30.]], Eval Sensitivity: 82.81, Eval Specificity: 76.92
I0208 13:19:37.956611 140115793807168 train.py:157] Epoch 76/80, Accuracy: 96.19,
 Confusion Matrix:
 [[203.   7.]
 [  4. 116.]], Sensitivity: 98.07, Specificity: 94.31,
 Test Accuracy: 65.38,
 Test Confusion Matrix:
 [[16.  0.]
 [36. 31.]], Test Sensitivity: 30.77, Test Specificity: 100.00,
 Eval Accuracy: 63.28,
 Eval Confusion Matrix:
 [[17.  0.]
 [47. 39.]], Eval Sensitivity: 26.56, Eval Specificity: 100.00
I0208 13:19:38.375024 140115793807168 train.py:157] Epoch 77/80, Accuracy: 95.22,
 Confusion Matrix:
 [[199.   7.]
 [  8. 116.]], Sensitivity: 96.14, Specificity: 94.31,
 Test Accuracy: 55.49,
 Test Confusion Matrix:
 [[51. 27.]
 [ 1.  4.]], Test Sensitivity: 98.08, Test Specificity: 12.90,
 Eval Accuracy: 51.00,
 Eval Confusion Matrix:
 [[62. 37.]
 [ 2.  2.]], Eval Sensitivity: 96.88, Eval Specificity: 5.13
I0208 13:19:38.793910 140115793807168 train.py:157] Epoch 78/80, Accuracy: 99.59,
 Confusion Matrix:
 [[207.   1.]
 [  0. 122.]], Sensitivity: 100.00, Specificity: 99.19,
 Test Accuracy: 72.61,
 Test Confusion Matrix:
 [[47. 14.]
 [ 5. 17.]], Test Sensitivity: 90.38, Test Specificity: 54.84,
 Eval Accuracy: 64.54,
 Eval Confusion Matrix:
 [[58. 24.]
 [ 6. 15.]], Eval Sensitivity: 90.62, Eval Specificity: 38.46
I0208 13:19:39.227837 140115793807168 train.py:157] Epoch 79/80, Accuracy: 98.22,
 Confusion Matrix:
 [[203.   2.]
 [  4. 121.]], Sensitivity: 98.07, Specificity: 98.37,
 Test Accuracy: 70.50,
 Test Confusion Matrix:
 [[23.  1.]
 [29. 30.]], Test Sensitivity: 44.23, Test Specificity: 96.77,
 Eval Accuracy: 76.56,
 Eval Confusion Matrix:
 [[34.  0.]
 [30. 39.]], Eval Sensitivity: 53.12, Eval Specificity: 100.00
I0208 13:19:39.260411 140115793807168 train.py:226] Finished training after 1659 steps and 80 epochs.
Model: "vgg_like"
_________________________________________________________________
Layer (type)                 Output Shape              Param #
=================================================================
input_1 (InputLayer)         [(None, None, None, 3)]   0
_________________________________________________________________
conv2d (Conv2D)              (None, None, None, 8)     224
_________________________________________________________________
batch_normalization (BatchNo (None, None, None, 8)     32
_________________________________________________________________
conv2d_1 (Conv2D)            (None, None, None, 8)     584
_________________________________________________________________
max_pooling2d (MaxPooling2D) (None, None, None, 8)     0
_________________________________________________________________
batch_normalization_1 (Batch (None, None, None, 8)     32
_________________________________________________________________
conv2d_2 (Conv2D)            (None, None, None, 16)    1168
_________________________________________________________________
batch_normalization_2 (Batch (None, None, None, 16)    64
_________________________________________________________________
conv2d_3 (Conv2D)            (None, None, None, 16)    2320
_________________________________________________________________
max_pooling2d_1 (MaxPooling2 (None, None, None, 16)    0
_________________________________________________________________
batch_normalization_3 (Batch (None, None, None, 16)    64
_________________________________________________________________
conv2d_4 (Conv2D)            (None, None, None, 32)    4640
_________________________________________________________________
batch_normalization_4 (Batch (None, None, None, 32)    128
_________________________________________________________________
conv2d_5 (Conv2D)            (None, None, None, 32)    9248
_________________________________________________________________
max_pooling2d_2 (MaxPooling2 (None, None, None, 32)    0
_________________________________________________________________
batch_normalization_5 (Batch (None, None, None, 32)    128
_________________________________________________________________
conv2d_6 (Conv2D)            (None, None, None, 64)    18496
_________________________________________________________________
batch_normalization_6 (Batch (None, None, None, 64)    256
_________________________________________________________________
conv2d_7 (Conv2D)            (None, None, None, 64)    36928
_________________________________________________________________
max_pooling2d_3 (MaxPooling2 (None, None, None, 64)    0
_________________________________________________________________
batch_normalization_7 (Batch (None, None, None, 64)    256
_________________________________________________________________
global_average_pooling2d (Gl (None, 64)                0
_________________________________________________________________
dense (Dense)                (None, 128)               8320
_________________________________________________________________
dropout (Dropout)            (None, 128)               0
_________________________________________________________________
dense_1 (Dense)              (None, 2)                 258
=================================================================
Total params: 83,146
Trainable params: 82,666
Non-trainable params: 480
_________________________________________________________________
