2021-02-08 13:16:47.134445: I tensorflow/stream_executor/platform/default/dso_loader.cc:48] Successfully opened dynamic library libcudart.so.10.1
I0208 13:16:48.273053 140330784614208 datasets.py:14] Preparing dataset idrid...
I0208 13:16:48.273933 140330784614208 dataset_info.py:361] Load dataset info from /home/RUS_CIP/st169955/dl-lab-2020-team15/Project1-Diabetic_Retinopathy/idrid/1.0.0
I0208 13:16:48.274543 140330784614208 dataset_builder.py:299] Reusing dataset idrid (/home/RUS_CIP/st169955/dl-lab-2020-team15/Project1-Diabetic_Retinopathy/idrid/1.0.0)
I0208 13:16:48.274591 140330784614208 dataset_builder.py:510] Constructing tf.data.Dataset for split ['train[:80%]', 'train[80%:]', 'test'], from /home/RUS_CIP/st169955/dl-lab-2020-team15/Project1-Diabetic_Retinopathy/idrid/1.0.0
2021-02-08 13:16:48.275817: I tensorflow/stream_executor/platform/default/dso_loader.cc:48] Successfully opened dynamic library libcuda.so.1
2021-02-08 13:16:48.317049: I tensorflow/stream_executor/cuda/cuda_gpu_executor.cc:982] successful NUMA node read from SysFS had negative value (-1), but there must be at least one NUMA node, so returning NUMA node zero
2021-02-08 13:16:48.317796: I tensorflow/core/common_runtime/gpu/gpu_device.cc:1716] Found device 0 with properties: 
pciBusID: 0000:21:00.0 name: GeForce RTX 2080 Ti computeCapability: 7.5
coreClock: 1.545GHz coreCount: 68 deviceMemorySize: 10.76GiB deviceMemoryBandwidth: 573.69GiB/s
2021-02-08 13:16:48.317811: I tensorflow/stream_executor/platform/default/dso_loader.cc:48] Successfully opened dynamic library libcudart.so.10.1
2021-02-08 13:16:48.318915: I tensorflow/stream_executor/platform/default/dso_loader.cc:48] Successfully opened dynamic library libcublas.so.10
2021-02-08 13:16:48.320081: I tensorflow/stream_executor/platform/default/dso_loader.cc:48] Successfully opened dynamic library libcufft.so.10
2021-02-08 13:16:48.320228: I tensorflow/stream_executor/platform/default/dso_loader.cc:48] Successfully opened dynamic library libcurand.so.10
2021-02-08 13:16:48.321256: I tensorflow/stream_executor/platform/default/dso_loader.cc:48] Successfully opened dynamic library libcusolver.so.10
2021-02-08 13:16:48.321817: I tensorflow/stream_executor/platform/default/dso_loader.cc:48] Successfully opened dynamic library libcusparse.so.10
2021-02-08 13:16:48.324204: I tensorflow/stream_executor/platform/default/dso_loader.cc:48] Successfully opened dynamic library libcudnn.so.7
2021-02-08 13:16:48.324313: I tensorflow/stream_executor/cuda/cuda_gpu_executor.cc:982] successful NUMA node read from SysFS had negative value (-1), but there must be at least one NUMA node, so returning NUMA node zero
2021-02-08 13:16:48.325085: I tensorflow/stream_executor/cuda/cuda_gpu_executor.cc:982] successful NUMA node read from SysFS had negative value (-1), but there must be at least one NUMA node, so returning NUMA node zero
2021-02-08 13:16:48.325765: I tensorflow/core/common_runtime/gpu/gpu_device.cc:1858] Adding visible gpu devices: 0
2021-02-08 13:16:48.326073: I tensorflow/core/platform/cpu_feature_guard.cc:142] This TensorFlow binary is optimized with oneAPI Deep Neural Network Library (oneDNN)to use the following CPU instructions in performance-critical operations:  AVX2 FMA
To enable them in other operations, rebuild TensorFlow with the appropriate compiler flags.
2021-02-08 13:16:48.331620: I tensorflow/core/platform/profile_utils/cpu_utils.cc:104] CPU Frequency: 3800025000 Hz
2021-02-08 13:16:48.331870: I tensorflow/compiler/xla/service/service.cc:168] XLA service 0x51b4840 initialized for platform Host (this does not guarantee that XLA will be used). Devices:
2021-02-08 13:16:48.331881: I tensorflow/compiler/xla/service/service.cc:176]   StreamExecutor device (0): Host, Default Version
2021-02-08 13:16:48.411267: I tensorflow/stream_executor/cuda/cuda_gpu_executor.cc:982] successful NUMA node read from SysFS had negative value (-1), but there must be at least one NUMA node, so returning NUMA node zero
2021-02-08 13:16:48.412065: I tensorflow/compiler/xla/service/service.cc:168] XLA service 0x4cb7ce0 initialized for platform CUDA (this does not guarantee that XLA will be used). Devices:
2021-02-08 13:16:48.412094: I tensorflow/compiler/xla/service/service.cc:176]   StreamExecutor device (0): GeForce RTX 2080 Ti, Compute Capability 7.5
2021-02-08 13:16:48.412218: I tensorflow/stream_executor/cuda/cuda_gpu_executor.cc:982] successful NUMA node read from SysFS had negative value (-1), but there must be at least one NUMA node, so returning NUMA node zero
2021-02-08 13:16:48.412914: I tensorflow/core/common_runtime/gpu/gpu_device.cc:1716] Found device 0 with properties: 
pciBusID: 0000:21:00.0 name: GeForce RTX 2080 Ti computeCapability: 7.5
coreClock: 1.545GHz coreCount: 68 deviceMemorySize: 10.76GiB deviceMemoryBandwidth: 573.69GiB/s
2021-02-08 13:16:48.412936: I tensorflow/stream_executor/platform/default/dso_loader.cc:48] Successfully opened dynamic library libcudart.so.10.1
2021-02-08 13:16:48.412962: I tensorflow/stream_executor/platform/default/dso_loader.cc:48] Successfully opened dynamic library libcublas.so.10
2021-02-08 13:16:48.412969: I tensorflow/stream_executor/platform/default/dso_loader.cc:48] Successfully opened dynamic library libcufft.so.10
2021-02-08 13:16:48.412976: I tensorflow/stream_executor/platform/default/dso_loader.cc:48] Successfully opened dynamic library libcurand.so.10
2021-02-08 13:16:48.412983: I tensorflow/stream_executor/platform/default/dso_loader.cc:48] Successfully opened dynamic library libcusolver.so.10
2021-02-08 13:16:48.412990: I tensorflow/stream_executor/platform/default/dso_loader.cc:48] Successfully opened dynamic library libcusparse.so.10
2021-02-08 13:16:48.412997: I tensorflow/stream_executor/platform/default/dso_loader.cc:48] Successfully opened dynamic library libcudnn.so.7
2021-02-08 13:16:48.413035: I tensorflow/stream_executor/cuda/cuda_gpu_executor.cc:982] successful NUMA node read from SysFS had negative value (-1), but there must be at least one NUMA node, so returning NUMA node zero
2021-02-08 13:16:48.413734: I tensorflow/stream_executor/cuda/cuda_gpu_executor.cc:982] successful NUMA node read from SysFS had negative value (-1), but there must be at least one NUMA node, so returning NUMA node zero
2021-02-08 13:16:48.414426: I tensorflow/core/common_runtime/gpu/gpu_device.cc:1858] Adding visible gpu devices: 0
2021-02-08 13:16:48.414444: I tensorflow/stream_executor/platform/default/dso_loader.cc:48] Successfully opened dynamic library libcudart.so.10.1
2021-02-08 13:16:48.708478: I tensorflow/core/common_runtime/gpu/gpu_device.cc:1257] Device interconnect StreamExecutor with strength 1 edge matrix:
2021-02-08 13:16:48.708527: I tensorflow/core/common_runtime/gpu/gpu_device.cc:1263]      0 
2021-02-08 13:16:48.708533: I tensorflow/core/common_runtime/gpu/gpu_device.cc:1276] 0:   N 
2021-02-08 13:16:48.708761: I tensorflow/stream_executor/cuda/cuda_gpu_executor.cc:982] successful NUMA node read from SysFS had negative value (-1), but there must be at least one NUMA node, so returning NUMA node zero
2021-02-08 13:16:48.709501: I tensorflow/stream_executor/cuda/cuda_gpu_executor.cc:982] successful NUMA node read from SysFS had negative value (-1), but there must be at least one NUMA node, so returning NUMA node zero
2021-02-08 13:16:48.710197: I tensorflow/core/common_runtime/gpu/gpu_device.cc:1402] Created TensorFlow device (/job:localhost/replica:0/task:0/device:GPU:0 with 10074 MB memory) -> physical GPU (device: 0, name: GeForce RTX 2080 Ti, pci bus id: 0000:21:00.0, compute capability: 7.5)
WARNING:tensorflow:AutoGraph could not transform <function preprocess at 0x7fa0de09e160> and will run it as-is.
Please report this to the TensorFlow team. When filing the bug, set the verbosity to 10 (on Linux, `export AUTOGRAPH_VERBOSITY=10`) and attach the full output.
Cause: module 'gast' has no attribute 'Index'
To silence this warning, decorate the function with @tf.autograph.experimental.do_not_convert
W0208 13:16:48.908475 140330784614208 ag_logging.py:146] AutoGraph could not transform <function preprocess at 0x7fa0de09e160> and will run it as-is.
Please report this to the TensorFlow team. When filing the bug, set the verbosity to 10 (on Linux, `export AUTOGRAPH_VERBOSITY=10`) and attach the full output.
Cause: module 'gast' has no attribute 'Index'
To silence this warning, decorate the function with @tf.autograph.experimental.do_not_convert
I0208 13:17:04.007490 140330784614208 train.py:121] Initializing from scratch.
2021-02-08 13:17:04.975288: I tensorflow/stream_executor/platform/default/dso_loader.cc:48] Successfully opened dynamic library libcublas.so.10
2021-02-08 13:17:05.101569: I tensorflow/stream_executor/platform/default/dso_loader.cc:48] Successfully opened dynamic library libcudnn.so.7
I0208 13:17:10.244599 140330784614208 train.py:157] Epoch 1/80, Accuracy: 59.93, 
 Confusion Matrix: 
 [[169.  76.]
 [ 38.  47.]], Sensitivity: 81.64, Specificity: 38.21, 
 Test Accuracy: 50.00, 
 Test Confusion Matrix: 
 [[52. 31.]
 [ 0.  0.]], Test Sensitivity: 100.00, Test Specificity: 0.00,
 Eval Accuracy: 50.00, 
 Eval Confusion Matrix: 
 [[64. 39.]
 [ 0.  0.]], Eval Sensitivity: 100.00, Eval Specificity: 0.00
I0208 13:17:10.737130 140330784614208 train.py:157] Epoch 2/80, Accuracy: 69.85, 
 Confusion Matrix: 
 [[168.  51.]
 [ 39.  72.]], Sensitivity: 81.16, Specificity: 58.54, 
 Test Accuracy: 50.00, 
 Test Confusion Matrix: 
 [[52. 31.]
 [ 0.  0.]], Test Sensitivity: 100.00, Test Specificity: 0.00,
 Eval Accuracy: 50.00, 
 Eval Confusion Matrix: 
 [[64. 39.]
 [ 0.  0.]], Eval Sensitivity: 100.00, Eval Specificity: 0.00
I0208 13:17:11.143534 140330784614208 train.py:157] Epoch 3/80, Accuracy: 78.04, 
 Confusion Matrix: 
 [[175.  35.]
 [ 32.  88.]], Sensitivity: 84.54, Specificity: 71.54, 
 Test Accuracy: 57.75, 
 Test Confusion Matrix: 
 [[50. 25.]
 [ 2.  6.]], Test Sensitivity: 96.15, Test Specificity: 19.35,
 Eval Accuracy: 55.63, 
 Eval Confusion Matrix: 
 [[63. 34.]
 [ 1.  5.]], Eval Sensitivity: 98.44, Eval Specificity: 12.82
I0208 13:17:11.549681 140330784614208 train.py:157] Epoch 4/80, Accuracy: 79.50, 
 Confusion Matrix: 
 [[176.  32.]
 [ 31.  91.]], Sensitivity: 85.02, Specificity: 73.98, 
 Test Accuracy: 58.06, 
 Test Confusion Matrix: 
 [[52. 26.]
 [ 0.  5.]], Test Sensitivity: 100.00, Test Specificity: 16.13,
 Eval Accuracy: 54.35, 
 Eval Confusion Matrix: 
 [[63. 35.]
 [ 1.  4.]], Eval Sensitivity: 98.44, Eval Specificity: 10.26
I0208 13:17:11.955654 140330784614208 train.py:157] Epoch 5/80, Accuracy: 81.37, 
 Confusion Matrix: 
 [[177.  28.]
 [ 30.  95.]], Sensitivity: 85.51, Specificity: 77.24, 
 Test Accuracy: 73.57, 
 Test Confusion Matrix: 
 [[48. 14.]
 [ 4. 17.]], Test Sensitivity: 92.31, Test Specificity: 54.84,
 Eval Accuracy: 60.70, 
 Eval Confusion Matrix: 
 [[58. 27.]
 [ 6. 12.]], Eval Sensitivity: 90.62, Eval Specificity: 30.77
I0208 13:17:12.362320 140330784614208 train.py:157] Epoch 6/80, Accuracy: 81.19, 
 Confusion Matrix: 
 [[183.  32.]
 [ 24.  91.]], Sensitivity: 88.41, Specificity: 73.98, 
 Test Accuracy: 79.09, 
 Test Confusion Matrix: 
 [[42.  7.]
 [10. 24.]], Test Sensitivity: 80.77, Test Specificity: 77.42,
 Eval Accuracy: 70.11, 
 Eval Confusion Matrix: 
 [[52. 16.]
 [12. 23.]], Eval Sensitivity: 81.25, Eval Specificity: 58.97
I0208 13:17:12.771004 140330784614208 train.py:157] Epoch 7/80, Accuracy: 82.57, 
 Confusion Matrix: 
 [[187.  31.]
 [ 20.  92.]], Sensitivity: 90.34, Specificity: 74.80, 
 Test Accuracy: 77.82, 
 Test Confusion Matrix: 
 [[39.  6.]
 [13. 25.]], Test Sensitivity: 75.00, Test Specificity: 80.65,
 Eval Accuracy: 71.61, 
 Eval Confusion Matrix: 
 [[49. 13.]
 [15. 26.]], Eval Sensitivity: 76.56, Eval Specificity: 66.67
I0208 13:17:13.181185 140330784614208 train.py:157] Epoch 8/80, Accuracy: 79.50, 
 Confusion Matrix: 
 [[176.  32.]
 [ 31.  91.]], Sensitivity: 85.02, Specificity: 73.98, 
 Test Accuracy: 64.52, 
 Test Confusion Matrix: 
 [[52. 22.]
 [ 0.  9.]], Test Sensitivity: 100.00, Test Specificity: 29.03,
 Eval Accuracy: 55.63, 
 Eval Confusion Matrix: 
 [[63. 34.]
 [ 1.  5.]], Eval Sensitivity: 98.44, Eval Specificity: 12.82
I0208 13:17:13.590316 140330784614208 train.py:157] Epoch 9/80, Accuracy: 85.18, 
 Confusion Matrix: 
 [[181.  21.]
 [ 26. 102.]], Sensitivity: 87.44, Specificity: 82.93, 
 Test Accuracy: 53.23, 
 Test Confusion Matrix: 
 [[52. 29.]
 [ 0.  2.]], Test Sensitivity: 100.00, Test Specificity: 6.45,
 Eval Accuracy: 50.00, 
 Eval Confusion Matrix: 
 [[64. 39.]
 [ 0.  0.]], Eval Sensitivity: 100.00, Eval Specificity: 0.00
I0208 13:17:14.003024 140330784614208 train.py:157] Epoch 10/80, Accuracy: 81.77, 
 Confusion Matrix: 
 [[182.  30.]
 [ 25.  93.]], Sensitivity: 87.92, Specificity: 75.61, 
 Test Accuracy: 54.84, 
 Test Confusion Matrix: 
 [[52. 28.]
 [ 0.  3.]], Test Sensitivity: 100.00, Test Specificity: 9.68,
 Eval Accuracy: 53.85, 
 Eval Confusion Matrix: 
 [[64. 36.]
 [ 0.  3.]], Eval Sensitivity: 100.00, Eval Specificity: 7.69
I0208 13:17:14.424894 140330784614208 train.py:157] Epoch 11/80, Accuracy: 87.69, 
 Confusion Matrix: 
 [[188.  19.]
 [ 19. 104.]], Sensitivity: 90.82, Specificity: 84.55, 
 Test Accuracy: 58.06, 
 Test Confusion Matrix: 
 [[52. 26.]
 [ 0.  5.]], Test Sensitivity: 100.00, Test Specificity: 16.13,
 Eval Accuracy: 56.41, 
 Eval Confusion Matrix: 
 [[64. 34.]
 [ 0.  5.]], Eval Sensitivity: 100.00, Eval Specificity: 12.82
I0208 13:17:14.843030 140330784614208 train.py:157] Epoch 12/80, Accuracy: 82.74, 
 Confusion Matrix: 
 [[181.  27.]
 [ 26.  96.]], Sensitivity: 87.44, Specificity: 78.05, 
 Test Accuracy: 73.23, 
 Test Confusion Matrix: 
 [[51. 16.]
 [ 1. 15.]], Test Sensitivity: 98.08, Test Specificity: 48.39,
 Eval Accuracy: 62.54, 
 Eval Confusion Matrix: 
 [[62. 28.]
 [ 2. 11.]], Eval Sensitivity: 96.88, Eval Specificity: 28.21
I0208 13:17:15.260405 140330784614208 train.py:157] Epoch 13/80, Accuracy: 86.87, 
 Confusion Matrix: 
 [[188.  21.]
 [ 19. 102.]], Sensitivity: 90.82, Specificity: 82.93, 
 Test Accuracy: 82.91, 
 Test Confusion Matrix: 
 [[51. 10.]
 [ 1. 21.]], Test Sensitivity: 98.08, Test Specificity: 67.74,
 Eval Accuracy: 63.54, 
 Eval Confusion Matrix: 
 [[60. 26.]
 [ 4. 13.]], Eval Sensitivity: 93.75, Eval Specificity: 33.33
I0208 13:17:15.677079 140330784614208 train.py:157] Epoch 14/80, Accuracy: 86.07, 
 Confusion Matrix: 
 [[183.  20.]
 [ 24. 103.]], Sensitivity: 88.41, Specificity: 83.74, 
 Test Accuracy: 71.00, 
 Test Confusion Matrix: 
 [[47. 15.]
 [ 5. 16.]], Test Sensitivity: 90.38, Test Specificity: 51.61,
 Eval Accuracy: 68.39, 
 Eval Confusion Matrix: 
 [[58. 21.]
 [ 6. 18.]], Eval Sensitivity: 90.62, Eval Specificity: 46.15
I0208 13:17:16.092437 140330784614208 train.py:157] Epoch 15/80, Accuracy: 84.61, 
 Confusion Matrix: 
 [[182.  23.]
 [ 25. 100.]], Sensitivity: 87.92, Specificity: 81.30, 
 Test Accuracy: 58.41, 
 Test Confusion Matrix: 
 [[49. 24.]
 [ 3.  7.]], Test Sensitivity: 94.23, Test Specificity: 22.58,
 Eval Accuracy: 57.69, 
 Eval Confusion Matrix: 
 [[64. 33.]
 [ 0.  6.]], Eval Sensitivity: 100.00, Eval Specificity: 15.38
I0208 13:17:16.508803 140330784614208 train.py:157] Epoch 16/80, Accuracy: 88.34, 
 Confusion Matrix: 
 [[189.  18.]
 [ 18. 105.]], Sensitivity: 91.30, Specificity: 85.37, 
 Test Accuracy: 50.00, 
 Test Confusion Matrix: 
 [[52. 31.]
 [ 0.  0.]], Test Sensitivity: 100.00, Test Specificity: 0.00,
 Eval Accuracy: 50.00, 
 Eval Confusion Matrix: 
 [[64. 39.]
 [ 0.  0.]], Eval Sensitivity: 100.00, Eval Specificity: 0.00
I0208 13:17:16.933178 140330784614208 train.py:157] Epoch 17/80, Accuracy: 90.70, 
 Confusion Matrix: 
 [[187.  11.]
 [ 20. 112.]], Sensitivity: 90.34, Specificity: 91.06, 
 Test Accuracy: 50.00, 
 Test Confusion Matrix: 
 [[52. 31.]
 [ 0.  0.]], Test Sensitivity: 100.00, Test Specificity: 0.00,
 Eval Accuracy: 52.56, 
 Eval Confusion Matrix: 
 [[64. 37.]
 [ 0.  2.]], Eval Sensitivity: 100.00, Eval Specificity: 5.13
I0208 13:17:17.352631 140330784614208 train.py:157] Epoch 18/80, Accuracy: 88.99, 
 Confusion Matrix: 
 [[185.  14.]
 [ 22. 109.]], Sensitivity: 89.37, Specificity: 88.62, 
 Test Accuracy: 51.61, 
 Test Confusion Matrix: 
 [[52. 30.]
 [ 0.  1.]], Test Sensitivity: 100.00, Test Specificity: 3.23,
 Eval Accuracy: 51.00, 
 Eval Confusion Matrix: 
 [[62. 37.]
 [ 2.  2.]], Eval Sensitivity: 96.88, Eval Specificity: 5.13
I0208 13:17:17.767205 140330784614208 train.py:157] Epoch 19/80, Accuracy: 86.95, 
 Confusion Matrix: 
 [[190.  22.]
 [ 17. 101.]], Sensitivity: 91.79, Specificity: 82.11, 
 Test Accuracy: 51.61, 
 Test Confusion Matrix: 
 [[52. 30.]
 [ 0.  1.]], Test Sensitivity: 100.00, Test Specificity: 3.23,
 Eval Accuracy: 51.28, 
 Eval Confusion Matrix: 
 [[64. 38.]
 [ 0.  1.]], Eval Sensitivity: 100.00, Eval Specificity: 2.56
I0208 13:17:18.187145 140330784614208 train.py:157] Epoch 20/80, Accuracy: 89.15, 
 Confusion Matrix: 
 [[189.  16.]
 [ 18. 107.]], Sensitivity: 91.30, Specificity: 86.99, 
 Test Accuracy: 56.45, 
 Test Confusion Matrix: 
 [[52. 27.]
 [ 0.  4.]], Test Sensitivity: 100.00, Test Specificity: 12.90,
 Eval Accuracy: 54.35, 
 Eval Confusion Matrix: 
 [[63. 35.]
 [ 1.  4.]], Eval Sensitivity: 98.44, Eval Specificity: 10.26
I0208 13:17:18.605900 140330784614208 train.py:157] Epoch 21/80, Accuracy: 88.74, 
 Confusion Matrix: 
 [[189.  17.]
 [ 18. 106.]], Sensitivity: 91.30, Specificity: 86.18, 
 Test Accuracy: 54.84, 
 Test Confusion Matrix: 
 [[52. 28.]
 [ 0.  3.]], Test Sensitivity: 100.00, Test Specificity: 9.68,
 Eval Accuracy: 52.56, 
 Eval Confusion Matrix: 
 [[64. 37.]
 [ 0.  2.]], Eval Sensitivity: 100.00, Eval Specificity: 5.13
I0208 13:17:19.028645 140330784614208 train.py:157] Epoch 22/80, Accuracy: 90.69, 
 Confusion Matrix: 
 [[192.  14.]
 [ 15. 109.]], Sensitivity: 92.75, Specificity: 88.62, 
 Test Accuracy: 51.61, 
 Test Confusion Matrix: 
 [[52. 30.]
 [ 0.  1.]], Test Sensitivity: 100.00, Test Specificity: 3.23,
 Eval Accuracy: 50.00, 
 Eval Confusion Matrix: 
 [[64. 39.]
 [ 0.  0.]], Eval Sensitivity: 100.00, Eval Specificity: 0.00
I0208 13:17:19.444516 140330784614208 train.py:157] Epoch 23/80, Accuracy: 92.55, 
 Confusion Matrix: 
 [[193.  10.]
 [ 14. 113.]], Sensitivity: 93.24, Specificity: 91.87, 
 Test Accuracy: 75.19, 
 Test Confusion Matrix: 
 [[48. 13.]
 [ 4. 18.]], Test Sensitivity: 92.31, Test Specificity: 58.06,
 Eval Accuracy: 68.39, 
 Eval Confusion Matrix: 
 [[58. 21.]
 [ 6. 18.]], Eval Sensitivity: 90.62, Eval Specificity: 46.15
I0208 13:17:19.866282 140330784614208 train.py:157] Epoch 24/80, Accuracy: 90.21, 
 Confusion Matrix: 
 [[185.  11.]
 [ 22. 112.]], Sensitivity: 89.37, Specificity: 91.06, 
 Test Accuracy: 54.84, 
 Test Confusion Matrix: 
 [[52. 28.]
 [ 0.  3.]], Test Sensitivity: 100.00, Test Specificity: 9.68,
 Eval Accuracy: 53.85, 
 Eval Confusion Matrix: 
 [[64. 36.]
 [ 0.  3.]], Eval Sensitivity: 100.00, Eval Specificity: 7.69
I0208 13:17:20.280919 140330784614208 train.py:157] Epoch 25/80, Accuracy: 89.80, 
 Confusion Matrix: 
 [[190.  15.]
 [ 17. 108.]], Sensitivity: 91.79, Specificity: 87.80, 
 Test Accuracy: 54.84, 
 Test Confusion Matrix: 
 [[52. 28.]
 [ 0.  3.]], Test Sensitivity: 100.00, Test Specificity: 9.68,
 Eval Accuracy: 52.56, 
 Eval Confusion Matrix: 
 [[64. 37.]
 [ 0.  2.]], Eval Sensitivity: 100.00, Eval Specificity: 5.13
I0208 13:17:20.696452 140330784614208 train.py:157] Epoch 26/80, Accuracy: 89.63, 
 Confusion Matrix: 
 [[191.  16.]
 [ 16. 107.]], Sensitivity: 92.27, Specificity: 86.99, 
 Test Accuracy: 52.92, 
 Test Confusion Matrix: 
 [[50. 28.]
 [ 2.  3.]], Test Sensitivity: 96.15, Test Specificity: 9.68,
 Eval Accuracy: 52.28, 
 Eval Confusion Matrix: 
 [[62. 36.]
 [ 2.  3.]], Eval Sensitivity: 96.88, Eval Specificity: 7.69
I0208 13:17:21.112683 140330784614208 train.py:157] Epoch 27/80, Accuracy: 89.40, 
 Confusion Matrix: 
 [[185.  13.]
 [ 22. 110.]], Sensitivity: 89.37, Specificity: 89.43, 
 Test Accuracy: 77.79, 
 Test Confusion Matrix: 
 [[44.  9.]
 [ 8. 22.]], Test Sensitivity: 84.62, Test Specificity: 70.97,
 Eval Accuracy: 78.65, 
 Eval Confusion Matrix: 
 [[58. 13.]
 [ 6. 26.]], Eval Sensitivity: 90.62, Eval Specificity: 66.67
I0208 13:17:21.532399 140330784614208 train.py:157] Epoch 28/80, Accuracy: 94.01, 
 Confusion Matrix: 
 [[194.   7.]
 [ 13. 116.]], Sensitivity: 93.72, Specificity: 94.31, 
 Test Accuracy: 81.08, 
 Test Confusion Matrix: 
 [[34.  1.]
 [18. 30.]], Test Sensitivity: 65.38, Test Specificity: 96.77,
 Eval Accuracy: 79.69, 
 Eval Confusion Matrix: 
 [[38.  0.]
 [26. 39.]], Eval Sensitivity: 59.38, Eval Specificity: 100.00
I0208 13:17:21.951190 140330784614208 train.py:157] Epoch 29/80, Accuracy: 92.96, 
 Confusion Matrix: 
 [[193.   9.]
 [ 14. 114.]], Sensitivity: 93.24, Specificity: 92.68, 
 Test Accuracy: 61.29, 
 Test Confusion Matrix: 
 [[52. 24.]
 [ 0.  7.]], Test Sensitivity: 100.00, Test Specificity: 22.58,
 Eval Accuracy: 52.56, 
 Eval Confusion Matrix: 
 [[64. 37.]
 [ 0.  2.]], Eval Sensitivity: 100.00, Eval Specificity: 5.13
I0208 13:17:22.371374 140330784614208 train.py:157] Epoch 30/80, Accuracy: 94.26, 
 Confusion Matrix: 
 [[195.   7.]
 [ 12. 116.]], Sensitivity: 94.20, Specificity: 94.31, 
 Test Accuracy: 77.23, 
 Test Confusion Matrix: 
 [[30.  1.]
 [22. 30.]], Test Sensitivity: 57.69, Test Specificity: 96.77,
 Eval Accuracy: 78.12, 
 Eval Confusion Matrix: 
 [[36.  0.]
 [28. 39.]], Eval Sensitivity: 56.25, Eval Specificity: 100.00
I0208 13:17:22.795191 140330784614208 train.py:157] Epoch 31/80, Accuracy: 97.09, 
 Confusion Matrix: 
 [[200.   3.]
 [  7. 120.]], Sensitivity: 96.62, Specificity: 97.56, 
 Test Accuracy: 56.45, 
 Test Confusion Matrix: 
 [[52. 27.]
 [ 0.  4.]], Test Sensitivity: 100.00, Test Specificity: 12.90,
 Eval Accuracy: 55.13, 
 Eval Confusion Matrix: 
 [[64. 35.]
 [ 0.  4.]], Eval Sensitivity: 100.00, Eval Specificity: 10.26
I0208 13:17:23.215227 140330784614208 train.py:157] Epoch 32/80, Accuracy: 92.55, 
 Confusion Matrix: 
 [[193.  10.]
 [ 14. 113.]], Sensitivity: 93.24, Specificity: 91.87, 
 Test Accuracy: 51.61, 
 Test Confusion Matrix: 
 [[52. 30.]
 [ 0.  1.]], Test Sensitivity: 100.00, Test Specificity: 3.23,
 Eval Accuracy: 51.28, 
 Eval Confusion Matrix: 
 [[64. 38.]
 [ 0.  1.]], Eval Sensitivity: 100.00, Eval Specificity: 2.56
I0208 13:17:23.633877 140330784614208 train.py:157] Epoch 33/80, Accuracy: 96.92, 
 Confusion Matrix: 
 [[201.   4.]
 [  6. 119.]], Sensitivity: 97.10, Specificity: 96.75, 
 Test Accuracy: 53.23, 
 Test Confusion Matrix: 
 [[52. 29.]
 [ 0.  2.]], Test Sensitivity: 100.00, Test Specificity: 6.45,
 Eval Accuracy: 56.41, 
 Eval Confusion Matrix: 
 [[64. 34.]
 [ 0.  5.]], Eval Sensitivity: 100.00, Eval Specificity: 12.82
I0208 13:17:24.050681 140330784614208 train.py:157] Epoch 34/80, Accuracy: 88.42, 
 Confusion Matrix: 
 [[186.  16.]
 [ 21. 107.]], Sensitivity: 89.86, Specificity: 86.99, 
 Test Accuracy: 50.00, 
 Test Confusion Matrix: 
 [[52. 31.]
 [ 0.  0.]], Test Sensitivity: 100.00, Test Specificity: 0.00,
 Eval Accuracy: 51.28, 
 Eval Confusion Matrix: 
 [[64. 38.]
 [ 0.  1.]], Eval Sensitivity: 100.00, Eval Specificity: 2.56
I0208 13:17:24.474550 140330784614208 train.py:157] Epoch 35/80, Accuracy: 95.79, 
 Confusion Matrix: 
 [[198.   5.]
 [  9. 118.]], Sensitivity: 95.65, Specificity: 95.93, 
 Test Accuracy: 50.00, 
 Test Confusion Matrix: 
 [[52. 31.]
 [ 0.  0.]], Test Sensitivity: 100.00, Test Specificity: 0.00,
 Eval Accuracy: 50.00, 
 Eval Confusion Matrix: 
 [[64. 39.]
 [ 0.  0.]], Eval Sensitivity: 100.00, Eval Specificity: 0.00
I0208 13:17:24.892586 140330784614208 train.py:157] Epoch 36/80, Accuracy: 92.39, 
 Confusion Matrix: 
 [[194.  11.]
 [ 13. 112.]], Sensitivity: 93.72, Specificity: 91.06, 
 Test Accuracy: 50.00, 
 Test Confusion Matrix: 
 [[52. 31.]
 [ 0.  0.]], Test Sensitivity: 100.00, Test Specificity: 0.00,
 Eval Accuracy: 50.00, 
 Eval Confusion Matrix: 
 [[64. 39.]
 [ 0.  0.]], Eval Sensitivity: 100.00, Eval Specificity: 0.00
I0208 13:17:25.307893 140330784614208 train.py:157] Epoch 37/80, Accuracy: 96.28, 
 Confusion Matrix: 
 [[200.   5.]
 [  7. 118.]], Sensitivity: 96.62, Specificity: 95.93, 
 Test Accuracy: 54.84, 
 Test Confusion Matrix: 
 [[52. 28.]
 [ 0.  3.]], Test Sensitivity: 100.00, Test Specificity: 9.68,
 Eval Accuracy: 54.35, 
 Eval Confusion Matrix: 
 [[63. 35.]
 [ 1.  4.]], Eval Sensitivity: 98.44, Eval Specificity: 10.26
I0208 13:17:25.726597 140330784614208 train.py:157] Epoch 38/80, Accuracy: 95.46, 
 Confusion Matrix: 
 [[200.   7.]
 [  7. 116.]], Sensitivity: 96.62, Specificity: 94.31, 
 Test Accuracy: 67.43, 
 Test Confusion Matrix: 
 [[50. 19.]
 [ 2. 12.]], Test Sensitivity: 96.15, Test Specificity: 38.71,
 Eval Accuracy: 63.82, 
 Eval Confusion Matrix: 
 [[62. 27.]
 [ 2. 12.]], Eval Sensitivity: 96.88, Eval Specificity: 30.77
I0208 13:17:26.149056 140330784614208 train.py:157] Epoch 39/80, Accuracy: 93.11, 
 Confusion Matrix: 
 [[197.  11.]
 [ 10. 112.]], Sensitivity: 95.17, Specificity: 91.06, 
 Test Accuracy: 63.55, 
 Test Confusion Matrix: 
 [[51. 22.]
 [ 1.  9.]], Test Sensitivity: 98.08, Test Specificity: 29.03,
 Eval Accuracy: 59.98, 
 Eval Confusion Matrix: 
 [[62. 30.]
 [ 2.  9.]], Eval Sensitivity: 96.88, Eval Specificity: 23.08
I0208 13:17:26.575364 140330784614208 train.py:157] Epoch 40/80, Accuracy: 97.41, 
 Confusion Matrix: 
 [[203.   4.]
 [  4. 119.]], Sensitivity: 98.07, Specificity: 96.75, 
 Test Accuracy: 50.00, 
 Test Confusion Matrix: 
 [[52. 31.]
 [ 0.  0.]], Test Sensitivity: 100.00, Test Specificity: 0.00,
 Eval Accuracy: 50.00, 
 Eval Confusion Matrix: 
 [[64. 39.]
 [ 0.  0.]], Eval Sensitivity: 100.00, Eval Specificity: 0.00
I0208 13:17:27.000911 140330784614208 train.py:157] Epoch 41/80, Accuracy: 97.81, 
 Confusion Matrix: 
 [[203.   3.]
 [  4. 120.]], Sensitivity: 98.07, Specificity: 97.56, 
 Test Accuracy: 50.00, 
 Test Confusion Matrix: 
 [[52. 31.]
 [ 0.  0.]], Test Sensitivity: 100.00, Test Specificity: 0.00,
 Eval Accuracy: 50.00, 
 Eval Confusion Matrix: 
 [[64. 39.]
 [ 0.  0.]], Eval Sensitivity: 100.00, Eval Specificity: 0.00
I0208 13:17:27.428755 140330784614208 train.py:157] Epoch 42/80, Accuracy: 99.35, 
 Confusion Matrix: 
 [[206.   1.]
 [  1. 122.]], Sensitivity: 99.52, Specificity: 99.19, 
 Test Accuracy: 62.90, 
 Test Confusion Matrix: 
 [[52. 23.]
 [ 0.  8.]], Test Sensitivity: 100.00, Test Specificity: 25.81,
 Eval Accuracy: 62.82, 
 Eval Confusion Matrix: 
 [[64. 29.]
 [ 0. 10.]], Eval Sensitivity: 100.00, Eval Specificity: 25.64
I0208 13:17:27.852935 140330784614208 train.py:157] Epoch 43/80, Accuracy: 99.59, 
 Confusion Matrix: 
 [[207.   1.]
 [  0. 122.]], Sensitivity: 100.00, Specificity: 99.19, 
 Test Accuracy: 72.30, 
 Test Confusion Matrix: 
 [[45. 13.]
 [ 7. 18.]], Test Sensitivity: 86.54, Test Specificity: 58.06,
 Eval Accuracy: 76.08, 
 Eval Confusion Matrix: 
 [[58. 15.]
 [ 6. 24.]], Eval Sensitivity: 90.62, Eval Specificity: 61.54
I0208 13:17:28.275945 140330784614208 train.py:157] Epoch 44/80, Accuracy: 100.00, 
 Confusion Matrix: 
 [[207.   0.]
 [  0. 123.]], Sensitivity: 100.00, Specificity: 100.00, 
 Test Accuracy: 65.82, 
 Test Confusion Matrix: 
 [[50. 20.]
 [ 2. 11.]], Test Sensitivity: 96.15, Test Specificity: 35.48,
 Eval Accuracy: 61.26, 
 Eval Confusion Matrix: 
 [[62. 29.]
 [ 2. 10.]], Eval Sensitivity: 96.88, Eval Specificity: 25.64
I0208 13:17:28.700828 140330784614208 train.py:157] Epoch 45/80, Accuracy: 100.00, 
 Confusion Matrix: 
 [[207.   0.]
 [  0. 123.]], Sensitivity: 100.00, Specificity: 100.00, 
 Test Accuracy: 61.63, 
 Test Confusion Matrix: 
 [[49. 22.]
 [ 3.  9.]], Test Sensitivity: 94.23, Test Specificity: 29.03,
 Eval Accuracy: 63.82, 
 Eval Confusion Matrix: 
 [[62. 27.]
 [ 2. 12.]], Eval Sensitivity: 96.88, Eval Specificity: 30.77
I0208 13:17:29.123368 140330784614208 train.py:157] Epoch 46/80, Accuracy: 98.30, 
 Confusion Matrix: 
 [[205.   3.]
 [  2. 120.]], Sensitivity: 99.03, Specificity: 97.56, 
 Test Accuracy: 50.00, 
 Test Confusion Matrix: 
 [[52. 31.]
 [ 0.  0.]], Test Sensitivity: 100.00, Test Specificity: 0.00,
 Eval Accuracy: 52.56, 
 Eval Confusion Matrix: 
 [[64. 37.]
 [ 0.  2.]], Eval Sensitivity: 100.00, Eval Specificity: 5.13
I0208 13:17:29.550687 140330784614208 train.py:157] Epoch 47/80, Accuracy: 91.50, 
 Confusion Matrix: 
 [[192.  12.]
 [ 15. 111.]], Sensitivity: 92.75, Specificity: 90.24, 
 Test Accuracy: 50.00, 
 Test Confusion Matrix: 
 [[52. 31.]
 [ 0.  0.]], Test Sensitivity: 100.00, Test Specificity: 0.00,
 Eval Accuracy: 50.00, 
 Eval Confusion Matrix: 
 [[64. 39.]
 [ 0.  0.]], Eval Sensitivity: 100.00, Eval Specificity: 0.00
I0208 13:17:29.977449 140330784614208 train.py:157] Epoch 48/80, Accuracy: 96.68, 
 Confusion Matrix: 
 [[200.   4.]
 [  7. 119.]], Sensitivity: 96.62, Specificity: 96.75, 
 Test Accuracy: 58.06, 
 Test Confusion Matrix: 
 [[52. 26.]
 [ 0.  5.]], Test Sensitivity: 100.00, Test Specificity: 16.13,
 Eval Accuracy: 60.26, 
 Eval Confusion Matrix: 
 [[64. 31.]
 [ 0.  8.]], Eval Sensitivity: 100.00, Eval Specificity: 20.51
I0208 13:17:30.394600 140330784614208 train.py:157] Epoch 49/80, Accuracy: 97.98, 
 Confusion Matrix: 
 [[202.   2.]
 [  5. 121.]], Sensitivity: 97.58, Specificity: 98.37, 
 Test Accuracy: 56.45, 
 Test Confusion Matrix: 
 [[52. 27.]
 [ 0.  4.]], Test Sensitivity: 100.00, Test Specificity: 12.90,
 Eval Accuracy: 55.13, 
 Eval Confusion Matrix: 
 [[64. 35.]
 [ 0.  4.]], Eval Sensitivity: 100.00, Eval Specificity: 10.26
I0208 13:17:30.812487 140330784614208 train.py:157] Epoch 50/80, Accuracy: 95.71, 
 Confusion Matrix: 
 [[201.   7.]
 [  6. 116.]], Sensitivity: 97.10, Specificity: 94.31, 
 Test Accuracy: 74.88, 
 Test Confusion Matrix: 
 [[46. 12.]
 [ 6. 19.]], Test Sensitivity: 88.46, Test Specificity: 61.29,
 Eval Accuracy: 72.52, 
 Eval Confusion Matrix: 
 [[60. 19.]
 [ 4. 20.]], Eval Sensitivity: 93.75, Eval Specificity: 51.28
I0208 13:17:31.243619 140330784614208 train.py:157] Epoch 51/80, Accuracy: 98.46, 
 Confusion Matrix: 
 [[204.   2.]
 [  3. 121.]], Sensitivity: 98.55, Specificity: 98.37, 
 Test Accuracy: 48.08, 
 Test Confusion Matrix: 
 [[50. 31.]
 [ 2.  0.]], Test Sensitivity: 96.15, Test Specificity: 0.00,
 Eval Accuracy: 51.00, 
 Eval Confusion Matrix: 
 [[62. 37.]
 [ 2.  2.]], Eval Sensitivity: 96.88, Eval Specificity: 5.13
I0208 13:17:31.674520 140330784614208 train.py:157] Epoch 52/80, Accuracy: 97.33, 
 Confusion Matrix: 
 [[201.   3.]
 [  6. 120.]], Sensitivity: 97.10, Specificity: 97.56, 
 Test Accuracy: 56.45, 
 Test Confusion Matrix: 
 [[52. 27.]
 [ 0.  4.]], Test Sensitivity: 100.00, Test Specificity: 12.90,
 Eval Accuracy: 53.06, 
 Eval Confusion Matrix: 
 [[63. 36.]
 [ 1.  3.]], Eval Sensitivity: 98.44, Eval Specificity: 7.69
I0208 13:17:32.094274 140330784614208 train.py:157] Epoch 53/80, Accuracy: 98.54, 
 Confusion Matrix: 
 [[206.   3.]
 [  1. 120.]], Sensitivity: 99.52, Specificity: 97.56, 
 Test Accuracy: 69.35, 
 Test Confusion Matrix: 
 [[52. 19.]
 [ 0. 12.]], Test Sensitivity: 100.00, Test Specificity: 38.71,
 Eval Accuracy: 58.97, 
 Eval Confusion Matrix: 
 [[64. 32.]
 [ 0.  7.]], Eval Sensitivity: 100.00, Eval Specificity: 17.95
I0208 13:17:32.510772 140330784614208 train.py:157] Epoch 54/80, Accuracy: 90.77, 
 Confusion Matrix: 
 [[189.  12.]
 [ 18. 111.]], Sensitivity: 91.30, Specificity: 90.24, 
 Test Accuracy: 50.00, 
 Test Confusion Matrix: 
 [[52. 31.]
 [ 0.  0.]], Test Sensitivity: 100.00, Test Specificity: 0.00,
 Eval Accuracy: 50.00, 
 Eval Confusion Matrix: 
 [[64. 39.]
 [ 0.  0.]], Eval Sensitivity: 100.00, Eval Specificity: 0.00
I0208 13:17:32.934977 140330784614208 train.py:157] Epoch 55/80, Accuracy: 97.09, 
 Confusion Matrix: 
 [[200.   3.]
 [  7. 120.]], Sensitivity: 96.62, Specificity: 97.56, 
 Test Accuracy: 51.61, 
 Test Confusion Matrix: 
 [[52. 30.]
 [ 0.  1.]], Test Sensitivity: 100.00, Test Specificity: 3.23,
 Eval Accuracy: 50.00, 
 Eval Confusion Matrix: 
 [[64. 39.]
 [ 0.  0.]], Eval Sensitivity: 100.00, Eval Specificity: 0.00
I0208 13:17:33.351110 140330784614208 train.py:157] Epoch 56/80, Accuracy: 98.30, 
 Confusion Matrix: 
 [[205.   3.]
 [  2. 120.]], Sensitivity: 99.03, Specificity: 97.56, 
 Test Accuracy: 54.84, 
 Test Confusion Matrix: 
 [[52. 28.]
 [ 0.  3.]], Test Sensitivity: 100.00, Test Specificity: 9.68,
 Eval Accuracy: 53.85, 
 Eval Confusion Matrix: 
 [[64. 36.]
 [ 0.  3.]], Eval Sensitivity: 100.00, Eval Specificity: 7.69
I0208 13:17:33.768837 140330784614208 train.py:157] Epoch 57/80, Accuracy: 97.24, 
 Confusion Matrix: 
 [[204.   5.]
 [  3. 118.]], Sensitivity: 98.55, Specificity: 95.93, 
 Test Accuracy: 56.45, 
 Test Confusion Matrix: 
 [[52. 27.]
 [ 0.  4.]], Test Sensitivity: 100.00, Test Specificity: 12.90,
 Eval Accuracy: 56.91, 
 Eval Confusion Matrix: 
 [[63. 33.]
 [ 1.  6.]], Eval Sensitivity: 98.44, Eval Specificity: 15.38
I0208 13:17:34.191607 140330784614208 train.py:157] Epoch 58/80, Accuracy: 100.00, 
 Confusion Matrix: 
 [[207.   0.]
 [  0. 123.]], Sensitivity: 100.00, Specificity: 100.00, 
 Test Accuracy: 79.75, 
 Test Confusion Matrix: 
 [[41.  6.]
 [11. 25.]], Test Sensitivity: 78.85, Test Specificity: 80.65,
 Eval Accuracy: 87.06, 
 Eval Confusion Matrix: 
 [[54.  4.]
 [10. 35.]], Eval Sensitivity: 84.38, Eval Specificity: 89.74
I0208 13:17:34.610707 140330784614208 train.py:157] Epoch 59/80, Accuracy: 98.14, 
 Confusion Matrix: 
 [[201.   1.]
 [  6. 122.]], Sensitivity: 97.10, Specificity: 99.19, 
 Test Accuracy: 78.47, 
 Test Confusion Matrix: 
 [[38.  5.]
 [14. 26.]], Test Sensitivity: 73.08, Test Specificity: 83.87,
 Eval Accuracy: 83.15, 
 Eval Confusion Matrix: 
 [[49.  4.]
 [15. 35.]], Eval Sensitivity: 76.56, Eval Specificity: 89.74
I0208 13:17:35.031857 140330784614208 train.py:157] Epoch 60/80, Accuracy: 98.06, 
 Confusion Matrix: 
 [[204.   3.]
 [  3. 120.]], Sensitivity: 98.55, Specificity: 97.56, 
 Test Accuracy: 53.88, 
 Test Confusion Matrix: 
 [[51. 28.]
 [ 1.  3.]], Test Sensitivity: 98.08, Test Specificity: 9.68,
 Eval Accuracy: 52.28, 
 Eval Confusion Matrix: 
 [[62. 36.]
 [ 2.  3.]], Eval Sensitivity: 96.88, Eval Specificity: 7.69
I0208 13:17:35.447864 140330784614208 train.py:157] Epoch 61/80, Accuracy: 99.76, 
 Confusion Matrix: 
 [[206.   0.]
 [  1. 123.]], Sensitivity: 99.52, Specificity: 100.00, 
 Test Accuracy: 76.83, 
 Test Confusion Matrix: 
 [[43.  9.]
 [ 9. 22.]], Test Sensitivity: 82.69, Test Specificity: 70.97,
 Eval Accuracy: 82.99, 
 Eval Confusion Matrix: 
 [[57.  9.]
 [ 7. 30.]], Eval Sensitivity: 89.06, Eval Specificity: 76.92
I0208 13:17:35.865218 140330784614208 train.py:157] Epoch 62/80, Accuracy: 100.00, 
 Confusion Matrix: 
 [[207.   0.]
 [  0. 123.]], Sensitivity: 100.00, Specificity: 100.00, 
 Test Accuracy: 60.98, 
 Test Confusion Matrix: 
 [[50. 23.]
 [ 2.  8.]], Test Sensitivity: 96.15, Test Specificity: 25.81,
 Eval Accuracy: 63.82, 
 Eval Confusion Matrix: 
 [[62. 27.]
 [ 2. 12.]], Eval Sensitivity: 96.88, Eval Specificity: 30.77
I0208 13:17:36.291183 140330784614208 train.py:157] Epoch 63/80, Accuracy: 98.70, 
 Confusion Matrix: 
 [[205.   2.]
 [  2. 121.]], Sensitivity: 99.03, Specificity: 98.37, 
 Test Accuracy: 78.13, 
 Test Confusion Matrix: 
 [[41.  7.]
 [11. 24.]], Test Sensitivity: 78.85, Test Specificity: 77.42,
 Eval Accuracy: 82.21, 
 Eval Confusion Matrix: 
 [[56.  9.]
 [ 8. 30.]], Eval Sensitivity: 87.50, Eval Specificity: 76.92
I0208 13:17:36.717072 140330784614208 train.py:157] Epoch 64/80, Accuracy: 99.11, 
 Confusion Matrix: 
 [[205.   1.]
 [  2. 122.]], Sensitivity: 99.03, Specificity: 99.19, 
 Test Accuracy: 68.08, 
 Test Confusion Matrix: 
 [[49. 18.]
 [ 3. 13.]], Test Sensitivity: 94.23, Test Specificity: 41.94,
 Eval Accuracy: 63.54, 
 Eval Confusion Matrix: 
 [[60. 26.]
 [ 4. 13.]], Eval Sensitivity: 93.75, Eval Specificity: 33.33
I0208 13:17:37.135866 140330784614208 train.py:157] Epoch 65/80, Accuracy: 100.00, 
 Confusion Matrix: 
 [[207.   0.]
 [  0. 123.]], Sensitivity: 100.00, Specificity: 100.00, 
 Test Accuracy: 79.09, 
 Test Confusion Matrix: 
 [[42.  7.]
 [10. 24.]], Test Sensitivity: 80.77, Test Specificity: 77.42,
 Eval Accuracy: 85.28, 
 Eval Confusion Matrix: 
 [[55.  6.]
 [ 9. 33.]], Eval Sensitivity: 85.94, Eval Specificity: 84.62
I0208 13:17:37.563678 140330784614208 train.py:157] Epoch 66/80, Accuracy: 100.00, 
 Confusion Matrix: 
 [[207.   0.]
 [  0. 123.]], Sensitivity: 100.00, Specificity: 100.00, 
 Test Accuracy: 76.18, 
 Test Confusion Matrix: 
 [[44. 10.]
 [ 8. 21.]], Test Sensitivity: 84.62, Test Specificity: 67.74,
 Eval Accuracy: 80.43, 
 Eval Confusion Matrix: 
 [[57. 11.]
 [ 7. 28.]], Eval Sensitivity: 89.06, Eval Specificity: 71.79
I0208 13:17:37.983663 140330784614208 train.py:157] Epoch 67/80, Accuracy: 100.00, 
 Confusion Matrix: 
 [[207.   0.]
 [  0. 123.]], Sensitivity: 100.00, Specificity: 100.00, 
 Test Accuracy: 66.16, 
 Test Confusion Matrix: 
 [[47. 18.]
 [ 5. 13.]], Test Sensitivity: 90.38, Test Specificity: 41.94,
 Eval Accuracy: 66.89, 
 Eval Confusion Matrix: 
 [[61. 24.]
 [ 3. 15.]], Eval Sensitivity: 95.31, Eval Specificity: 38.46
I0208 13:17:38.404610 140330784614208 train.py:157] Epoch 68/80, Accuracy: 98.70, 
 Confusion Matrix: 
 [[205.   2.]
 [  2. 121.]], Sensitivity: 99.03, Specificity: 98.37, 
 Test Accuracy: 81.73, 
 Test Confusion Matrix: 
 [[33.  0.]
 [19. 31.]], Test Sensitivity: 63.46, Test Specificity: 100.00,
 Eval Accuracy: 78.19, 
 Eval Confusion Matrix: 
 [[41.  3.]
 [23. 36.]], Eval Sensitivity: 64.06, Eval Specificity: 92.31
I0208 13:17:38.824219 140330784614208 train.py:157] Epoch 69/80, Accuracy: 93.20, 
 Confusion Matrix: 
 [[194.   9.]
 [ 13. 114.]], Sensitivity: 93.72, Specificity: 92.68, 
 Test Accuracy: 54.84, 
 Test Confusion Matrix: 
 [[52. 28.]
 [ 0.  3.]], Test Sensitivity: 100.00, Test Specificity: 9.68,
 Eval Accuracy: 51.28, 
 Eval Confusion Matrix: 
 [[64. 38.]
 [ 0.  1.]], Eval Sensitivity: 100.00, Eval Specificity: 2.56
I0208 13:17:39.246418 140330784614208 train.py:157] Epoch 70/80, Accuracy: 99.35, 
 Confusion Matrix: 
 [[206.   1.]
 [  1. 122.]], Sensitivity: 99.52, Specificity: 99.19, 
 Test Accuracy: 68.39, 
 Test Confusion Matrix: 
 [[51. 19.]
 [ 1. 12.]], Test Sensitivity: 98.08, Test Specificity: 38.71,
 Eval Accuracy: 61.26, 
 Eval Confusion Matrix: 
 [[62. 29.]
 [ 2. 10.]], Eval Sensitivity: 96.88, Eval Specificity: 25.64
I0208 13:17:39.671048 140330784614208 train.py:157] Epoch 71/80, Accuracy: 98.78, 
 Confusion Matrix: 
 [[207.   3.]
 [  0. 120.]], Sensitivity: 100.00, Specificity: 97.56, 
 Test Accuracy: 74.04, 
 Test Confusion Matrix: 
 [[25.  0.]
 [27. 31.]], Test Sensitivity: 48.08, Test Specificity: 100.00,
 Eval Accuracy: 77.34, 
 Eval Confusion Matrix: 
 [[35.  0.]
 [29. 39.]], Eval Sensitivity: 54.69, Eval Specificity: 100.00
I0208 13:17:40.090852 140330784614208 train.py:157] Epoch 72/80, Accuracy: 99.35, 
 Confusion Matrix: 
 [[206.   1.]
 [  1. 122.]], Sensitivity: 99.52, Specificity: 99.19, 
 Test Accuracy: 68.08, 
 Test Confusion Matrix: 
 [[49. 18.]
 [ 3. 13.]], Test Sensitivity: 94.23, Test Specificity: 41.94,
 Eval Accuracy: 67.39, 
 Eval Confusion Matrix: 
 [[60. 23.]
 [ 4. 16.]], Eval Sensitivity: 93.75, Eval Specificity: 41.03
I0208 13:17:40.508117 140330784614208 train.py:157] Epoch 73/80, Accuracy: 100.00, 
 Confusion Matrix: 
 [[207.   0.]
 [  0. 123.]], Sensitivity: 100.00, Specificity: 100.00, 
 Test Accuracy: 68.42, 
 Test Confusion Matrix: 
 [[46. 16.]
 [ 6. 15.]], Test Sensitivity: 88.46, Test Specificity: 48.39,
 Eval Accuracy: 73.80, 
 Eval Confusion Matrix: 
 [[60. 18.]
 [ 4. 21.]], Eval Sensitivity: 93.75, Eval Specificity: 53.85
I0208 13:17:40.928563 140330784614208 train.py:157] Epoch 74/80, Accuracy: 100.00, 
 Confusion Matrix: 
 [[207.   0.]
 [  0. 123.]], Sensitivity: 100.00, Specificity: 100.00, 
 Test Accuracy: 70.69, 
 Test Confusion Matrix: 
 [[45. 14.]
 [ 7. 17.]], Test Sensitivity: 86.54, Test Specificity: 54.84,
 Eval Accuracy: 72.52, 
 Eval Confusion Matrix: 
 [[60. 19.]
 [ 4. 20.]], Eval Sensitivity: 93.75, Eval Specificity: 51.28
I0208 13:17:41.352513 140330784614208 train.py:157] Epoch 75/80, Accuracy: 98.70, 
 Confusion Matrix: 
 [[205.   2.]
 [  2. 121.]], Sensitivity: 99.03, Specificity: 98.37, 
 Test Accuracy: 57.69, 
 Test Confusion Matrix: 
 [[ 8.  0.]
 [44. 31.]], Test Sensitivity: 15.38, Test Specificity: 100.00,
 Eval Accuracy: 60.16, 
 Eval Confusion Matrix: 
 [[13.  0.]
 [51. 39.]], Eval Sensitivity: 20.31, Eval Specificity: 100.00
I0208 13:17:41.769937 140330784614208 train.py:157] Epoch 76/80, Accuracy: 100.00, 
 Confusion Matrix: 
 [[207.   0.]
 [  0. 123.]], Sensitivity: 100.00, Specificity: 100.00, 
 Test Accuracy: 73.08, 
 Test Confusion Matrix: 
 [[24.  0.]
 [28. 31.]], Test Sensitivity: 46.15, Test Specificity: 100.00,
 Eval Accuracy: 69.53, 
 Eval Confusion Matrix: 
 [[25.  0.]
 [39. 39.]], Eval Sensitivity: 39.06, Eval Specificity: 100.00
I0208 13:17:42.190969 140330784614208 train.py:157] Epoch 77/80, Accuracy: 99.76, 
 Confusion Matrix: 
 [[206.   0.]
 [  1. 123.]], Sensitivity: 99.52, Specificity: 100.00, 
 Test Accuracy: 65.20, 
 Test Confusion Matrix: 
 [[46. 18.]
 [ 6. 13.]], Test Sensitivity: 88.46, Test Specificity: 41.94,
 Eval Accuracy: 72.02, 
 Eval Confusion Matrix: 
 [[61. 20.]
 [ 3. 19.]], Eval Sensitivity: 95.31, Eval Specificity: 48.72
I0208 13:17:42.607499 140330784614208 train.py:157] Epoch 78/80, Accuracy: 100.00, 
 Confusion Matrix: 
 [[207.   0.]
 [  0. 123.]], Sensitivity: 100.00, Specificity: 100.00, 
 Test Accuracy: 84.27, 
 Test Confusion Matrix: 
 [[39.  2.]
 [13. 29.]], Test Sensitivity: 75.00, Test Specificity: 93.55,
 Eval Accuracy: 81.31, 
 Eval Confusion Matrix: 
 [[45.  3.]
 [19. 36.]], Eval Sensitivity: 70.31, Eval Specificity: 92.31
I0208 13:17:43.022519 140330784614208 train.py:157] Epoch 79/80, Accuracy: 99.59, 
 Confusion Matrix: 
 [[207.   1.]
 [  0. 122.]], Sensitivity: 100.00, Specificity: 99.19, 
 Test Accuracy: 80.06, 
 Test Confusion Matrix: 
 [[43.  7.]
 [ 9. 24.]], Test Sensitivity: 82.69, Test Specificity: 77.42,
 Eval Accuracy: 84.78, 
 Eval Confusion Matrix: 
 [[56.  7.]
 [ 8. 32.]], Eval Sensitivity: 87.50, Eval Specificity: 82.05
I0208 13:17:43.057431 140330784614208 train.py:226] Finished training after 1659 steps and 80 epochs.
Model: "vgg_like"
_________________________________________________________________
Layer (type)                 Output Shape              Param #   
=================================================================
input_1 (InputLayer)         [(None, None, None, 3)]   0         
_________________________________________________________________
conv2d (Conv2D)              (None, None, None, 8)     224       
_________________________________________________________________
batch_normalization (BatchNo (None, None, None, 8)     32        
_________________________________________________________________
conv2d_1 (Conv2D)            (None, None, None, 8)     584       
_________________________________________________________________
max_pooling2d (MaxPooling2D) (None, None, None, 8)     0         
_________________________________________________________________
batch_normalization_1 (Batch (None, None, None, 8)     32        
_________________________________________________________________
conv2d_2 (Conv2D)            (None, None, None, 16)    1168      
_________________________________________________________________
batch_normalization_2 (Batch (None, None, None, 16)    64        
_________________________________________________________________
conv2d_3 (Conv2D)            (None, None, None, 16)    2320      
_________________________________________________________________
max_pooling2d_1 (MaxPooling2 (None, None, None, 16)    0         
_________________________________________________________________
batch_normalization_3 (Batch (None, None, None, 16)    64        
_________________________________________________________________
conv2d_4 (Conv2D)            (None, None, None, 32)    4640      
_________________________________________________________________
batch_normalization_4 (Batch (None, None, None, 32)    128       
_________________________________________________________________
conv2d_5 (Conv2D)            (None, None, None, 32)    9248      
_________________________________________________________________
max_pooling2d_2 (MaxPooling2 (None, None, None, 32)    0         
_________________________________________________________________
batch_normalization_5 (Batch (None, None, None, 32)    128       
_________________________________________________________________
conv2d_6 (Conv2D)            (None, None, None, 64)    18496     
_________________________________________________________________
batch_normalization_6 (Batch (None, None, None, 64)    256       
_________________________________________________________________
conv2d_7 (Conv2D)            (None, None, None, 64)    36928     
_________________________________________________________________
max_pooling2d_3 (MaxPooling2 (None, None, None, 64)    0         
_________________________________________________________________
batch_normalization_7 (Batch (None, None, None, 64)    256       
_________________________________________________________________
global_average_pooling2d (Gl (None, 64)                0         
_________________________________________________________________
dense (Dense)                (None, 128)               8320      
_________________________________________________________________
dropout (Dropout)            (None, 128)               0         
_________________________________________________________________
dense_1 (Dense)              (None, 2)                 258       
=================================================================
Total params: 83,146
Trainable params: 82,666
Non-trainable params: 480
_________________________________________________________________
