2021-02-01 15:17:15.969028: I tensorflow/stream_executor/platform/default/dso_loader.cc:48] Successfully opened dynamic library libcudart.so.10.1
I0201 15:17:17.667603 139926473119552 datasets.py:14] Preparing dataset idrid...
I0201 15:17:17.668520 139926473119552 dataset_info.py:361] Load dataset info from /home/RUS_CIP/st169955/dl-lab-2020-team15/Project1-Diabetic_Retinopathy/idrid/1.0.0
I0201 15:17:17.669175 139926473119552 dataset_builder.py:299] Reusing dataset idrid (/home/RUS_CIP/st169955/dl-lab-2020-team15/Project1-Diabetic_Retinopathy/idrid/1.0.0)
I0201 15:17:17.669224 139926473119552 dataset_builder.py:510] Constructing tf.data.Dataset for split ['train[:80%]', 'train[80%:]', 'test'], from /home/RUS_CIP/st169955/dl-lab-2020-team15/Project1-Diabetic_Retinopathy/idrid/1.0.0
2021-02-01 15:17:17.671252: I tensorflow/stream_executor/platform/default/dso_loader.cc:48] Successfully opened dynamic library libcuda.so.1
2021-02-01 15:17:17.720641: I tensorflow/core/common_runtime/gpu/gpu_device.cc:1716] Found device 0 with properties: 
pciBusID: 0000:01:00.0 name: GeForce RTX 2080 Ti computeCapability: 7.5
coreClock: 1.545GHz coreCount: 68 deviceMemorySize: 10.76GiB deviceMemoryBandwidth: 573.69GiB/s
2021-02-01 15:17:17.720680: I tensorflow/stream_executor/platform/default/dso_loader.cc:48] Successfully opened dynamic library libcudart.so.10.1
2021-02-01 15:17:17.740673: I tensorflow/stream_executor/platform/default/dso_loader.cc:48] Successfully opened dynamic library libcublas.so.10
2021-02-01 15:17:17.755172: I tensorflow/stream_executor/platform/default/dso_loader.cc:48] Successfully opened dynamic library libcufft.so.10
2021-02-01 15:17:17.758540: I tensorflow/stream_executor/platform/default/dso_loader.cc:48] Successfully opened dynamic library libcurand.so.10
2021-02-01 15:17:17.785745: I tensorflow/stream_executor/platform/default/dso_loader.cc:48] Successfully opened dynamic library libcusolver.so.10
2021-02-01 15:17:17.789075: I tensorflow/stream_executor/platform/default/dso_loader.cc:48] Successfully opened dynamic library libcusparse.so.10
2021-02-01 15:17:17.819938: I tensorflow/stream_executor/platform/default/dso_loader.cc:48] Successfully opened dynamic library libcudnn.so.7
2021-02-01 15:17:17.821999: I tensorflow/core/common_runtime/gpu/gpu_device.cc:1858] Adding visible gpu devices: 0
2021-02-01 15:17:17.822402: I tensorflow/core/platform/cpu_feature_guard.cc:142] This TensorFlow binary is optimized with oneAPI Deep Neural Network Library (oneDNN)to use the following CPU instructions in performance-critical operations:  AVX2 FMA
To enable them in other operations, rebuild TensorFlow with the appropriate compiler flags.
2021-02-01 15:17:17.832804: I tensorflow/core/platform/profile_utils/cpu_utils.cc:104] CPU Frequency: 3800025000 Hz
2021-02-01 15:17:17.833299: I tensorflow/compiler/xla/service/service.cc:168] XLA service 0x4590430 initialized for platform Host (this does not guarantee that XLA will be used). Devices:
2021-02-01 15:17:17.833313: I tensorflow/compiler/xla/service/service.cc:176]   StreamExecutor device (0): Host, Default Version
2021-02-01 15:17:17.979328: I tensorflow/compiler/xla/service/service.cc:168] XLA service 0x41c89b0 initialized for platform CUDA (this does not guarantee that XLA will be used). Devices:
2021-02-01 15:17:17.979362: I tensorflow/compiler/xla/service/service.cc:176]   StreamExecutor device (0): GeForce RTX 2080 Ti, Compute Capability 7.5
2021-02-01 15:17:17.980127: I tensorflow/core/common_runtime/gpu/gpu_device.cc:1716] Found device 0 with properties: 
pciBusID: 0000:01:00.0 name: GeForce RTX 2080 Ti computeCapability: 7.5
coreClock: 1.545GHz coreCount: 68 deviceMemorySize: 10.76GiB deviceMemoryBandwidth: 573.69GiB/s
2021-02-01 15:17:17.980150: I tensorflow/stream_executor/platform/default/dso_loader.cc:48] Successfully opened dynamic library libcudart.so.10.1
2021-02-01 15:17:17.980176: I tensorflow/stream_executor/platform/default/dso_loader.cc:48] Successfully opened dynamic library libcublas.so.10
2021-02-01 15:17:17.980184: I tensorflow/stream_executor/platform/default/dso_loader.cc:48] Successfully opened dynamic library libcufft.so.10
2021-02-01 15:17:17.980219: I tensorflow/stream_executor/platform/default/dso_loader.cc:48] Successfully opened dynamic library libcurand.so.10
2021-02-01 15:17:17.980227: I tensorflow/stream_executor/platform/default/dso_loader.cc:48] Successfully opened dynamic library libcusolver.so.10
2021-02-01 15:17:17.980233: I tensorflow/stream_executor/platform/default/dso_loader.cc:48] Successfully opened dynamic library libcusparse.so.10
2021-02-01 15:17:17.980241: I tensorflow/stream_executor/platform/default/dso_loader.cc:48] Successfully opened dynamic library libcudnn.so.7
2021-02-01 15:17:17.981514: I tensorflow/core/common_runtime/gpu/gpu_device.cc:1858] Adding visible gpu devices: 0
2021-02-01 15:17:17.981889: I tensorflow/stream_executor/platform/default/dso_loader.cc:48] Successfully opened dynamic library libcudart.so.10.1
2021-02-01 15:17:18.500261: I tensorflow/core/common_runtime/gpu/gpu_device.cc:1257] Device interconnect StreamExecutor with strength 1 edge matrix:
2021-02-01 15:17:18.500310: I tensorflow/core/common_runtime/gpu/gpu_device.cc:1263]      0 
2021-02-01 15:17:18.500316: I tensorflow/core/common_runtime/gpu/gpu_device.cc:1276] 0:   N 
2021-02-01 15:17:18.501894: I tensorflow/core/common_runtime/gpu/gpu_device.cc:1402] Created TensorFlow device (/job:localhost/replica:0/task:0/device:GPU:0 with 10072 MB memory) -> physical GPU (device: 0, name: GeForce RTX 2080 Ti, pci bus id: 0000:01:00.0, compute capability: 7.5)
WARNING:tensorflow:AutoGraph could not transform <function preprocess at 0x7f42bb33d160> and will run it as-is.
Please report this to the TensorFlow team. When filing the bug, set the verbosity to 10 (on Linux, `export AUTOGRAPH_VERBOSITY=10`) and attach the full output.
Cause: module 'gast' has no attribute 'Index'
To silence this warning, decorate the function with @tf.autograph.experimental.do_not_convert
W0201 15:17:22.401818 139926473119552 ag_logging.py:146] AutoGraph could not transform <function preprocess at 0x7f42bb33d160> and will run it as-is.
Please report this to the TensorFlow team. When filing the bug, set the verbosity to 10 (on Linux, `export AUTOGRAPH_VERBOSITY=10`) and attach the full output.
Cause: module 'gast' has no attribute 'Index'
To silence this warning, decorate the function with @tf.autograph.experimental.do_not_convert
WARNING:tensorflow:AutoGraph could not transform <function rotate at 0x7f42bb3ce790> and will run it as-is.
Please report this to the TensorFlow team. When filing the bug, set the verbosity to 10 (on Linux, `export AUTOGRAPH_VERBOSITY=10`) and attach the full output.
Cause: module 'gast' has no attribute 'Index'
To silence this warning, decorate the function with @tf.autograph.experimental.do_not_convert
W0201 15:17:22.528075 139926473119552 ag_logging.py:146] AutoGraph could not transform <function rotate at 0x7f42bb3ce790> and will run it as-is.
Please report this to the TensorFlow team. When filing the bug, set the verbosity to 10 (on Linux, `export AUTOGRAPH_VERBOSITY=10`) and attach the full output.
Cause: module 'gast' has no attribute 'Index'
To silence this warning, decorate the function with @tf.autograph.experimental.do_not_convert
I0201 15:17:29.803654 139926473119552 train.py:121] Initializing from scratch.
2021-02-01 15:17:30.851295: I tensorflow/stream_executor/platform/default/dso_loader.cc:48] Successfully opened dynamic library libcublas.so.10
2021-02-01 15:17:31.109588: I tensorflow/stream_executor/platform/default/dso_loader.cc:48] Successfully opened dynamic library libcudnn.so.7
I0201 15:17:38.040660 139926473119552 train.py:157] Epoch 1/80, Accuracy: 69.49, 
 Confusion Matrix: 
 [[496. 190.]
 [289. 595.]], Sensitivity: 63.18, Specificity: 75.80, 
 Test Accuracy: 61.04, 
 Test Confusion Matrix: 
 [[40. 17.]
 [12. 14.]], Test Sensitivity: 76.92, Test Specificity: 45.16,
 Eval Accuracy: 56.01, 
 Eval Confusion Matrix: 
 [[52. 27.]
 [12. 12.]], Eval Sensitivity: 81.25, Eval Specificity: 30.77
I0201 15:17:40.367471 139926473119552 train.py:157] Epoch 2/80, Accuracy: 71.50, 
 Confusion Matrix: 
 [[500. 162.]
 [286. 624.]], Sensitivity: 63.61, Specificity: 79.39, 
 Test Accuracy: 80.12, 
 Test Confusion Matrix: 
 [[33.  1.]
 [19. 30.]], Test Sensitivity: 63.46, Test Specificity: 96.77,
 Eval Accuracy: 58.89, 
 Eval Confusion Matrix: 
 [[36. 15.]
 [28. 24.]], Eval Sensitivity: 56.25, Eval Specificity: 61.54
I0201 15:17:42.191791 139926473119552 train.py:157] Epoch 3/80, Accuracy: 72.84, 
 Confusion Matrix: 
 [[523. 164.]
 [263. 622.]], Sensitivity: 66.54, Specificity: 79.13, 
 Test Accuracy: 76.89, 
 Test Confusion Matrix: 
 [[33.  3.]
 [19. 28.]], Test Sensitivity: 63.46, Test Specificity: 90.32,
 Eval Accuracy: 65.93, 
 Eval Confusion Matrix: 
 [[45. 15.]
 [19. 24.]], Eval Sensitivity: 70.31, Eval Specificity: 61.54
I0201 15:17:43.999172 139926473119552 train.py:157] Epoch 4/80, Accuracy: 74.90, 
 Confusion Matrix: 
 [[538. 147.]
 [247. 638.]], Sensitivity: 68.54, Specificity: 81.27, 
 Test Accuracy: 50.00, 
 Test Confusion Matrix: 
 [[52. 31.]
 [ 0.  0.]], Test Sensitivity: 100.00, Test Specificity: 0.00,
 Eval Accuracy: 50.00, 
 Eval Confusion Matrix: 
 [[64. 39.]
 [ 0.  0.]], Eval Sensitivity: 100.00, Eval Specificity: 0.00
I0201 15:17:45.785209 139926473119552 train.py:157] Epoch 5/80, Accuracy: 74.20, 
 Confusion Matrix: 
 [[542. 162.]
 [243. 623.]], Sensitivity: 69.04, Specificity: 79.36, 
 Test Accuracy: 54.81, 
 Test Confusion Matrix: 
 [[ 5.  0.]
 [47. 31.]], Test Sensitivity: 9.62, Test Specificity: 100.00,
 Eval Accuracy: 53.91, 
 Eval Confusion Matrix: 
 [[ 5.  0.]
 [59. 39.]], Eval Sensitivity: 7.81, Eval Specificity: 100.00
I0201 15:17:47.570034 139926473119552 train.py:157] Epoch 6/80, Accuracy: 74.08, 
 Confusion Matrix: 
 [[532. 154.]
 [253. 631.]], Sensitivity: 67.77, Specificity: 80.38, 
 Test Accuracy: 66.32, 
 Test Confusion Matrix: 
 [[22.  3.]
 [30. 28.]], Test Sensitivity: 42.31, Test Specificity: 90.32,
 Eval Accuracy: 65.81, 
 Eval Confusion Matrix: 
 [[35.  9.]
 [29. 30.]], Eval Sensitivity: 54.69, Eval Specificity: 76.92
I0201 15:17:49.361998 139926473119552 train.py:157] Epoch 7/80, Accuracy: 76.40, 
 Confusion Matrix: 
 [[545. 130.]
 [241. 656.]], Sensitivity: 69.34, Specificity: 83.46, 
 Test Accuracy: 75.59, 
 Test Confusion Matrix: 
 [[35.  5.]
 [17. 26.]], Test Sensitivity: 67.31, Test Specificity: 83.87,
 Eval Accuracy: 65.93, 
 Eval Confusion Matrix: 
 [[45. 15.]
 [19. 24.]], Eval Sensitivity: 70.31, Eval Specificity: 61.54
I0201 15:17:51.153753 139926473119552 train.py:157] Epoch 8/80, Accuracy: 78.94, 
 Confusion Matrix: 
 [[571. 116.]
 [215. 670.]], Sensitivity: 72.65, Specificity: 85.24, 
 Test Accuracy: 60.89, 
 Test Confusion Matrix: 
 [[13.  1.]
 [39. 30.]], Test Sensitivity: 25.00, Test Specificity: 96.77,
 Eval Accuracy: 62.78, 
 Eval Confusion Matrix: 
 [[18.  1.]
 [46. 38.]], Eval Sensitivity: 28.12, Eval Specificity: 97.44
I0201 15:17:52.953519 139926473119552 train.py:157] Epoch 9/80, Accuracy: 80.98, 
 Confusion Matrix: 
 [[584.  97.]
 [202. 689.]], Sensitivity: 74.30, Specificity: 87.66, 
 Test Accuracy: 63.46, 
 Test Confusion Matrix: 
 [[14.  0.]
 [38. 31.]], Test Sensitivity: 26.92, Test Specificity: 100.00,
 Eval Accuracy: 63.28, 
 Eval Confusion Matrix: 
 [[17.  0.]
 [47. 39.]], Eval Sensitivity: 26.56, Eval Specificity: 100.00
I0201 15:17:55.210220 139926473119552 train.py:157] Epoch 10/80, Accuracy: 81.29, 
 Confusion Matrix: 
 [[591.  96.]
 [200. 695.]], Sensitivity: 74.72, Specificity: 87.86, 
 Test Accuracy: 82.35, 
 Test Confusion Matrix: 
 [[37.  2.]
 [15. 29.]], Test Sensitivity: 71.15, Test Specificity: 93.55,
 Eval Accuracy: 79.53, 
 Eval Confusion Matrix: 
 [[46.  5.]
 [18. 34.]], Eval Sensitivity: 71.88, Eval Specificity: 87.18
I0201 15:17:57.051455 139926473119552 train.py:157] Epoch 11/80, Accuracy: 85.62, 
 Confusion Matrix: 
 [[627.  67.]
 [159. 719.]], Sensitivity: 79.77, Specificity: 91.48, 
 Test Accuracy: 79.81, 
 Test Confusion Matrix: 
 [[31.  0.]
 [21. 31.]], Test Sensitivity: 59.62, Test Specificity: 100.00,
 Eval Accuracy: 75.28, 
 Eval Confusion Matrix: 
 [[34.  1.]
 [30. 38.]], Eval Sensitivity: 53.12, Eval Specificity: 97.44
I0201 15:17:58.864188 139926473119552 train.py:157] Epoch 12/80, Accuracy: 85.71, 
 Confusion Matrix: 
 [[629.  64.]
 [162. 727.]], Sensitivity: 79.52, Specificity: 91.91, 
 Test Accuracy: 88.46, 
 Test Confusion Matrix: 
 [[40.  0.]
 [12. 31.]], Test Sensitivity: 76.92, Test Specificity: 100.00,
 Eval Accuracy: 81.53, 
 Eval Confusion Matrix: 
 [[42.  1.]
 [22. 38.]], Eval Sensitivity: 65.62, Eval Specificity: 97.44
I0201 15:18:00.679516 139926473119552 train.py:157] Epoch 13/80, Accuracy: 87.28, 
 Confusion Matrix: 
 [[654.  68.]
 [132. 718.]], Sensitivity: 83.21, Specificity: 91.35, 
 Test Accuracy: 68.08, 
 Test Confusion Matrix: 
 [[49. 18.]
 [ 3. 13.]], Test Sensitivity: 94.23, Test Specificity: 41.94,
 Eval Accuracy: 66.33, 
 Eval Confusion Matrix: 
 [[57. 22.]
 [ 7. 17.]], Eval Sensitivity: 89.06, Eval Specificity: 43.59
I0201 15:18:02.901049 139926473119552 train.py:157] Epoch 14/80, Accuracy: 89.16, 
 Confusion Matrix: 
 [[675.  57.]
 [114. 732.]], Sensitivity: 85.55, Specificity: 92.78, 
 Test Accuracy: 90.04, 
 Test Confusion Matrix: 
 [[45.  2.]
 [ 7. 29.]], Test Sensitivity: 86.54, Test Specificity: 93.55,
 Eval Accuracy: 80.37, 
 Eval Confusion Matrix: 
 [[52.  8.]
 [12. 31.]], Eval Sensitivity: 81.25, Eval Specificity: 79.49
I0201 15:18:04.717054 139926473119552 train.py:157] Epoch 15/80, Accuracy: 89.19, 
 Confusion Matrix: 
 [[676.  60.]
 [110. 726.]], Sensitivity: 86.01, Specificity: 92.37, 
 Test Accuracy: 94.23, 
 Test Confusion Matrix: 
 [[46.  0.]
 [ 6. 31.]], Test Sensitivity: 88.46, Test Specificity: 100.00,
 Eval Accuracy: 81.15, 
 Eval Confusion Matrix: 
 [[53.  8.]
 [11. 31.]], Eval Sensitivity: 82.81, Eval Specificity: 79.49
I0201 15:18:06.524568 139926473119552 train.py:157] Epoch 16/80, Accuracy: 89.82, 
 Confusion Matrix: 
 [[690.  64.]
 [ 96. 722.]], Sensitivity: 87.79, Specificity: 91.86, 
 Test Accuracy: 87.50, 
 Test Confusion Matrix: 
 [[39.  0.]
 [13. 31.]], Test Sensitivity: 75.00, Test Specificity: 100.00,
 Eval Accuracy: 86.78, 
 Eval Confusion Matrix: 
 [[52.  3.]
 [12. 36.]], Eval Sensitivity: 81.25, Eval Specificity: 92.31
I0201 15:18:08.373093 139926473119552 train.py:157] Epoch 17/80, Accuracy: 89.38, 
 Confusion Matrix: 
 [[680.  61.]
 [106. 725.]], Sensitivity: 86.51, Specificity: 92.24, 
 Test Accuracy: 75.19, 
 Test Confusion Matrix: 
 [[48. 13.]
 [ 4. 18.]], Test Sensitivity: 92.31, Test Specificity: 58.06,
 Eval Accuracy: 76.30, 
 Eval Confusion Matrix: 
 [[55. 13.]
 [ 9. 26.]], Eval Sensitivity: 85.94, Eval Specificity: 66.67
I0201 15:18:10.179866 139926473119552 train.py:157] Epoch 18/80, Accuracy: 90.59, 
 Confusion Matrix: 
 [[696.  53.]
 [ 96. 739.]], Sensitivity: 87.88, Specificity: 93.31, 
 Test Accuracy: 87.16, 
 Test Confusion Matrix: 
 [[42.  2.]
 [10. 29.]], Test Sensitivity: 80.77, Test Specificity: 93.55,
 Eval Accuracy: 83.43, 
 Eval Confusion Matrix: 
 [[51.  5.]
 [13. 34.]], Eval Sensitivity: 79.69, Eval Specificity: 87.18
I0201 15:18:11.959611 139926473119552 train.py:157] Epoch 19/80, Accuracy: 90.52, 
 Confusion Matrix: 
 [[688.  51.]
 [ 98. 735.]], Sensitivity: 87.53, Specificity: 93.51, 
 Test Accuracy: 87.78, 
 Test Confusion Matrix: 
 [[46.  4.]
 [ 6. 27.]], Test Sensitivity: 88.46, Test Specificity: 87.10,
 Eval Accuracy: 80.93, 
 Eval Confusion Matrix: 
 [[56. 10.]
 [ 8. 29.]], Eval Sensitivity: 87.50, Eval Specificity: 74.36
I0201 15:18:13.757035 139926473119552 train.py:157] Epoch 20/80, Accuracy: 90.46, 
 Confusion Matrix: 
 [[685.  49.]
 [101. 737.]], Sensitivity: 87.15, Specificity: 93.77, 
 Test Accuracy: 76.46, 
 Test Confusion Matrix: 
 [[51. 14.]
 [ 1. 17.]], Test Sensitivity: 98.08, Test Specificity: 54.84,
 Eval Accuracy: 75.52, 
 Eval Confusion Matrix: 
 [[54. 13.]
 [10. 26.]], Eval Sensitivity: 84.38, Eval Specificity: 66.67
I0201 15:18:15.541697 139926473119552 train.py:157] Epoch 21/80, Accuracy: 92.24, 
 Confusion Matrix: 
 [[699.  35.]
 [ 87. 751.]], Sensitivity: 88.93, Specificity: 95.55, 
 Test Accuracy: 77.45, 
 Test Confusion Matrix: 
 [[47. 11.]
 [ 5. 20.]], Test Sensitivity: 90.38, Test Specificity: 64.52,
 Eval Accuracy: 73.24, 
 Eval Confusion Matrix: 
 [[56. 16.]
 [ 8. 23.]], Eval Sensitivity: 87.50, Eval Specificity: 58.97
I0201 15:18:17.761165 139926473119552 train.py:157] Epoch 22/80, Accuracy: 90.82, 
 Confusion Matrix: 
 [[701.  56.]
 [ 89. 734.]], Sensitivity: 88.73, Specificity: 92.91, 
 Test Accuracy: 86.17, 
 Test Confusion Matrix: 
 [[46.  5.]
 [ 6. 26.]], Test Sensitivity: 88.46, Test Specificity: 83.87,
 Eval Accuracy: 83.43, 
 Eval Confusion Matrix: 
 [[51.  5.]
 [13. 34.]], Eval Sensitivity: 79.69, Eval Specificity: 87.18
I0201 15:18:19.568986 139926473119552 train.py:157] Epoch 23/80, Accuracy: 92.05, 
 Confusion Matrix: 
 [[706.  45.]
 [ 80. 741.]], Sensitivity: 89.82, Specificity: 94.27, 
 Test Accuracy: 88.74, 
 Test Confusion Matrix: 
 [[47.  4.]
 [ 5. 27.]], Test Sensitivity: 90.38, Test Specificity: 87.10,
 Eval Accuracy: 80.87, 
 Eval Confusion Matrix: 
 [[51.  7.]
 [13. 32.]], Eval Sensitivity: 79.69, Eval Specificity: 82.05
I0201 15:18:21.422954 139926473119552 train.py:157] Epoch 24/80, Accuracy: 91.92, 
 Confusion Matrix: 
 [[703.  44.]
 [ 83. 742.]], Sensitivity: 89.44, Specificity: 94.40, 
 Test Accuracy: 75.19, 
 Test Confusion Matrix: 
 [[48. 13.]
 [ 4. 18.]], Test Sensitivity: 92.31, Test Specificity: 58.06,
 Eval Accuracy: 73.24, 
 Eval Confusion Matrix: 
 [[56. 16.]
 [ 8. 23.]], Eval Sensitivity: 87.50, Eval Specificity: 58.97
I0201 15:18:23.256417 139926473119552 train.py:157] Epoch 25/80, Accuracy: 91.54, 
 Confusion Matrix: 
 [[704.  51.]
 [ 82. 735.]], Sensitivity: 89.57, Specificity: 93.51, 
 Test Accuracy: 91.00, 
 Test Confusion Matrix: 
 [[46.  2.]
 [ 6. 29.]], Test Sensitivity: 88.46, Test Specificity: 93.55,
 Eval Accuracy: 85.28, 
 Eval Confusion Matrix: 
 [[55.  6.]
 [ 9. 33.]], Eval Sensitivity: 85.94, Eval Specificity: 84.62
I0201 15:18:25.224233 139926473119552 train.py:157] Epoch 26/80, Accuracy: 92.55, 
 Confusion Matrix: 
 [[723.  49.]
 [ 69. 743.]], Sensitivity: 91.29, Specificity: 93.81, 
 Test Accuracy: 89.42, 
 Test Confusion Matrix: 
 [[41.  0.]
 [11. 31.]], Test Sensitivity: 78.85, Test Specificity: 100.00,
 Eval Accuracy: 85.72, 
 Eval Confusion Matrix: 
 [[49.  2.]
 [15. 37.]], Eval Sensitivity: 76.56, Eval Specificity: 94.87
I0201 15:18:27.047594 139926473119552 train.py:157] Epoch 27/80, Accuracy: 93.38, 
 Confusion Matrix: 
 [[722.  40.]
 [ 64. 746.]], Sensitivity: 91.86, Specificity: 94.91, 
 Test Accuracy: 88.77, 
 Test Confusion Matrix: 
 [[42.  1.]
 [10. 30.]], Test Sensitivity: 80.77, Test Specificity: 96.77,
 Eval Accuracy: 86.50, 
 Eval Confusion Matrix: 
 [[50.  2.]
 [14. 37.]], Eval Sensitivity: 78.12, Eval Specificity: 94.87
I0201 15:18:28.872999 139926473119552 train.py:157] Epoch 28/80, Accuracy: 92.36, 
 Confusion Matrix: 
 [[709.  38.]
 [ 83. 754.]], Sensitivity: 89.52, Specificity: 95.20, 
 Test Accuracy: 87.78, 
 Test Confusion Matrix: 
 [[46.  4.]
 [ 6. 27.]], Test Sensitivity: 88.46, Test Specificity: 87.10,
 Eval Accuracy: 82.93, 
 Eval Confusion Matrix: 
 [[52.  6.]
 [12. 33.]], Eval Sensitivity: 81.25, Eval Specificity: 84.62
I0201 15:18:30.671169 139926473119552 train.py:157] Epoch 29/80, Accuracy: 93.45, 
 Confusion Matrix: 
 [[725.  42.]
 [ 61. 744.]], Sensitivity: 92.24, Specificity: 94.66, 
 Test Accuracy: 83.65, 
 Test Confusion Matrix: 
 [[35.  0.]
 [17. 31.]], Test Sensitivity: 67.31, Test Specificity: 100.00,
 Eval Accuracy: 85.16, 
 Eval Confusion Matrix: 
 [[45.  0.]
 [19. 39.]], Eval Sensitivity: 70.31, Eval Specificity: 100.00
I0201 15:18:32.538258 139926473119552 train.py:157] Epoch 30/80, Accuracy: 93.64, 
 Confusion Matrix: 
 [[724.  38.]
 [ 62. 748.]], Sensitivity: 92.11, Specificity: 95.17, 
 Test Accuracy: 75.50, 
 Test Confusion Matrix: 
 [[50. 14.]
 [ 2. 17.]], Test Sensitivity: 96.15, Test Specificity: 54.84,
 Eval Accuracy: 73.30, 
 Eval Confusion Matrix: 
 [[61. 19.]
 [ 3. 20.]], Eval Sensitivity: 95.31, Eval Specificity: 51.28
I0201 15:18:34.353065 139926473119552 train.py:157] Epoch 31/80, Accuracy: 93.42, 
 Confusion Matrix: 
 [[729.  43.]
 [ 61. 747.]], Sensitivity: 92.28, Specificity: 94.56, 
 Test Accuracy: 93.58, 
 Test Confusion Matrix: 
 [[47.  1.]
 [ 5. 30.]], Test Sensitivity: 90.38, Test Specificity: 96.77,
 Eval Accuracy: 86.34, 
 Eval Confusion Matrix: 
 [[58.  7.]
 [ 6. 32.]], Eval Sensitivity: 90.62, Eval Specificity: 82.05
I0201 15:18:36.177050 139926473119552 train.py:157] Epoch 32/80, Accuracy: 93.13, 
 Confusion Matrix: 
 [[719.  41.]
 [ 67. 745.]], Sensitivity: 91.48, Specificity: 94.78, 
 Test Accuracy: 88.77, 
 Test Confusion Matrix: 
 [[42.  1.]
 [10. 30.]], Test Sensitivity: 80.77, Test Specificity: 96.77,
 Eval Accuracy: 84.44, 
 Eval Confusion Matrix: 
 [[49.  3.]
 [15. 36.]], Eval Sensitivity: 76.56, Eval Specificity: 92.31
I0201 15:18:37.986059 139926473119552 train.py:157] Epoch 33/80, Accuracy: 93.70, 
 Confusion Matrix: 
 [[721.  34.]
 [ 65. 752.]], Sensitivity: 91.73, Specificity: 95.67, 
 Test Accuracy: 85.51, 
 Test Confusion Matrix: 
 [[47.  6.]
 [ 5. 25.]], Test Sensitivity: 90.38, Test Specificity: 80.65,
 Eval Accuracy: 74.52, 
 Eval Confusion Matrix: 
 [[56. 15.]
 [ 8. 24.]], Eval Sensitivity: 87.50, Eval Specificity: 61.54
I0201 15:18:39.815012 139926473119552 train.py:157] Epoch 34/80, Accuracy: 93.19, 
 Confusion Matrix: 
 [[718.  39.]
 [ 68. 747.]], Sensitivity: 91.35, Specificity: 95.04, 
 Test Accuracy: 86.54, 
 Test Confusion Matrix: 
 [[38.  0.]
 [14. 31.]], Test Sensitivity: 73.08, Test Specificity: 100.00,
 Eval Accuracy: 78.02, 
 Eval Confusion Matrix: 
 [[49.  8.]
 [15. 31.]], Eval Sensitivity: 76.56, Eval Specificity: 79.49
I0201 15:18:41.665045 139926473119552 train.py:157] Epoch 35/80, Accuracy: 94.08, 
 Confusion Matrix: 
 [[727.  35.]
 [ 58. 750.]], Sensitivity: 92.61, Specificity: 95.54, 
 Test Accuracy: 86.85, 
 Test Confusion Matrix: 
 [[40.  1.]
 [12. 30.]], Test Sensitivity: 76.92, Test Specificity: 96.77,
 Eval Accuracy: 82.87, 
 Eval Confusion Matrix: 
 [[47.  3.]
 [17. 36.]], Eval Sensitivity: 73.44, Eval Specificity: 92.31
I0201 15:18:43.468731 139926473119552 train.py:157] Epoch 36/80, Accuracy: 94.27, 
 Confusion Matrix: 
 [[727.  31.]
 [ 59. 755.]], Sensitivity: 92.49, Specificity: 96.06, 
 Test Accuracy: 84.86, 
 Test Confusion Matrix: 
 [[48.  7.]
 [ 4. 24.]], Test Sensitivity: 92.31, Test Specificity: 77.42,
 Eval Accuracy: 79.65, 
 Eval Confusion Matrix: 
 [[56. 11.]
 [ 8. 28.]], Eval Sensitivity: 87.50, Eval Specificity: 71.79
I0201 15:18:45.295730 139926473119552 train.py:157] Epoch 37/80, Accuracy: 95.23, 
 Confusion Matrix: 
 [[739.  28.]
 [ 47. 758.]], Sensitivity: 94.02, Specificity: 96.44, 
 Test Accuracy: 90.69, 
 Test Confusion Matrix: 
 [[44.  1.]
 [ 8. 30.]], Test Sensitivity: 84.62, Test Specificity: 96.77,
 Eval Accuracy: 83.43, 
 Eval Confusion Matrix: 
 [[51.  5.]
 [13. 34.]], Eval Sensitivity: 79.69, Eval Specificity: 87.18
I0201 15:18:47.134005 139926473119552 train.py:157] Epoch 38/80, Accuracy: 94.40, 
 Confusion Matrix: 
 [[730.  32.]
 [ 56. 754.]], Sensitivity: 92.88, Specificity: 95.93, 
 Test Accuracy: 88.43, 
 Test Confusion Matrix: 
 [[45.  3.]
 [ 7. 28.]], Test Sensitivity: 86.54, Test Specificity: 90.32,
 Eval Accuracy: 79.37, 
 Eval Confusion Matrix: 
 [[54. 10.]
 [10. 29.]], Eval Sensitivity: 84.38, Eval Specificity: 74.36
I0201 15:18:48.960487 139926473119552 train.py:157] Epoch 39/80, Accuracy: 94.85, 
 Confusion Matrix: 
 [[739.  34.]
 [ 47. 752.]], Sensitivity: 94.02, Specificity: 95.67, 
 Test Accuracy: 83.62, 
 Test Confusion Matrix: 
 [[40.  3.]
 [12. 28.]], Test Sensitivity: 76.92, Test Specificity: 90.32,
 Eval Accuracy: 81.09, 
 Eval Confusion Matrix: 
 [[48.  5.]
 [16. 34.]], Eval Sensitivity: 75.00, Eval Specificity: 87.18
I0201 15:18:50.789576 139926473119552 train.py:157] Epoch 40/80, Accuracy: 95.67, 
 Confusion Matrix: 
 [[743.  25.]
 [ 43. 761.]], Sensitivity: 94.53, Specificity: 96.82, 
 Test Accuracy: 91.35, 
 Test Confusion Matrix: 
 [[43.  0.]
 [ 9. 31.]], Test Sensitivity: 82.69, Test Specificity: 100.00,
 Eval Accuracy: 82.65, 
 Eval Confusion Matrix: 
 [[50.  5.]
 [14. 34.]], Eval Sensitivity: 78.12, Eval Specificity: 87.18
I0201 15:18:52.649363 139926473119552 train.py:157] Epoch 41/80, Accuracy: 94.53, 
 Confusion Matrix: 
 [[734.  34.]
 [ 52. 752.]], Sensitivity: 93.38, Specificity: 95.67, 
 Test Accuracy: 76.49, 
 Test Confusion Matrix: 
 [[46. 11.]
 [ 6. 20.]], Test Sensitivity: 88.46, Test Specificity: 64.52,
 Eval Accuracy: 78.65, 
 Eval Confusion Matrix: 
 [[58. 13.]
 [ 6. 26.]], Eval Sensitivity: 90.62, Eval Specificity: 66.67
I0201 15:18:54.494387 139926473119552 train.py:157] Epoch 42/80, Accuracy: 94.08, 
 Confusion Matrix: 
 [[727.  34.]
 [ 59. 752.]], Sensitivity: 92.49, Specificity: 95.67, 
 Test Accuracy: 87.50, 
 Test Confusion Matrix: 
 [[39.  0.]
 [13. 31.]], Test Sensitivity: 75.00, Test Specificity: 100.00,
 Eval Accuracy: 83.15, 
 Eval Confusion Matrix: 
 [[49.  4.]
 [15. 35.]], Eval Sensitivity: 76.56, Eval Specificity: 89.74
I0201 15:18:56.344382 139926473119552 train.py:157] Epoch 43/80, Accuracy: 94.72, 
 Confusion Matrix: 
 [[735.  32.]
 [ 51. 754.]], Sensitivity: 93.51, Specificity: 95.93, 
 Test Accuracy: 89.39, 
 Test Confusion Matrix: 
 [[46.  3.]
 [ 6. 28.]], Test Sensitivity: 88.46, Test Specificity: 90.32,
 Eval Accuracy: 84.50, 
 Eval Confusion Matrix: 
 [[54.  6.]
 [10. 33.]], Eval Sensitivity: 84.38, Eval Specificity: 84.62
I0201 15:18:58.184736 139926473119552 train.py:157] Epoch 44/80, Accuracy: 95.23, 
 Confusion Matrix: 
 [[741.  30.]
 [ 45. 756.]], Sensitivity: 94.27, Specificity: 96.18, 
 Test Accuracy: 88.46, 
 Test Confusion Matrix: 
 [[40.  0.]
 [12. 31.]], Test Sensitivity: 76.92, Test Specificity: 100.00,
 Eval Accuracy: 82.37, 
 Eval Confusion Matrix: 
 [[48.  4.]
 [16. 35.]], Eval Sensitivity: 75.00, Eval Specificity: 89.74
I0201 15:19:00.033709 139926473119552 train.py:157] Epoch 45/80, Accuracy: 96.05, 
 Confusion Matrix: 
 [[743.  20.]
 [ 42. 765.]], Sensitivity: 94.65, Specificity: 97.45, 
 Test Accuracy: 92.31, 
 Test Confusion Matrix: 
 [[44.  0.]
 [ 8. 31.]], Test Sensitivity: 84.62, Test Specificity: 100.00,
 Eval Accuracy: 81.93, 
 Eval Confusion Matrix: 
 [[54.  8.]
 [10. 31.]], Eval Sensitivity: 84.38, Eval Specificity: 79.49
I0201 15:19:01.873244 139926473119552 train.py:157] Epoch 46/80, Accuracy: 95.80, 
 Confusion Matrix: 
 [[740.  20.]
 [ 46. 766.]], Sensitivity: 94.15, Specificity: 97.46, 
 Test Accuracy: 87.47, 
 Test Confusion Matrix: 
 [[44.  3.]
 [ 8. 28.]], Test Sensitivity: 84.62, Test Specificity: 90.32,
 Eval Accuracy: 81.87, 
 Eval Confusion Matrix: 
 [[49.  5.]
 [15. 34.]], Eval Sensitivity: 76.56, Eval Specificity: 87.18
I0201 15:19:03.701777 139926473119552 train.py:157] Epoch 47/80, Accuracy: 94.72, 
 Confusion Matrix: 
 [[736.  33.]
 [ 50. 753.]], Sensitivity: 93.64, Specificity: 95.80, 
 Test Accuracy: 90.04, 
 Test Confusion Matrix: 
 [[45.  2.]
 [ 7. 29.]], Test Sensitivity: 86.54, Test Specificity: 93.55,
 Eval Accuracy: 79.09, 
 Eval Confusion Matrix: 
 [[52.  9.]
 [12. 30.]], Eval Sensitivity: 81.25, Eval Specificity: 76.92
I0201 15:19:05.532679 139926473119552 train.py:157] Epoch 48/80, Accuracy: 95.64, 
 Confusion Matrix: 
 [[750.  27.]
 [ 42. 765.]], Sensitivity: 94.70, Specificity: 96.59, 
 Test Accuracy: 87.81, 
 Test Confusion Matrix: 
 [[41.  1.]
 [11. 30.]], Test Sensitivity: 78.85, Test Specificity: 96.77,
 Eval Accuracy: 82.65, 
 Eval Confusion Matrix: 
 [[50.  5.]
 [14. 34.]], Eval Sensitivity: 78.12, Eval Specificity: 87.18
I0201 15:19:07.355246 139926473119552 train.py:157] Epoch 49/80, Accuracy: 96.33, 
 Confusion Matrix: 
 [[758.  26.]
 [ 32. 764.]], Sensitivity: 95.95, Specificity: 96.71, 
 Test Accuracy: 86.51, 
 Test Confusion Matrix: 
 [[43.  3.]
 [ 9. 28.]], Test Sensitivity: 82.69, Test Specificity: 90.32,
 Eval Accuracy: 77.80, 
 Eval Confusion Matrix: 
 [[52. 10.]
 [12. 29.]], Eval Sensitivity: 81.25, Eval Specificity: 74.36
I0201 15:19:09.176896 139926473119552 train.py:157] Epoch 50/80, Accuracy: 95.99, 
 Confusion Matrix: 
 [[745.  22.]
 [ 41. 764.]], Sensitivity: 94.78, Specificity: 97.20, 
 Test Accuracy: 88.74, 
 Test Confusion Matrix: 
 [[47.  4.]
 [ 5. 27.]], Test Sensitivity: 90.38, Test Specificity: 87.10,
 Eval Accuracy: 78.87, 
 Eval Confusion Matrix: 
 [[55. 11.]
 [ 9. 28.]], Eval Sensitivity: 85.94, Eval Specificity: 71.79
I0201 15:19:10.967525 139926473119552 train.py:157] Epoch 51/80, Accuracy: 95.80, 
 Confusion Matrix: 
 [[746.  26.]
 [ 40. 760.]], Sensitivity: 94.91, Specificity: 96.69, 
 Test Accuracy: 84.93, 
 Test Confusion Matrix: 
 [[38.  1.]
 [14. 30.]], Test Sensitivity: 73.08, Test Specificity: 96.77,
 Eval Accuracy: 83.15, 
 Eval Confusion Matrix: 
 [[49.  4.]
 [15. 35.]], Eval Sensitivity: 76.56, Eval Specificity: 89.74
I0201 15:19:12.804255 139926473119552 train.py:157] Epoch 52/80, Accuracy: 95.86, 
 Confusion Matrix: 
 [[741.  21.]
 [ 44. 764.]], Sensitivity: 94.39, Specificity: 97.32, 
 Test Accuracy: 88.77, 
 Test Confusion Matrix: 
 [[42.  1.]
 [10. 30.]], Test Sensitivity: 80.77, Test Specificity: 96.77,
 Eval Accuracy: 83.71, 
 Eval Confusion Matrix: 
 [[53.  6.]
 [11. 33.]], Eval Sensitivity: 82.81, Eval Specificity: 84.62
I0201 15:19:14.628909 139926473119552 train.py:157] Epoch 53/80, Accuracy: 97.58, 
 Confusion Matrix: 
 [[760.  12.]
 [ 26. 774.]], Sensitivity: 96.69, Specificity: 98.47, 
 Test Accuracy: 87.81, 
 Test Confusion Matrix: 
 [[41.  1.]
 [11. 30.]], Test Sensitivity: 78.85, Test Specificity: 96.77,
 Eval Accuracy: 78.31, 
 Eval Confusion Matrix: 
 [[51.  9.]
 [13. 30.]], Eval Sensitivity: 79.69, Eval Specificity: 76.92
I0201 15:19:16.470219 139926473119552 train.py:157] Epoch 54/80, Accuracy: 96.76, 
 Confusion Matrix: 
 [[756.  21.]
 [ 30. 765.]], Sensitivity: 96.18, Specificity: 97.33, 
 Test Accuracy: 87.13, 
 Test Confusion Matrix: 
 [[47.  5.]
 [ 5. 26.]], Test Sensitivity: 90.38, Test Specificity: 83.87,
 Eval Accuracy: 78.37, 
 Eval Confusion Matrix: 
 [[56. 12.]
 [ 8. 27.]], Eval Sensitivity: 87.50, Eval Specificity: 69.23
I0201 15:19:18.277296 139926473119552 train.py:157] Epoch 55/80, Accuracy: 96.37, 
 Confusion Matrix: 
 [[748.  20.]
 [ 37. 765.]], Sensitivity: 95.29, Specificity: 97.45, 
 Test Accuracy: 86.54, 
 Test Confusion Matrix: 
 [[38.  0.]
 [14. 31.]], Test Sensitivity: 73.08, Test Specificity: 100.00,
 Eval Accuracy: 83.43, 
 Eval Confusion Matrix: 
 [[51.  5.]
 [13. 34.]], Eval Sensitivity: 79.69, Eval Specificity: 87.18
I0201 15:19:20.098967 139926473119552 train.py:157] Epoch 56/80, Accuracy: 97.14, 
 Confusion Matrix: 
 [[757.  16.]
 [ 29. 770.]], Sensitivity: 96.31, Specificity: 97.96, 
 Test Accuracy: 88.43, 
 Test Confusion Matrix: 
 [[45.  3.]
 [ 7. 28.]], Test Sensitivity: 86.54, Test Specificity: 90.32,
 Eval Accuracy: 78.37, 
 Eval Confusion Matrix: 
 [[56. 12.]
 [ 8. 27.]], Eval Sensitivity: 87.50, Eval Specificity: 69.23
I0201 15:19:21.927894 139926473119552 train.py:157] Epoch 57/80, Accuracy: 95.42, 
 Confusion Matrix: 
 [[745.  31.]
 [ 41. 755.]], Sensitivity: 94.78, Specificity: 96.06, 
 Test Accuracy: 87.13, 
 Test Confusion Matrix: 
 [[47.  5.]
 [ 5. 26.]], Test Sensitivity: 90.38, Test Specificity: 83.87,
 Eval Accuracy: 79.65, 
 Eval Confusion Matrix: 
 [[56. 11.]
 [ 8. 28.]], Eval Sensitivity: 87.50, Eval Specificity: 71.79
I0201 15:19:23.756008 139926473119552 train.py:157] Epoch 58/80, Accuracy: 95.67, 
 Confusion Matrix: 
 [[740.  22.]
 [ 46. 764.]], Sensitivity: 94.15, Specificity: 97.20, 
 Test Accuracy: 74.88, 
 Test Confusion Matrix: 
 [[46. 12.]
 [ 6. 19.]], Test Sensitivity: 88.46, Test Specificity: 61.29,
 Eval Accuracy: 76.02, 
 Eval Confusion Matrix: 
 [[53. 12.]
 [11. 27.]], Eval Sensitivity: 82.81, Eval Specificity: 69.23
I0201 15:19:25.570251 139926473119552 train.py:157] Epoch 59/80, Accuracy: 95.80, 
 Confusion Matrix: 
 [[745.  25.]
 [ 41. 761.]], Sensitivity: 94.78, Specificity: 96.82, 
 Test Accuracy: 87.50, 
 Test Confusion Matrix: 
 [[39.  0.]
 [13. 31.]], Test Sensitivity: 75.00, Test Specificity: 100.00,
 Eval Accuracy: 82.43, 
 Eval Confusion Matrix: 
 [[53.  7.]
 [11. 32.]], Eval Sensitivity: 82.81, Eval Specificity: 82.05
I0201 15:19:27.417032 139926473119552 train.py:157] Epoch 60/80, Accuracy: 96.50, 
 Confusion Matrix: 
 [[755.  24.]
 [ 31. 762.]], Sensitivity: 96.06, Specificity: 96.95, 
 Test Accuracy: 88.12, 
 Test Confusion Matrix: 
 [[43.  2.]
 [ 9. 29.]], Test Sensitivity: 82.69, Test Specificity: 93.55,
 Eval Accuracy: 81.59, 
 Eval Confusion Matrix: 
 [[47.  4.]
 [17. 35.]], Eval Sensitivity: 73.44, Eval Specificity: 89.74
I0201 15:19:29.282544 139926473119552 train.py:157] Epoch 61/80, Accuracy: 97.28, 
 Confusion Matrix: 
 [[762.  14.]
 [ 29. 777.]], Sensitivity: 96.33, Specificity: 98.23, 
 Test Accuracy: 84.62, 
 Test Confusion Matrix: 
 [[36.  0.]
 [16. 31.]], Test Sensitivity: 69.23, Test Specificity: 100.00,
 Eval Accuracy: 80.53, 
 Eval Confusion Matrix: 
 [[44.  3.]
 [20. 36.]], Eval Sensitivity: 68.75, Eval Specificity: 92.31
I0201 15:19:31.122240 139926473119552 train.py:157] Epoch 62/80, Accuracy: 96.82, 
 Confusion Matrix: 
 [[756.  20.]
 [ 30. 766.]], Sensitivity: 96.18, Specificity: 97.46, 
 Test Accuracy: 93.27, 
 Test Confusion Matrix: 
 [[45.  0.]
 [ 7. 31.]], Test Sensitivity: 86.54, Test Specificity: 100.00,
 Eval Accuracy: 75.52, 
 Eval Confusion Matrix: 
 [[54. 13.]
 [10. 26.]], Eval Sensitivity: 84.38, Eval Specificity: 66.67
I0201 15:19:32.979783 139926473119552 train.py:157] Epoch 63/80, Accuracy: 96.31, 
 Confusion Matrix: 
 [[752.  24.]
 [ 34. 762.]], Sensitivity: 95.67, Specificity: 96.95, 
 Test Accuracy: 95.19, 
 Test Confusion Matrix: 
 [[47.  0.]
 [ 5. 31.]], Test Sensitivity: 90.38, Test Specificity: 100.00,
 Eval Accuracy: 75.80, 
 Eval Confusion Matrix: 
 [[56. 14.]
 [ 8. 25.]], Eval Sensitivity: 87.50, Eval Specificity: 64.10
I0201 15:19:34.812960 139926473119552 train.py:157] Epoch 64/80, Accuracy: 97.58, 
 Confusion Matrix: 
 [[763.  15.]
 [ 23. 771.]], Sensitivity: 97.07, Specificity: 98.09, 
 Test Accuracy: 92.93, 
 Test Confusion Matrix: 
 [[48.  2.]
 [ 4. 29.]], Test Sensitivity: 92.31, Test Specificity: 93.55,
 Eval Accuracy: 80.65, 
 Eval Confusion Matrix: 
 [[54.  9.]
 [10. 30.]], Eval Sensitivity: 84.38, Eval Specificity: 76.92
I0201 15:19:36.634235 139926473119552 train.py:157] Epoch 65/80, Accuracy: 97.39, 
 Confusion Matrix: 
 [[760.  15.]
 [ 26. 771.]], Sensitivity: 96.69, Specificity: 98.09, 
 Test Accuracy: 88.46, 
 Test Confusion Matrix: 
 [[40.  0.]
 [12. 31.]], Test Sensitivity: 76.92, Test Specificity: 100.00,
 Eval Accuracy: 81.03, 
 Eval Confusion Matrix: 
 [[43.  2.]
 [21. 37.]], Eval Sensitivity: 67.19, Eval Specificity: 94.87
I0201 15:19:38.459842 139926473119552 train.py:157] Epoch 66/80, Accuracy: 96.82, 
 Confusion Matrix: 
 [[757.  21.]
 [ 29. 765.]], Sensitivity: 96.31, Specificity: 97.33, 
 Test Accuracy: 93.58, 
 Test Confusion Matrix: 
 [[47.  1.]
 [ 5. 30.]], Test Sensitivity: 90.38, Test Specificity: 96.77,
 Eval Accuracy: 80.65, 
 Eval Confusion Matrix: 
 [[54.  9.]
 [10. 30.]], Eval Sensitivity: 84.38, Eval Specificity: 76.92
I0201 15:19:40.293353 139926473119552 train.py:157] Epoch 67/80, Accuracy: 97.46, 
 Confusion Matrix: 
 [[763.  17.]
 [ 23. 769.]], Sensitivity: 97.07, Specificity: 97.84, 
 Test Accuracy: 92.93, 
 Test Confusion Matrix: 
 [[48.  2.]
 [ 4. 29.]], Test Sensitivity: 92.31, Test Specificity: 93.55,
 Eval Accuracy: 78.59, 
 Eval Confusion Matrix: 
 [[53. 10.]
 [11. 29.]], Eval Sensitivity: 82.81, Eval Specificity: 74.36
I0201 15:19:42.136338 139926473119552 train.py:157] Epoch 68/80, Accuracy: 97.14, 
 Confusion Matrix: 
 [[760.  19.]
 [ 26. 767.]], Sensitivity: 96.69, Specificity: 97.58, 
 Test Accuracy: 90.38, 
 Test Confusion Matrix: 
 [[42.  0.]
 [10. 31.]], Test Sensitivity: 80.77, Test Specificity: 100.00,
 Eval Accuracy: 84.50, 
 Eval Confusion Matrix: 
 [[54.  6.]
 [10. 33.]], Eval Sensitivity: 84.38, Eval Specificity: 84.62
I0201 15:19:43.952247 139926473119552 train.py:157] Epoch 69/80, Accuracy: 96.37, 
 Confusion Matrix: 
 [[750.  21.]
 [ 36. 765.]], Sensitivity: 95.42, Specificity: 97.33, 
 Test Accuracy: 77.76, 
 Test Confusion Matrix: 
 [[49. 12.]
 [ 3. 19.]], Test Sensitivity: 94.23, Test Specificity: 61.29,
 Eval Accuracy: 72.30, 
 Eval Confusion Matrix: 
 [[63. 21.]
 [ 1. 18.]], Eval Sensitivity: 98.44, Eval Specificity: 46.15
I0201 15:19:45.800850 139926473119552 train.py:157] Epoch 70/80, Accuracy: 96.97, 
 Confusion Matrix: 
 [[760.  17.]
 [ 31. 774.]], Sensitivity: 96.08, Specificity: 97.85, 
 Test Accuracy: 89.42, 
 Test Confusion Matrix: 
 [[41.  0.]
 [11. 31.]], Test Sensitivity: 78.85, Test Specificity: 100.00,
 Eval Accuracy: 83.15, 
 Eval Confusion Matrix: 
 [[49.  4.]
 [15. 35.]], Eval Sensitivity: 76.56, Eval Specificity: 89.74
I0201 15:19:47.620513 139926473119552 train.py:157] Epoch 71/80, Accuracy: 97.01, 
 Confusion Matrix: 
 [[755.  16.]
 [ 31. 770.]], Sensitivity: 96.06, Specificity: 97.96, 
 Test Accuracy: 84.89, 
 Test Confusion Matrix: 
 [[43.  4.]
 [ 9. 27.]], Test Sensitivity: 82.69, Test Specificity: 87.10,
 Eval Accuracy: 86.00, 
 Eval Confusion Matrix: 
 [[51.  3.]
 [13. 36.]], Eval Sensitivity: 79.69, Eval Specificity: 92.31
I0201 15:19:49.438906 139926473119552 train.py:157] Epoch 72/80, Accuracy: 96.88, 
 Confusion Matrix: 
 [[754.  17.]
 [ 32. 769.]], Sensitivity: 95.93, Specificity: 97.84, 
 Test Accuracy: 91.66, 
 Test Confusion Matrix: 
 [[45.  1.]
 [ 7. 30.]], Test Sensitivity: 86.54, Test Specificity: 96.77,
 Eval Accuracy: 81.93, 
 Eval Confusion Matrix: 
 [[54.  8.]
 [10. 31.]], Eval Sensitivity: 84.38, Eval Specificity: 79.49
I0201 15:19:51.293703 139926473119552 train.py:157] Epoch 73/80, Accuracy: 97.07, 
 Confusion Matrix: 
 [[756.  16.]
 [ 30. 770.]], Sensitivity: 96.18, Specificity: 97.96, 
 Test Accuracy: 92.31, 
 Test Confusion Matrix: 
 [[44.  0.]
 [ 8. 31.]], Test Sensitivity: 84.62, Test Specificity: 100.00,
 Eval Accuracy: 79.87, 
 Eval Confusion Matrix: 
 [[53.  9.]
 [11. 30.]], Eval Sensitivity: 82.81, Eval Specificity: 76.92
I0201 15:19:53.111377 139926473119552 train.py:157] Epoch 74/80, Accuracy: 97.71, 
 Confusion Matrix: 
 [[762.  12.]
 [ 24. 774.]], Sensitivity: 96.95, Specificity: 98.47, 
 Test Accuracy: 86.51, 
 Test Confusion Matrix: 
 [[43.  3.]
 [ 9. 28.]], Test Sensitivity: 82.69, Test Specificity: 90.32,
 Eval Accuracy: 75.02, 
 Eval Confusion Matrix: 
 [[55. 14.]
 [ 9. 25.]], Eval Sensitivity: 85.94, Eval Specificity: 64.10
I0201 15:19:54.924890 139926473119552 train.py:157] Epoch 75/80, Accuracy: 97.71, 
 Confusion Matrix: 
 [[767.  17.]
 [ 19. 769.]], Sensitivity: 97.58, Specificity: 97.84, 
 Test Accuracy: 88.43, 
 Test Confusion Matrix: 
 [[45.  3.]
 [ 7. 28.]], Test Sensitivity: 86.54, Test Specificity: 90.32,
 Eval Accuracy: 81.43, 
 Eval Confusion Matrix: 
 [[55.  9.]
 [ 9. 30.]], Eval Sensitivity: 85.94, Eval Specificity: 76.92
I0201 15:19:56.749649 139926473119552 train.py:157] Epoch 76/80, Accuracy: 98.35, 
 Confusion Matrix: 
 [[769.   9.]
 [ 17. 777.]], Sensitivity: 97.84, Specificity: 98.85, 
 Test Accuracy: 76.92, 
 Test Confusion Matrix: 
 [[28.  0.]
 [24. 31.]], Test Sensitivity: 53.85, Test Specificity: 100.00,
 Eval Accuracy: 79.69, 
 Eval Confusion Matrix: 
 [[38.  0.]
 [26. 39.]], Eval Sensitivity: 59.38, Eval Specificity: 100.00
I0201 15:19:58.571969 139926473119552 train.py:157] Epoch 77/80, Accuracy: 96.27, 
 Confusion Matrix: 
 [[757.  26.]
 [ 33. 764.]], Sensitivity: 95.82, Specificity: 96.71, 
 Test Accuracy: 88.77, 
 Test Confusion Matrix: 
 [[42.  1.]
 [10. 30.]], Test Sensitivity: 80.77, Test Specificity: 96.77,
 Eval Accuracy: 83.71, 
 Eval Confusion Matrix: 
 [[53.  6.]
 [11. 33.]], Eval Sensitivity: 82.81, Eval Specificity: 84.62
I0201 15:20:00.388980 139926473119552 train.py:157] Epoch 78/80, Accuracy: 97.58, 
 Confusion Matrix: 
 [[763.  15.]
 [ 23. 771.]], Sensitivity: 97.07, Specificity: 98.09, 
 Test Accuracy: 86.54, 
 Test Confusion Matrix: 
 [[38.  0.]
 [14. 31.]], Test Sensitivity: 73.08, Test Specificity: 100.00,
 Eval Accuracy: 84.66, 
 Eval Confusion Matrix: 
 [[46.  1.]
 [18. 38.]], Eval Sensitivity: 71.88, Eval Specificity: 97.44
I0201 15:20:02.243105 139926473119552 train.py:157] Epoch 79/80, Accuracy: 96.95, 
 Confusion Matrix: 
 [[756.  18.]
 [ 30. 768.]], Sensitivity: 96.18, Specificity: 97.71, 
 Test Accuracy: 85.58, 
 Test Confusion Matrix: 
 [[37.  0.]
 [15. 31.]], Test Sensitivity: 71.15, Test Specificity: 100.00,
 Eval Accuracy: 79.81, 
 Eval Confusion Matrix: 
 [[48.  6.]
 [16. 33.]], Eval Sensitivity: 75.00, Eval Specificity: 84.62
I0201 15:20:02.288415 139926473119552 train.py:226] Finished training after 7821 steps and 80 epochs.
Model: "vgg_like"
_________________________________________________________________
Layer (type)                 Output Shape              Param #   
=================================================================
input_1 (InputLayer)         [(None, None, None, 3)]   0         
_________________________________________________________________
conv2d (Conv2D)              (None, None, None, 8)     224       
_________________________________________________________________
batch_normalization (BatchNo (None, None, None, 8)     32        
_________________________________________________________________
conv2d_1 (Conv2D)            (None, None, None, 8)     584       
_________________________________________________________________
max_pooling2d (MaxPooling2D) (None, None, None, 8)     0         
_________________________________________________________________
batch_normalization_1 (Batch (None, None, None, 8)     32        
_________________________________________________________________
conv2d_2 (Conv2D)            (None, None, None, 16)    1168      
_________________________________________________________________
batch_normalization_2 (Batch (None, None, None, 16)    64        
_________________________________________________________________
conv2d_3 (Conv2D)            (None, None, None, 16)    2320      
_________________________________________________________________
max_pooling2d_1 (MaxPooling2 (None, None, None, 16)    0         
_________________________________________________________________
batch_normalization_3 (Batch (None, None, None, 16)    64        
_________________________________________________________________
conv2d_4 (Conv2D)            (None, None, None, 32)    4640      
_________________________________________________________________
batch_normalization_4 (Batch (None, None, None, 32)    128       
_________________________________________________________________
conv2d_5 (Conv2D)            (None, None, None, 32)    9248      
_________________________________________________________________
max_pooling2d_2 (MaxPooling2 (None, None, None, 32)    0         
_________________________________________________________________
batch_normalization_5 (Batch (None, None, None, 32)    128       
_________________________________________________________________
conv2d_6 (Conv2D)            (None, None, None, 64)    18496     
_________________________________________________________________
batch_normalization_6 (Batch (None, None, None, 64)    256       
_________________________________________________________________
conv2d_7 (Conv2D)            (None, None, None, 64)    36928     
_________________________________________________________________
max_pooling2d_3 (MaxPooling2 (None, None, None, 64)    0         
_________________________________________________________________
batch_normalization_7 (Batch (None, None, None, 64)    256       
_________________________________________________________________
global_average_pooling2d (Gl (None, 64)                0         
_________________________________________________________________
dense (Dense)                (None, 128)               8320      
_________________________________________________________________
dropout (Dropout)            (None, 128)               0         
_________________________________________________________________
dense_1 (Dense)              (None, 2)                 258       
=================================================================
Total params: 83,146
Trainable params: 82,666
Non-trainable params: 480
_________________________________________________________________
