2021-02-01 15:41:50.722475: I tensorflow/stream_executor/platform/default/dso_loader.cc:48] Successfully opened dynamic library libcudart.so.10.1
I0201 15:41:51.918767 140051453638464 datasets.py:14] Preparing dataset idrid...
I0201 15:41:51.919667 140051453638464 dataset_info.py:361] Load dataset info from /home/RUS_CIP/st169955/dl-lab-2020-team15/Project1-Diabetic_Retinopathy/idrid/1.0.0
I0201 15:41:51.920287 140051453638464 dataset_builder.py:299] Reusing dataset idrid (/home/RUS_CIP/st169955/dl-lab-2020-team15/Project1-Diabetic_Retinopathy/idrid/1.0.0)
I0201 15:41:51.920335 140051453638464 dataset_builder.py:510] Constructing tf.data.Dataset for split ['train[:80%]', 'train[80%:]', 'test'], from /home/RUS_CIP/st169955/dl-lab-2020-team15/Project1-Diabetic_Retinopathy/idrid/1.0.0
2021-02-01 15:41:51.923743: I tensorflow/stream_executor/platform/default/dso_loader.cc:48] Successfully opened dynamic library libcuda.so.1
2021-02-01 15:41:51.973712: I tensorflow/stream_executor/cuda/cuda_gpu_executor.cc:982] successful NUMA node read from SysFS had negative value (-1), but there must be at least one NUMA node, so returning NUMA node zero
2021-02-01 15:41:51.974410: I tensorflow/core/common_runtime/gpu/gpu_device.cc:1716] Found device 0 with properties: 
pciBusID: 0000:4b:00.0 name: GeForce RTX 2080 Ti computeCapability: 7.5
coreClock: 1.545GHz coreCount: 68 deviceMemorySize: 10.76GiB deviceMemoryBandwidth: 573.69GiB/s
2021-02-01 15:41:51.974427: I tensorflow/stream_executor/platform/default/dso_loader.cc:48] Successfully opened dynamic library libcudart.so.10.1
2021-02-01 15:41:51.975662: I tensorflow/stream_executor/platform/default/dso_loader.cc:48] Successfully opened dynamic library libcublas.so.10
2021-02-01 15:41:51.976922: I tensorflow/stream_executor/platform/default/dso_loader.cc:48] Successfully opened dynamic library libcufft.so.10
2021-02-01 15:41:51.977081: I tensorflow/stream_executor/platform/default/dso_loader.cc:48] Successfully opened dynamic library libcurand.so.10
2021-02-01 15:41:51.978298: I tensorflow/stream_executor/platform/default/dso_loader.cc:48] Successfully opened dynamic library libcusolver.so.10
2021-02-01 15:41:51.978909: I tensorflow/stream_executor/platform/default/dso_loader.cc:48] Successfully opened dynamic library libcusparse.so.10
2021-02-01 15:41:51.981553: I tensorflow/stream_executor/platform/default/dso_loader.cc:48] Successfully opened dynamic library libcudnn.so.7
2021-02-01 15:41:51.981663: I tensorflow/stream_executor/cuda/cuda_gpu_executor.cc:982] successful NUMA node read from SysFS had negative value (-1), but there must be at least one NUMA node, so returning NUMA node zero
2021-02-01 15:41:51.982394: I tensorflow/stream_executor/cuda/cuda_gpu_executor.cc:982] successful NUMA node read from SysFS had negative value (-1), but there must be at least one NUMA node, so returning NUMA node zero
2021-02-01 15:41:51.983021: I tensorflow/core/common_runtime/gpu/gpu_device.cc:1858] Adding visible gpu devices: 0
2021-02-01 15:41:51.983340: I tensorflow/core/platform/cpu_feature_guard.cc:142] This TensorFlow binary is optimized with oneAPI Deep Neural Network Library (oneDNN)to use the following CPU instructions in performance-critical operations:  AVX2 FMA
To enable them in other operations, rebuild TensorFlow with the appropriate compiler flags.
2021-02-01 15:41:51.988416: I tensorflow/core/platform/profile_utils/cpu_utils.cc:104] CPU Frequency: 3800025000 Hz
2021-02-01 15:41:51.988665: I tensorflow/compiler/xla/service/service.cc:168] XLA service 0x4da6990 initialized for platform Host (this does not guarantee that XLA will be used). Devices:
2021-02-01 15:41:51.988675: I tensorflow/compiler/xla/service/service.cc:176]   StreamExecutor device (0): Host, Default Version
2021-02-01 15:41:52.088778: I tensorflow/stream_executor/cuda/cuda_gpu_executor.cc:982] successful NUMA node read from SysFS had negative value (-1), but there must be at least one NUMA node, so returning NUMA node zero
2021-02-01 15:41:52.089521: I tensorflow/compiler/xla/service/service.cc:168] XLA service 0x4cc46c0 initialized for platform CUDA (this does not guarantee that XLA will be used). Devices:
2021-02-01 15:41:52.089573: I tensorflow/compiler/xla/service/service.cc:176]   StreamExecutor device (0): GeForce RTX 2080 Ti, Compute Capability 7.5
2021-02-01 15:41:52.089761: I tensorflow/stream_executor/cuda/cuda_gpu_executor.cc:982] successful NUMA node read from SysFS had negative value (-1), but there must be at least one NUMA node, so returning NUMA node zero
2021-02-01 15:41:52.090766: I tensorflow/core/common_runtime/gpu/gpu_device.cc:1716] Found device 0 with properties: 
pciBusID: 0000:4b:00.0 name: GeForce RTX 2080 Ti computeCapability: 7.5
coreClock: 1.545GHz coreCount: 68 deviceMemorySize: 10.76GiB deviceMemoryBandwidth: 573.69GiB/s
2021-02-01 15:41:52.090799: I tensorflow/stream_executor/platform/default/dso_loader.cc:48] Successfully opened dynamic library libcudart.so.10.1
2021-02-01 15:41:52.090837: I tensorflow/stream_executor/platform/default/dso_loader.cc:48] Successfully opened dynamic library libcublas.so.10
2021-02-01 15:41:52.090853: I tensorflow/stream_executor/platform/default/dso_loader.cc:48] Successfully opened dynamic library libcufft.so.10
2021-02-01 15:41:52.090869: I tensorflow/stream_executor/platform/default/dso_loader.cc:48] Successfully opened dynamic library libcurand.so.10
2021-02-01 15:41:52.090884: I tensorflow/stream_executor/platform/default/dso_loader.cc:48] Successfully opened dynamic library libcusolver.so.10
2021-02-01 15:41:52.090898: I tensorflow/stream_executor/platform/default/dso_loader.cc:48] Successfully opened dynamic library libcusparse.so.10
2021-02-01 15:41:52.090913: I tensorflow/stream_executor/platform/default/dso_loader.cc:48] Successfully opened dynamic library libcudnn.so.7
2021-02-01 15:41:52.090980: I tensorflow/stream_executor/cuda/cuda_gpu_executor.cc:982] successful NUMA node read from SysFS had negative value (-1), but there must be at least one NUMA node, so returning NUMA node zero
2021-02-01 15:41:52.091979: I tensorflow/stream_executor/cuda/cuda_gpu_executor.cc:982] successful NUMA node read from SysFS had negative value (-1), but there must be at least one NUMA node, so returning NUMA node zero
2021-02-01 15:41:52.092949: I tensorflow/core/common_runtime/gpu/gpu_device.cc:1858] Adding visible gpu devices: 0
2021-02-01 15:41:52.092978: I tensorflow/stream_executor/platform/default/dso_loader.cc:48] Successfully opened dynamic library libcudart.so.10.1
2021-02-01 15:41:52.410889: I tensorflow/core/common_runtime/gpu/gpu_device.cc:1257] Device interconnect StreamExecutor with strength 1 edge matrix:
2021-02-01 15:41:52.410936: I tensorflow/core/common_runtime/gpu/gpu_device.cc:1263]      0 
2021-02-01 15:41:52.410941: I tensorflow/core/common_runtime/gpu/gpu_device.cc:1276] 0:   N 
2021-02-01 15:41:52.411164: I tensorflow/stream_executor/cuda/cuda_gpu_executor.cc:982] successful NUMA node read from SysFS had negative value (-1), but there must be at least one NUMA node, so returning NUMA node zero
2021-02-01 15:41:52.411886: I tensorflow/stream_executor/cuda/cuda_gpu_executor.cc:982] successful NUMA node read from SysFS had negative value (-1), but there must be at least one NUMA node, so returning NUMA node zero
2021-02-01 15:41:52.412565: I tensorflow/core/common_runtime/gpu/gpu_device.cc:1402] Created TensorFlow device (/job:localhost/replica:0/task:0/device:GPU:0 with 10074 MB memory) -> physical GPU (device: 0, name: GeForce RTX 2080 Ti, pci bus id: 0000:4b:00.0, compute capability: 7.5)
WARNING:tensorflow:AutoGraph could not transform <function preprocess at 0x7f5fd49f31f0> and will run it as-is.
Please report this to the TensorFlow team. When filing the bug, set the verbosity to 10 (on Linux, `export AUTOGRAPH_VERBOSITY=10`) and attach the full output.
Cause: module 'gast' has no attribute 'Index'
To silence this warning, decorate the function with @tf.autograph.experimental.do_not_convert
W0201 15:41:56.397300 140051453638464 ag_logging.py:146] AutoGraph could not transform <function preprocess at 0x7f5fd49f31f0> and will run it as-is.
Please report this to the TensorFlow team. When filing the bug, set the verbosity to 10 (on Linux, `export AUTOGRAPH_VERBOSITY=10`) and attach the full output.
Cause: module 'gast' has no attribute 'Index'
To silence this warning, decorate the function with @tf.autograph.experimental.do_not_convert
WARNING:tensorflow:AutoGraph could not transform <function rotate at 0x7f5fd4a84820> and will run it as-is.
Please report this to the TensorFlow team. When filing the bug, set the verbosity to 10 (on Linux, `export AUTOGRAPH_VERBOSITY=10`) and attach the full output.
Cause: module 'gast' has no attribute 'Index'
To silence this warning, decorate the function with @tf.autograph.experimental.do_not_convert
W0201 15:41:56.527254 140051453638464 ag_logging.py:146] AutoGraph could not transform <function rotate at 0x7f5fd4a84820> and will run it as-is.
Please report this to the TensorFlow team. When filing the bug, set the verbosity to 10 (on Linux, `export AUTOGRAPH_VERBOSITY=10`) and attach the full output.
Cause: module 'gast' has no attribute 'Index'
To silence this warning, decorate the function with @tf.autograph.experimental.do_not_convert
I0201 15:42:02.639971 140051453638464 train.py:121] Initializing from scratch.
2021-02-01 15:42:03.655095: I tensorflow/stream_executor/platform/default/dso_loader.cc:48] Successfully opened dynamic library libcublas.so.10
2021-02-01 15:42:03.801602: I tensorflow/stream_executor/platform/default/dso_loader.cc:48] Successfully opened dynamic library libcudnn.so.7
I0201 15:42:10.198286 140051453638464 train.py:157] Epoch 1/80, Accuracy: 69.60, 
 Confusion Matrix: 
 [[521. 214.]
 [262. 569.]], Sensitivity: 66.54, Specificity: 72.67, 
 Test Accuracy: 79.16, 
 Test Confusion Matrix: 
 [[32.  1.]
 [20. 30.]], Test Sensitivity: 61.54, Test Specificity: 96.77,
 Eval Accuracy: 58.89, 
 Eval Confusion Matrix: 
 [[36. 15.]
 [28. 24.]], Eval Sensitivity: 56.25, Eval Specificity: 61.54
I0201 15:42:12.079912 140051453638464 train.py:157] Epoch 2/80, Accuracy: 72.03, 
 Confusion Matrix: 
 [[515. 170.]
 [268. 613.]], Sensitivity: 65.77, Specificity: 78.29, 
 Test Accuracy: 60.08, 
 Test Confusion Matrix: 
 [[39. 17.]
 [13. 14.]], Test Sensitivity: 75.00, Test Specificity: 45.16,
 Eval Accuracy: 53.45, 
 Eval Confusion Matrix: 
 [[52. 29.]
 [12. 10.]], Eval Sensitivity: 81.25, Eval Specificity: 25.64
I0201 15:42:13.844354 140051453638464 train.py:157] Epoch 3/80, Accuracy: 72.61, 
 Confusion Matrix: 
 [[529. 175.]
 [254. 608.]], Sensitivity: 67.56, Specificity: 77.65, 
 Test Accuracy: 72.98, 
 Test Confusion Matrix: 
 [[39.  9.]
 [13. 22.]], Test Sensitivity: 75.00, Test Specificity: 70.97,
 Eval Accuracy: 55.45, 
 Eval Confusion Matrix: 
 [[48. 25.]
 [16. 14.]], Eval Sensitivity: 75.00, Eval Specificity: 35.90
I0201 15:42:15.592104 140051453638464 train.py:157] Epoch 4/80, Accuracy: 72.67, 
 Confusion Matrix: 
 [[520. 165.]
 [263. 618.]], Sensitivity: 66.41, Specificity: 78.93, 
 Test Accuracy: 78.50, 
 Test Confusion Matrix: 
 [[33.  2.]
 [19. 29.]], Test Sensitivity: 63.46, Test Specificity: 93.55,
 Eval Accuracy: 62.02, 
 Eval Confusion Matrix: 
 [[40. 15.]
 [24. 24.]], Eval Sensitivity: 62.50, Eval Specificity: 61.54
I0201 15:42:17.373443 140051453638464 train.py:157] Epoch 5/80, Accuracy: 72.92, 
 Confusion Matrix: 
 [[528. 169.]
 [255. 614.]], Sensitivity: 67.43, Specificity: 78.42, 
 Test Accuracy: 74.29, 
 Test Confusion Matrix: 
 [[37.  7.]
 [15. 24.]], Test Sensitivity: 71.15, Test Specificity: 77.42,
 Eval Accuracy: 61.86, 
 Eval Confusion Matrix: 
 [[48. 20.]
 [16. 19.]], Eval Sensitivity: 75.00, Eval Specificity: 48.72
I0201 15:42:19.163175 140051453638464 train.py:157] Epoch 6/80, Accuracy: 73.63, 
 Confusion Matrix: 
 [[539. 169.]
 [244. 614.]], Sensitivity: 68.84, Specificity: 78.42, 
 Test Accuracy: 69.14, 
 Test Confusion Matrix: 
 [[35.  9.]
 [17. 22.]], Test Sensitivity: 67.31, Test Specificity: 70.97,
 Eval Accuracy: 60.58, 
 Eval Confusion Matrix: 
 [[48. 21.]
 [16. 18.]], Eval Sensitivity: 75.00, Eval Specificity: 46.15
I0201 15:42:21.335809 140051453638464 train.py:157] Epoch 7/80, Accuracy: 74.30, 
 Confusion Matrix: 
 [[565. 185.]
 [217. 597.]], Sensitivity: 72.25, Specificity: 76.34, 
 Test Accuracy: 74.97, 
 Test Confusion Matrix: 
 [[31.  3.]
 [21. 28.]], Test Sensitivity: 59.62, Test Specificity: 90.32,
 Eval Accuracy: 64.36, 
 Eval Confusion Matrix: 
 [[43. 15.]
 [21. 24.]], Eval Sensitivity: 67.19, Eval Specificity: 61.54
I0201 15:42:23.091589 140051453638464 train.py:157] Epoch 8/80, Accuracy: 76.82, 
 Confusion Matrix: 
 [[592. 172.]
 [191. 611.]], Sensitivity: 75.61, Specificity: 78.03, 
 Test Accuracy: 76.89, 
 Test Confusion Matrix: 
 [[33.  3.]
 [19. 28.]], Test Sensitivity: 63.46, Test Specificity: 90.32,
 Eval Accuracy: 59.96, 
 Eval Confusion Matrix: 
 [[39. 16.]
 [25. 23.]], Eval Sensitivity: 60.94, Eval Specificity: 58.97
I0201 15:42:24.873665 140051453638464 train.py:157] Epoch 9/80, Accuracy: 76.69, 
 Confusion Matrix: 
 [[578. 160.]
 [205. 623.]], Sensitivity: 73.82, Specificity: 79.57, 
 Test Accuracy: 50.00, 
 Test Confusion Matrix: 
 [[ 0.  0.]
 [52. 31.]], Test Sensitivity: 0.00, Test Specificity: 100.00,
 Eval Accuracy: 50.78, 
 Eval Confusion Matrix: 
 [[ 1.  0.]
 [63. 39.]], Eval Sensitivity: 1.56, Eval Specificity: 100.00
I0201 15:42:26.674740 140051453638464 train.py:157] Epoch 10/80, Accuracy: 77.52, 
 Confusion Matrix: 
 [[575. 144.]
 [208. 639.]], Sensitivity: 73.44, Specificity: 81.61, 
 Test Accuracy: 76.83, 
 Test Confusion Matrix: 
 [[43.  9.]
 [ 9. 22.]], Test Sensitivity: 82.69, Test Specificity: 70.97,
 Eval Accuracy: 59.35, 
 Eval Confusion Matrix: 
 [[53. 25.]
 [11. 14.]], Eval Sensitivity: 82.81, Eval Specificity: 35.90
I0201 15:42:28.437474 140051453638464 train.py:157] Epoch 11/80, Accuracy: 78.90, 
 Confusion Matrix: 
 [[582. 130.]
 [200. 652.]], Sensitivity: 74.42, Specificity: 83.38, 
 Test Accuracy: 53.85, 
 Test Confusion Matrix: 
 [[ 4.  0.]
 [48. 31.]], Test Sensitivity: 7.69, Test Specificity: 100.00,
 Eval Accuracy: 54.69, 
 Eval Confusion Matrix: 
 [[ 6.  0.]
 [58. 39.]], Eval Sensitivity: 9.38, Eval Specificity: 100.00
I0201 15:42:30.224486 140051453638464 train.py:157] Epoch 12/80, Accuracy: 81.67, 
 Confusion Matrix: 
 [[602. 106.]
 [181. 677.]], Sensitivity: 76.88, Specificity: 86.46, 
 Test Accuracy: 51.92, 
 Test Confusion Matrix: 
 [[ 2.  0.]
 [50. 31.]], Test Sensitivity: 3.85, Test Specificity: 100.00,
 Eval Accuracy: 56.25, 
 Eval Confusion Matrix: 
 [[ 8.  0.]
 [56. 39.]], Eval Sensitivity: 12.50, Eval Specificity: 100.00
I0201 15:42:31.987505 140051453638464 train.py:157] Epoch 13/80, Accuracy: 81.93, 
 Confusion Matrix: 
 [[594.  94.]
 [189. 689.]], Sensitivity: 75.86, Specificity: 87.99, 
 Test Accuracy: 61.32, 
 Test Confusion Matrix: 
 [[47. 21.]
 [ 5. 10.]], Test Sensitivity: 90.38, Test Specificity: 32.26,
 Eval Accuracy: 50.72, 
 Eval Confusion Matrix: 
 [[60. 36.]
 [ 4.  3.]], Eval Sensitivity: 93.75, Eval Specificity: 7.69
I0201 15:42:33.755615 140051453638464 train.py:157] Epoch 14/80, Accuracy: 84.23, 
 Confusion Matrix: 
 [[613.  77.]
 [170. 706.]], Sensitivity: 78.29, Specificity: 90.17, 
 Test Accuracy: 82.66, 
 Test Confusion Matrix: 
 [[39.  3.]
 [13. 28.]], Test Sensitivity: 75.00, Test Specificity: 90.32,
 Eval Accuracy: 71.90, 
 Eval Confusion Matrix: 
 [[51. 14.]
 [13. 25.]], Eval Sensitivity: 79.69, Eval Specificity: 64.10
I0201 15:42:35.520835 140051453638464 train.py:157] Epoch 15/80, Accuracy: 83.01, 
 Confusion Matrix: 
 [[606.  89.]
 [177. 694.]], Sensitivity: 77.39, Specificity: 88.63, 
 Test Accuracy: 80.43, 
 Test Confusion Matrix: 
 [[35.  2.]
 [17. 29.]], Test Sensitivity: 67.31, Test Specificity: 93.55,
 Eval Accuracy: 80.59, 
 Eval Confusion Matrix: 
 [[49.  6.]
 [15. 33.]], Eval Sensitivity: 76.56, Eval Specificity: 84.62
I0201 15:42:37.289853 140051453638464 train.py:157] Epoch 16/80, Accuracy: 86.53, 
 Confusion Matrix: 
 [[640.  68.]
 [143. 715.]], Sensitivity: 81.74, Specificity: 91.32, 
 Test Accuracy: 73.08, 
 Test Confusion Matrix: 
 [[24.  0.]
 [28. 31.]], Test Sensitivity: 46.15, Test Specificity: 100.00,
 Eval Accuracy: 72.66, 
 Eval Confusion Matrix: 
 [[29.  0.]
 [35. 39.]], Eval Sensitivity: 45.31, Eval Specificity: 100.00
I0201 15:42:39.095803 140051453638464 train.py:157] Epoch 17/80, Accuracy: 85.89, 
 Confusion Matrix: 
 [[633.  71.]
 [150. 712.]], Sensitivity: 80.84, Specificity: 90.93, 
 Test Accuracy: 68.08, 
 Test Confusion Matrix: 
 [[49. 18.]
 [ 3. 13.]], Test Sensitivity: 94.23, Test Specificity: 41.94,
 Eval Accuracy: 53.29, 
 Eval Confusion Matrix: 
 [[60. 34.]
 [ 4.  5.]], Eval Sensitivity: 93.75, Eval Specificity: 12.82
I0201 15:42:40.868507 140051453638464 train.py:157] Epoch 18/80, Accuracy: 88.83, 
 Confusion Matrix: 
 [[658.  50.]
 [125. 733.]], Sensitivity: 84.04, Specificity: 93.61, 
 Test Accuracy: 81.67, 
 Test Confusion Matrix: 
 [[43.  6.]
 [ 9. 25.]], Test Sensitivity: 82.69, Test Specificity: 80.65,
 Eval Accuracy: 80.37, 
 Eval Confusion Matrix: 
 [[52.  8.]
 [12. 31.]], Eval Sensitivity: 81.25, Eval Specificity: 79.49
I0201 15:42:42.660586 140051453638464 train.py:157] Epoch 19/80, Accuracy: 88.49, 
 Confusion Matrix: 
 [[662.  60.]
 [120. 722.]], Sensitivity: 84.65, Specificity: 92.33, 
 Test Accuracy: 77.88, 
 Test Confusion Matrix: 
 [[29.  0.]
 [23. 31.]], Test Sensitivity: 55.77, Test Specificity: 100.00,
 Eval Accuracy: 79.69, 
 Eval Confusion Matrix: 
 [[38.  0.]
 [26. 39.]], Eval Sensitivity: 59.38, Eval Specificity: 100.00
I0201 15:42:44.831282 140051453638464 train.py:157] Epoch 20/80, Accuracy: 89.17, 
 Confusion Matrix: 
 [[665.  54.]
 [115. 726.]], Sensitivity: 85.26, Specificity: 93.08, 
 Test Accuracy: 87.81, 
 Test Confusion Matrix: 
 [[41.  1.]
 [11. 30.]], Test Sensitivity: 78.85, Test Specificity: 96.77,
 Eval Accuracy: 85.94, 
 Eval Confusion Matrix: 
 [[46.  0.]
 [18. 39.]], Eval Sensitivity: 71.88, Eval Specificity: 100.00
I0201 15:42:46.623275 140051453638464 train.py:157] Epoch 21/80, Accuracy: 89.34, 
 Confusion Matrix: 
 [[668.  52.]
 [115. 731.]], Sensitivity: 85.31, Specificity: 93.36, 
 Test Accuracy: 87.78, 
 Test Confusion Matrix: 
 [[46.  4.]
 [ 6. 27.]], Test Sensitivity: 88.46, Test Specificity: 87.10,
 Eval Accuracy: 81.71, 
 Eval Confusion Matrix: 
 [[57. 10.]
 [ 7. 29.]], Eval Sensitivity: 89.06, Eval Specificity: 74.36
I0201 15:42:48.397597 140051453638464 train.py:157] Epoch 22/80, Accuracy: 89.66, 
 Confusion Matrix: 
 [[670.  49.]
 [113. 734.]], Sensitivity: 85.57, Specificity: 93.74, 
 Test Accuracy: 82.66, 
 Test Confusion Matrix: 
 [[39.  3.]
 [13. 28.]], Test Sensitivity: 75.00, Test Specificity: 90.32,
 Eval Accuracy: 82.87, 
 Eval Confusion Matrix: 
 [[47.  3.]
 [17. 36.]], Eval Sensitivity: 73.44, Eval Specificity: 92.31
I0201 15:42:50.170747 140051453638464 train.py:157] Epoch 23/80, Accuracy: 88.57, 
 Confusion Matrix: 
 [[662.  58.]
 [121. 725.]], Sensitivity: 84.55, Specificity: 92.59, 
 Test Accuracy: 52.26, 
 Test Confusion Matrix: 
 [[51. 29.]
 [ 1.  2.]], Test Sensitivity: 98.08, Test Specificity: 6.45,
 Eval Accuracy: 50.00, 
 Eval Confusion Matrix: 
 [[64. 39.]
 [ 0.  0.]], Eval Sensitivity: 100.00, Eval Specificity: 0.00
I0201 15:42:51.961614 140051453638464 train.py:157] Epoch 24/80, Accuracy: 90.80, 
 Confusion Matrix: 
 [[684.  45.]
 [ 99. 738.]], Sensitivity: 87.36, Specificity: 94.25, 
 Test Accuracy: 90.04, 
 Test Confusion Matrix: 
 [[45.  2.]
 [ 7. 29.]], Test Sensitivity: 86.54, Test Specificity: 93.55,
 Eval Accuracy: 80.43, 
 Eval Confusion Matrix: 
 [[57. 11.]
 [ 7. 28.]], Eval Sensitivity: 89.06, Eval Specificity: 71.79
I0201 15:42:53.752352 140051453638464 train.py:157] Epoch 25/80, Accuracy: 91.44, 
 Confusion Matrix: 
 [[693.  44.]
 [ 90. 739.]], Sensitivity: 88.51, Specificity: 94.38, 
 Test Accuracy: 84.24, 
 Test Confusion Matrix: 
 [[44.  5.]
 [ 8. 26.]], Test Sensitivity: 84.62, Test Specificity: 83.87,
 Eval Accuracy: 85.28, 
 Eval Confusion Matrix: 
 [[55.  6.]
 [ 9. 33.]], Eval Sensitivity: 85.94, Eval Specificity: 84.62
I0201 15:42:55.533594 140051453638464 train.py:157] Epoch 26/80, Accuracy: 91.76, 
 Confusion Matrix: 
 [[691.  37.]
 [ 92. 746.]], Sensitivity: 88.25, Specificity: 95.27, 
 Test Accuracy: 82.04, 
 Test Confusion Matrix: 
 [[35.  1.]
 [17. 30.]], Test Sensitivity: 67.31, Test Specificity: 96.77,
 Eval Accuracy: 84.38, 
 Eval Confusion Matrix: 
 [[44.  0.]
 [20. 39.]], Eval Sensitivity: 68.75, Eval Specificity: 100.00
I0201 15:42:57.320451 140051453638464 train.py:157] Epoch 27/80, Accuracy: 91.76, 
 Confusion Matrix: 
 [[697.  43.]
 [ 86. 740.]], Sensitivity: 89.02, Specificity: 94.51, 
 Test Accuracy: 87.78, 
 Test Confusion Matrix: 
 [[46.  4.]
 [ 6. 27.]], Test Sensitivity: 88.46, Test Specificity: 87.10,
 Eval Accuracy: 67.05, 
 Eval Confusion Matrix: 
 [[53. 19.]
 [11. 20.]], Eval Sensitivity: 82.81, Eval Specificity: 51.28
I0201 15:42:59.090818 140051453638464 train.py:157] Epoch 28/80, Accuracy: 91.38, 
 Confusion Matrix: 
 [[697.  49.]
 [ 86. 734.]], Sensitivity: 89.02, Specificity: 93.74, 
 Test Accuracy: 84.21, 
 Test Confusion Matrix: 
 [[49.  8.]
 [ 3. 23.]], Test Sensitivity: 94.23, Test Specificity: 74.19,
 Eval Accuracy: 77.36, 
 Eval Confusion Matrix: 
 [[58. 14.]
 [ 6. 25.]], Eval Sensitivity: 90.62, Eval Specificity: 64.10
I0201 15:43:00.848346 140051453638464 train.py:157] Epoch 29/80, Accuracy: 92.08, 
 Confusion Matrix: 
 [[699.  40.]
 [ 84. 743.]], Sensitivity: 89.27, Specificity: 94.89, 
 Test Accuracy: 76.80, 
 Test Confusion Matrix: 
 [[48. 12.]
 [ 4. 19.]], Test Sensitivity: 92.31, Test Specificity: 61.29,
 Eval Accuracy: 68.67, 
 Eval Confusion Matrix: 
 [[60. 22.]
 [ 4. 17.]], Eval Sensitivity: 93.75, Eval Specificity: 43.59
I0201 15:43:02.640673 140051453638464 train.py:157] Epoch 30/80, Accuracy: 93.16, 
 Confusion Matrix: 
 [[715.  40.]
 [ 67. 742.]], Sensitivity: 91.43, Specificity: 94.88, 
 Test Accuracy: 81.39, 
 Test Confusion Matrix: 
 [[36.  2.]
 [16. 29.]], Test Sensitivity: 69.23, Test Specificity: 93.55,
 Eval Accuracy: 84.38, 
 Eval Confusion Matrix: 
 [[44.  0.]
 [20. 39.]], Eval Sensitivity: 68.75, Eval Specificity: 100.00
I0201 15:43:04.442863 140051453638464 train.py:157] Epoch 31/80, Accuracy: 91.95, 
 Confusion Matrix: 
 [[703.  46.]
 [ 80. 737.]], Sensitivity: 89.78, Specificity: 94.13, 
 Test Accuracy: 83.96, 
 Test Confusion Matrix: 
 [[37.  1.]
 [15. 30.]], Test Sensitivity: 71.15, Test Specificity: 96.77,
 Eval Accuracy: 81.53, 
 Eval Confusion Matrix: 
 [[42.  1.]
 [22. 38.]], Eval Sensitivity: 65.62, Eval Specificity: 97.44
I0201 15:43:06.223403 140051453638464 train.py:157] Epoch 32/80, Accuracy: 93.10, 
 Confusion Matrix: 
 [[720.  45.]
 [ 63. 738.]], Sensitivity: 91.95, Specificity: 94.25, 
 Test Accuracy: 79.68, 
 Test Confusion Matrix: 
 [[51. 12.]
 [ 1. 19.]], Test Sensitivity: 98.08, Test Specificity: 61.29,
 Eval Accuracy: 64.32, 
 Eval Confusion Matrix: 
 [[61. 26.]
 [ 3. 13.]], Eval Sensitivity: 95.31, Eval Specificity: 33.33
I0201 15:43:07.996509 140051453638464 train.py:157] Epoch 33/80, Accuracy: 92.40, 
 Confusion Matrix: 
 [[711.  47.]
 [ 72. 736.]], Sensitivity: 90.80, Specificity: 94.00, 
 Test Accuracy: 86.51, 
 Test Confusion Matrix: 
 [[43.  3.]
 [ 9. 28.]], Test Sensitivity: 82.69, Test Specificity: 90.32,
 Eval Accuracy: 79.09, 
 Eval Confusion Matrix: 
 [[52.  9.]
 [12. 30.]], Eval Sensitivity: 81.25, Eval Specificity: 76.92
I0201 15:43:09.776314 140051453638464 train.py:157] Epoch 34/80, Accuracy: 93.55, 
 Confusion Matrix: 
 [[720.  38.]
 [ 63. 745.]], Sensitivity: 91.95, Specificity: 95.15, 
 Test Accuracy: 83.25, 
 Test Confusion Matrix: 
 [[48.  8.]
 [ 4. 23.]], Test Sensitivity: 92.31, Test Specificity: 74.19,
 Eval Accuracy: 68.39, 
 Eval Confusion Matrix: 
 [[58. 21.]
 [ 6. 18.]], Eval Sensitivity: 90.62, Eval Specificity: 46.15
I0201 15:43:11.983236 140051453638464 train.py:157] Epoch 35/80, Accuracy: 92.64, 
 Confusion Matrix: 
 [[713.  47.]
 [ 68. 734.]], Sensitivity: 91.29, Specificity: 93.98, 
 Test Accuracy: 80.02, 
 Test Confusion Matrix: 
 [[48. 10.]
 [ 4. 21.]], Test Sensitivity: 92.31, Test Specificity: 67.74,
 Eval Accuracy: 65.89, 
 Eval Confusion Matrix: 
 [[63. 26.]
 [ 1. 13.]], Eval Sensitivity: 98.44, Eval Specificity: 33.33
I0201 15:43:13.785640 140051453638464 train.py:157] Epoch 36/80, Accuracy: 91.25, 
 Confusion Matrix: 
 [[689.  43.]
 [ 94. 740.]], Sensitivity: 87.99, Specificity: 94.51, 
 Test Accuracy: 87.47, 
 Test Confusion Matrix: 
 [[44.  3.]
 [ 8. 28.]], Test Sensitivity: 84.62, Test Specificity: 90.32,
 Eval Accuracy: 84.72, 
 Eval Confusion Matrix: 
 [[51.  4.]
 [13. 35.]], Eval Sensitivity: 79.69, Eval Specificity: 89.74
I0201 15:43:15.595347 140051453638464 train.py:157] Epoch 37/80, Accuracy: 93.17, 
 Confusion Matrix: 
 [[715.  39.]
 [ 68. 744.]], Sensitivity: 91.32, Specificity: 95.02, 
 Test Accuracy: 85.20, 
 Test Confusion Matrix: 
 [[45.  5.]
 [ 7. 26.]], Test Sensitivity: 86.54, Test Specificity: 83.87,
 Eval Accuracy: 71.17, 
 Eval Confusion Matrix: 
 [[55. 17.]
 [ 9. 22.]], Eval Sensitivity: 85.94, Eval Specificity: 56.41
I0201 15:43:17.379934 140051453638464 train.py:157] Epoch 38/80, Accuracy: 94.06, 
 Confusion Matrix: 
 [[729.  39.]
 [ 54. 744.]], Sensitivity: 93.10, Specificity: 95.02, 
 Test Accuracy: 83.56, 
 Test Confusion Matrix: 
 [[50.  9.]
 [ 2. 22.]], Test Sensitivity: 96.15, Test Specificity: 70.97,
 Eval Accuracy: 63.04, 
 Eval Confusion Matrix: 
 [[61. 27.]
 [ 3. 12.]], Eval Sensitivity: 95.31, Eval Specificity: 30.77
I0201 15:43:19.166058 140051453638464 train.py:157] Epoch 39/80, Accuracy: 94.64, 
 Confusion Matrix: 
 [[728.  29.]
 [ 55. 754.]], Sensitivity: 92.98, Specificity: 96.30, 
 Test Accuracy: 87.47, 
 Test Confusion Matrix: 
 [[44.  3.]
 [ 8. 28.]], Test Sensitivity: 84.62, Test Specificity: 90.32,
 Eval Accuracy: 80.87, 
 Eval Confusion Matrix: 
 [[51.  7.]
 [13. 32.]], Eval Sensitivity: 79.69, Eval Specificity: 82.05
I0201 15:43:20.930973 140051453638464 train.py:157] Epoch 40/80, Accuracy: 94.00, 
 Confusion Matrix: 
 [[724.  35.]
 [ 59. 748.]], Sensitivity: 92.46, Specificity: 95.53, 
 Test Accuracy: 87.47, 
 Test Confusion Matrix: 
 [[44.  3.]
 [ 8. 28.]], Test Sensitivity: 84.62, Test Specificity: 90.32,
 Eval Accuracy: 77.80, 
 Eval Confusion Matrix: 
 [[52. 10.]
 [12. 29.]], Eval Sensitivity: 81.25, Eval Specificity: 74.36
I0201 15:43:22.716095 140051453638464 train.py:157] Epoch 41/80, Accuracy: 94.76, 
 Confusion Matrix: 
 [[730.  29.]
 [ 53. 754.]], Sensitivity: 93.23, Specificity: 96.30, 
 Test Accuracy: 87.47, 
 Test Confusion Matrix: 
 [[44.  3.]
 [ 8. 28.]], Test Sensitivity: 84.62, Test Specificity: 90.32,
 Eval Accuracy: 81.15, 
 Eval Confusion Matrix: 
 [[53.  8.]
 [11. 31.]], Eval Sensitivity: 82.81, Eval Specificity: 79.49
I0201 15:43:24.508747 140051453638464 train.py:157] Epoch 42/80, Accuracy: 94.38, 
 Confusion Matrix: 
 [[726.  31.]
 [ 57. 752.]], Sensitivity: 92.72, Specificity: 96.04, 
 Test Accuracy: 85.17, 
 Test Confusion Matrix: 
 [[50.  8.]
 [ 2. 23.]], Test Sensitivity: 96.15, Test Specificity: 74.19,
 Eval Accuracy: 61.26, 
 Eval Confusion Matrix: 
 [[62. 29.]
 [ 2. 10.]], Eval Sensitivity: 96.88, Eval Specificity: 25.64
I0201 15:43:26.339631 140051453638464 train.py:157] Epoch 43/80, Accuracy: 94.25, 
 Confusion Matrix: 
 [[725.  32.]
 [ 58. 751.]], Sensitivity: 92.59, Specificity: 95.91, 
 Test Accuracy: 84.21, 
 Test Confusion Matrix: 
 [[49.  8.]
 [ 3. 23.]], Test Sensitivity: 94.23, Test Specificity: 74.19,
 Eval Accuracy: 69.17, 
 Eval Confusion Matrix: 
 [[59. 21.]
 [ 5. 18.]], Eval Sensitivity: 92.19, Eval Specificity: 46.15
I0201 15:43:28.105139 140051453638464 train.py:157] Epoch 44/80, Accuracy: 94.76, 
 Confusion Matrix: 
 [[733.  32.]
 [ 50. 751.]], Sensitivity: 93.61, Specificity: 95.91, 
 Test Accuracy: 89.42, 
 Test Confusion Matrix: 
 [[41.  0.]
 [11. 31.]], Test Sensitivity: 78.85, Test Specificity: 100.00,
 Eval Accuracy: 86.72, 
 Eval Confusion Matrix: 
 [[47.  0.]
 [17. 39.]], Eval Sensitivity: 73.44, Eval Specificity: 100.00
I0201 15:43:29.898202 140051453638464 train.py:157] Epoch 45/80, Accuracy: 94.25, 
 Confusion Matrix: 
 [[727.  34.]
 [ 56. 749.]], Sensitivity: 92.85, Specificity: 95.66, 
 Test Accuracy: 83.25, 
 Test Confusion Matrix: 
 [[48.  8.]
 [ 4. 23.]], Test Sensitivity: 92.31, Test Specificity: 74.19,
 Eval Accuracy: 66.61, 
 Eval Confusion Matrix: 
 [[59. 23.]
 [ 5. 16.]], Eval Sensitivity: 92.19, Eval Specificity: 41.03
I0201 15:43:31.712071 140051453638464 train.py:157] Epoch 46/80, Accuracy: 94.83, 
 Confusion Matrix: 
 [[727.  25.]
 [ 56. 758.]], Sensitivity: 92.85, Specificity: 96.81, 
 Test Accuracy: 88.74, 
 Test Confusion Matrix: 
 [[47.  4.]
 [ 5. 27.]], Test Sensitivity: 90.38, Test Specificity: 87.10,
 Eval Accuracy: 81.93, 
 Eval Confusion Matrix: 
 [[54.  8.]
 [10. 31.]], Eval Sensitivity: 84.38, Eval Specificity: 79.49
I0201 15:43:33.497078 140051453638464 train.py:157] Epoch 47/80, Accuracy: 95.34, 
 Confusion Matrix: 
 [[738.  28.]
 [ 45. 755.]], Sensitivity: 94.25, Specificity: 96.42, 
 Test Accuracy: 83.90, 
 Test Confusion Matrix: 
 [[47.  7.]
 [ 5. 24.]], Test Sensitivity: 90.38, Test Specificity: 77.42,
 Eval Accuracy: 78.37, 
 Eval Confusion Matrix: 
 [[56. 12.]
 [ 8. 27.]], Eval Sensitivity: 87.50, Eval Specificity: 69.23
I0201 15:43:35.262242 140051453638464 train.py:157] Epoch 48/80, Accuracy: 94.70, 
 Confusion Matrix: 
 [[730.  30.]
 [ 53. 753.]], Sensitivity: 93.23, Specificity: 96.17, 
 Test Accuracy: 83.25, 
 Test Confusion Matrix: 
 [[48.  8.]
 [ 4. 23.]], Test Sensitivity: 92.31, Test Specificity: 74.19,
 Eval Accuracy: 68.67, 
 Eval Confusion Matrix: 
 [[60. 22.]
 [ 4. 17.]], Eval Sensitivity: 93.75, Eval Specificity: 43.59
I0201 15:43:37.037924 140051453638464 train.py:157] Epoch 49/80, Accuracy: 94.96, 
 Confusion Matrix: 
 [[735.  31.]
 [ 48. 752.]], Sensitivity: 93.87, Specificity: 96.04, 
 Test Accuracy: 86.85, 
 Test Confusion Matrix: 
 [[40.  1.]
 [12. 30.]], Test Sensitivity: 76.92, Test Specificity: 96.77,
 Eval Accuracy: 85.44, 
 Eval Confusion Matrix: 
 [[47.  1.]
 [17. 38.]], Eval Sensitivity: 73.44, Eval Specificity: 97.44
I0201 15:43:38.833225 140051453638464 train.py:157] Epoch 50/80, Accuracy: 94.96, 
 Confusion Matrix: 
 [[732.  28.]
 [ 51. 755.]], Sensitivity: 93.49, Specificity: 96.42, 
 Test Accuracy: 86.85, 
 Test Confusion Matrix: 
 [[40.  1.]
 [12. 30.]], Test Sensitivity: 76.92, Test Specificity: 96.77,
 Eval Accuracy: 84.94, 
 Eval Confusion Matrix: 
 [[48.  2.]
 [16. 37.]], Eval Sensitivity: 75.00, Eval Specificity: 94.87
I0201 15:43:40.638597 140051453638464 train.py:157] Epoch 51/80, Accuracy: 96.04, 
 Confusion Matrix: 
 [[746.  25.]
 [ 37. 758.]], Sensitivity: 95.27, Specificity: 96.81, 
 Test Accuracy: 87.81, 
 Test Confusion Matrix: 
 [[41.  1.]
 [11. 30.]], Test Sensitivity: 78.85, Test Specificity: 96.77,
 Eval Accuracy: 88.28, 
 Eval Confusion Matrix: 
 [[49.  0.]
 [15. 39.]], Eval Sensitivity: 76.56, Eval Specificity: 100.00
I0201 15:43:42.440749 140051453638464 train.py:157] Epoch 52/80, Accuracy: 96.10, 
 Confusion Matrix: 
 [[746.  24.]
 [ 37. 759.]], Sensitivity: 95.27, Specificity: 96.93, 
 Test Accuracy: 87.75, 
 Test Confusion Matrix: 
 [[51.  7.]
 [ 1. 24.]], Test Sensitivity: 98.08, Test Specificity: 77.42,
 Eval Accuracy: 72.02, 
 Eval Confusion Matrix: 
 [[61. 20.]
 [ 3. 19.]], Eval Sensitivity: 95.31, Eval Specificity: 48.72
I0201 15:43:44.212323 140051453638464 train.py:157] Epoch 53/80, Accuracy: 95.91, 
 Confusion Matrix: 
 [[744.  25.]
 [ 39. 758.]], Sensitivity: 95.02, Specificity: 96.81, 
 Test Accuracy: 86.48, 
 Test Confusion Matrix: 
 [[48.  6.]
 [ 4. 25.]], Test Sensitivity: 92.31, Test Specificity: 80.65,
 Eval Accuracy: 75.30, 
 Eval Confusion Matrix: 
 [[57. 15.]
 [ 7. 24.]], Eval Sensitivity: 89.06, Eval Specificity: 61.54
I0201 15:43:46.006941 140051453638464 train.py:157] Epoch 54/80, Accuracy: 95.79, 
 Confusion Matrix: 
 [[745.  28.]
 [ 38. 755.]], Sensitivity: 95.15, Specificity: 96.42, 
 Test Accuracy: 86.48, 
 Test Confusion Matrix: 
 [[48.  6.]
 [ 4. 25.]], Test Sensitivity: 92.31, Test Specificity: 80.65,
 Eval Accuracy: 73.02, 
 Eval Confusion Matrix: 
 [[59. 18.]
 [ 5. 21.]], Eval Sensitivity: 92.19, Eval Specificity: 53.85
I0201 15:43:47.780605 140051453638464 train.py:157] Epoch 55/80, Accuracy: 96.42, 
 Confusion Matrix: 
 [[750.  23.]
 [ 33. 760.]], Sensitivity: 95.79, Specificity: 97.06, 
 Test Accuracy: 79.37, 
 Test Confusion Matrix: 
 [[49. 11.]
 [ 3. 20.]], Test Sensitivity: 94.23, Test Specificity: 64.52,
 Eval Accuracy: 64.82, 
 Eval Confusion Matrix: 
 [[60. 25.]
 [ 4. 14.]], Eval Sensitivity: 93.75, Eval Specificity: 35.90
I0201 15:43:49.563928 140051453638464 train.py:157] Epoch 56/80, Accuracy: 96.36, 
 Confusion Matrix: 
 [[750.  24.]
 [ 33. 759.]], Sensitivity: 95.79, Specificity: 96.93, 
 Test Accuracy: 87.13, 
 Test Confusion Matrix: 
 [[47.  5.]
 [ 5. 26.]], Test Sensitivity: 90.38, Test Specificity: 83.87,
 Eval Accuracy: 76.08, 
 Eval Confusion Matrix: 
 [[58. 15.]
 [ 6. 24.]], Eval Sensitivity: 90.62, Eval Specificity: 61.54
I0201 15:43:51.356443 140051453638464 train.py:157] Epoch 57/80, Accuracy: 95.53, 
 Confusion Matrix: 
 [[737.  24.]
 [ 46. 759.]], Sensitivity: 94.13, Specificity: 96.93, 
 Test Accuracy: 84.89, 
 Test Confusion Matrix: 
 [[43.  4.]
 [ 9. 27.]], Test Sensitivity: 82.69, Test Specificity: 87.10,
 Eval Accuracy: 79.37, 
 Eval Confusion Matrix: 
 [[54. 10.]
 [10. 29.]], Eval Sensitivity: 84.38, Eval Specificity: 74.36
I0201 15:43:53.170456 140051453638464 train.py:157] Epoch 58/80, Accuracy: 96.23, 
 Confusion Matrix: 
 [[748.  24.]
 [ 35. 759.]], Sensitivity: 95.53, Specificity: 96.93, 
 Test Accuracy: 86.82, 
 Test Confusion Matrix: 
 [[45.  4.]
 [ 7. 27.]], Test Sensitivity: 86.54, Test Specificity: 87.10,
 Eval Accuracy: 79.87, 
 Eval Confusion Matrix: 
 [[53.  9.]
 [11. 30.]], Eval Sensitivity: 82.81, Eval Specificity: 76.92
I0201 15:43:54.927668 140051453638464 train.py:157] Epoch 59/80, Accuracy: 96.87, 
 Confusion Matrix: 
 [[752.  18.]
 [ 31. 765.]], Sensitivity: 96.04, Specificity: 97.70, 
 Test Accuracy: 64.52, 
 Test Confusion Matrix: 
 [[52. 22.]
 [ 0.  9.]], Test Sensitivity: 100.00, Test Specificity: 29.03,
 Eval Accuracy: 57.41, 
 Eval Confusion Matrix: 
 [[62. 32.]
 [ 2.  7.]], Eval Sensitivity: 96.88, Eval Specificity: 17.95
I0201 15:43:56.724048 140051453638464 train.py:157] Epoch 60/80, Accuracy: 95.72, 
 Confusion Matrix: 
 [[742.  26.]
 [ 41. 757.]], Sensitivity: 94.76, Specificity: 96.68, 
 Test Accuracy: 61.94, 
 Test Confusion Matrix: 
 [[51. 23.]
 [ 1.  8.]], Test Sensitivity: 98.08, Test Specificity: 25.81,
 Eval Accuracy: 59.19, 
 Eval Confusion Matrix: 
 [[61. 30.]
 [ 3.  9.]], Eval Sensitivity: 95.31, Eval Specificity: 23.08
I0201 15:43:58.527480 140051453638464 train.py:157] Epoch 61/80, Accuracy: 96.30, 
 Confusion Matrix: 
 [[745.  20.]
 [ 38. 763.]], Sensitivity: 95.15, Specificity: 97.45, 
 Test Accuracy: 86.17, 
 Test Confusion Matrix: 
 [[46.  5.]
 [ 6. 26.]], Test Sensitivity: 88.46, Test Specificity: 83.87,
 Eval Accuracy: 80.09, 
 Eval Confusion Matrix: 
 [[50.  7.]
 [14. 32.]], Eval Sensitivity: 78.12, Eval Specificity: 82.05
I0201 15:44:00.343836 140051453638464 train.py:157] Epoch 62/80, Accuracy: 96.30, 
 Confusion Matrix: 
 [[747.  22.]
 [ 36. 761.]], Sensitivity: 95.40, Specificity: 97.19, 
 Test Accuracy: 90.35, 
 Test Confusion Matrix: 
 [[47.  3.]
 [ 5. 28.]], Test Sensitivity: 90.38, Test Specificity: 90.32,
 Eval Accuracy: 78.08, 
 Eval Confusion Matrix: 
 [[54. 11.]
 [10. 28.]], Eval Sensitivity: 84.38, Eval Specificity: 71.79
I0201 15:44:02.128468 140051453638464 train.py:157] Epoch 63/80, Accuracy: 95.15, 
 Confusion Matrix: 
 [[737.  30.]
 [ 46. 753.]], Sensitivity: 94.13, Specificity: 96.17, 
 Test Accuracy: 83.59, 
 Test Confusion Matrix: 
 [[45.  6.]
 [ 7. 25.]], Test Sensitivity: 86.54, Test Specificity: 80.65,
 Eval Accuracy: 78.08, 
 Eval Confusion Matrix: 
 [[54. 11.]
 [10. 28.]], Eval Sensitivity: 84.38, Eval Specificity: 71.79
I0201 15:44:03.933540 140051453638464 train.py:157] Epoch 64/80, Accuracy: 96.36, 
 Confusion Matrix: 
 [[747.  22.]
 [ 35. 760.]], Sensitivity: 95.52, Specificity: 97.19, 
 Test Accuracy: 88.12, 
 Test Confusion Matrix: 
 [[43.  2.]
 [ 9. 29.]], Test Sensitivity: 82.69, Test Specificity: 93.55,
 Eval Accuracy: 88.56, 
 Eval Confusion Matrix: 
 [[51.  1.]
 [13. 38.]], Eval Sensitivity: 79.69, Eval Specificity: 97.44
I0201 15:44:05.704979 140051453638464 train.py:157] Epoch 65/80, Accuracy: 97.25, 
 Confusion Matrix: 
 [[754.  14.]
 [ 29. 769.]], Sensitivity: 96.30, Specificity: 98.21, 
 Test Accuracy: 73.26, 
 Test Confusion Matrix: 
 [[46. 13.]
 [ 6. 18.]], Test Sensitivity: 88.46, Test Specificity: 58.06,
 Eval Accuracy: 66.33, 
 Eval Confusion Matrix: 
 [[57. 22.]
 [ 7. 17.]], Eval Sensitivity: 89.06, Eval Specificity: 43.59
I0201 15:44:07.496638 140051453638464 train.py:157] Epoch 66/80, Accuracy: 96.68, 
 Confusion Matrix: 
 [[752.  21.]
 [ 31. 762.]], Sensitivity: 96.04, Specificity: 97.32, 
 Test Accuracy: 87.47, 
 Test Confusion Matrix: 
 [[44.  3.]
 [ 8. 28.]], Test Sensitivity: 84.62, Test Specificity: 90.32,
 Eval Accuracy: 85.00, 
 Eval Confusion Matrix: 
 [[53.  5.]
 [11. 34.]], Eval Sensitivity: 82.81, Eval Specificity: 87.18
I0201 15:44:09.263633 140051453638464 train.py:157] Epoch 67/80, Accuracy: 96.62, 
 Confusion Matrix: 
 [[751.  21.]
 [ 32. 762.]], Sensitivity: 95.91, Specificity: 97.32, 
 Test Accuracy: 88.43, 
 Test Confusion Matrix: 
 [[45.  3.]
 [ 7. 28.]], Test Sensitivity: 86.54, Test Specificity: 90.32,
 Eval Accuracy: 76.30, 
 Eval Confusion Matrix: 
 [[55. 13.]
 [ 9. 26.]], Eval Sensitivity: 85.94, Eval Specificity: 66.67
I0201 15:44:11.060696 140051453638464 train.py:157] Epoch 68/80, Accuracy: 95.59, 
 Confusion Matrix: 
 [[741.  27.]
 [ 42. 756.]], Sensitivity: 94.64, Specificity: 96.55, 
 Test Accuracy: 64.86, 
 Test Confusion Matrix: 
 [[49. 20.]
 [ 3. 11.]], Test Sensitivity: 94.23, Test Specificity: 35.48,
 Eval Accuracy: 54.85, 
 Eval Confusion Matrix: 
 [[62. 34.]
 [ 2.  5.]], Eval Sensitivity: 96.88, Eval Specificity: 12.82
I0201 15:44:12.864508 140051453638464 train.py:157] Epoch 69/80, Accuracy: 96.49, 
 Confusion Matrix: 
 [[748.  20.]
 [ 35. 763.]], Sensitivity: 95.53, Specificity: 97.45, 
 Test Accuracy: 88.43, 
 Test Confusion Matrix: 
 [[45.  3.]
 [ 7. 28.]], Test Sensitivity: 86.54, Test Specificity: 90.32,
 Eval Accuracy: 80.37, 
 Eval Confusion Matrix: 
 [[52.  8.]
 [12. 31.]], Eval Sensitivity: 81.25, Eval Specificity: 79.49
I0201 15:44:14.660848 140051453638464 train.py:157] Epoch 70/80, Accuracy: 96.30, 
 Confusion Matrix: 
 [[748.  23.]
 [ 35. 760.]], Sensitivity: 95.53, Specificity: 97.06, 
 Test Accuracy: 81.95, 
 Test Confusion Matrix: 
 [[50. 10.]
 [ 2. 21.]], Test Sensitivity: 96.15, Test Specificity: 67.74,
 Eval Accuracy: 72.46, 
 Eval Confusion Matrix: 
 [[55. 16.]
 [ 9. 23.]], Eval Sensitivity: 85.94, Eval Specificity: 58.97
I0201 15:44:16.449676 140051453638464 train.py:157] Epoch 71/80, Accuracy: 97.64, 
 Confusion Matrix: 
 [[759.  13.]
 [ 24. 770.]], Sensitivity: 96.93, Specificity: 98.34, 
 Test Accuracy: 87.44, 
 Test Confusion Matrix: 
 [[49.  6.]
 [ 3. 25.]], Test Sensitivity: 94.23, Test Specificity: 80.65,
 Eval Accuracy: 69.67, 
 Eval Confusion Matrix: 
 [[58. 20.]
 [ 6. 19.]], Eval Sensitivity: 90.62, Eval Specificity: 48.72
I0201 15:44:18.267092 140051453638464 train.py:157] Epoch 72/80, Accuracy: 97.38, 
 Confusion Matrix: 
 [[759.  17.]
 [ 24. 766.]], Sensitivity: 96.93, Specificity: 97.83, 
 Test Accuracy: 82.94, 
 Test Confusion Matrix: 
 [[46.  7.]
 [ 6. 24.]], Test Sensitivity: 88.46, Test Specificity: 77.42,
 Eval Accuracy: 72.74, 
 Eval Confusion Matrix: 
 [[57. 17.]
 [ 7. 22.]], Eval Sensitivity: 89.06, Eval Specificity: 56.41
I0201 15:44:20.045942 140051453638464 train.py:157] Epoch 73/80, Accuracy: 96.68, 
 Confusion Matrix: 
 [[751.  20.]
 [ 32. 763.]], Sensitivity: 95.91, Specificity: 97.45, 
 Test Accuracy: 88.12, 
 Test Confusion Matrix: 
 [[43.  2.]
 [ 9. 29.]], Test Sensitivity: 82.69, Test Specificity: 93.55,
 Eval Accuracy: 81.93, 
 Eval Confusion Matrix: 
 [[54.  8.]
 [10. 31.]], Eval Sensitivity: 84.38, Eval Specificity: 79.49
I0201 15:44:21.932852 140051453638464 train.py:157] Epoch 74/80, Accuracy: 96.36, 
 Confusion Matrix: 
 [[752.  26.]
 [ 31. 757.]], Sensitivity: 96.04, Specificity: 96.68, 
 Test Accuracy: 86.82, 
 Test Confusion Matrix: 
 [[45.  4.]
 [ 7. 27.]], Test Sensitivity: 86.54, Test Specificity: 87.10,
 Eval Accuracy: 79.37, 
 Eval Confusion Matrix: 
 [[54. 10.]
 [10. 29.]], Eval Sensitivity: 84.38, Eval Specificity: 74.36
I0201 15:44:23.737771 140051453638464 train.py:157] Epoch 75/80, Accuracy: 97.51, 
 Confusion Matrix: 
 [[755.  12.]
 [ 27. 770.]], Sensitivity: 96.55, Specificity: 98.47, 
 Test Accuracy: 78.72, 
 Test Confusion Matrix: 
 [[50. 12.]
 [ 2. 19.]], Test Sensitivity: 96.15, Test Specificity: 61.29,
 Eval Accuracy: 71.17, 
 Eval Confusion Matrix: 
 [[55. 17.]
 [ 9. 22.]], Eval Sensitivity: 85.94, Eval Specificity: 56.41
I0201 15:44:25.529323 140051453638464 train.py:157] Epoch 76/80, Accuracy: 97.51, 
 Confusion Matrix: 
 [[763.  19.]
 [ 20. 764.]], Sensitivity: 97.45, Specificity: 97.57, 
 Test Accuracy: 78.07, 
 Test Confusion Matrix: 
 [[51. 13.]
 [ 1. 18.]], Test Sensitivity: 98.08, Test Specificity: 58.06,
 Eval Accuracy: 58.69, 
 Eval Confusion Matrix: 
 [[62. 31.]
 [ 2.  8.]], Eval Sensitivity: 96.88, Eval Specificity: 20.51
I0201 15:44:27.323227 140051453638464 train.py:157] Epoch 77/80, Accuracy: 96.41, 
 Confusion Matrix: 
 [[750.  25.]
 [ 31. 756.]], Sensitivity: 96.03, Specificity: 96.80, 
 Test Accuracy: 86.82, 
 Test Confusion Matrix: 
 [[45.  4.]
 [ 7. 27.]], Test Sensitivity: 86.54, Test Specificity: 87.10,
 Eval Accuracy: 77.58, 
 Eval Confusion Matrix: 
 [[55. 12.]
 [ 9. 27.]], Eval Sensitivity: 85.94, Eval Specificity: 69.23
I0201 15:44:29.113777 140051453638464 train.py:157] Epoch 78/80, Accuracy: 96.81, 
 Confusion Matrix: 
 [[752.  19.]
 [ 31. 764.]], Sensitivity: 96.04, Specificity: 97.57, 
 Test Accuracy: 71.62, 
 Test Confusion Matrix: 
 [[51. 17.]
 [ 1. 14.]], Test Sensitivity: 98.08, Test Specificity: 45.16,
 Eval Accuracy: 66.89, 
 Eval Confusion Matrix: 
 [[61. 24.]
 [ 3. 15.]], Eval Sensitivity: 95.31, Eval Specificity: 38.46
I0201 15:44:30.904039 140051453638464 train.py:157] Epoch 79/80, Accuracy: 97.38, 
 Confusion Matrix: 
 [[756.  14.]
 [ 27. 769.]], Sensitivity: 96.55, Specificity: 98.21, 
 Test Accuracy: 87.78, 
 Test Confusion Matrix: 
 [[46.  4.]
 [ 6. 27.]], Test Sensitivity: 88.46, Test Specificity: 87.10,
 Eval Accuracy: 76.80, 
 Eval Confusion Matrix: 
 [[54. 12.]
 [10. 27.]], Eval Sensitivity: 84.38, Eval Specificity: 69.23
I0201 15:44:30.946238 140051453638464 train.py:226] Finished training after 7742 steps and 80 epochs.
Model: "vgg_like"
_________________________________________________________________
Layer (type)                 Output Shape              Param #   
=================================================================
input_1 (InputLayer)         [(None, None, None, 3)]   0         
_________________________________________________________________
conv2d (Conv2D)              (None, None, None, 8)     224       
_________________________________________________________________
batch_normalization (BatchNo (None, None, None, 8)     32        
_________________________________________________________________
conv2d_1 (Conv2D)            (None, None, None, 8)     584       
_________________________________________________________________
max_pooling2d (MaxPooling2D) (None, None, None, 8)     0         
_________________________________________________________________
batch_normalization_1 (Batch (None, None, None, 8)     32        
_________________________________________________________________
conv2d_2 (Conv2D)            (None, None, None, 16)    1168      
_________________________________________________________________
batch_normalization_2 (Batch (None, None, None, 16)    64        
_________________________________________________________________
conv2d_3 (Conv2D)            (None, None, None, 16)    2320      
_________________________________________________________________
max_pooling2d_1 (MaxPooling2 (None, None, None, 16)    0         
_________________________________________________________________
batch_normalization_3 (Batch (None, None, None, 16)    64        
_________________________________________________________________
conv2d_4 (Conv2D)            (None, None, None, 32)    4640      
_________________________________________________________________
batch_normalization_4 (Batch (None, None, None, 32)    128       
_________________________________________________________________
conv2d_5 (Conv2D)            (None, None, None, 32)    9248      
_________________________________________________________________
max_pooling2d_2 (MaxPooling2 (None, None, None, 32)    0         
_________________________________________________________________
batch_normalization_5 (Batch (None, None, None, 32)    128       
_________________________________________________________________
conv2d_6 (Conv2D)            (None, None, None, 64)    18496     
_________________________________________________________________
batch_normalization_6 (Batch (None, None, None, 64)    256       
_________________________________________________________________
conv2d_7 (Conv2D)            (None, None, None, 64)    36928     
_________________________________________________________________
max_pooling2d_3 (MaxPooling2 (None, None, None, 64)    0         
_________________________________________________________________
batch_normalization_7 (Batch (None, None, None, 64)    256       
_________________________________________________________________
global_average_pooling2d (Gl (None, 64)                0         
_________________________________________________________________
dense (Dense)                (None, 128)               8320      
_________________________________________________________________
dropout (Dropout)            (None, 128)               0         
_________________________________________________________________
dense_1 (Dense)              (None, 2)                 258       
=================================================================
Total params: 83,146
Trainable params: 82,666
Non-trainable params: 480
_________________________________________________________________
