2021-02-03 12:01:54.884018: I tensorflow/stream_executor/platform/default/dso_loader.cc:48] Successfully opened dynamic library libcudart.so.10.1
I0203 12:01:56.623280 140466115848000 datasets.py:14] Preparing dataset idrid...
I0203 12:01:56.624032 140466115848000 dataset_info.py:361] Load dataset info from /home/RUS_CIP/st169955/dl-lab-2020-team15/Project1-Diabetic_Retinopathy/idrid/1.0.0
I0203 12:01:56.624668 140466115848000 dataset_builder.py:299] Reusing dataset idrid (/home/RUS_CIP/st169955/dl-lab-2020-team15/Project1-Diabetic_Retinopathy/idrid/1.0.0)
I0203 12:01:56.624718 140466115848000 dataset_builder.py:510] Constructing tf.data.Dataset for split ['train[:80%]', 'train[80%:]', 'test'], from /home/RUS_CIP/st169955/dl-lab-2020-team15/Project1-Diabetic_Retinopathy/idrid/1.0.0
2021-02-03 12:01:56.626596: I tensorflow/stream_executor/platform/default/dso_loader.cc:48] Successfully opened dynamic library libcuda.so.1
2021-02-03 12:01:56.679025: I tensorflow/core/common_runtime/gpu/gpu_device.cc:1716] Found device 0 with properties: 
pciBusID: 0000:01:00.0 name: GeForce RTX 2080 Ti computeCapability: 7.5
coreClock: 1.545GHz coreCount: 68 deviceMemorySize: 10.76GiB deviceMemoryBandwidth: 573.69GiB/s
2021-02-03 12:01:56.679066: I tensorflow/stream_executor/platform/default/dso_loader.cc:48] Successfully opened dynamic library libcudart.so.10.1
2021-02-03 12:01:56.698905: I tensorflow/stream_executor/platform/default/dso_loader.cc:48] Successfully opened dynamic library libcublas.so.10
2021-02-03 12:01:56.713264: I tensorflow/stream_executor/platform/default/dso_loader.cc:48] Successfully opened dynamic library libcufft.so.10
2021-02-03 12:01:56.716417: I tensorflow/stream_executor/platform/default/dso_loader.cc:48] Successfully opened dynamic library libcurand.so.10
2021-02-03 12:01:56.743635: I tensorflow/stream_executor/platform/default/dso_loader.cc:48] Successfully opened dynamic library libcusolver.so.10
2021-02-03 12:01:56.746998: I tensorflow/stream_executor/platform/default/dso_loader.cc:48] Successfully opened dynamic library libcusparse.so.10
2021-02-03 12:01:56.776868: I tensorflow/stream_executor/platform/default/dso_loader.cc:48] Successfully opened dynamic library libcudnn.so.7
2021-02-03 12:01:56.778875: I tensorflow/core/common_runtime/gpu/gpu_device.cc:1858] Adding visible gpu devices: 0
2021-02-03 12:01:56.779254: I tensorflow/core/platform/cpu_feature_guard.cc:142] This TensorFlow binary is optimized with oneAPI Deep Neural Network Library (oneDNN)to use the following CPU instructions in performance-critical operations:  AVX2 FMA
To enable them in other operations, rebuild TensorFlow with the appropriate compiler flags.
2021-02-03 12:01:56.789180: I tensorflow/core/platform/profile_utils/cpu_utils.cc:104] CPU Frequency: 3800025000 Hz
2021-02-03 12:01:56.789622: I tensorflow/compiler/xla/service/service.cc:168] XLA service 0x3e44d80 initialized for platform Host (this does not guarantee that XLA will be used). Devices:
2021-02-03 12:01:56.789648: I tensorflow/compiler/xla/service/service.cc:176]   StreamExecutor device (0): Host, Default Version
2021-02-03 12:01:56.908196: I tensorflow/compiler/xla/service/service.cc:168] XLA service 0x4c7e530 initialized for platform CUDA (this does not guarantee that XLA will be used). Devices:
2021-02-03 12:01:56.908249: I tensorflow/compiler/xla/service/service.cc:176]   StreamExecutor device (0): GeForce RTX 2080 Ti, Compute Capability 7.5
2021-02-03 12:01:56.909680: I tensorflow/core/common_runtime/gpu/gpu_device.cc:1716] Found device 0 with properties: 
pciBusID: 0000:01:00.0 name: GeForce RTX 2080 Ti computeCapability: 7.5
coreClock: 1.545GHz coreCount: 68 deviceMemorySize: 10.76GiB deviceMemoryBandwidth: 573.69GiB/s
2021-02-03 12:01:56.909713: I tensorflow/stream_executor/platform/default/dso_loader.cc:48] Successfully opened dynamic library libcudart.so.10.1
2021-02-03 12:01:56.909748: I tensorflow/stream_executor/platform/default/dso_loader.cc:48] Successfully opened dynamic library libcublas.so.10
2021-02-03 12:01:56.909761: I tensorflow/stream_executor/platform/default/dso_loader.cc:48] Successfully opened dynamic library libcufft.so.10
2021-02-03 12:01:56.909788: I tensorflow/stream_executor/platform/default/dso_loader.cc:48] Successfully opened dynamic library libcurand.so.10
2021-02-03 12:01:56.909801: I tensorflow/stream_executor/platform/default/dso_loader.cc:48] Successfully opened dynamic library libcusolver.so.10
2021-02-03 12:01:56.909813: I tensorflow/stream_executor/platform/default/dso_loader.cc:48] Successfully opened dynamic library libcusparse.so.10
2021-02-03 12:01:56.909826: I tensorflow/stream_executor/platform/default/dso_loader.cc:48] Successfully opened dynamic library libcudnn.so.7
2021-02-03 12:01:56.911974: I tensorflow/core/common_runtime/gpu/gpu_device.cc:1858] Adding visible gpu devices: 0
2021-02-03 12:01:56.915139: I tensorflow/stream_executor/platform/default/dso_loader.cc:48] Successfully opened dynamic library libcudart.so.10.1
2021-02-03 12:01:57.487174: I tensorflow/core/common_runtime/gpu/gpu_device.cc:1257] Device interconnect StreamExecutor with strength 1 edge matrix:
2021-02-03 12:01:57.487227: I tensorflow/core/common_runtime/gpu/gpu_device.cc:1263]      0 
2021-02-03 12:01:57.487234: I tensorflow/core/common_runtime/gpu/gpu_device.cc:1276] 0:   N 
2021-02-03 12:01:57.488910: I tensorflow/core/common_runtime/gpu/gpu_device.cc:1402] Created TensorFlow device (/job:localhost/replica:0/task:0/device:GPU:0 with 10072 MB memory) -> physical GPU (device: 0, name: GeForce RTX 2080 Ti, pci bus id: 0000:01:00.0, compute capability: 7.5)
WARNING:tensorflow:AutoGraph could not transform <function preprocess at 0x7fc06069d1f0> and will run it as-is.
Please report this to the TensorFlow team. When filing the bug, set the verbosity to 10 (on Linux, `export AUTOGRAPH_VERBOSITY=10`) and attach the full output.
Cause: module 'gast' has no attribute 'Index'
To silence this warning, decorate the function with @tf.autograph.experimental.do_not_convert
W0203 12:01:57.700743 140466115848000 ag_logging.py:146] AutoGraph could not transform <function preprocess at 0x7fc06069d1f0> and will run it as-is.
Please report this to the TensorFlow team. When filing the bug, set the verbosity to 10 (on Linux, `export AUTOGRAPH_VERBOSITY=10`) and attach the full output.
Cause: module 'gast' has no attribute 'Index'
To silence this warning, decorate the function with @tf.autograph.experimental.do_not_convert
WARNING:tensorflow:AutoGraph could not transform <function rotate at 0x7fc06072e820> and will run it as-is.
Please report this to the TensorFlow team. When filing the bug, set the verbosity to 10 (on Linux, `export AUTOGRAPH_VERBOSITY=10`) and attach the full output.
Cause: module 'gast' has no attribute 'Index'
To silence this warning, decorate the function with @tf.autograph.experimental.do_not_convert
W0203 12:02:08.023639 140466115848000 ag_logging.py:146] AutoGraph could not transform <function rotate at 0x7fc06072e820> and will run it as-is.
Please report this to the TensorFlow team. When filing the bug, set the verbosity to 10 (on Linux, `export AUTOGRAPH_VERBOSITY=10`) and attach the full output.
Cause: module 'gast' has no attribute 'Index'
To silence this warning, decorate the function with @tf.autograph.experimental.do_not_convert
I0203 12:02:15.004930 140466115848000 train.py:121] Initializing from scratch.
2021-02-03 12:02:16.069204: I tensorflow/stream_executor/platform/default/dso_loader.cc:48] Successfully opened dynamic library libcublas.so.10
2021-02-03 12:02:16.321990: I tensorflow/stream_executor/platform/default/dso_loader.cc:48] Successfully opened dynamic library libcudnn.so.7
I0203 12:02:23.431682 140466115848000 train.py:157] Epoch 1/80, Accuracy: 68.91, 
 Confusion Matrix: 
 [[492. 194.]
 [296. 594.]], Sensitivity: 62.44, Specificity: 75.38, 
 Test Accuracy: 71.68, 
 Test Confusion Matrix: 
 [[41. 11.]
 [11. 20.]], Test Sensitivity: 78.85, Test Specificity: 64.52,
 Eval Accuracy: 55.73, 
 Eval Confusion Matrix: 
 [[50. 26.]
 [14. 13.]], Eval Sensitivity: 78.12, Eval Specificity: 33.33
I0203 12:02:25.836553 140466115848000 train.py:157] Epoch 2/80, Accuracy: 72.74, 
 Confusion Matrix: 
 [[523. 165.]
 [264. 622.]], Sensitivity: 66.45, Specificity: 79.03, 
 Test Accuracy: 70.10, 
 Test Confusion Matrix: 
 [[36.  9.]
 [16. 22.]], Test Sensitivity: 69.23, Test Specificity: 70.97,
 Eval Accuracy: 59.29, 
 Eval Confusion Matrix: 
 [[48. 22.]
 [16. 17.]], Eval Sensitivity: 75.00, Eval Specificity: 43.59
I0203 12:02:27.669666 140466115848000 train.py:157] Epoch 3/80, Accuracy: 73.16, 
 Confusion Matrix: 
 [[520. 155.]
 [268. 633.]], Sensitivity: 65.99, Specificity: 80.33, 
 Test Accuracy: 71.06, 
 Test Confusion Matrix: 
 [[37.  9.]
 [15. 22.]], Test Sensitivity: 71.15, Test Specificity: 70.97,
 Eval Accuracy: 60.58, 
 Eval Confusion Matrix: 
 [[48. 21.]
 [16. 18.]], Eval Sensitivity: 75.00, Eval Specificity: 46.15
I0203 12:02:29.479473 140466115848000 train.py:157] Epoch 4/80, Accuracy: 73.89, 
 Confusion Matrix: 
 [[557. 181.]
 [230. 606.]], Sensitivity: 70.78, Specificity: 77.00, 
 Test Accuracy: 50.00, 
 Test Confusion Matrix: 
 [[52. 31.]
 [ 0.  0.]], Test Sensitivity: 100.00, Test Specificity: 0.00,
 Eval Accuracy: 50.00, 
 Eval Confusion Matrix: 
 [[64. 39.]
 [ 0.  0.]], Eval Sensitivity: 100.00, Eval Specificity: 0.00
I0203 12:02:31.289877 140466115848000 train.py:157] Epoch 5/80, Accuracy: 76.08, 
 Confusion Matrix: 
 [[587. 176.]
 [201. 612.]], Sensitivity: 74.49, Specificity: 77.66, 
 Test Accuracy: 50.00, 
 Test Confusion Matrix: 
 [[52. 31.]
 [ 0.  0.]], Test Sensitivity: 100.00, Test Specificity: 0.00,
 Eval Accuracy: 50.00, 
 Eval Confusion Matrix: 
 [[64. 39.]
 [ 0.  0.]], Eval Sensitivity: 100.00, Eval Specificity: 0.00
I0203 12:02:33.564455 140466115848000 train.py:157] Epoch 6/80, Accuracy: 75.73, 
 Confusion Matrix: 
 [[604. 197.]
 [187. 594.]], Sensitivity: 76.36, Specificity: 75.09, 
 Test Accuracy: 70.69, 
 Test Confusion Matrix: 
 [[45. 14.]
 [ 7. 17.]], Test Sensitivity: 86.54, Test Specificity: 54.84,
 Eval Accuracy: 55.57, 
 Eval Confusion Matrix: 
 [[58. 31.]
 [ 6.  8.]], Eval Sensitivity: 90.62, Eval Specificity: 20.51
I0203 12:02:35.381980 140466115848000 train.py:157] Epoch 7/80, Accuracy: 77.60, 
 Confusion Matrix: 
 [[613. 178.]
 [175. 610.]], Sensitivity: 77.79, Specificity: 77.41, 
 Test Accuracy: 60.58, 
 Test Confusion Matrix: 
 [[11.  0.]
 [41. 31.]], Test Sensitivity: 21.15, Test Specificity: 100.00,
 Eval Accuracy: 63.06, 
 Eval Confusion Matrix: 
 [[20.  2.]
 [44. 37.]], Eval Sensitivity: 31.25, Eval Specificity: 94.87
I0203 12:02:37.207748 140466115848000 train.py:157] Epoch 8/80, Accuracy: 78.32, 
 Confusion Matrix: 
 [[609. 161.]
 [182. 630.]], Sensitivity: 76.99, Specificity: 79.65, 
 Test Accuracy: 58.72, 
 Test Confusion Matrix: 
 [[51. 25.]
 [ 1.  6.]], Test Sensitivity: 98.08, Test Specificity: 19.35,
 Eval Accuracy: 53.06, 
 Eval Confusion Matrix: 
 [[63. 36.]
 [ 1.  3.]], Eval Sensitivity: 98.44, Eval Specificity: 7.69
I0203 12:02:39.424772 140466115848000 train.py:157] Epoch 9/80, Accuracy: 80.53, 
 Confusion Matrix: 
 [[628. 148.]
 [158. 638.]], Sensitivity: 79.90, Specificity: 81.17, 
 Test Accuracy: 51.92, 
 Test Confusion Matrix: 
 [[ 2.  0.]
 [50. 31.]], Test Sensitivity: 3.85, Test Specificity: 100.00,
 Eval Accuracy: 54.69, 
 Eval Confusion Matrix: 
 [[ 6.  0.]
 [58. 39.]], Eval Sensitivity: 9.38, Eval Specificity: 100.00
I0203 12:02:41.691201 140466115848000 train.py:157] Epoch 10/80, Accuracy: 80.51, 
 Confusion Matrix: 
 [[622. 140.]
 [168. 650.]], Sensitivity: 78.73, Specificity: 82.28, 
 Test Accuracy: 81.67, 
 Test Confusion Matrix: 
 [[43.  6.]
 [ 9. 25.]], Test Sensitivity: 82.69, Test Specificity: 80.65,
 Eval Accuracy: 57.85, 
 Eval Confusion Matrix: 
 [[56. 28.]
 [ 8. 11.]], Eval Sensitivity: 87.50, Eval Specificity: 28.21
I0203 12:02:43.530791 140466115848000 train.py:157] Epoch 11/80, Accuracy: 81.54, 
 Confusion Matrix: 
 [[630. 133.]
 [158. 655.]], Sensitivity: 79.95, Specificity: 83.12, 
 Test Accuracy: 64.08, 
 Test Confusion Matrix: 
 [[18.  2.]
 [34. 29.]], Test Sensitivity: 34.62, Test Specificity: 93.55,
 Eval Accuracy: 68.87, 
 Eval Confusion Matrix: 
 [[34.  6.]
 [30. 33.]], Eval Sensitivity: 53.12, Eval Specificity: 84.62
I0203 12:02:45.368514 140466115848000 train.py:157] Epoch 12/80, Accuracy: 82.58, 
 Confusion Matrix: 
 [[628. 112.]
 [164. 680.]], Sensitivity: 79.29, Specificity: 85.86, 
 Test Accuracy: 76.89, 
 Test Confusion Matrix: 
 [[33.  3.]
 [19. 28.]], Test Sensitivity: 63.46, Test Specificity: 90.32,
 Eval Accuracy: 74.18, 
 Eval Confusion Matrix: 
 [[49. 11.]
 [15. 28.]], Eval Sensitivity: 76.56, Eval Specificity: 71.79
I0203 12:02:47.210774 140466115848000 train.py:157] Epoch 13/80, Accuracy: 84.33, 
 Confusion Matrix: 
 [[644. 103.]
 [144. 685.]], Sensitivity: 81.73, Specificity: 86.93, 
 Test Accuracy: 52.88, 
 Test Confusion Matrix: 
 [[ 3.  0.]
 [49. 31.]], Test Sensitivity: 5.77, Test Specificity: 100.00,
 Eval Accuracy: 54.69, 
 Eval Confusion Matrix: 
 [[ 6.  0.]
 [58. 39.]], Eval Sensitivity: 9.38, Eval Specificity: 100.00
I0203 12:02:49.067868 140466115848000 train.py:157] Epoch 14/80, Accuracy: 84.15, 
 Confusion Matrix: 
 [[630.  89.]
 [162. 703.]], Sensitivity: 79.55, Specificity: 88.76, 
 Test Accuracy: 54.84, 
 Test Confusion Matrix: 
 [[52. 28.]
 [ 0.  3.]], Test Sensitivity: 100.00, Test Specificity: 9.68,
 Eval Accuracy: 52.56, 
 Eval Confusion Matrix: 
 [[64. 37.]
 [ 0.  2.]], Eval Sensitivity: 100.00, Eval Specificity: 5.13
I0203 12:02:50.914881 140466115848000 train.py:157] Epoch 15/80, Accuracy: 84.22, 
 Confusion Matrix: 
 [[628.  86.]
 [164. 706.]], Sensitivity: 79.29, Specificity: 89.14, 
 Test Accuracy: 58.65, 
 Test Confusion Matrix: 
 [[ 9.  0.]
 [43. 31.]], Test Sensitivity: 17.31, Test Specificity: 100.00,
 Eval Accuracy: 59.38, 
 Eval Confusion Matrix: 
 [[12.  0.]
 [52. 39.]], Eval Sensitivity: 18.75, Eval Specificity: 100.00
I0203 12:02:52.777234 140466115848000 train.py:157] Epoch 16/80, Accuracy: 85.15, 
 Confusion Matrix: 
 [[646.  92.]
 [142. 696.]], Sensitivity: 81.98, Specificity: 88.32, 
 Test Accuracy: 67.74, 
 Test Confusion Matrix: 
 [[52. 20.]
 [ 0. 11.]], Test Sensitivity: 100.00, Test Specificity: 35.48,
 Eval Accuracy: 52.78, 
 Eval Confusion Matrix: 
 [[61. 35.]
 [ 3.  4.]], Eval Sensitivity: 95.31, Eval Specificity: 10.26
I0203 12:02:54.606876 140466115848000 train.py:157] Epoch 17/80, Accuracy: 86.47, 
 Confusion Matrix: 
 [[657.  83.]
 [130. 704.]], Sensitivity: 83.48, Specificity: 89.45, 
 Test Accuracy: 86.17, 
 Test Confusion Matrix: 
 [[46.  5.]
 [ 6. 26.]], Test Sensitivity: 88.46, Test Specificity: 83.87,
 Eval Accuracy: 66.05, 
 Eval Confusion Matrix: 
 [[55. 21.]
 [ 9. 18.]], Eval Sensitivity: 85.94, Eval Specificity: 46.15
I0203 12:02:56.458005 140466115848000 train.py:157] Epoch 18/80, Accuracy: 87.31, 
 Confusion Matrix: 
 [[665.  77.]
 [123. 711.]], Sensitivity: 84.39, Specificity: 90.23, 
 Test Accuracy: 80.74, 
 Test Confusion Matrix: 
 [[37.  3.]
 [15. 28.]], Test Sensitivity: 71.15, Test Specificity: 90.32,
 Eval Accuracy: 81.81, 
 Eval Confusion Matrix: 
 [[44.  2.]
 [20. 37.]], Eval Sensitivity: 68.75, Eval Specificity: 94.87
I0203 12:02:58.316770 140466115848000 train.py:157] Epoch 19/80, Accuracy: 88.37, 
 Confusion Matrix: 
 [[668.  64.]
 [119. 723.]], Sensitivity: 84.88, Specificity: 91.87, 
 Test Accuracy: 82.26, 
 Test Confusion Matrix: 
 [[52. 11.]
 [ 0. 20.]], Test Sensitivity: 100.00, Test Specificity: 64.52,
 Eval Accuracy: 61.26, 
 Eval Confusion Matrix: 
 [[62. 29.]
 [ 2. 10.]], Eval Sensitivity: 96.88, Eval Specificity: 25.64
I0203 12:03:00.147583 140466115848000 train.py:157] Epoch 20/80, Accuracy: 88.64, 
 Confusion Matrix: 
 [[674.  65.]
 [114. 723.]], Sensitivity: 85.53, Specificity: 91.75, 
 Test Accuracy: 82.91, 
 Test Confusion Matrix: 
 [[51. 10.]
 [ 1. 21.]], Test Sensitivity: 98.08, Test Specificity: 67.74,
 Eval Accuracy: 67.61, 
 Eval Confusion Matrix: 
 [[57. 21.]
 [ 7. 18.]], Eval Sensitivity: 89.06, Eval Specificity: 46.15
I0203 12:03:01.934046 140466115848000 train.py:157] Epoch 21/80, Accuracy: 89.45, 
 Confusion Matrix: 
 [[681.  60.]
 [106. 727.]], Sensitivity: 86.53, Specificity: 92.38, 
 Test Accuracy: 84.27, 
 Test Confusion Matrix: 
 [[39.  2.]
 [13. 29.]], Test Sensitivity: 75.00, Test Specificity: 93.55,
 Eval Accuracy: 75.34, 
 Eval Confusion Matrix: 
 [[39.  4.]
 [25. 35.]], Eval Sensitivity: 60.94, Eval Specificity: 89.74
I0203 12:03:03.779150 140466115848000 train.py:157] Epoch 22/80, Accuracy: 89.06, 
 Confusion Matrix: 
 [[685.  71.]
 [101. 715.]], Sensitivity: 87.15, Specificity: 90.97, 
 Test Accuracy: 82.35, 
 Test Confusion Matrix: 
 [[37.  2.]
 [15. 29.]], Test Sensitivity: 71.15, Test Specificity: 93.55,
 Eval Accuracy: 79.97, 
 Eval Confusion Matrix: 
 [[40.  1.]
 [24. 38.]], Eval Sensitivity: 62.50, Eval Specificity: 97.44
I0203 12:03:05.632735 140466115848000 train.py:157] Epoch 23/80, Accuracy: 90.04, 
 Confusion Matrix: 
 [[697.  66.]
 [ 91. 722.]], Sensitivity: 88.45, Specificity: 91.62, 
 Test Accuracy: 85.83, 
 Test Confusion Matrix: 
 [[49.  7.]
 [ 3. 24.]], Test Sensitivity: 94.23, Test Specificity: 77.42,
 Eval Accuracy: 67.61, 
 Eval Confusion Matrix: 
 [[57. 21.]
 [ 7. 18.]], Eval Sensitivity: 89.06, Eval Specificity: 46.15
I0203 12:03:07.472043 140466115848000 train.py:157] Epoch 24/80, Accuracy: 90.16, 
 Confusion Matrix: 
 [[700.  67.]
 [ 88. 721.]], Sensitivity: 88.83, Specificity: 91.50, 
 Test Accuracy: 66.78, 
 Test Confusion Matrix: 
 [[51. 20.]
 [ 1. 11.]], Test Sensitivity: 98.08, Test Specificity: 35.48,
 Eval Accuracy: 62.26, 
 Eval Confusion Matrix: 
 [[60. 27.]
 [ 4. 12.]], Eval Sensitivity: 93.75, Eval Specificity: 30.77
I0203 12:03:09.320134 140466115848000 train.py:157] Epoch 25/80, Accuracy: 91.41, 
 Confusion Matrix: 
 [[707.  56.]
 [ 79. 730.]], Sensitivity: 89.95, Specificity: 92.88, 
 Test Accuracy: 86.48, 
 Test Confusion Matrix: 
 [[48.  6.]
 [ 4. 25.]], Test Sensitivity: 92.31, Test Specificity: 80.65,
 Eval Accuracy: 78.37, 
 Eval Confusion Matrix: 
 [[56. 12.]
 [ 8. 27.]], Eval Sensitivity: 87.50, Eval Specificity: 69.23
I0203 12:03:11.171422 140466115848000 train.py:157] Epoch 26/80, Accuracy: 91.09, 
 Confusion Matrix: 
 [[712.  62.]
 [ 79. 729.]], Sensitivity: 90.01, Specificity: 92.16, 
 Test Accuracy: 90.01, 
 Test Confusion Matrix: 
 [[50.  5.]
 [ 2. 26.]], Test Sensitivity: 96.15, Test Specificity: 83.87,
 Eval Accuracy: 77.30, 
 Eval Confusion Matrix: 
 [[53. 11.]
 [11. 28.]], Eval Sensitivity: 82.81, Eval Specificity: 71.79
I0203 12:03:13.015855 140466115848000 train.py:157] Epoch 27/80, Accuracy: 90.53, 
 Confusion Matrix: 
 [[705.  67.]
 [ 82. 720.]], Sensitivity: 89.58, Specificity: 91.49, 
 Test Accuracy: 69.35, 
 Test Confusion Matrix: 
 [[52. 19.]
 [ 0. 12.]], Test Sensitivity: 100.00, Test Specificity: 38.71,
 Eval Accuracy: 58.19, 
 Eval Confusion Matrix: 
 [[63. 32.]
 [ 1.  7.]], Eval Sensitivity: 98.44, Eval Specificity: 17.95
I0203 12:03:14.834028 140466115848000 train.py:157] Epoch 28/80, Accuracy: 91.72, 
 Confusion Matrix: 
 [[721.  61.]
 [ 70. 730.]], Sensitivity: 91.15, Specificity: 92.29, 
 Test Accuracy: 82.04, 
 Test Confusion Matrix: 
 [[35.  1.]
 [17. 30.]], Test Sensitivity: 67.31, Test Specificity: 96.77,
 Eval Accuracy: 76.40, 
 Eval Confusion Matrix: 
 [[42.  5.]
 [22. 34.]], Eval Sensitivity: 65.62, Eval Specificity: 87.18
I0203 12:03:16.627529 140466115848000 train.py:157] Epoch 29/80, Accuracy: 91.54, 
 Confusion Matrix: 
 [[706.  53.]
 [ 80. 733.]], Sensitivity: 89.82, Specificity: 93.26, 
 Test Accuracy: 88.43, 
 Test Confusion Matrix: 
 [[45.  3.]
 [ 7. 28.]], Test Sensitivity: 86.54, Test Specificity: 90.32,
 Eval Accuracy: 81.65, 
 Eval Confusion Matrix: 
 [[52.  7.]
 [12. 32.]], Eval Sensitivity: 81.25, Eval Specificity: 82.05
I0203 12:03:18.827722 140466115848000 train.py:157] Epoch 30/80, Accuracy: 91.85, 
 Confusion Matrix: 
 [[705.  48.]
 [ 80. 737.]], Sensitivity: 89.81, Specificity: 93.89, 
 Test Accuracy: 77.11, 
 Test Confusion Matrix: 
 [[50. 13.]
 [ 2. 18.]], Test Sensitivity: 96.15, Test Specificity: 58.06,
 Eval Accuracy: 64.04, 
 Eval Confusion Matrix: 
 [[59. 25.]
 [ 5. 14.]], Eval Sensitivity: 92.19, Eval Specificity: 35.90
I0203 12:03:20.665909 140466115848000 train.py:157] Epoch 31/80, Accuracy: 92.77, 
 Confusion Matrix: 
 [[717.  43.]
 [ 71. 745.]], Sensitivity: 90.99, Specificity: 94.54, 
 Test Accuracy: 88.09, 
 Test Confusion Matrix: 
 [[48.  5.]
 [ 4. 26.]], Test Sensitivity: 92.31, Test Specificity: 83.87,
 Eval Accuracy: 72.18, 
 Eval Confusion Matrix: 
 [[53. 15.]
 [11. 24.]], Eval Sensitivity: 82.81, Eval Specificity: 61.54
I0203 12:03:22.610465 140466115848000 train.py:157] Epoch 32/80, Accuracy: 91.55, 
 Confusion Matrix: 
 [[709.  55.]
 [ 78. 732.]], Sensitivity: 90.09, Specificity: 93.01, 
 Test Accuracy: 90.04, 
 Test Confusion Matrix: 
 [[45.  2.]
 [ 7. 29.]], Test Sensitivity: 86.54, Test Specificity: 93.55,
 Eval Accuracy: 75.24, 
 Eval Confusion Matrix: 
 [[52. 12.]
 [12. 27.]], Eval Sensitivity: 81.25, Eval Specificity: 69.23
I0203 12:03:24.455754 140466115848000 train.py:157] Epoch 33/80, Accuracy: 92.63, 
 Confusion Matrix: 
 [[715.  44.]
 [ 72. 743.]], Sensitivity: 90.85, Specificity: 94.41, 
 Test Accuracy: 86.48, 
 Test Confusion Matrix: 
 [[48.  6.]
 [ 4. 25.]], Test Sensitivity: 92.31, Test Specificity: 80.65,
 Eval Accuracy: 74.24, 
 Eval Confusion Matrix: 
 [[54. 14.]
 [10. 25.]], Eval Sensitivity: 84.38, Eval Specificity: 64.10
I0203 12:03:26.322638 140466115848000 train.py:157] Epoch 34/80, Accuracy: 92.26, 
 Confusion Matrix: 
 [[720.  54.]
 [ 68. 734.]], Sensitivity: 91.37, Specificity: 93.15, 
 Test Accuracy: 88.77, 
 Test Confusion Matrix: 
 [[42.  1.]
 [10. 30.]], Test Sensitivity: 80.77, Test Specificity: 96.77,
 Eval Accuracy: 81.09, 
 Eval Confusion Matrix: 
 [[48.  5.]
 [16. 34.]], Eval Sensitivity: 75.00, Eval Specificity: 87.18
I0203 12:03:28.154877 140466115848000 train.py:157] Epoch 35/80, Accuracy: 92.37, 
 Confusion Matrix: 
 [[718.  52.]
 [ 68. 734.]], Sensitivity: 91.35, Specificity: 93.38, 
 Test Accuracy: 85.55, 
 Test Confusion Matrix: 
 [[42.  3.]
 [10. 28.]], Test Sensitivity: 80.77, Test Specificity: 90.32,
 Eval Accuracy: 83.87, 
 Eval Confusion Matrix: 
 [[45.  1.]
 [19. 38.]], Eval Sensitivity: 70.31, Eval Specificity: 97.44
I0203 12:03:30.001738 140466115848000 train.py:157] Epoch 36/80, Accuracy: 93.32, 
 Confusion Matrix: 
 [[715.  34.]
 [ 71. 752.]], Sensitivity: 90.97, Specificity: 95.67, 
 Test Accuracy: 90.01, 
 Test Confusion Matrix: 
 [[50.  5.]
 [ 2. 26.]], Test Sensitivity: 96.15, Test Specificity: 83.87,
 Eval Accuracy: 76.86, 
 Eval Confusion Matrix: 
 [[59. 15.]
 [ 5. 24.]], Eval Sensitivity: 92.19, Eval Specificity: 61.54
I0203 12:03:31.849729 140466115848000 train.py:157] Epoch 37/80, Accuracy: 93.39, 
 Confusion Matrix: 
 [[727.  44.]
 [ 60. 743.]], Sensitivity: 92.38, Specificity: 94.41, 
 Test Accuracy: 89.39, 
 Test Confusion Matrix: 
 [[46.  3.]
 [ 6. 28.]], Test Sensitivity: 88.46, Test Specificity: 90.32,
 Eval Accuracy: 83.43, 
 Eval Confusion Matrix: 
 [[51.  5.]
 [13. 34.]], Eval Sensitivity: 79.69, Eval Specificity: 87.18
I0203 12:03:33.668959 140466115848000 train.py:157] Epoch 38/80, Accuracy: 92.89, 
 Confusion Matrix: 
 [[722.  46.]
 [ 66. 742.]], Sensitivity: 91.62, Specificity: 94.16, 
 Test Accuracy: 70.97, 
 Test Confusion Matrix: 
 [[52. 18.]
 [ 0. 13.]], Test Sensitivity: 100.00, Test Specificity: 41.94,
 Eval Accuracy: 59.98, 
 Eval Confusion Matrix: 
 [[62. 30.]
 [ 2.  9.]], Eval Sensitivity: 96.88, Eval Specificity: 23.08
I0203 12:03:35.474627 140466115848000 train.py:157] Epoch 39/80, Accuracy: 93.62, 
 Confusion Matrix: 
 [[734.  44.]
 [ 57. 747.]], Sensitivity: 92.79, Specificity: 94.44, 
 Test Accuracy: 85.86, 
 Test Confusion Matrix: 
 [[44.  4.]
 [ 8. 27.]], Test Sensitivity: 84.62, Test Specificity: 87.10,
 Eval Accuracy: 77.30, 
 Eval Confusion Matrix: 
 [[53. 11.]
 [11. 28.]], Eval Sensitivity: 82.81, Eval Specificity: 71.79
I0203 12:03:37.322320 140466115848000 train.py:157] Epoch 40/80, Accuracy: 92.96, 
 Confusion Matrix: 
 [[723.  46.]
 [ 65. 742.]], Sensitivity: 91.75, Specificity: 94.16, 
 Test Accuracy: 77.42, 
 Test Confusion Matrix: 
 [[52. 14.]
 [ 0. 17.]], Test Sensitivity: 100.00, Test Specificity: 54.84,
 Eval Accuracy: 64.32, 
 Eval Confusion Matrix: 
 [[61. 26.]
 [ 3. 13.]], Eval Sensitivity: 95.31, Eval Specificity: 33.33
I0203 12:03:39.122345 140466115848000 train.py:157] Epoch 41/80, Accuracy: 93.97, 
 Confusion Matrix: 
 [[732.  39.]
 [ 56. 749.]], Sensitivity: 92.89, Specificity: 95.05, 
 Test Accuracy: 89.70, 
 Test Confusion Matrix: 
 [[48.  4.]
 [ 4. 27.]], Test Sensitivity: 92.31, Test Specificity: 87.10,
 Eval Accuracy: 74.24, 
 Eval Confusion Matrix: 
 [[54. 14.]
 [10. 25.]], Eval Sensitivity: 84.38, Eval Specificity: 64.10
I0203 12:03:40.976861 140466115848000 train.py:157] Epoch 42/80, Accuracy: 92.76, 
 Confusion Matrix: 
 [[714.  41.]
 [ 73. 746.]], Sensitivity: 90.72, Specificity: 94.79, 
 Test Accuracy: 91.00, 
 Test Confusion Matrix: 
 [[46.  2.]
 [ 6. 29.]], Test Sensitivity: 88.46, Test Specificity: 93.55,
 Eval Accuracy: 82.93, 
 Eval Confusion Matrix: 
 [[52.  6.]
 [12. 33.]], Eval Sensitivity: 81.25, Eval Specificity: 84.62
I0203 12:03:42.815715 140466115848000 train.py:157] Epoch 43/80, Accuracy: 93.07, 
 Confusion Matrix: 
 [[725.  47.]
 [ 62. 740.]], Sensitivity: 92.12, Specificity: 94.03, 
 Test Accuracy: 90.04, 
 Test Confusion Matrix: 
 [[45.  2.]
 [ 7. 29.]], Test Sensitivity: 86.54, Test Specificity: 93.55,
 Eval Accuracy: 76.52, 
 Eval Confusion Matrix: 
 [[52. 11.]
 [12. 28.]], Eval Sensitivity: 81.25, Eval Specificity: 71.79
I0203 12:03:44.670199 140466115848000 train.py:157] Epoch 44/80, Accuracy: 94.27, 
 Confusion Matrix: 
 [[732.  36.]
 [ 54. 750.]], Sensitivity: 93.13, Specificity: 95.42, 
 Test Accuracy: 82.69, 
 Test Confusion Matrix: 
 [[34.  0.]
 [18. 31.]], Test Sensitivity: 65.38, Test Specificity: 100.00,
 Eval Accuracy: 80.47, 
 Eval Confusion Matrix: 
 [[39.  0.]
 [25. 39.]], Eval Sensitivity: 60.94, Eval Specificity: 100.00
I0203 12:03:46.543639 140466115848000 train.py:157] Epoch 45/80, Accuracy: 95.14, 
 Confusion Matrix: 
 [[744.  29.]
 [ 48. 763.]], Sensitivity: 93.94, Specificity: 96.34, 
 Test Accuracy: 84.89, 
 Test Confusion Matrix: 
 [[43.  4.]
 [ 9. 27.]], Test Sensitivity: 82.69, Test Specificity: 87.10,
 Eval Accuracy: 77.80, 
 Eval Confusion Matrix: 
 [[52. 10.]
 [12. 29.]], Eval Sensitivity: 81.25, Eval Specificity: 74.36
I0203 12:03:48.415954 140466115848000 train.py:157] Epoch 46/80, Accuracy: 93.43, 
 Confusion Matrix: 
 [[735.  47.]
 [ 57. 745.]], Sensitivity: 92.80, Specificity: 94.07, 
 Test Accuracy: 86.85, 
 Test Confusion Matrix: 
 [[40.  1.]
 [12. 30.]], Test Sensitivity: 76.92, Test Specificity: 96.77,
 Eval Accuracy: 85.50, 
 Eval Confusion Matrix: 
 [[52.  4.]
 [12. 35.]], Eval Sensitivity: 81.25, Eval Specificity: 89.74
I0203 12:03:50.279452 140466115848000 train.py:157] Epoch 47/80, Accuracy: 94.54, 
 Confusion Matrix: 
 [[733.  32.]
 [ 54. 755.]], Sensitivity: 93.14, Specificity: 95.93, 
 Test Accuracy: 91.00, 
 Test Confusion Matrix: 
 [[46.  2.]
 [ 6. 29.]], Test Sensitivity: 88.46, Test Specificity: 93.55,
 Eval Accuracy: 77.30, 
 Eval Confusion Matrix: 
 [[53. 11.]
 [11. 28.]], Eval Sensitivity: 82.81, Eval Specificity: 71.79
I0203 12:03:52.108150 140466115848000 train.py:157] Epoch 48/80, Accuracy: 93.31, 
 Confusion Matrix: 
 [[719.  39.]
 [ 66. 746.]], Sensitivity: 91.59, Specificity: 95.03, 
 Test Accuracy: 82.91, 
 Test Confusion Matrix: 
 [[51. 10.]
 [ 1. 21.]], Test Sensitivity: 98.08, Test Specificity: 67.74,
 Eval Accuracy: 59.42, 
 Eval Confusion Matrix: 
 [[58. 28.]
 [ 6. 11.]], Eval Sensitivity: 90.62, Eval Specificity: 28.21
I0203 12:03:53.945215 140466115848000 train.py:157] Epoch 49/80, Accuracy: 94.66, 
 Confusion Matrix: 
 [[733.  31.]
 [ 53. 755.]], Sensitivity: 93.26, Specificity: 96.06, 
 Test Accuracy: 87.78, 
 Test Confusion Matrix: 
 [[46.  4.]
 [ 6. 27.]], Test Sensitivity: 88.46, Test Specificity: 87.10,
 Eval Accuracy: 67.11, 
 Eval Confusion Matrix: 
 [[58. 22.]
 [ 6. 17.]], Eval Sensitivity: 90.62, Eval Specificity: 43.59
I0203 12:03:55.803048 140466115848000 train.py:157] Epoch 50/80, Accuracy: 94.26, 
 Confusion Matrix: 
 [[737.  36.]
 [ 55. 756.]], Sensitivity: 93.06, Specificity: 95.45, 
 Test Accuracy: 80.65, 
 Test Confusion Matrix: 
 [[52. 12.]
 [ 0. 19.]], Test Sensitivity: 100.00, Test Specificity: 61.29,
 Eval Accuracy: 57.63, 
 Eval Confusion Matrix: 
 [[59. 30.]
 [ 5.  9.]], Eval Sensitivity: 92.19, Eval Specificity: 23.08
I0203 12:03:57.619291 140466115848000 train.py:157] Epoch 51/80, Accuracy: 95.75, 
 Confusion Matrix: 
 [[746.  25.]
 [ 42. 763.]], Sensitivity: 94.67, Specificity: 96.83, 
 Test Accuracy: 91.97, 
 Test Confusion Matrix: 
 [[47.  2.]
 [ 5. 29.]], Test Sensitivity: 90.38, Test Specificity: 93.55,
 Eval Accuracy: 78.87, 
 Eval Confusion Matrix: 
 [[55. 11.]
 [ 9. 28.]], Eval Sensitivity: 85.94, Eval Specificity: 71.79
I0203 12:03:59.454376 140466115848000 train.py:157] Epoch 52/80, Accuracy: 94.82, 
 Confusion Matrix: 
 [[741.  32.]
 [ 50. 759.]], Sensitivity: 93.68, Specificity: 95.95, 
 Test Accuracy: 89.39, 
 Test Confusion Matrix: 
 [[46.  3.]
 [ 6. 28.]], Test Sensitivity: 88.46, Test Specificity: 90.32,
 Eval Accuracy: 71.67, 
 Eval Confusion Matrix: 
 [[54. 16.]
 [10. 23.]], Eval Sensitivity: 84.38, Eval Specificity: 58.97
I0203 12:04:01.321272 140466115848000 train.py:157] Epoch 53/80, Accuracy: 94.80, 
 Confusion Matrix: 
 [[738.  32.]
 [ 50. 756.]], Sensitivity: 93.65, Specificity: 95.94, 
 Test Accuracy: 87.78, 
 Test Confusion Matrix: 
 [[46.  4.]
 [ 6. 27.]], Test Sensitivity: 88.46, Test Specificity: 87.10,
 Eval Accuracy: 75.52, 
 Eval Confusion Matrix: 
 [[54. 13.]
 [10. 26.]], Eval Sensitivity: 84.38, Eval Specificity: 66.67
I0203 12:04:03.185250 140466115848000 train.py:157] Epoch 54/80, Accuracy: 94.80, 
 Confusion Matrix: 
 [[737.  31.]
 [ 51. 757.]], Sensitivity: 93.53, Specificity: 96.07, 
 Test Accuracy: 89.36, 
 Test Confusion Matrix: 
 [[51.  6.]
 [ 1. 25.]], Test Sensitivity: 98.08, Test Specificity: 80.65,
 Eval Accuracy: 64.54, 
 Eval Confusion Matrix: 
 [[58. 24.]
 [ 6. 15.]], Eval Sensitivity: 90.62, Eval Specificity: 38.46
I0203 12:04:05.054631 140466115848000 train.py:157] Epoch 55/80, Accuracy: 94.41, 
 Confusion Matrix: 
 [[733.  34.]
 [ 54. 753.]], Sensitivity: 93.14, Specificity: 95.68, 
 Test Accuracy: 91.32, 
 Test Confusion Matrix: 
 [[48.  3.]
 [ 4. 28.]], Test Sensitivity: 92.31, Test Specificity: 90.32,
 Eval Accuracy: 74.74, 
 Eval Confusion Matrix: 
 [[53. 13.]
 [11. 26.]], Eval Sensitivity: 82.81, Eval Specificity: 66.67
I0203 12:04:06.903650 140466115848000 train.py:157] Epoch 56/80, Accuracy: 95.49, 
 Confusion Matrix: 
 [[740.  24.]
 [ 47. 763.]], Sensitivity: 94.03, Specificity: 96.95, 
 Test Accuracy: 85.48, 
 Test Confusion Matrix: 
 [[52.  9.]
 [ 0. 22.]], Test Sensitivity: 100.00, Test Specificity: 70.97,
 Eval Accuracy: 67.11, 
 Eval Confusion Matrix: 
 [[58. 22.]
 [ 6. 17.]], Eval Sensitivity: 90.62, Eval Specificity: 43.59
I0203 12:04:08.772065 140466115848000 train.py:157] Epoch 57/80, Accuracy: 94.67, 
 Confusion Matrix: 
 [[739.  35.]
 [ 49. 753.]], Sensitivity: 93.78, Specificity: 95.56, 
 Test Accuracy: 91.97, 
 Test Confusion Matrix: 
 [[47.  2.]
 [ 5. 29.]], Test Sensitivity: 90.38, Test Specificity: 93.55,
 Eval Accuracy: 70.39, 
 Eval Confusion Matrix: 
 [[54. 17.]
 [10. 22.]], Eval Sensitivity: 84.38, Eval Specificity: 56.41
I0203 12:04:10.606822 140466115848000 train.py:157] Epoch 58/80, Accuracy: 95.10, 
 Confusion Matrix: 
 [[740.  31.]
 [ 46. 755.]], Sensitivity: 94.15, Specificity: 96.06, 
 Test Accuracy: 87.10, 
 Test Confusion Matrix: 
 [[52.  8.]
 [ 0. 23.]], Test Sensitivity: 100.00, Test Specificity: 74.19,
 Eval Accuracy: 67.11, 
 Eval Confusion Matrix: 
 [[58. 22.]
 [ 6. 17.]], Eval Sensitivity: 90.62, Eval Specificity: 43.59
I0203 12:04:12.434434 140466115848000 train.py:157] Epoch 59/80, Accuracy: 94.40, 
 Confusion Matrix: 
 [[735.  37.]
 [ 51. 749.]], Sensitivity: 93.51, Specificity: 95.29, 
 Test Accuracy: 87.78, 
 Test Confusion Matrix: 
 [[46.  4.]
 [ 6. 27.]], Test Sensitivity: 88.46, Test Specificity: 87.10,
 Eval Accuracy: 76.08, 
 Eval Confusion Matrix: 
 [[58. 15.]
 [ 6. 24.]], Eval Sensitivity: 90.62, Eval Specificity: 61.54
I0203 12:04:14.280995 140466115848000 train.py:157] Epoch 60/80, Accuracy: 95.30, 
 Confusion Matrix: 
 [[743.  29.]
 [ 45. 759.]], Sensitivity: 94.29, Specificity: 96.32, 
 Test Accuracy: 91.63, 
 Test Confusion Matrix: 
 [[50.  4.]
 [ 2. 27.]], Test Sensitivity: 96.15, Test Specificity: 87.10,
 Eval Accuracy: 67.61, 
 Eval Confusion Matrix: 
 [[57. 21.]
 [ 7. 18.]], Eval Sensitivity: 89.06, Eval Specificity: 46.15
I0203 12:04:16.143376 140466115848000 train.py:157] Epoch 61/80, Accuracy: 95.88, 
 Confusion Matrix: 
 [[747.  24.]
 [ 41. 764.]], Sensitivity: 94.80, Specificity: 96.95, 
 Test Accuracy: 85.17, 
 Test Confusion Matrix: 
 [[50.  8.]
 [ 2. 23.]], Test Sensitivity: 96.15, Test Specificity: 74.19,
 Eval Accuracy: 65.83, 
 Eval Confusion Matrix: 
 [[58. 23.]
 [ 6. 16.]], Eval Sensitivity: 90.62, Eval Specificity: 41.03
I0203 12:04:17.955815 140466115848000 train.py:157] Epoch 62/80, Accuracy: 95.43, 
 Confusion Matrix: 
 [[747.  31.]
 [ 41. 757.]], Sensitivity: 94.80, Specificity: 96.07, 
 Test Accuracy: 83.25, 
 Test Confusion Matrix: 
 [[48.  8.]
 [ 4. 23.]], Test Sensitivity: 92.31, Test Specificity: 74.19,
 Eval Accuracy: 64.04, 
 Eval Confusion Matrix: 
 [[59. 25.]
 [ 5. 14.]], Eval Sensitivity: 92.19, Eval Specificity: 35.90
I0203 12:04:19.839520 140466115848000 train.py:157] Epoch 63/80, Accuracy: 95.03, 
 Confusion Matrix: 
 [[742.  35.]
 [ 43. 750.]], Sensitivity: 94.52, Specificity: 95.54, 
 Test Accuracy: 88.09, 
 Test Confusion Matrix: 
 [[48.  5.]
 [ 4. 26.]], Test Sensitivity: 92.31, Test Specificity: 83.87,
 Eval Accuracy: 67.89, 
 Eval Confusion Matrix: 
 [[59. 22.]
 [ 5. 17.]], Eval Sensitivity: 92.19, Eval Specificity: 43.59
I0203 12:04:21.695920 140466115848000 train.py:157] Epoch 64/80, Accuracy: 95.76, 
 Confusion Matrix: 
 [[746.  22.]
 [ 45. 769.]], Sensitivity: 94.31, Specificity: 97.22, 
 Test Accuracy: 90.04, 
 Test Confusion Matrix: 
 [[45.  2.]
 [ 7. 29.]], Test Sensitivity: 86.54, Test Specificity: 93.55,
 Eval Accuracy: 80.09, 
 Eval Confusion Matrix: 
 [[50.  7.]
 [14. 32.]], Eval Sensitivity: 78.12, Eval Specificity: 82.05
I0203 12:04:23.524723 140466115848000 train.py:157] Epoch 65/80, Accuracy: 96.19, 
 Confusion Matrix: 
 [[751.  24.]
 [ 36. 763.]], Sensitivity: 95.43, Specificity: 96.95, 
 Test Accuracy: 86.17, 
 Test Confusion Matrix: 
 [[46.  5.]
 [ 6. 26.]], Test Sensitivity: 88.46, Test Specificity: 83.87,
 Eval Accuracy: 73.74, 
 Eval Confusion Matrix: 
 [[55. 15.]
 [ 9. 24.]], Eval Sensitivity: 85.94, Eval Specificity: 61.54
I0203 12:04:25.355938 140466115848000 train.py:157] Epoch 66/80, Accuracy: 95.03, 
 Confusion Matrix: 
 [[738.  31.]
 [ 47. 754.]], Sensitivity: 94.01, Specificity: 96.05, 
 Test Accuracy: 85.83, 
 Test Confusion Matrix: 
 [[49.  7.]
 [ 3. 24.]], Test Sensitivity: 94.23, Test Specificity: 77.42,
 Eval Accuracy: 66.61, 
 Eval Confusion Matrix: 
 [[59. 23.]
 [ 5. 16.]], Eval Sensitivity: 92.19, Eval Specificity: 41.03
I0203 12:04:27.209875 140466115848000 train.py:157] Epoch 67/80, Accuracy: 95.30, 
 Confusion Matrix: 
 [[743.  30.]
 [ 44. 757.]], Sensitivity: 94.41, Specificity: 96.19, 
 Test Accuracy: 79.68, 
 Test Confusion Matrix: 
 [[51. 12.]
 [ 1. 19.]], Test Sensitivity: 98.08, Test Specificity: 61.29,
 Eval Accuracy: 59.70, 
 Eval Confusion Matrix: 
 [[60. 29.]
 [ 4. 10.]], Eval Sensitivity: 93.75, Eval Specificity: 25.64
I0203 12:04:29.079496 140466115848000 train.py:157] Epoch 68/80, Accuracy: 95.62, 
 Confusion Matrix: 
 [[744.  26.]
 [ 43. 761.]], Sensitivity: 94.54, Specificity: 96.70, 
 Test Accuracy: 89.36, 
 Test Confusion Matrix: 
 [[51.  6.]
 [ 1. 25.]], Test Sensitivity: 98.08, Test Specificity: 80.65,
 Eval Accuracy: 63.54, 
 Eval Confusion Matrix: 
 [[60. 26.]
 [ 4. 13.]], Eval Sensitivity: 93.75, Eval Specificity: 33.33
I0203 12:04:30.892303 140466115848000 train.py:157] Epoch 69/80, Accuracy: 95.80, 
 Confusion Matrix: 
 [[747.  27.]
 [ 39. 759.]], Sensitivity: 95.04, Specificity: 96.56, 
 Test Accuracy: 51.61, 
 Test Confusion Matrix: 
 [[52. 30.]
 [ 0.  1.]], Test Sensitivity: 100.00, Test Specificity: 3.23,
 Eval Accuracy: 51.28, 
 Eval Confusion Matrix: 
 [[64. 38.]
 [ 0.  1.]], Eval Sensitivity: 100.00, Eval Specificity: 2.56
I0203 12:04:32.755160 140466115848000 train.py:157] Epoch 70/80, Accuracy: 95.48, 
 Confusion Matrix: 
 [[742.  27.]
 [ 44. 759.]], Sensitivity: 94.40, Specificity: 96.56, 
 Test Accuracy: 91.97, 
 Test Confusion Matrix: 
 [[47.  2.]
 [ 5. 29.]], Test Sensitivity: 90.38, Test Specificity: 93.55,
 Eval Accuracy: 77.08, 
 Eval Confusion Matrix: 
 [[56. 13.]
 [ 8. 26.]], Eval Sensitivity: 87.50, Eval Specificity: 66.67
I0203 12:04:34.570130 140466115848000 train.py:157] Epoch 71/80, Accuracy: 95.37, 
 Confusion Matrix: 
 [[745.  30.]
 [ 43. 758.]], Sensitivity: 94.54, Specificity: 96.19, 
 Test Accuracy: 82.26, 
 Test Confusion Matrix: 
 [[52. 11.]
 [ 0. 20.]], Test Sensitivity: 100.00, Test Specificity: 64.52,
 Eval Accuracy: 65.32, 
 Eval Confusion Matrix: 
 [[59. 24.]
 [ 5. 15.]], Eval Sensitivity: 92.19, Eval Specificity: 38.46
I0203 12:04:36.425052 140466115848000 train.py:157] Epoch 72/80, Accuracy: 95.77, 
 Confusion Matrix: 
 [[746.  21.]
 [ 46. 771.]], Sensitivity: 94.19, Specificity: 97.35, 
 Test Accuracy: 72.58, 
 Test Confusion Matrix: 
 [[52. 17.]
 [ 0. 14.]], Test Sensitivity: 100.00, Test Specificity: 45.16,
 Eval Accuracy: 57.91, 
 Eval Confusion Matrix: 
 [[61. 31.]
 [ 3.  8.]], Eval Sensitivity: 95.31, Eval Specificity: 20.51
I0203 12:04:38.279849 140466115848000 train.py:157] Epoch 73/80, Accuracy: 96.45, 
 Confusion Matrix: 
 [[751.  19.]
 [ 37. 769.]], Sensitivity: 95.30, Specificity: 97.59, 
 Test Accuracy: 74.84, 
 Test Confusion Matrix: 
 [[51. 15.]
 [ 1. 16.]], Test Sensitivity: 98.08, Test Specificity: 51.61,
 Eval Accuracy: 63.04, 
 Eval Confusion Matrix: 
 [[61. 27.]
 [ 3. 12.]], Eval Sensitivity: 95.31, Eval Specificity: 30.77
I0203 12:04:40.159129 140466115848000 train.py:157] Epoch 74/80, Accuracy: 95.80, 
 Confusion Matrix: 
 [[749.  29.]
 [ 37. 757.]], Sensitivity: 95.29, Specificity: 96.31, 
 Test Accuracy: 88.74, 
 Test Confusion Matrix: 
 [[47.  4.]
 [ 5. 27.]], Test Sensitivity: 90.38, Test Specificity: 87.10,
 Eval Accuracy: 76.80, 
 Eval Confusion Matrix: 
 [[54. 12.]
 [10. 27.]], Eval Sensitivity: 84.38, Eval Specificity: 69.23
I0203 12:04:42.043651 140466115848000 train.py:157] Epoch 75/80, Accuracy: 96.18, 
 Confusion Matrix: 
 [[746.  21.]
 [ 39. 764.]], Sensitivity: 95.03, Specificity: 97.32, 
 Test Accuracy: 90.66, 
 Test Confusion Matrix: 
 [[49.  4.]
 [ 3. 27.]], Test Sensitivity: 94.23, Test Specificity: 87.10,
 Eval Accuracy: 74.80, 
 Eval Confusion Matrix: 
 [[58. 16.]
 [ 6. 23.]], Eval Sensitivity: 90.62, Eval Specificity: 58.97
I0203 12:04:43.873471 140466115848000 train.py:157] Epoch 76/80, Accuracy: 95.88, 
 Confusion Matrix: 
 [[748.  25.]
 [ 40. 763.]], Sensitivity: 94.92, Specificity: 96.83, 
 Test Accuracy: 90.01, 
 Test Confusion Matrix: 
 [[50.  5.]
 [ 2. 26.]], Test Sensitivity: 96.15, Test Specificity: 83.87,
 Eval Accuracy: 70.95, 
 Eval Confusion Matrix: 
 [[58. 19.]
 [ 6. 20.]], Eval Sensitivity: 90.62, Eval Specificity: 51.28
I0203 12:04:45.672834 140466115848000 train.py:157] Epoch 77/80, Accuracy: 96.76, 
 Confusion Matrix: 
 [[756.  20.]
 [ 31. 767.]], Sensitivity: 96.06, Specificity: 97.46, 
 Test Accuracy: 89.05, 
 Test Confusion Matrix: 
 [[49.  5.]
 [ 3. 26.]], Test Sensitivity: 94.23, Test Specificity: 83.87,
 Eval Accuracy: 68.39, 
 Eval Confusion Matrix: 
 [[58. 21.]
 [ 6. 18.]], Eval Sensitivity: 90.62, Eval Specificity: 46.15
I0203 12:04:47.494838 140466115848000 train.py:157] Epoch 78/80, Accuracy: 96.95, 
 Confusion Matrix: 
 [[757.  19.]
 [ 29. 767.]], Sensitivity: 96.31, Specificity: 97.58, 
 Test Accuracy: 88.09, 
 Test Confusion Matrix: 
 [[48.  5.]
 [ 4. 26.]], Test Sensitivity: 92.31, Test Specificity: 83.87,
 Eval Accuracy: 68.39, 
 Eval Confusion Matrix: 
 [[58. 21.]
 [ 6. 18.]], Eval Sensitivity: 90.62, Eval Specificity: 46.15
I0203 12:04:49.357909 140466115848000 train.py:157] Epoch 79/80, Accuracy: 94.85, 
 Confusion Matrix: 
 [[738.  33.]
 [ 48. 753.]], Sensitivity: 93.89, Specificity: 95.80, 
 Test Accuracy: 86.79, 
 Test Confusion Matrix: 
 [[50.  7.]
 [ 2. 24.]], Test Sensitivity: 96.15, Test Specificity: 77.42,
 Eval Accuracy: 68.39, 
 Eval Confusion Matrix: 
 [[58. 21.]
 [ 6. 18.]], Eval Sensitivity: 90.62, Eval Specificity: 46.15
I0203 12:04:49.406532 140466115848000 train.py:226] Finished training after 7821 steps and 80 epochs.
Model: "vgg_like"
_________________________________________________________________
Layer (type)                 Output Shape              Param #   
=================================================================
input_1 (InputLayer)         [(None, None, None, 3)]   0         
_________________________________________________________________
conv2d (Conv2D)              (None, None, None, 8)     224       
_________________________________________________________________
batch_normalization (BatchNo (None, None, None, 8)     32        
_________________________________________________________________
conv2d_1 (Conv2D)            (None, None, None, 8)     584       
_________________________________________________________________
max_pooling2d (MaxPooling2D) (None, None, None, 8)     0         
_________________________________________________________________
batch_normalization_1 (Batch (None, None, None, 8)     32        
_________________________________________________________________
conv2d_2 (Conv2D)            (None, None, None, 16)    1168      
_________________________________________________________________
batch_normalization_2 (Batch (None, None, None, 16)    64        
_________________________________________________________________
conv2d_3 (Conv2D)            (None, None, None, 16)    2320      
_________________________________________________________________
max_pooling2d_1 (MaxPooling2 (None, None, None, 16)    0         
_________________________________________________________________
batch_normalization_3 (Batch (None, None, None, 16)    64        
_________________________________________________________________
conv2d_4 (Conv2D)            (None, None, None, 32)    4640      
_________________________________________________________________
batch_normalization_4 (Batch (None, None, None, 32)    128       
_________________________________________________________________
conv2d_5 (Conv2D)            (None, None, None, 32)    9248      
_________________________________________________________________
max_pooling2d_2 (MaxPooling2 (None, None, None, 32)    0         
_________________________________________________________________
batch_normalization_5 (Batch (None, None, None, 32)    128       
_________________________________________________________________
conv2d_6 (Conv2D)            (None, None, None, 64)    18496     
_________________________________________________________________
batch_normalization_6 (Batch (None, None, None, 64)    256       
_________________________________________________________________
conv2d_7 (Conv2D)            (None, None, None, 64)    36928     
_________________________________________________________________
max_pooling2d_3 (MaxPooling2 (None, None, None, 64)    0         
_________________________________________________________________
batch_normalization_7 (Batch (None, None, None, 64)    256       
_________________________________________________________________
global_average_pooling2d (Gl (None, 64)                0         
_________________________________________________________________
dense (Dense)                (None, 128)               8320      
_________________________________________________________________
dropout (Dropout)            (None, 128)               0         
_________________________________________________________________
dense_1 (Dense)              (None, 2)                 258       
=================================================================
Total params: 83,146
Trainable params: 82,666
Non-trainable params: 480
_________________________________________________________________
