2021-02-03 12:49:36.074861: I tensorflow/stream_executor/platform/default/dso_loader.cc:48] Successfully opened dynamic library libcudart.so.10.1
I0203 12:49:37.735751 140462077515584 datasets.py:14] Preparing dataset idrid...
I0203 12:49:37.736504 140462077515584 dataset_info.py:361] Load dataset info from /home/RUS_CIP/st169955/dl-lab-2020-team15/Project1-Diabetic_Retinopathy/idrid/1.0.0
I0203 12:49:37.737150 140462077515584 dataset_builder.py:299] Reusing dataset idrid (/home/RUS_CIP/st169955/dl-lab-2020-team15/Project1-Diabetic_Retinopathy/idrid/1.0.0)
I0203 12:49:37.737200 140462077515584 dataset_builder.py:510] Constructing tf.data.Dataset for split ['train[:80%]', 'train[80%:]', 'test'], from /home/RUS_CIP/st169955/dl-lab-2020-team15/Project1-Diabetic_Retinopathy/idrid/1.0.0
2021-02-03 12:49:37.739089: I tensorflow/stream_executor/platform/default/dso_loader.cc:48] Successfully opened dynamic library libcuda.so.1
2021-02-03 12:49:37.784938: I tensorflow/core/common_runtime/gpu/gpu_device.cc:1716] Found device 0 with properties: 
pciBusID: 0000:01:00.0 name: GeForce RTX 2080 Ti computeCapability: 7.5
coreClock: 1.545GHz coreCount: 68 deviceMemorySize: 10.76GiB deviceMemoryBandwidth: 573.69GiB/s
2021-02-03 12:49:37.784977: I tensorflow/stream_executor/platform/default/dso_loader.cc:48] Successfully opened dynamic library libcudart.so.10.1
2021-02-03 12:49:37.803970: I tensorflow/stream_executor/platform/default/dso_loader.cc:48] Successfully opened dynamic library libcublas.so.10
2021-02-03 12:49:37.817626: I tensorflow/stream_executor/platform/default/dso_loader.cc:48] Successfully opened dynamic library libcufft.so.10
2021-02-03 12:49:37.820370: I tensorflow/stream_executor/platform/default/dso_loader.cc:48] Successfully opened dynamic library libcurand.so.10
2021-02-03 12:49:37.846089: I tensorflow/stream_executor/platform/default/dso_loader.cc:48] Successfully opened dynamic library libcusolver.so.10
2021-02-03 12:49:37.848744: I tensorflow/stream_executor/platform/default/dso_loader.cc:48] Successfully opened dynamic library libcusparse.so.10
2021-02-03 12:49:37.876197: I tensorflow/stream_executor/platform/default/dso_loader.cc:48] Successfully opened dynamic library libcudnn.so.7
2021-02-03 12:49:37.877757: I tensorflow/core/common_runtime/gpu/gpu_device.cc:1858] Adding visible gpu devices: 0
2021-02-03 12:49:37.878080: I tensorflow/core/platform/cpu_feature_guard.cc:142] This TensorFlow binary is optimized with oneAPI Deep Neural Network Library (oneDNN)to use the following CPU instructions in performance-critical operations:  AVX2 FMA
To enable them in other operations, rebuild TensorFlow with the appropriate compiler flags.
2021-02-03 12:49:37.886424: I tensorflow/core/platform/profile_utils/cpu_utils.cc:104] CPU Frequency: 3800025000 Hz
2021-02-03 12:49:37.886806: I tensorflow/compiler/xla/service/service.cc:168] XLA service 0x4f11950 initialized for platform Host (this does not guarantee that XLA will be used). Devices:
2021-02-03 12:49:37.886819: I tensorflow/compiler/xla/service/service.cc:176]   StreamExecutor device (0): Host, Default Version
2021-02-03 12:49:37.974752: I tensorflow/compiler/xla/service/service.cc:168] XLA service 0x55a5670 initialized for platform CUDA (this does not guarantee that XLA will be used). Devices:
2021-02-03 12:49:37.974785: I tensorflow/compiler/xla/service/service.cc:176]   StreamExecutor device (0): GeForce RTX 2080 Ti, Compute Capability 7.5
2021-02-03 12:49:37.975579: I tensorflow/core/common_runtime/gpu/gpu_device.cc:1716] Found device 0 with properties: 
pciBusID: 0000:01:00.0 name: GeForce RTX 2080 Ti computeCapability: 7.5
coreClock: 1.545GHz coreCount: 68 deviceMemorySize: 10.76GiB deviceMemoryBandwidth: 573.69GiB/s
2021-02-03 12:49:37.975602: I tensorflow/stream_executor/platform/default/dso_loader.cc:48] Successfully opened dynamic library libcudart.so.10.1
2021-02-03 12:49:37.975628: I tensorflow/stream_executor/platform/default/dso_loader.cc:48] Successfully opened dynamic library libcublas.so.10
2021-02-03 12:49:37.975636: I tensorflow/stream_executor/platform/default/dso_loader.cc:48] Successfully opened dynamic library libcufft.so.10
2021-02-03 12:49:37.975670: I tensorflow/stream_executor/platform/default/dso_loader.cc:48] Successfully opened dynamic library libcurand.so.10
2021-02-03 12:49:37.975677: I tensorflow/stream_executor/platform/default/dso_loader.cc:48] Successfully opened dynamic library libcusolver.so.10
2021-02-03 12:49:37.975684: I tensorflow/stream_executor/platform/default/dso_loader.cc:48] Successfully opened dynamic library libcusparse.so.10
2021-02-03 12:49:37.975691: I tensorflow/stream_executor/platform/default/dso_loader.cc:48] Successfully opened dynamic library libcudnn.so.7
2021-02-03 12:49:37.977018: I tensorflow/core/common_runtime/gpu/gpu_device.cc:1858] Adding visible gpu devices: 0
2021-02-03 12:49:37.980116: I tensorflow/stream_executor/platform/default/dso_loader.cc:48] Successfully opened dynamic library libcudart.so.10.1
2021-02-03 12:49:38.503106: I tensorflow/core/common_runtime/gpu/gpu_device.cc:1257] Device interconnect StreamExecutor with strength 1 edge matrix:
2021-02-03 12:49:38.503158: I tensorflow/core/common_runtime/gpu/gpu_device.cc:1263]      0 
2021-02-03 12:49:38.503164: I tensorflow/core/common_runtime/gpu/gpu_device.cc:1276] 0:   N 
2021-02-03 12:49:38.504838: I tensorflow/core/common_runtime/gpu/gpu_device.cc:1402] Created TensorFlow device (/job:localhost/replica:0/task:0/device:GPU:0 with 10072 MB memory) -> physical GPU (device: 0, name: GeForce RTX 2080 Ti, pci bus id: 0000:01:00.0, compute capability: 7.5)
WARNING:tensorflow:AutoGraph could not transform <function preprocess at 0x7fbf6fb5a1f0> and will run it as-is.
Please report this to the TensorFlow team. When filing the bug, set the verbosity to 10 (on Linux, `export AUTOGRAPH_VERBOSITY=10`) and attach the full output.
Cause: module 'gast' has no attribute 'Index'
To silence this warning, decorate the function with @tf.autograph.experimental.do_not_convert
W0203 12:49:38.720069 140462077515584 ag_logging.py:146] AutoGraph could not transform <function preprocess at 0x7fbf6fb5a1f0> and will run it as-is.
Please report this to the TensorFlow team. When filing the bug, set the verbosity to 10 (on Linux, `export AUTOGRAPH_VERBOSITY=10`) and attach the full output.
Cause: module 'gast' has no attribute 'Index'
To silence this warning, decorate the function with @tf.autograph.experimental.do_not_convert
WARNING:tensorflow:AutoGraph could not transform <function rotate at 0x7fbf6fbf6820> and will run it as-is.
Please report this to the TensorFlow team. When filing the bug, set the verbosity to 10 (on Linux, `export AUTOGRAPH_VERBOSITY=10`) and attach the full output.
Cause: module 'gast' has no attribute 'Index'
To silence this warning, decorate the function with @tf.autograph.experimental.do_not_convert
W0203 12:49:49.200109 140462077515584 ag_logging.py:146] AutoGraph could not transform <function rotate at 0x7fbf6fbf6820> and will run it as-is.
Please report this to the TensorFlow team. When filing the bug, set the verbosity to 10 (on Linux, `export AUTOGRAPH_VERBOSITY=10`) and attach the full output.
Cause: module 'gast' has no attribute 'Index'
To silence this warning, decorate the function with @tf.autograph.experimental.do_not_convert
I0203 12:49:56.436816 140462077515584 train.py:121] Initializing from scratch.
2021-02-03 12:49:57.513656: I tensorflow/stream_executor/platform/default/dso_loader.cc:48] Successfully opened dynamic library libcublas.so.10
2021-02-03 12:49:57.744093: I tensorflow/stream_executor/platform/default/dso_loader.cc:48] Successfully opened dynamic library libcudnn.so.7
I0203 12:50:04.508113 140462077515584 train.py:157] Epoch 1/80, Accuracy: 67.53, 
 Confusion Matrix: 
 [[519. 243.]
 [268. 544.]], Sensitivity: 65.95, Specificity: 69.12, 
 Test Accuracy: 77.85, 
 Test Confusion Matrix: 
 [[34.  3.]
 [18. 28.]], Test Sensitivity: 65.38, Test Specificity: 90.32,
 Eval Accuracy: 60.46, 
 Eval Confusion Matrix: 
 [[38. 15.]
 [26. 24.]], Eval Sensitivity: 59.38, Eval Specificity: 61.54
I0203 12:50:06.253699 140462077515584 train.py:157] Epoch 2/80, Accuracy: 70.90, 
 Confusion Matrix: 
 [[510. 181.]
 [277. 606.]], Sensitivity: 64.80, Specificity: 77.00, 
 Test Accuracy: 73.64, 
 Test Confusion Matrix: 
 [[38.  8.]
 [14. 23.]], Test Sensitivity: 73.08, Test Specificity: 74.19,
 Eval Accuracy: 56.73, 
 Eval Confusion Matrix: 
 [[48. 24.]
 [16. 15.]], Eval Sensitivity: 75.00, Eval Specificity: 38.46
I0203 12:50:07.959967 140462077515584 train.py:157] Epoch 3/80, Accuracy: 73.30, 
 Confusion Matrix: 
 [[558. 189.]
 [234. 603.]], Sensitivity: 70.45, Specificity: 76.14, 
 Test Accuracy: 50.00, 
 Test Confusion Matrix: 
 [[ 0.  0.]
 [52. 31.]], Test Sensitivity: 0.00, Test Specificity: 100.00,
 Eval Accuracy: 50.00, 
 Eval Confusion Matrix: 
 [[ 0.  0.]
 [64. 39.]], Eval Sensitivity: 0.00, Eval Specificity: 100.00
I0203 12:50:10.112650 140462077515584 train.py:157] Epoch 4/80, Accuracy: 70.42, 
 Confusion Matrix: 
 [[503. 180.]
 [288. 611.]], Sensitivity: 63.59, Specificity: 77.24, 
 Test Accuracy: 76.55, 
 Test Confusion Matrix: 
 [[36.  5.]
 [16. 26.]], Test Sensitivity: 69.23, Test Specificity: 83.87,
 Eval Accuracy: 63.36, 
 Eval Confusion Matrix: 
 [[45. 17.]
 [19. 22.]], Eval Sensitivity: 70.31, Eval Specificity: 56.41
I0203 12:50:12.199911 140462077515584 train.py:157] Epoch 5/80, Accuracy: 72.55, 
 Confusion Matrix: 
 [[528. 174.]
 [257. 611.]], Sensitivity: 67.26, Specificity: 77.83, 
 Test Accuracy: 34.15, 
 Test Confusion Matrix: 
 [[ 7. 14.]
 [45. 17.]], Test Sensitivity: 13.46, Test Specificity: 54.84,
 Eval Accuracy: 44.71, 
 Eval Confusion Matrix: 
 [[ 8.  9.]
 [56. 30.]], Eval Sensitivity: 12.50, Eval Specificity: 76.92
I0203 12:50:13.929507 140462077515584 train.py:157] Epoch 6/80, Accuracy: 73.74, 
 Confusion Matrix: 
 [[540. 164.]
 [252. 628.]], Sensitivity: 68.18, Specificity: 79.29, 
 Test Accuracy: 67.62, 
 Test Confusion Matrix: 
 [[20.  1.]
 [32. 30.]], Test Sensitivity: 38.46, Test Specificity: 96.77,
 Eval Accuracy: 67.53, 
 Eval Confusion Matrix: 
 [[29.  4.]
 [35. 35.]], Eval Sensitivity: 45.31, Eval Specificity: 89.74
I0203 12:50:15.631963 140462077515584 train.py:157] Epoch 7/80, Accuracy: 74.65, 
 Confusion Matrix: 
 [[560. 172.]
 [227. 615.]], Sensitivity: 71.16, Specificity: 78.14, 
 Test Accuracy: 50.00, 
 Test Confusion Matrix: 
 [[ 0.  0.]
 [52. 31.]], Test Sensitivity: 0.00, Test Specificity: 100.00,
 Eval Accuracy: 50.00, 
 Eval Confusion Matrix: 
 [[ 0.  0.]
 [64. 39.]], Eval Sensitivity: 0.00, Eval Specificity: 100.00
I0203 12:50:17.336568 140462077515584 train.py:157] Epoch 8/80, Accuracy: 74.40, 
 Confusion Matrix: 
 [[564. 180.]
 [223. 607.]], Sensitivity: 71.66, Specificity: 77.13, 
 Test Accuracy: 70.81, 
 Test Confusion Matrix: 
 [[25.  2.]
 [27. 29.]], Test Sensitivity: 48.08, Test Specificity: 93.55,
 Eval Accuracy: 66.59, 
 Eval Confusion Matrix: 
 [[36.  9.]
 [28. 30.]], Eval Sensitivity: 56.25, Eval Specificity: 76.92
I0203 12:50:19.071996 140462077515584 train.py:157] Epoch 9/80, Accuracy: 75.63, 
 Confusion Matrix: 
 [[585. 179.]
 [207. 613.]], Sensitivity: 73.86, Specificity: 77.40, 
 Test Accuracy: 66.81, 
 Test Confusion Matrix: 
 [[46. 17.]
 [ 6. 14.]], Test Sensitivity: 88.46, Test Specificity: 45.16,
 Eval Accuracy: 59.19, 
 Eval Confusion Matrix: 
 [[61. 30.]
 [ 3.  9.]], Eval Sensitivity: 95.31, Eval Specificity: 23.08
I0203 12:50:20.779403 140462077515584 train.py:157] Epoch 10/80, Accuracy: 74.97, 
 Confusion Matrix: 
 [[569. 176.]
 [218. 611.]], Sensitivity: 72.30, Specificity: 77.64, 
 Test Accuracy: 76.24, 
 Test Confusion Matrix: 
 [[34.  4.]
 [18. 27.]], Test Sensitivity: 65.38, Test Specificity: 87.10,
 Eval Accuracy: 62.08, 
 Eval Confusion Matrix: 
 [[45. 18.]
 [19. 21.]], Eval Sensitivity: 70.31, Eval Specificity: 53.85
I0203 12:50:22.489071 140462077515584 train.py:157] Epoch 11/80, Accuracy: 73.63, 
 Confusion Matrix: 
 [[560. 188.]
 [227. 599.]], Sensitivity: 71.16, Specificity: 76.11, 
 Test Accuracy: 50.00, 
 Test Confusion Matrix: 
 [[ 0.  0.]
 [52. 31.]], Test Sensitivity: 0.00, Test Specificity: 100.00,
 Eval Accuracy: 50.00, 
 Eval Confusion Matrix: 
 [[ 0.  0.]
 [64. 39.]], Eval Sensitivity: 0.00, Eval Specificity: 100.00
I0203 12:50:24.200254 140462077515584 train.py:157] Epoch 12/80, Accuracy: 75.16, 
 Confusion Matrix: 
 [[573. 177.]
 [214. 610.]], Sensitivity: 72.81, Specificity: 77.51, 
 Test Accuracy: 65.23, 
 Test Confusion Matrix: 
 [[41. 15.]
 [11. 16.]], Test Sensitivity: 78.85, Test Specificity: 51.61,
 Eval Accuracy: 60.42, 
 Eval Confusion Matrix: 
 [[56. 26.]
 [ 8. 13.]], Eval Sensitivity: 87.50, Eval Specificity: 33.33
I0203 12:50:25.910491 140462077515584 train.py:157] Epoch 13/80, Accuracy: 76.75, 
 Confusion Matrix: 
 [[592. 171.]
 [195. 616.]], Sensitivity: 75.22, Specificity: 78.27, 
 Test Accuracy: 50.00, 
 Test Confusion Matrix: 
 [[52. 31.]
 [ 0.  0.]], Test Sensitivity: 100.00, Test Specificity: 0.00,
 Eval Accuracy: 50.00, 
 Eval Confusion Matrix: 
 [[64. 39.]
 [ 0.  0.]], Eval Sensitivity: 100.00, Eval Specificity: 0.00
I0203 12:50:27.602440 140462077515584 train.py:157] Epoch 14/80, Accuracy: 77.32, 
 Confusion Matrix: 
 [[603. 173.]
 [184. 614.]], Sensitivity: 76.62, Specificity: 78.02, 
 Test Accuracy: 73.36, 
 Test Confusion Matrix: 
 [[31.  4.]
 [21. 27.]], Test Sensitivity: 59.62, Test Specificity: 87.10,
 Eval Accuracy: 66.93, 
 Eval Confusion Matrix: 
 [[43. 13.]
 [21. 26.]], Eval Sensitivity: 67.19, Eval Specificity: 66.67
I0203 12:50:29.679394 140462077515584 train.py:157] Epoch 15/80, Accuracy: 78.50, 
 Confusion Matrix: 
 [[631. 183.]
 [155. 603.]], Sensitivity: 80.28, Specificity: 76.72, 
 Test Accuracy: 76.89, 
 Test Confusion Matrix: 
 [[33.  3.]
 [19. 28.]], Test Sensitivity: 63.46, Test Specificity: 90.32,
 Eval Accuracy: 58.45, 
 Eval Confusion Matrix: 
 [[42. 19.]
 [22. 20.]], Eval Sensitivity: 65.62, Eval Specificity: 51.28
I0203 12:50:31.387924 140462077515584 train.py:157] Epoch 16/80, Accuracy: 76.94, 
 Confusion Matrix: 
 [[618. 194.]
 [169. 593.]], Sensitivity: 78.53, Specificity: 75.35, 
 Test Accuracy: 51.61, 
 Test Confusion Matrix: 
 [[52. 30.]
 [ 0.  1.]], Test Sensitivity: 100.00, Test Specificity: 3.23,
 Eval Accuracy: 49.22, 
 Eval Confusion Matrix: 
 [[63. 39.]
 [ 1.  0.]], Eval Sensitivity: 98.44, Eval Specificity: 0.00
I0203 12:50:33.099783 140462077515584 train.py:157] Epoch 17/80, Accuracy: 78.85, 
 Confusion Matrix: 
 [[625. 172.]
 [160. 613.]], Sensitivity: 79.62, Specificity: 78.09, 
 Test Accuracy: 50.00, 
 Test Confusion Matrix: 
 [[ 0.  0.]
 [52. 31.]], Test Sensitivity: 0.00, Test Specificity: 100.00,
 Eval Accuracy: 50.00, 
 Eval Confusion Matrix: 
 [[ 0.  0.]
 [64. 39.]], Eval Sensitivity: 0.00, Eval Specificity: 100.00
I0203 12:50:34.840558 140462077515584 train.py:157] Epoch 18/80, Accuracy: 79.83, 
 Confusion Matrix: 
 [[641. 172.]
 [145. 614.]], Sensitivity: 81.55, Specificity: 78.12, 
 Test Accuracy: 80.74, 
 Test Confusion Matrix: 
 [[37.  3.]
 [15. 28.]], Test Sensitivity: 71.15, Test Specificity: 90.32,
 Eval Accuracy: 65.99, 
 Eval Confusion Matrix: 
 [[50. 18.]
 [14. 21.]], Eval Sensitivity: 78.12, Eval Specificity: 53.85
I0203 12:50:36.523120 140462077515584 train.py:157] Epoch 19/80, Accuracy: 80.05, 
 Confusion Matrix: 
 [[645. 172.]
 [142. 615.]], Sensitivity: 81.96, Specificity: 78.14, 
 Test Accuracy: 77.54, 
 Test Confusion Matrix: 
 [[32.  2.]
 [20. 29.]], Test Sensitivity: 61.54, Test Specificity: 93.55,
 Eval Accuracy: 58.89, 
 Eval Confusion Matrix: 
 [[36. 15.]
 [28. 24.]], Eval Sensitivity: 56.25, Eval Specificity: 61.54
I0203 12:50:38.227481 140462077515584 train.py:157] Epoch 20/80, Accuracy: 79.61, 
 Confusion Matrix: 
 [[638. 172.]
 [149. 615.]], Sensitivity: 81.07, Specificity: 78.14, 
 Test Accuracy: 80.06, 
 Test Confusion Matrix: 
 [[43.  7.]
 [ 9. 24.]], Test Sensitivity: 82.69, Test Specificity: 77.42,
 Eval Accuracy: 61.70, 
 Eval Confusion Matrix: 
 [[56. 25.]
 [ 8. 14.]], Eval Sensitivity: 87.50, Eval Specificity: 35.90
I0203 12:50:39.915229 140462077515584 train.py:157] Epoch 21/80, Accuracy: 80.92, 
 Confusion Matrix: 
 [[651. 165.]
 [135. 621.]], Sensitivity: 82.82, Specificity: 79.01, 
 Test Accuracy: 72.36, 
 Test Confusion Matrix: 
 [[35.  7.]
 [17. 24.]], Test Sensitivity: 67.31, Test Specificity: 77.42,
 Eval Accuracy: 62.64, 
 Eval Confusion Matrix: 
 [[49. 20.]
 [15. 19.]], Eval Sensitivity: 76.56, Eval Specificity: 48.72
I0203 12:50:41.633994 140462077515584 train.py:157] Epoch 22/80, Accuracy: 80.18, 
 Confusion Matrix: 
 [[642. 167.]
 [145. 620.]], Sensitivity: 81.58, Specificity: 78.78, 
 Test Accuracy: 62.90, 
 Test Confusion Matrix: 
 [[52. 23.]
 [ 0.  8.]], Test Sensitivity: 100.00, Test Specificity: 25.81,
 Eval Accuracy: 58.69, 
 Eval Confusion Matrix: 
 [[62. 31.]
 [ 2.  8.]], Eval Sensitivity: 96.88, Eval Specificity: 20.51
I0203 12:50:43.335313 140462077515584 train.py:157] Epoch 23/80, Accuracy: 80.00, 
 Confusion Matrix: 
 [[635. 164.]
 [150. 621.]], Sensitivity: 80.89, Specificity: 79.11, 
 Test Accuracy: 50.00, 
 Test Confusion Matrix: 
 [[ 0.  0.]
 [52. 31.]], Test Sensitivity: 0.00, Test Specificity: 100.00,
 Eval Accuracy: 49.00, 
 Eval Confusion Matrix: 
 [[ 2.  2.]
 [62. 37.]], Eval Sensitivity: 3.12, Eval Specificity: 94.87
I0203 12:50:45.047720 140462077515584 train.py:157] Epoch 24/80, Accuracy: 80.18, 
 Confusion Matrix: 
 [[633. 158.]
 [154. 629.]], Sensitivity: 80.43, Specificity: 79.92, 
 Test Accuracy: 58.06, 
 Test Confusion Matrix: 
 [[52. 26.]
 [ 0.  5.]], Test Sensitivity: 100.00, Test Specificity: 16.13,
 Eval Accuracy: 55.63, 
 Eval Confusion Matrix: 
 [[63. 34.]
 [ 1.  5.]], Eval Sensitivity: 98.44, Eval Specificity: 12.82
I0203 12:50:46.768012 140462077515584 train.py:157] Epoch 25/80, Accuracy: 80.92, 
 Confusion Matrix: 
 [[648. 162.]
 [138. 624.]], Sensitivity: 82.44, Specificity: 79.39, 
 Test Accuracy: 64.27, 
 Test Confusion Matrix: 
 [[40. 15.]
 [12. 16.]], Test Sensitivity: 76.92, Test Specificity: 51.61,
 Eval Accuracy: 65.83, 
 Eval Confusion Matrix: 
 [[58. 23.]
 [ 6. 16.]], Eval Sensitivity: 90.62, Eval Specificity: 41.03
I0203 12:50:48.487624 140462077515584 train.py:157] Epoch 26/80, Accuracy: 81.04, 
 Confusion Matrix: 
 [[655. 167.]
 [131. 619.]], Sensitivity: 83.33, Specificity: 78.75, 
 Test Accuracy: 50.00, 
 Test Confusion Matrix: 
 [[ 0.  0.]
 [52. 31.]], Test Sensitivity: 0.00, Test Specificity: 100.00,
 Eval Accuracy: 51.84, 
 Eval Confusion Matrix: 
 [[ 4.  1.]
 [60. 38.]], Eval Sensitivity: 6.25, Eval Specificity: 97.44
I0203 12:50:50.212651 140462077515584 train.py:157] Epoch 27/80, Accuracy: 81.59, 
 Confusion Matrix: 
 [[651. 155.]
 [134. 630.]], Sensitivity: 82.93, Specificity: 80.25, 
 Test Accuracy: 72.27, 
 Test Confusion Matrix: 
 [[50. 16.]
 [ 2. 15.]], Test Sensitivity: 96.15, Test Specificity: 48.39,
 Eval Accuracy: 59.98, 
 Eval Confusion Matrix: 
 [[62. 30.]
 [ 2.  9.]], Eval Sensitivity: 96.88, Eval Specificity: 23.08
I0203 12:50:51.942426 140462077515584 train.py:157] Epoch 28/80, Accuracy: 80.88, 
 Confusion Matrix: 
 [[643. 157.]
 [144. 630.]], Sensitivity: 81.70, Specificity: 80.05, 
 Test Accuracy: 72.98, 
 Test Confusion Matrix: 
 [[39.  9.]
 [13. 22.]], Test Sensitivity: 75.00, Test Specificity: 70.97,
 Eval Accuracy: 62.98, 
 Eval Confusion Matrix: 
 [[56. 24.]
 [ 8. 15.]], Eval Sensitivity: 87.50, Eval Specificity: 38.46
I0203 12:50:53.644448 140462077515584 train.py:157] Epoch 29/80, Accuracy: 81.39, 
 Confusion Matrix: 
 [[651. 157.]
 [136. 630.]], Sensitivity: 82.72, Specificity: 80.05, 
 Test Accuracy: 60.98, 
 Test Confusion Matrix: 
 [[50. 23.]
 [ 2.  8.]], Test Sensitivity: 96.15, Test Specificity: 25.81,
 Eval Accuracy: 56.91, 
 Eval Confusion Matrix: 
 [[63. 33.]
 [ 1.  6.]], Eval Sensitivity: 98.44, Eval Specificity: 15.38
I0203 12:50:55.341028 140462077515584 train.py:157] Epoch 30/80, Accuracy: 83.06, 
 Confusion Matrix: 
 [[661. 142.]
 [124. 643.]], Sensitivity: 84.20, Specificity: 81.91, 
 Test Accuracy: 58.72, 
 Test Confusion Matrix: 
 [[51. 25.]
 [ 1.  6.]], Test Sensitivity: 98.08, Test Specificity: 19.35,
 Eval Accuracy: 54.35, 
 Eval Confusion Matrix: 
 [[63. 35.]
 [ 1.  4.]], Eval Sensitivity: 98.44, Eval Specificity: 10.26
I0203 12:50:57.062718 140462077515584 train.py:157] Epoch 31/80, Accuracy: 80.94, 
 Confusion Matrix: 
 [[654. 167.]
 [133. 620.]], Sensitivity: 83.10, Specificity: 78.78, 
 Test Accuracy: 78.82, 
 Test Confusion Matrix: 
 [[35.  3.]
 [17. 28.]], Test Sensitivity: 67.31, Test Specificity: 90.32,
 Eval Accuracy: 68.55, 
 Eval Confusion Matrix: 
 [[50. 16.]
 [14. 23.]], Eval Sensitivity: 78.12, Eval Specificity: 58.97
I0203 12:50:58.786609 140462077515584 train.py:157] Epoch 32/80, Accuracy: 82.78, 
 Confusion Matrix: 
 [[672. 156.]
 [115. 631.]], Sensitivity: 85.39, Specificity: 80.18, 
 Test Accuracy: 72.39, 
 Test Confusion Matrix: 
 [[30.  4.]
 [22. 27.]], Test Sensitivity: 57.69, Test Specificity: 87.10,
 Eval Accuracy: 65.14, 
 Eval Confusion Matrix: 
 [[44. 15.]
 [20. 24.]], Eval Sensitivity: 68.75, Eval Specificity: 61.54
I0203 12:51:00.511589 140462077515584 train.py:157] Epoch 33/80, Accuracy: 82.53, 
 Confusion Matrix: 
 [[681. 169.]
 [106. 618.]], Sensitivity: 86.53, Specificity: 78.53, 
 Test Accuracy: 72.95, 
 Test Confusion Matrix: 
 [[44. 12.]
 [ 8. 19.]], Test Sensitivity: 84.62, Test Specificity: 61.29,
 Eval Accuracy: 60.70, 
 Eval Confusion Matrix: 
 [[58. 27.]
 [ 6. 12.]], Eval Sensitivity: 90.62, Eval Specificity: 30.77
I0203 12:51:02.239837 140462077515584 train.py:157] Epoch 34/80, Accuracy: 83.12, 
 Confusion Matrix: 
 [[669. 149.]
 [116. 636.]], Sensitivity: 85.22, Specificity: 81.02, 
 Test Accuracy: 70.13, 
 Test Confusion Matrix: 
 [[31.  6.]
 [21. 25.]], Test Sensitivity: 59.62, Test Specificity: 80.65,
 Eval Accuracy: 70.05, 
 Eval Confusion Matrix: 
 [[47. 13.]
 [17. 26.]], Eval Sensitivity: 73.44, Eval Specificity: 66.67
I0203 12:51:03.947819 140462077515584 train.py:157] Epoch 35/80, Accuracy: 83.23, 
 Confusion Matrix: 
 [[665. 142.]
 [122. 645.]], Sensitivity: 84.50, Specificity: 81.96, 
 Test Accuracy: 67.12, 
 Test Confusion Matrix: 
 [[48. 18.]
 [ 4. 13.]], Test Sensitivity: 92.31, Test Specificity: 41.94,
 Eval Accuracy: 60.98, 
 Eval Confusion Matrix: 
 [[60. 28.]
 [ 4. 11.]], Eval Sensitivity: 93.75, Eval Specificity: 28.21
I0203 12:51:05.692695 140462077515584 train.py:157] Epoch 36/80, Accuracy: 83.21, 
 Confusion Matrix: 
 [[681. 155.]
 [111. 637.]], Sensitivity: 85.98, Specificity: 80.43, 
 Test Accuracy: 71.68, 
 Test Confusion Matrix: 
 [[41. 11.]
 [11. 20.]], Test Sensitivity: 78.85, Test Specificity: 64.52,
 Eval Accuracy: 64.26, 
 Eval Confusion Matrix: 
 [[56. 23.]
 [ 8. 16.]], Eval Sensitivity: 87.50, Eval Specificity: 41.03
I0203 12:51:07.406059 140462077515584 train.py:157] Epoch 37/80, Accuracy: 82.40, 
 Confusion Matrix: 
 [[675. 165.]
 [112. 622.]], Sensitivity: 85.77, Specificity: 79.03, 
 Test Accuracy: 69.79, 
 Test Confusion Matrix: 
 [[34.  8.]
 [18. 23.]], Test Sensitivity: 65.38, Test Specificity: 74.19,
 Eval Accuracy: 70.61, 
 Eval Confusion Matrix: 
 [[51. 15.]
 [13. 24.]], Eval Sensitivity: 79.69, Eval Specificity: 61.54
I0203 12:51:09.108993 140462077515584 train.py:157] Epoch 38/80, Accuracy: 84.24, 
 Confusion Matrix: 
 [[689. 150.]
 [ 98. 637.]], Sensitivity: 87.55, Specificity: 80.94, 
 Test Accuracy: 68.73, 
 Test Confusion Matrix: 
 [[48. 17.]
 [ 4. 14.]], Test Sensitivity: 92.31, Test Specificity: 45.16,
 Eval Accuracy: 56.63, 
 Eval Confusion Matrix: 
 [[61. 32.]
 [ 3.  7.]], Eval Sensitivity: 95.31, Eval Specificity: 17.95
I0203 12:51:10.810287 140462077515584 train.py:157] Epoch 39/80, Accuracy: 84.71, 
 Confusion Matrix: 
 [[680. 135.]
 [105. 650.]], Sensitivity: 86.62, Specificity: 82.80, 
 Test Accuracy: 70.35, 
 Test Confusion Matrix: 
 [[48. 16.]
 [ 4. 15.]], Test Sensitivity: 92.31, Test Specificity: 48.39,
 Eval Accuracy: 57.91, 
 Eval Confusion Matrix: 
 [[61. 31.]
 [ 3.  8.]], Eval Sensitivity: 95.31, Eval Specificity: 20.51
I0203 12:51:12.512356 140462077515584 train.py:157] Epoch 40/80, Accuracy: 83.65, 
 Confusion Matrix: 
 [[684. 151.]
 [108. 641.]], Sensitivity: 86.36, Specificity: 80.93, 
 Test Accuracy: 69.73, 
 Test Confusion Matrix: 
 [[44. 14.]
 [ 8. 17.]], Test Sensitivity: 84.62, Test Specificity: 54.84,
 Eval Accuracy: 58.85, 
 Eval Confusion Matrix: 
 [[54. 26.]
 [10. 13.]], Eval Sensitivity: 84.38, Eval Specificity: 33.33
I0203 12:51:14.251091 140462077515584 train.py:157] Epoch 41/80, Accuracy: 84.50, 
 Confusion Matrix: 
 [[682. 139.]
 [105. 648.]], Sensitivity: 86.66, Specificity: 82.34, 
 Test Accuracy: 70.38, 
 Test Confusion Matrix: 
 [[43. 13.]
 [ 9. 18.]], Test Sensitivity: 82.69, Test Specificity: 58.06,
 Eval Accuracy: 61.42, 
 Eval Confusion Matrix: 
 [[54. 24.]
 [10. 15.]], Eval Sensitivity: 84.38, Eval Specificity: 38.46
I0203 12:51:15.955393 140462077515584 train.py:157] Epoch 42/80, Accuracy: 84.51, 
 Confusion Matrix: 
 [[685. 139.]
 [106. 652.]], Sensitivity: 86.60, Specificity: 82.43, 
 Test Accuracy: 77.51, 
 Test Confusion Matrix: 
 [[37.  5.]
 [15. 26.]], Test Sensitivity: 71.15, Test Specificity: 83.87,
 Eval Accuracy: 67.05, 
 Eval Confusion Matrix: 
 [[53. 19.]
 [11. 20.]], Eval Sensitivity: 82.81, Eval Specificity: 51.28
I0203 12:51:17.679383 140462077515584 train.py:157] Epoch 43/80, Accuracy: 83.57, 
 Confusion Matrix: 
 [[674. 147.]
 [111. 638.]], Sensitivity: 85.86, Specificity: 81.27, 
 Test Accuracy: 57.75, 
 Test Confusion Matrix: 
 [[50. 25.]
 [ 2.  6.]], Test Sensitivity: 96.15, Test Specificity: 19.35,
 Eval Accuracy: 58.19, 
 Eval Confusion Matrix: 
 [[63. 32.]
 [ 1.  7.]], Eval Sensitivity: 98.44, Eval Specificity: 17.95
I0203 12:51:19.387403 140462077515584 train.py:157] Epoch 44/80, Accuracy: 85.67, 
 Confusion Matrix: 
 [[685. 125.]
 [100. 660.]], Sensitivity: 87.26, Specificity: 84.08, 
 Test Accuracy: 66.50, 
 Test Confusion Matrix: 
 [[44. 16.]
 [ 8. 15.]], Test Sensitivity: 84.62, Test Specificity: 48.39,
 Eval Accuracy: 58.63, 
 Eval Confusion Matrix: 
 [[57. 28.]
 [ 7. 11.]], Eval Sensitivity: 89.06, Eval Specificity: 28.21
I0203 12:51:21.107156 140462077515584 train.py:157] Epoch 45/80, Accuracy: 84.56, 
 Confusion Matrix: 
 [[675. 131.]
 [112. 656.]], Sensitivity: 85.77, Specificity: 83.35, 
 Test Accuracy: 75.84, 
 Test Confusion Matrix: 
 [[47. 12.]
 [ 5. 19.]], Test Sensitivity: 90.38, Test Specificity: 61.29,
 Eval Accuracy: 60.70, 
 Eval Confusion Matrix: 
 [[58. 27.]
 [ 6. 12.]], Eval Sensitivity: 90.62, Eval Specificity: 30.77
I0203 12:51:22.813277 140462077515584 train.py:157] Epoch 46/80, Accuracy: 85.94, 
 Confusion Matrix: 
 [[683. 118.]
 [103. 668.]], Sensitivity: 86.90, Specificity: 84.99, 
 Test Accuracy: 64.98, 
 Test Confusion Matrix: 
 [[29.  8.]
 [23. 23.]], Test Sensitivity: 55.77, Test Specificity: 74.19,
 Eval Accuracy: 68.21, 
 Eval Confusion Matrix: 
 [[43. 12.]
 [21. 27.]], Eval Sensitivity: 67.19, Eval Specificity: 69.23
I0203 12:51:24.540648 140462077515584 train.py:157] Epoch 47/80, Accuracy: 87.17, 
 Confusion Matrix: 
 [[699. 111.]
 [ 92. 680.]], Sensitivity: 88.37, Specificity: 85.97, 
 Test Accuracy: 60.36, 
 Test Confusion Matrix: 
 [[46. 21.]
 [ 6. 10.]], Test Sensitivity: 88.46, Test Specificity: 32.26,
 Eval Accuracy: 62.26, 
 Eval Confusion Matrix: 
 [[60. 27.]
 [ 4. 12.]], Eval Sensitivity: 93.75, Eval Specificity: 30.77
I0203 12:51:26.264026 140462077515584 train.py:157] Epoch 48/80, Accuracy: 85.45, 
 Confusion Matrix: 
 [[685. 127.]
 [102. 660.]], Sensitivity: 87.04, Specificity: 83.86, 
 Test Accuracy: 74.53, 
 Test Confusion Matrix: 
 [[49. 14.]
 [ 3. 17.]], Test Sensitivity: 94.23, Test Specificity: 54.84,
 Eval Accuracy: 62.76, 
 Eval Confusion Matrix: 
 [[59. 26.]
 [ 5. 13.]], Eval Sensitivity: 92.19, Eval Specificity: 33.33
I0203 12:51:27.971873 140462077515584 train.py:157] Epoch 49/80, Accuracy: 87.04, 
 Confusion Matrix: 
 [[705. 119.]
 [ 86. 672.]], Sensitivity: 89.13, Specificity: 84.96, 
 Test Accuracy: 75.31, 
 Test Confusion Matrix: 
 [[28.  1.]
 [24. 30.]], Test Sensitivity: 53.85, Test Specificity: 96.77,
 Eval Accuracy: 69.99, 
 Eval Confusion Matrix: 
 [[42. 10.]
 [22. 29.]], Eval Sensitivity: 65.62, Eval Specificity: 74.36
I0203 12:51:29.690903 140462077515584 train.py:157] Epoch 50/80, Accuracy: 86.94, 
 Confusion Matrix: 
 [[696. 116.]
 [ 89. 669.]], Sensitivity: 88.66, Specificity: 85.22, 
 Test Accuracy: 57.10, 
 Test Confusion Matrix: 
 [[51. 26.]
 [ 1.  5.]], Test Sensitivity: 98.08, Test Specificity: 16.13,
 Eval Accuracy: 54.85, 
 Eval Confusion Matrix: 
 [[62. 34.]
 [ 2.  5.]], Eval Sensitivity: 96.88, Eval Specificity: 12.82
I0203 12:51:31.822940 140462077515584 train.py:157] Epoch 51/80, Accuracy: 87.44, 
 Confusion Matrix: 
 [[703. 113.]
 [ 85. 675.]], Sensitivity: 89.21, Specificity: 85.66, 
 Test Accuracy: 74.60, 
 Test Confusion Matrix: 
 [[39.  8.]
 [13. 23.]], Test Sensitivity: 75.00, Test Specificity: 74.19,
 Eval Accuracy: 63.42, 
 Eval Confusion Matrix: 
 [[50. 20.]
 [14. 19.]], Eval Sensitivity: 78.12, Eval Specificity: 48.72
I0203 12:51:33.548893 140462077515584 train.py:157] Epoch 52/80, Accuracy: 86.53, 
 Confusion Matrix: 
 [[691. 116.]
 [ 96. 671.]], Sensitivity: 87.80, Specificity: 85.26, 
 Test Accuracy: 77.11, 
 Test Confusion Matrix: 
 [[50. 13.]
 [ 2. 18.]], Test Sensitivity: 96.15, Test Specificity: 58.06,
 Eval Accuracy: 60.98, 
 Eval Confusion Matrix: 
 [[60. 28.]
 [ 4. 11.]], Eval Sensitivity: 93.75, Eval Specificity: 28.21
I0203 12:51:35.287184 140462077515584 train.py:157] Epoch 53/80, Accuracy: 87.80, 
 Confusion Matrix: 
 [[700. 105.]
 [ 87. 682.]], Sensitivity: 88.95, Specificity: 86.66, 
 Test Accuracy: 64.52, 
 Test Confusion Matrix: 
 [[52. 22.]
 [ 0.  9.]], Test Sensitivity: 100.00, Test Specificity: 29.03,
 Eval Accuracy: 55.35, 
 Eval Confusion Matrix: 
 [[61. 33.]
 [ 3.  6.]], Eval Sensitivity: 95.31, Eval Specificity: 15.38
I0203 12:51:36.996509 140462077515584 train.py:157] Epoch 54/80, Accuracy: 86.40, 
 Confusion Matrix: 
 [[692. 119.]
 [ 95. 668.]], Sensitivity: 87.93, Specificity: 84.88, 
 Test Accuracy: 74.57, 
 Test Confusion Matrix: 
 [[44. 11.]
 [ 8. 20.]], Test Sensitivity: 84.62, Test Specificity: 64.52,
 Eval Accuracy: 61.20, 
 Eval Confusion Matrix: 
 [[57. 26.]
 [ 7. 13.]], Eval Sensitivity: 89.06, Eval Specificity: 33.33
I0203 12:51:38.728447 140462077515584 train.py:157] Epoch 55/80, Accuracy: 88.31, 
 Confusion Matrix: 
 [[710. 104.]
 [ 81. 687.]], Sensitivity: 89.76, Specificity: 86.85, 
 Test Accuracy: 67.77, 
 Test Confusion Matrix: 
 [[47. 17.]
 [ 5. 14.]], Test Sensitivity: 90.38, Test Specificity: 45.16,
 Eval Accuracy: 59.13, 
 Eval Confusion Matrix: 
 [[56. 27.]
 [ 8. 12.]], Eval Sensitivity: 87.50, Eval Specificity: 30.77
I0203 12:51:40.583376 140462077515584 train.py:157] Epoch 56/80, Accuracy: 87.48, 
 Confusion Matrix: 
 [[700. 107.]
 [ 91. 684.]], Sensitivity: 88.50, Specificity: 86.47, 
 Test Accuracy: 76.89, 
 Test Confusion Matrix: 
 [[33.  3.]
 [19. 28.]], Test Sensitivity: 63.46, Test Specificity: 90.32,
 Eval Accuracy: 62.02, 
 Eval Confusion Matrix: 
 [[40. 15.]
 [24. 24.]], Eval Sensitivity: 62.50, Eval Specificity: 61.54
I0203 12:51:42.295544 140462077515584 train.py:157] Epoch 57/80, Accuracy: 88.36, 
 Confusion Matrix: 
 [[699.  96.]
 [ 87. 690.]], Sensitivity: 88.93, Specificity: 87.79, 
 Test Accuracy: 73.57, 
 Test Confusion Matrix: 
 [[48. 14.]
 [ 4. 17.]], Test Sensitivity: 92.31, Test Specificity: 54.84,
 Eval Accuracy: 58.41, 
 Eval Confusion Matrix: 
 [[60. 30.]
 [ 4.  9.]], Eval Sensitivity: 93.75, Eval Specificity: 23.08
I0203 12:51:44.021445 140462077515584 train.py:157] Epoch 58/80, Accuracy: 88.45, 
 Confusion Matrix: 
 [[710. 101.]
 [ 82. 691.]], Sensitivity: 89.65, Specificity: 87.25, 
 Test Accuracy: 77.79, 
 Test Confusion Matrix: 
 [[44.  9.]
 [ 8. 22.]], Test Sensitivity: 84.62, Test Specificity: 70.97,
 Eval Accuracy: 60.14, 
 Eval Confusion Matrix: 
 [[54. 25.]
 [10. 14.]], Eval Sensitivity: 84.38, Eval Specificity: 35.90
I0203 12:51:45.746731 140462077515584 train.py:157] Epoch 59/80, Accuracy: 87.44, 
 Confusion Matrix: 
 [[707. 114.]
 [ 85. 678.]], Sensitivity: 89.27, Specificity: 85.61, 
 Test Accuracy: 74.26, 
 Test Confusion Matrix: 
 [[42. 10.]
 [10. 21.]], Test Sensitivity: 80.77, Test Specificity: 67.74,
 Eval Accuracy: 61.64, 
 Eval Confusion Matrix: 
 [[51. 22.]
 [13. 17.]], Eval Sensitivity: 79.69, Eval Specificity: 43.59
I0203 12:51:47.457224 140462077515584 train.py:157] Epoch 60/80, Accuracy: 89.31, 
 Confusion Matrix: 
 [[710.  92.]
 [ 76. 694.]], Sensitivity: 90.33, Specificity: 88.30, 
 Test Accuracy: 54.84, 
 Test Confusion Matrix: 
 [[52. 28.]
 [ 0.  3.]], Test Sensitivity: 100.00, Test Specificity: 9.68,
 Eval Accuracy: 53.57, 
 Eval Confusion Matrix: 
 [[62. 35.]
 [ 2.  4.]], Eval Sensitivity: 96.88, Eval Specificity: 10.26
I0203 12:51:49.199073 140462077515584 train.py:157] Epoch 61/80, Accuracy: 89.39, 
 Confusion Matrix: 
 [[708.  88.]
 [ 79. 699.]], Sensitivity: 89.96, Specificity: 88.82, 
 Test Accuracy: 68.73, 
 Test Confusion Matrix: 
 [[48. 17.]
 [ 4. 14.]], Test Sensitivity: 92.31, Test Specificity: 45.16,
 Eval Accuracy: 60.98, 
 Eval Confusion Matrix: 
 [[60. 28.]
 [ 4. 11.]], Eval Sensitivity: 93.75, Eval Specificity: 28.21
I0203 12:51:50.896313 140462077515584 train.py:157] Epoch 62/80, Accuracy: 89.33, 
 Confusion Matrix: 
 [[707.  88.]
 [ 80. 699.]], Sensitivity: 89.83, Specificity: 88.82, 
 Test Accuracy: 71.99, 
 Test Confusion Matrix: 
 [[43. 12.]
 [ 9. 19.]], Test Sensitivity: 82.69, Test Specificity: 61.29,
 Eval Accuracy: 61.42, 
 Eval Confusion Matrix: 
 [[54. 24.]
 [10. 15.]], Eval Sensitivity: 84.38, Eval Specificity: 38.46
I0203 12:51:53.057353 140462077515584 train.py:157] Epoch 63/80, Accuracy: 89.62, 
 Confusion Matrix: 
 [[714.  88.]
 [ 76. 702.]], Sensitivity: 90.38, Specificity: 88.86, 
 Test Accuracy: 64.21, 
 Test Confusion Matrix: 
 [[50. 21.]
 [ 2. 10.]], Test Sensitivity: 96.15, Test Specificity: 32.26,
 Eval Accuracy: 56.63, 
 Eval Confusion Matrix: 
 [[61. 32.]
 [ 3.  7.]], Eval Sensitivity: 95.31, Eval Specificity: 17.95
I0203 12:51:54.783502 140462077515584 train.py:157] Epoch 64/80, Accuracy: 89.96, 
 Confusion Matrix: 
 [[719.  86.]
 [ 73. 706.]], Sensitivity: 90.78, Specificity: 89.14, 
 Test Accuracy: 71.96, 
 Test Confusion Matrix: 
 [[48. 15.]
 [ 4. 16.]], Test Sensitivity: 92.31, Test Specificity: 51.61,
 Eval Accuracy: 58.91, 
 Eval Confusion Matrix: 
 [[59. 29.]
 [ 5. 10.]], Eval Sensitivity: 92.19, Eval Specificity: 25.64
I0203 12:51:56.472061 140462077515584 train.py:157] Epoch 65/80, Accuracy: 90.21, 
 Confusion Matrix: 
 [[722.  85.]
 [ 70. 707.]], Sensitivity: 91.16, Specificity: 89.27, 
 Test Accuracy: 77.14, 
 Test Confusion Matrix: 
 [[45. 10.]
 [ 7. 21.]], Test Sensitivity: 86.54, Test Specificity: 67.74,
 Eval Accuracy: 61.42, 
 Eval Confusion Matrix: 
 [[54. 24.]
 [10. 15.]], Eval Sensitivity: 84.38, Eval Specificity: 38.46
I0203 12:51:58.210974 140462077515584 train.py:157] Epoch 66/80, Accuracy: 89.44, 
 Confusion Matrix: 
 [[710.  90.]
 [ 76. 696.]], Sensitivity: 90.33, Specificity: 88.55, 
 Test Accuracy: 66.28, 
 Test Confusion Matrix: 
 [[27.  6.]
 [25. 25.]], Test Sensitivity: 51.92, Test Specificity: 80.65,
 Eval Accuracy: 66.81, 
 Eval Confusion Matrix: 
 [[33.  7.]
 [31. 32.]], Eval Sensitivity: 51.56, Eval Specificity: 82.05
I0203 12:51:59.922708 140462077515584 train.py:157] Epoch 67/80, Accuracy: 90.09, 
 Confusion Matrix: 
 [[719.  88.]
 [ 68. 699.]], Sensitivity: 91.36, Specificity: 88.82, 
 Test Accuracy: 65.32, 
 Test Confusion Matrix: 
 [[26.  6.]
 [26. 25.]], Test Sensitivity: 50.00, Test Specificity: 80.65,
 Eval Accuracy: 64.30, 
 Eval Confusion Matrix: 
 [[38. 12.]
 [26. 27.]], Eval Sensitivity: 59.38, Eval Specificity: 69.23
I0203 12:52:01.656952 140462077515584 train.py:157] Epoch 68/80, Accuracy: 90.41, 
 Confusion Matrix: 
 [[714.  78.]
 [ 73. 709.]], Sensitivity: 90.72, Specificity: 90.09, 
 Test Accuracy: 75.53, 
 Test Confusion Matrix: 
 [[45. 11.]
 [ 7. 20.]], Test Sensitivity: 86.54, Test Specificity: 64.52,
 Eval Accuracy: 61.20, 
 Eval Confusion Matrix: 
 [[57. 26.]
 [ 7. 13.]], Eval Sensitivity: 89.06, Eval Specificity: 33.33
I0203 12:52:03.385418 140462077515584 train.py:157] Epoch 69/80, Accuracy: 90.47, 
 Confusion Matrix: 
 [[715.  74.]
 [ 77. 718.]], Sensitivity: 90.28, Specificity: 90.66, 
 Test Accuracy: 65.51, 
 Test Confusion Matrix: 
 [[48. 19.]
 [ 4. 12.]], Test Sensitivity: 92.31, Test Specificity: 38.71,
 Eval Accuracy: 55.07, 
 Eval Confusion Matrix: 
 [[59. 32.]
 [ 5.  7.]], Eval Sensitivity: 92.19, Eval Specificity: 17.95
I0203 12:52:05.067267 140462077515584 train.py:157] Epoch 70/80, Accuracy: 90.76, 
 Confusion Matrix: 
 [[721.  81.]
 [ 64. 704.]], Sensitivity: 91.85, Specificity: 89.68, 
 Test Accuracy: 62.59, 
 Test Confusion Matrix: 
 [[50. 22.]
 [ 2.  9.]], Test Sensitivity: 96.15, Test Specificity: 29.03,
 Eval Accuracy: 52.78, 
 Eval Confusion Matrix: 
 [[61. 35.]
 [ 3.  4.]], Eval Sensitivity: 95.31, Eval Specificity: 10.26
I0203 12:52:06.810148 140462077515584 train.py:157] Epoch 71/80, Accuracy: 90.45, 
 Confusion Matrix: 
 [[717.  82.]
 [ 68. 703.]], Sensitivity: 91.34, Specificity: 89.55, 
 Test Accuracy: 72.27, 
 Test Confusion Matrix: 
 [[50. 16.]
 [ 2. 15.]], Test Sensitivity: 96.15, Test Specificity: 48.39,
 Eval Accuracy: 54.57, 
 Eval Confusion Matrix: 
 [[60. 33.]
 [ 4.  6.]], Eval Sensitivity: 93.75, Eval Specificity: 15.38
I0203 12:52:08.538593 140462077515584 train.py:157] Epoch 72/80, Accuracy: 91.90, 
 Confusion Matrix: 
 [[726.  64.]
 [ 64. 726.]], Sensitivity: 91.90, Specificity: 91.90, 
 Test Accuracy: 70.69, 
 Test Confusion Matrix: 
 [[45. 14.]
 [ 7. 17.]], Test Sensitivity: 86.54, Test Specificity: 54.84,
 Eval Accuracy: 63.26, 
 Eval Confusion Matrix: 
 [[58. 25.]
 [ 6. 14.]], Eval Sensitivity: 90.62, Eval Specificity: 35.90
I0203 12:52:10.253870 140462077515584 train.py:157] Epoch 73/80, Accuracy: 91.42, 
 Confusion Matrix: 
 [[725.  73.]
 [ 62. 714.]], Sensitivity: 92.12, Specificity: 90.72, 
 Test Accuracy: 67.12, 
 Test Confusion Matrix: 
 [[48. 18.]
 [ 4. 13.]], Test Sensitivity: 92.31, Test Specificity: 41.94,
 Eval Accuracy: 59.98, 
 Eval Confusion Matrix: 
 [[62. 30.]
 [ 2.  9.]], Eval Sensitivity: 96.88, Eval Specificity: 23.08
I0203 12:52:12.001105 140462077515584 train.py:157] Epoch 74/80, Accuracy: 90.03, 
 Confusion Matrix: 
 [[716.  82.]
 [ 76. 710.]], Sensitivity: 90.40, Specificity: 89.65, 
 Test Accuracy: 65.82, 
 Test Confusion Matrix: 
 [[50. 20.]
 [ 2. 11.]], Test Sensitivity: 96.15, Test Specificity: 35.48,
 Eval Accuracy: 54.07, 
 Eval Confusion Matrix: 
 [[61. 34.]
 [ 3.  5.]], Eval Sensitivity: 95.31, Eval Specificity: 12.82
I0203 12:52:13.719805 140462077515584 train.py:157] Epoch 75/80, Accuracy: 92.55, 
 Confusion Matrix: 
 [[735.  61.]
 [ 57. 731.]], Sensitivity: 92.80, Specificity: 92.30, 
 Test Accuracy: 54.84, 
 Test Confusion Matrix: 
 [[52. 28.]
 [ 0.  3.]], Test Sensitivity: 100.00, Test Specificity: 9.68,
 Eval Accuracy: 52.28, 
 Eval Confusion Matrix: 
 [[62. 36.]
 [ 2.  3.]], Eval Sensitivity: 96.88, Eval Specificity: 7.69
I0203 12:52:15.437268 140462077515584 train.py:157] Epoch 76/80, Accuracy: 91.92, 
 Confusion Matrix: 
 [[734.  70.]
 [ 58. 722.]], Sensitivity: 92.68, Specificity: 91.16, 
 Test Accuracy: 60.98, 
 Test Confusion Matrix: 
 [[50. 23.]
 [ 2.  8.]], Test Sensitivity: 96.15, Test Specificity: 25.81,
 Eval Accuracy: 57.13, 
 Eval Confusion Matrix: 
 [[60. 31.]
 [ 4.  8.]], Eval Sensitivity: 93.75, Eval Specificity: 20.51
I0203 12:52:17.169732 140462077515584 train.py:157] Epoch 77/80, Accuracy: 91.36, 
 Confusion Matrix: 
 [[723.  72.]
 [ 64. 715.]], Sensitivity: 91.87, Specificity: 90.85, 
 Test Accuracy: 73.95, 
 Test Confusion Matrix: 
 [[40.  9.]
 [12. 22.]], Test Sensitivity: 76.92, Test Specificity: 70.97,
 Eval Accuracy: 59.86, 
 Eval Confusion Matrix: 
 [[52. 24.]
 [12. 15.]], Eval Sensitivity: 81.25, Eval Specificity: 38.46
I0203 12:52:18.859916 140462077515584 train.py:157] Epoch 78/80, Accuracy: 91.30, 
 Confusion Matrix: 
 [[717.  67.]
 [ 70. 720.]], Sensitivity: 91.11, Specificity: 91.49, 
 Test Accuracy: 70.66, 
 Test Confusion Matrix: 
 [[50. 17.]
 [ 2. 14.]], Test Sensitivity: 96.15, Test Specificity: 45.16,
 Eval Accuracy: 52.28, 
 Eval Confusion Matrix: 
 [[62. 36.]
 [ 2.  3.]], Eval Sensitivity: 96.88, Eval Specificity: 7.69
I0203 12:52:20.567270 140462077515584 train.py:157] Epoch 79/80, Accuracy: 92.44, 
 Confusion Matrix: 
 [[731.  63.]
 [ 56. 724.]], Sensitivity: 92.88, Specificity: 91.99, 
 Test Accuracy: 78.41, 
 Test Confusion Matrix: 
 [[48. 11.]
 [ 4. 20.]], Test Sensitivity: 92.31, Test Specificity: 64.52,
 Eval Accuracy: 60.48, 
 Eval Confusion Matrix: 
 [[61. 29.]
 [ 3. 10.]], Eval Sensitivity: 95.31, Eval Specificity: 25.64
I0203 12:52:20.609457 140462077515584 train.py:226] Finished training after 7821 steps and 80 epochs.
Model: "vgg_like"
_________________________________________________________________
Layer (type)                 Output Shape              Param #   
=================================================================
input_1 (InputLayer)         [(None, None, None, 3)]   0         
_________________________________________________________________
conv2d (Conv2D)              (None, None, None, 8)     224       
_________________________________________________________________
batch_normalization (BatchNo (None, None, None, 8)     32        
_________________________________________________________________
conv2d_1 (Conv2D)            (None, None, None, 8)     584       
_________________________________________________________________
max_pooling2d (MaxPooling2D) (None, None, None, 8)     0         
_________________________________________________________________
batch_normalization_1 (Batch (None, None, None, 8)     32        
_________________________________________________________________
conv2d_2 (Conv2D)            (None, None, None, 16)    1168      
_________________________________________________________________
batch_normalization_2 (Batch (None, None, None, 16)    64        
_________________________________________________________________
conv2d_3 (Conv2D)            (None, None, None, 16)    2320      
_________________________________________________________________
max_pooling2d_1 (MaxPooling2 (None, None, None, 16)    0         
_________________________________________________________________
batch_normalization_3 (Batch (None, None, None, 16)    64        
_________________________________________________________________
conv2d_4 (Conv2D)            (None, None, None, 32)    4640      
_________________________________________________________________
batch_normalization_4 (Batch (None, None, None, 32)    128       
_________________________________________________________________
conv2d_5 (Conv2D)            (None, None, None, 32)    9248      
_________________________________________________________________
max_pooling2d_2 (MaxPooling2 (None, None, None, 32)    0         
_________________________________________________________________
batch_normalization_5 (Batch (None, None, None, 32)    128       
_________________________________________________________________
conv2d_6 (Conv2D)            (None, None, None, 64)    18496     
_________________________________________________________________
batch_normalization_6 (Batch (None, None, None, 64)    256       
_________________________________________________________________
conv2d_7 (Conv2D)            (None, None, None, 64)    36928     
_________________________________________________________________
max_pooling2d_3 (MaxPooling2 (None, None, None, 64)    0         
_________________________________________________________________
batch_normalization_7 (Batch (None, None, None, 64)    256       
_________________________________________________________________
global_average_pooling2d (Gl (None, 64)                0         
_________________________________________________________________
dense (Dense)                (None, 128)               8320      
_________________________________________________________________
dropout (Dropout)            (None, 128)               0         
_________________________________________________________________
dense_1 (Dense)              (None, 2)                 258       
=================================================================
Total params: 83,146
Trainable params: 82,666
Non-trainable params: 480
_________________________________________________________________
