2021-02-02 16:29:39.312386: I tensorflow/stream_executor/platform/default/dso_loader.cc:48] Successfully opened dynamic library libcudart.so.10.1
I0202 16:29:40.493785 140406726936384 datasets.py:14] Preparing dataset idrid...
I0202 16:29:40.494788 140406726936384 dataset_info.py:361] Load dataset info from /home/RUS_CIP/st169955/dl-lab-2020-team15/Project1-Diabetic_Retinopathy/idrid/1.0.0
I0202 16:29:40.495606 140406726936384 dataset_builder.py:299] Reusing dataset idrid (/home/RUS_CIP/st169955/dl-lab-2020-team15/Project1-Diabetic_Retinopathy/idrid/1.0.0)
I0202 16:29:40.495680 140406726936384 dataset_builder.py:510] Constructing tf.data.Dataset for split ['train[:80%]', 'train[80%:]', 'test'], from /home/RUS_CIP/st169955/dl-lab-2020-team15/Project1-Diabetic_Retinopathy/idrid/1.0.0
2021-02-02 16:29:40.497331: I tensorflow/stream_executor/platform/default/dso_loader.cc:48] Successfully opened dynamic library libcuda.so.1
2021-02-02 16:29:40.542805: I tensorflow/stream_executor/cuda/cuda_gpu_executor.cc:982] successful NUMA node read from SysFS had negative value (-1), but there must be at least one NUMA node, so returning NUMA node zero
2021-02-02 16:29:40.543567: I tensorflow/core/common_runtime/gpu/gpu_device.cc:1716] Found device 0 with properties: 
pciBusID: 0000:21:00.0 name: GeForce RTX 2080 Ti computeCapability: 7.5
coreClock: 1.545GHz coreCount: 68 deviceMemorySize: 10.76GiB deviceMemoryBandwidth: 573.69GiB/s
2021-02-02 16:29:40.543582: I tensorflow/stream_executor/platform/default/dso_loader.cc:48] Successfully opened dynamic library libcudart.so.10.1
2021-02-02 16:29:40.544697: I tensorflow/stream_executor/platform/default/dso_loader.cc:48] Successfully opened dynamic library libcublas.so.10
2021-02-02 16:29:40.545859: I tensorflow/stream_executor/platform/default/dso_loader.cc:48] Successfully opened dynamic library libcufft.so.10
2021-02-02 16:29:40.546010: I tensorflow/stream_executor/platform/default/dso_loader.cc:48] Successfully opened dynamic library libcurand.so.10
2021-02-02 16:29:40.547085: I tensorflow/stream_executor/platform/default/dso_loader.cc:48] Successfully opened dynamic library libcusolver.so.10
2021-02-02 16:29:40.547650: I tensorflow/stream_executor/platform/default/dso_loader.cc:48] Successfully opened dynamic library libcusparse.so.10
2021-02-02 16:29:40.550088: I tensorflow/stream_executor/platform/default/dso_loader.cc:48] Successfully opened dynamic library libcudnn.so.7
2021-02-02 16:29:40.550194: I tensorflow/stream_executor/cuda/cuda_gpu_executor.cc:982] successful NUMA node read from SysFS had negative value (-1), but there must be at least one NUMA node, so returning NUMA node zero
2021-02-02 16:29:40.550978: I tensorflow/stream_executor/cuda/cuda_gpu_executor.cc:982] successful NUMA node read from SysFS had negative value (-1), but there must be at least one NUMA node, so returning NUMA node zero
2021-02-02 16:29:40.551661: I tensorflow/core/common_runtime/gpu/gpu_device.cc:1858] Adding visible gpu devices: 0
2021-02-02 16:29:40.551962: I tensorflow/core/platform/cpu_feature_guard.cc:142] This TensorFlow binary is optimized with oneAPI Deep Neural Network Library (oneDNN)to use the following CPU instructions in performance-critical operations:  AVX2 FMA
To enable them in other operations, rebuild TensorFlow with the appropriate compiler flags.
2021-02-02 16:29:40.556935: I tensorflow/core/platform/profile_utils/cpu_utils.cc:104] CPU Frequency: 3800025000 Hz
2021-02-02 16:29:40.557233: I tensorflow/compiler/xla/service/service.cc:168] XLA service 0x5379060 initialized for platform Host (this does not guarantee that XLA will be used). Devices:
2021-02-02 16:29:40.557247: I tensorflow/compiler/xla/service/service.cc:176]   StreamExecutor device (0): Host, Default Version
2021-02-02 16:29:40.637606: I tensorflow/stream_executor/cuda/cuda_gpu_executor.cc:982] successful NUMA node read from SysFS had negative value (-1), but there must be at least one NUMA node, so returning NUMA node zero
2021-02-02 16:29:40.638382: I tensorflow/compiler/xla/service/service.cc:168] XLA service 0x5373570 initialized for platform CUDA (this does not guarantee that XLA will be used). Devices:
2021-02-02 16:29:40.638402: I tensorflow/compiler/xla/service/service.cc:176]   StreamExecutor device (0): GeForce RTX 2080 Ti, Compute Capability 7.5
2021-02-02 16:29:40.638522: I tensorflow/stream_executor/cuda/cuda_gpu_executor.cc:982] successful NUMA node read from SysFS had negative value (-1), but there must be at least one NUMA node, so returning NUMA node zero
2021-02-02 16:29:40.639195: I tensorflow/core/common_runtime/gpu/gpu_device.cc:1716] Found device 0 with properties: 
pciBusID: 0000:21:00.0 name: GeForce RTX 2080 Ti computeCapability: 7.5
coreClock: 1.545GHz coreCount: 68 deviceMemorySize: 10.76GiB deviceMemoryBandwidth: 573.69GiB/s
2021-02-02 16:29:40.639216: I tensorflow/stream_executor/platform/default/dso_loader.cc:48] Successfully opened dynamic library libcudart.so.10.1
2021-02-02 16:29:40.639240: I tensorflow/stream_executor/platform/default/dso_loader.cc:48] Successfully opened dynamic library libcublas.so.10
2021-02-02 16:29:40.639248: I tensorflow/stream_executor/platform/default/dso_loader.cc:48] Successfully opened dynamic library libcufft.so.10
2021-02-02 16:29:40.639255: I tensorflow/stream_executor/platform/default/dso_loader.cc:48] Successfully opened dynamic library libcurand.so.10
2021-02-02 16:29:40.639262: I tensorflow/stream_executor/platform/default/dso_loader.cc:48] Successfully opened dynamic library libcusolver.so.10
2021-02-02 16:29:40.639268: I tensorflow/stream_executor/platform/default/dso_loader.cc:48] Successfully opened dynamic library libcusparse.so.10
2021-02-02 16:29:40.639276: I tensorflow/stream_executor/platform/default/dso_loader.cc:48] Successfully opened dynamic library libcudnn.so.7
2021-02-02 16:29:40.639309: I tensorflow/stream_executor/cuda/cuda_gpu_executor.cc:982] successful NUMA node read from SysFS had negative value (-1), but there must be at least one NUMA node, so returning NUMA node zero
2021-02-02 16:29:40.640000: I tensorflow/stream_executor/cuda/cuda_gpu_executor.cc:982] successful NUMA node read from SysFS had negative value (-1), but there must be at least one NUMA node, so returning NUMA node zero
2021-02-02 16:29:40.640656: I tensorflow/core/common_runtime/gpu/gpu_device.cc:1858] Adding visible gpu devices: 0
2021-02-02 16:29:40.640673: I tensorflow/stream_executor/platform/default/dso_loader.cc:48] Successfully opened dynamic library libcudart.so.10.1
2021-02-02 16:29:40.934809: I tensorflow/core/common_runtime/gpu/gpu_device.cc:1257] Device interconnect StreamExecutor with strength 1 edge matrix:
2021-02-02 16:29:40.934863: I tensorflow/core/common_runtime/gpu/gpu_device.cc:1263]      0 
2021-02-02 16:29:40.934870: I tensorflow/core/common_runtime/gpu/gpu_device.cc:1276] 0:   N 
2021-02-02 16:29:40.935097: I tensorflow/stream_executor/cuda/cuda_gpu_executor.cc:982] successful NUMA node read from SysFS had negative value (-1), but there must be at least one NUMA node, so returning NUMA node zero
2021-02-02 16:29:40.938702: I tensorflow/stream_executor/cuda/cuda_gpu_executor.cc:982] successful NUMA node read from SysFS had negative value (-1), but there must be at least one NUMA node, so returning NUMA node zero
2021-02-02 16:29:40.939396: I tensorflow/core/common_runtime/gpu/gpu_device.cc:1402] Created TensorFlow device (/job:localhost/replica:0/task:0/device:GPU:0 with 10074 MB memory) -> physical GPU (device: 0, name: GeForce RTX 2080 Ti, pci bus id: 0000:21:00.0, compute capability: 7.5)
WARNING:tensorflow:AutoGraph could not transform <function preprocess at 0x7fb28c8f01f0> and will run it as-is.
Please report this to the TensorFlow team. When filing the bug, set the verbosity to 10 (on Linux, `export AUTOGRAPH_VERBOSITY=10`) and attach the full output.
Cause: module 'gast' has no attribute 'Index'
To silence this warning, decorate the function with @tf.autograph.experimental.do_not_convert
W0202 16:29:44.164716 140406726936384 ag_logging.py:146] AutoGraph could not transform <function preprocess at 0x7fb28c8f01f0> and will run it as-is.
Please report this to the TensorFlow team. When filing the bug, set the verbosity to 10 (on Linux, `export AUTOGRAPH_VERBOSITY=10`) and attach the full output.
Cause: module 'gast' has no attribute 'Index'
To silence this warning, decorate the function with @tf.autograph.experimental.do_not_convert
WARNING:tensorflow:AutoGraph could not transform <function rotate at 0x7fb28c980820> and will run it as-is.
Please report this to the TensorFlow team. When filing the bug, set the verbosity to 10 (on Linux, `export AUTOGRAPH_VERBOSITY=10`) and attach the full output.
Cause: module 'gast' has no attribute 'Index'
To silence this warning, decorate the function with @tf.autograph.experimental.do_not_convert
W0202 16:29:44.343566 140406726936384 ag_logging.py:146] AutoGraph could not transform <function rotate at 0x7fb28c980820> and will run it as-is.
Please report this to the TensorFlow team. When filing the bug, set the verbosity to 10 (on Linux, `export AUTOGRAPH_VERBOSITY=10`) and attach the full output.
Cause: module 'gast' has no attribute 'Index'
To silence this warning, decorate the function with @tf.autograph.experimental.do_not_convert
I0202 16:29:49.590155 140406726936384 train.py:121] Initializing from scratch.
2021-02-02 16:29:50.608386: I tensorflow/stream_executor/platform/default/dso_loader.cc:48] Successfully opened dynamic library libcublas.so.10
2021-02-02 16:29:50.744649: I tensorflow/stream_executor/platform/default/dso_loader.cc:48] Successfully opened dynamic library libcudnn.so.7
I0202 16:29:55.725477 140406726936384 train.py:157] Epoch 1/80, Accuracy: 66.91, 
 Confusion Matrix: 
 [[140.  70.]
 [ 67. 137.]], Sensitivity: 67.63, Specificity: 66.18, 
 Test Accuracy: 67.49, 
 Test Confusion Matrix: 
 [[40. 13.]
 [12. 18.]], Test Sensitivity: 76.92, Test Specificity: 58.06,
 Eval Accuracy: 54.45, 
 Eval Confusion Matrix: 
 [[50. 27.]
 [14. 12.]], Eval Sensitivity: 78.12, Eval Specificity: 30.77
I0202 16:29:56.293894 140406726936384 train.py:157] Epoch 2/80, Accuracy: 71.01, 
 Confusion Matrix: 
 [[138.  51.]
 [ 69. 156.]], Sensitivity: 66.67, Specificity: 75.36, 
 Test Accuracy: 70.07, 
 Test Confusion Matrix: 
 [[41. 12.]
 [11. 19.]], Test Sensitivity: 78.85, Test Specificity: 61.29,
 Eval Accuracy: 57.01, 
 Eval Confusion Matrix: 
 [[50. 25.]
 [14. 14.]], Eval Sensitivity: 78.12, Eval Specificity: 35.90
I0202 16:29:56.794858 140406726936384 train.py:157] Epoch 3/80, Accuracy: 68.60, 
 Confusion Matrix: 
 [[132.  55.]
 [ 75. 152.]], Sensitivity: 63.77, Specificity: 73.43, 
 Test Accuracy: 72.98, 
 Test Confusion Matrix: 
 [[39.  9.]
 [13. 22.]], Test Sensitivity: 75.00, Test Specificity: 70.97,
 Eval Accuracy: 58.51, 
 Eval Confusion Matrix: 
 [[47. 22.]
 [17. 17.]], Eval Sensitivity: 73.44, Eval Specificity: 43.59
I0202 16:29:57.287654 140406726936384 train.py:157] Epoch 4/80, Accuracy: 69.57, 
 Confusion Matrix: 
 [[127.  46.]
 [ 80. 161.]], Sensitivity: 61.35, Specificity: 77.78, 
 Test Accuracy: 74.94, 
 Test Confusion Matrix: 
 [[36.  6.]
 [16. 25.]], Test Sensitivity: 69.23, Test Specificity: 80.65,
 Eval Accuracy: 63.36, 
 Eval Confusion Matrix: 
 [[45. 17.]
 [19. 22.]], Eval Sensitivity: 70.31, Eval Specificity: 56.41
I0202 16:29:57.774421 140406726936384 train.py:157] Epoch 5/80, Accuracy: 71.50, 
 Confusion Matrix: 
 [[134.  45.]
 [ 73. 162.]], Sensitivity: 64.73, Specificity: 78.26, 
 Test Accuracy: 73.29, 
 Test Confusion Matrix: 
 [[41. 10.]
 [11. 21.]], Test Sensitivity: 78.85, Test Specificity: 67.74,
 Eval Accuracy: 60.08, 
 Eval Confusion Matrix: 
 [[49. 22.]
 [15. 17.]], Eval Sensitivity: 76.56, Eval Specificity: 43.59
I0202 16:29:58.256120 140406726936384 train.py:157] Epoch 6/80, Accuracy: 72.22, 
 Confusion Matrix: 
 [[128.  36.]
 [ 79. 171.]], Sensitivity: 61.84, Specificity: 82.61, 
 Test Accuracy: 57.13, 
 Test Confusion Matrix: 
 [[46. 23.]
 [ 6.  8.]], Test Sensitivity: 88.46, Test Specificity: 25.81,
 Eval Accuracy: 50.44, 
 Eval Confusion Matrix: 
 [[58. 35.]
 [ 6.  4.]], Eval Sensitivity: 90.62, Eval Specificity: 10.26
I0202 16:29:58.742300 140406726936384 train.py:157] Epoch 7/80, Accuracy: 74.15, 
 Confusion Matrix: 
 [[140.  40.]
 [ 67. 167.]], Sensitivity: 67.63, Specificity: 80.68, 
 Test Accuracy: 76.89, 
 Test Confusion Matrix: 
 [[33.  3.]
 [19. 28.]], Test Sensitivity: 63.46, Test Specificity: 90.32,
 Eval Accuracy: 62.80, 
 Eval Confusion Matrix: 
 [[41. 15.]
 [23. 24.]], Eval Sensitivity: 64.06, Eval Specificity: 61.54
I0202 16:29:59.235321 140406726936384 train.py:157] Epoch 8/80, Accuracy: 71.74, 
 Confusion Matrix: 
 [[130.  40.]
 [ 77. 167.]], Sensitivity: 62.80, Specificity: 80.68, 
 Test Accuracy: 76.89, 
 Test Confusion Matrix: 
 [[33.  3.]
 [19. 28.]], Test Sensitivity: 63.46, Test Specificity: 90.32,
 Eval Accuracy: 59.68, 
 Eval Confusion Matrix: 
 [[37. 15.]
 [27. 24.]], Eval Sensitivity: 57.81, Eval Specificity: 61.54
I0202 16:29:59.731475 140406726936384 train.py:157] Epoch 9/80, Accuracy: 73.67, 
 Confusion Matrix: 
 [[138.  40.]
 [ 69. 167.]], Sensitivity: 66.67, Specificity: 80.68, 
 Test Accuracy: 76.89, 
 Test Confusion Matrix: 
 [[33.  3.]
 [19. 28.]], Test Sensitivity: 63.46, Test Specificity: 90.32,
 Eval Accuracy: 63.86, 
 Eval Confusion Matrix: 
 [[44. 16.]
 [20. 23.]], Eval Sensitivity: 68.75, Eval Specificity: 58.97
I0202 16:30:00.228488 140406726936384 train.py:157] Epoch 10/80, Accuracy: 75.85, 
 Confusion Matrix: 
 [[142.  35.]
 [ 65. 172.]], Sensitivity: 68.60, Specificity: 83.09, 
 Test Accuracy: 77.54, 
 Test Confusion Matrix: 
 [[32.  2.]
 [20. 29.]], Test Sensitivity: 61.54, Test Specificity: 93.55,
 Eval Accuracy: 62.24, 
 Eval Confusion Matrix: 
 [[37. 13.]
 [27. 26.]], Eval Sensitivity: 57.81, Eval Specificity: 66.67
I0202 16:30:00.726320 140406726936384 train.py:157] Epoch 11/80, Accuracy: 75.60, 
 Confusion Matrix: 
 [[146.  40.]
 [ 61. 167.]], Sensitivity: 70.53, Specificity: 80.68, 
 Test Accuracy: 75.90, 
 Test Confusion Matrix: 
 [[37.  6.]
 [15. 25.]], Test Sensitivity: 71.15, Test Specificity: 80.65,
 Eval Accuracy: 61.86, 
 Eval Confusion Matrix: 
 [[48. 20.]
 [16. 19.]], Eval Sensitivity: 75.00, Eval Specificity: 48.72
I0202 16:30:01.222784 140406726936384 train.py:157] Epoch 12/80, Accuracy: 75.12, 
 Confusion Matrix: 
 [[143.  39.]
 [ 64. 168.]], Sensitivity: 69.08, Specificity: 81.16, 
 Test Accuracy: 76.58, 
 Test Confusion Matrix: 
 [[31.  2.]
 [21. 29.]], Test Sensitivity: 59.62, Test Specificity: 93.55,
 Eval Accuracy: 68.93, 
 Eval Confusion Matrix: 
 [[39.  9.]
 [25. 30.]], Eval Sensitivity: 60.94, Eval Specificity: 76.92
I0202 16:30:01.722644 140406726936384 train.py:157] Epoch 13/80, Accuracy: 75.60, 
 Confusion Matrix: 
 [[144.  38.]
 [ 63. 169.]], Sensitivity: 69.57, Specificity: 81.64, 
 Test Accuracy: 50.00, 
 Test Confusion Matrix: 
 [[52. 31.]
 [ 0.  0.]], Test Sensitivity: 100.00, Test Specificity: 0.00,
 Eval Accuracy: 50.00, 
 Eval Confusion Matrix: 
 [[64. 39.]
 [ 0.  0.]], Eval Sensitivity: 100.00, Eval Specificity: 0.00
I0202 16:30:02.219332 140406726936384 train.py:157] Epoch 14/80, Accuracy: 77.05, 
 Confusion Matrix: 
 [[149.  37.]
 [ 58. 170.]], Sensitivity: 71.98, Specificity: 82.13, 
 Test Accuracy: 63.59, 
 Test Confusion Matrix: 
 [[46. 19.]
 [ 6. 12.]], Test Sensitivity: 88.46, Test Specificity: 38.71,
 Eval Accuracy: 59.92, 
 Eval Confusion Matrix: 
 [[57. 27.]
 [ 7. 12.]], Eval Sensitivity: 89.06, Eval Specificity: 30.77
I0202 16:30:02.706463 140406726936384 train.py:157] Epoch 15/80, Accuracy: 76.57, 
 Confusion Matrix: 
 [[144.  34.]
 [ 63. 173.]], Sensitivity: 69.57, Specificity: 83.57, 
 Test Accuracy: 50.00, 
 Test Confusion Matrix: 
 [[52. 31.]
 [ 0.  0.]], Test Sensitivity: 100.00, Test Specificity: 0.00,
 Eval Accuracy: 50.00, 
 Eval Confusion Matrix: 
 [[64. 39.]
 [ 0.  0.]], Eval Sensitivity: 100.00, Eval Specificity: 0.00
I0202 16:30:03.196989 140406726936384 train.py:157] Epoch 16/80, Accuracy: 79.47, 
 Confusion Matrix: 
 [[152.  30.]
 [ 55. 177.]], Sensitivity: 73.43, Specificity: 85.51, 
 Test Accuracy: 50.00, 
 Test Confusion Matrix: 
 [[52. 31.]
 [ 0.  0.]], Test Sensitivity: 100.00, Test Specificity: 0.00,
 Eval Accuracy: 50.00, 
 Eval Confusion Matrix: 
 [[64. 39.]
 [ 0.  0.]], Eval Sensitivity: 100.00, Eval Specificity: 0.00
I0202 16:30:03.689616 140406726936384 train.py:157] Epoch 17/80, Accuracy: 80.19, 
 Confusion Matrix: 
 [[147.  22.]
 [ 60. 185.]], Sensitivity: 71.01, Specificity: 89.37, 
 Test Accuracy: 72.43, 
 Test Confusion Matrix: 
 [[25.  1.]
 [27. 30.]], Test Sensitivity: 48.08, Test Specificity: 96.77,
 Eval Accuracy: 70.37, 
 Eval Confusion Matrix: 
 [[31.  3.]
 [33. 36.]], Eval Sensitivity: 48.44, Eval Specificity: 92.31
I0202 16:30:04.195275 140406726936384 train.py:157] Epoch 18/80, Accuracy: 81.64, 
 Confusion Matrix: 
 [[156.  25.]
 [ 51. 182.]], Sensitivity: 75.36, Specificity: 87.92, 
 Test Accuracy: 50.00, 
 Test Confusion Matrix: 
 [[52. 31.]
 [ 0.  0.]], Test Sensitivity: 100.00, Test Specificity: 0.00,
 Eval Accuracy: 50.00, 
 Eval Confusion Matrix: 
 [[64. 39.]
 [ 0.  0.]], Eval Sensitivity: 100.00, Eval Specificity: 0.00
I0202 16:30:04.689523 140406726936384 train.py:157] Epoch 19/80, Accuracy: 80.43, 
 Confusion Matrix: 
 [[157.  31.]
 [ 50. 176.]], Sensitivity: 75.85, Specificity: 85.02, 
 Test Accuracy: 76.52, 
 Test Confusion Matrix: 
 [[41.  8.]
 [11. 23.]], Test Sensitivity: 78.85, Test Specificity: 74.19,
 Eval Accuracy: 65.48, 
 Eval Confusion Matrix: 
 [[51. 19.]
 [13. 20.]], Eval Sensitivity: 79.69, Eval Specificity: 51.28
I0202 16:30:05.185379 140406726936384 train.py:157] Epoch 20/80, Accuracy: 80.92, 
 Confusion Matrix: 
 [[154.  26.]
 [ 53. 181.]], Sensitivity: 74.40, Specificity: 87.44, 
 Test Accuracy: 77.48, 
 Test Confusion Matrix: 
 [[42.  8.]
 [10. 23.]], Test Sensitivity: 80.77, Test Specificity: 74.19,
 Eval Accuracy: 63.20, 
 Eval Confusion Matrix: 
 [[53. 22.]
 [11. 17.]], Eval Sensitivity: 82.81, Eval Specificity: 43.59
I0202 16:30:05.676716 140406726936384 train.py:157] Epoch 21/80, Accuracy: 80.92, 
 Confusion Matrix: 
 [[153.  25.]
 [ 54. 182.]], Sensitivity: 73.91, Specificity: 87.92, 
 Test Accuracy: 77.88, 
 Test Confusion Matrix: 
 [[29.  0.]
 [23. 31.]], Test Sensitivity: 55.77, Test Specificity: 100.00,
 Eval Accuracy: 79.19, 
 Eval Confusion Matrix: 
 [[39.  1.]
 [25. 38.]], Eval Sensitivity: 60.94, Eval Specificity: 97.44
I0202 16:30:06.170073 140406726936384 train.py:157] Epoch 22/80, Accuracy: 83.82, 
 Confusion Matrix: 
 [[160.  20.]
 [ 47. 187.]], Sensitivity: 77.29, Specificity: 90.34, 
 Test Accuracy: 75.00, 
 Test Confusion Matrix: 
 [[26.  0.]
 [26. 31.]], Test Sensitivity: 50.00, Test Specificity: 100.00,
 Eval Accuracy: 72.66, 
 Eval Confusion Matrix: 
 [[29.  0.]
 [35. 39.]], Eval Sensitivity: 45.31, Eval Specificity: 100.00
I0202 16:30:06.675461 140406726936384 train.py:157] Epoch 23/80, Accuracy: 86.47, 
 Confusion Matrix: 
 [[169.  18.]
 [ 38. 189.]], Sensitivity: 81.64, Specificity: 91.30, 
 Test Accuracy: 64.42, 
 Test Confusion Matrix: 
 [[15.  0.]
 [37. 31.]], Test Sensitivity: 28.85, Test Specificity: 100.00,
 Eval Accuracy: 60.94, 
 Eval Confusion Matrix: 
 [[14.  0.]
 [50. 39.]], Eval Sensitivity: 21.88, Eval Specificity: 100.00
I0202 16:30:07.181902 140406726936384 train.py:157] Epoch 24/80, Accuracy: 85.99, 
 Confusion Matrix: 
 [[168.  19.]
 [ 39. 188.]], Sensitivity: 81.16, Specificity: 90.82, 
 Test Accuracy: 57.69, 
 Test Confusion Matrix: 
 [[ 8.  0.]
 [44. 31.]], Test Sensitivity: 15.38, Test Specificity: 100.00,
 Eval Accuracy: 57.81, 
 Eval Confusion Matrix: 
 [[10.  0.]
 [54. 39.]], Eval Sensitivity: 15.62, Eval Specificity: 100.00
I0202 16:30:07.673236 140406726936384 train.py:157] Epoch 25/80, Accuracy: 85.51, 
 Confusion Matrix: 
 [[165.  18.]
 [ 42. 189.]], Sensitivity: 79.71, Specificity: 91.30, 
 Test Accuracy: 77.88, 
 Test Confusion Matrix: 
 [[29.  0.]
 [23. 31.]], Test Sensitivity: 55.77, Test Specificity: 100.00,
 Eval Accuracy: 74.78, 
 Eval Confusion Matrix: 
 [[35.  2.]
 [29. 37.]], Eval Sensitivity: 54.69, Eval Specificity: 94.87
I0202 16:30:08.167890 140406726936384 train.py:157] Epoch 26/80, Accuracy: 86.71, 
 Confusion Matrix: 
 [[170.  18.]
 [ 37. 189.]], Sensitivity: 82.13, Specificity: 91.30, 
 Test Accuracy: 79.81, 
 Test Confusion Matrix: 
 [[31.  0.]
 [21. 31.]], Test Sensitivity: 59.62, Test Specificity: 100.00,
 Eval Accuracy: 79.69, 
 Eval Confusion Matrix: 
 [[38.  0.]
 [26. 39.]], Eval Sensitivity: 59.38, Eval Specificity: 100.00
I0202 16:30:08.664568 140406726936384 train.py:157] Epoch 27/80, Accuracy: 87.68, 
 Confusion Matrix: 
 [[172.  16.]
 [ 35. 191.]], Sensitivity: 83.09, Specificity: 92.27, 
 Test Accuracy: 81.36, 
 Test Confusion Matrix: 
 [[41.  5.]
 [11. 26.]], Test Sensitivity: 78.85, Test Specificity: 83.87,
 Eval Accuracy: 81.59, 
 Eval Confusion Matrix: 
 [[47.  4.]
 [17. 35.]], Eval Sensitivity: 73.44, Eval Specificity: 89.74
I0202 16:30:09.170727 140406726936384 train.py:157] Epoch 28/80, Accuracy: 89.61, 
 Confusion Matrix: 
 [[177.  13.]
 [ 30. 194.]], Sensitivity: 85.51, Specificity: 93.72, 
 Test Accuracy: 85.24, 
 Test Confusion Matrix: 
 [[40.  2.]
 [12. 29.]], Test Sensitivity: 76.92, Test Specificity: 93.55,
 Eval Accuracy: 80.87, 
 Eval Confusion Matrix: 
 [[51.  7.]
 [13. 32.]], Eval Sensitivity: 79.69, Eval Specificity: 82.05
I0202 16:30:09.680818 140406726936384 train.py:157] Epoch 29/80, Accuracy: 91.55, 
 Confusion Matrix: 
 [[180.   8.]
 [ 27. 199.]], Sensitivity: 86.96, Specificity: 96.14, 
 Test Accuracy: 76.46, 
 Test Confusion Matrix: 
 [[51. 14.]
 [ 1. 17.]], Test Sensitivity: 98.08, Test Specificity: 54.84,
 Eval Accuracy: 55.85, 
 Eval Confusion Matrix: 
 [[60. 32.]
 [ 4.  7.]], Eval Sensitivity: 93.75, Eval Specificity: 17.95
I0202 16:30:10.170892 140406726936384 train.py:157] Epoch 30/80, Accuracy: 91.06, 
 Confusion Matrix: 
 [[181.  11.]
 [ 26. 196.]], Sensitivity: 87.44, Specificity: 94.69, 
 Test Accuracy: 50.00, 
 Test Confusion Matrix: 
 [[52. 31.]
 [ 0.  0.]], Test Sensitivity: 100.00, Test Specificity: 0.00,
 Eval Accuracy: 50.00, 
 Eval Confusion Matrix: 
 [[64. 39.]
 [ 0.  0.]], Eval Sensitivity: 100.00, Eval Specificity: 0.00
I0202 16:30:10.666767 140406726936384 train.py:157] Epoch 31/80, Accuracy: 89.37, 
 Confusion Matrix: 
 [[177.  14.]
 [ 30. 193.]], Sensitivity: 85.51, Specificity: 93.24, 
 Test Accuracy: 76.46, 
 Test Confusion Matrix: 
 [[51. 14.]
 [ 1. 17.]], Test Sensitivity: 98.08, Test Specificity: 54.84,
 Eval Accuracy: 65.83, 
 Eval Confusion Matrix: 
 [[58. 23.]
 [ 6. 16.]], Eval Sensitivity: 90.62, Eval Specificity: 41.03
I0202 16:30:11.165221 140406726936384 train.py:157] Epoch 32/80, Accuracy: 88.89, 
 Confusion Matrix: 
 [[178.  17.]
 [ 29. 190.]], Sensitivity: 85.99, Specificity: 91.79, 
 Test Accuracy: 81.36, 
 Test Confusion Matrix: 
 [[41.  5.]
 [11. 26.]], Test Sensitivity: 78.85, Test Specificity: 83.87,
 Eval Accuracy: 73.46, 
 Eval Confusion Matrix: 
 [[53. 14.]
 [11. 25.]], Eval Sensitivity: 82.81, Eval Specificity: 64.10
I0202 16:30:11.673789 140406726936384 train.py:157] Epoch 33/80, Accuracy: 90.10, 
 Confusion Matrix: 
 [[184.  18.]
 [ 23. 189.]], Sensitivity: 88.89, Specificity: 91.30, 
 Test Accuracy: 79.16, 
 Test Confusion Matrix: 
 [[32.  1.]
 [20. 30.]], Test Sensitivity: 61.54, Test Specificity: 96.77,
 Eval Accuracy: 75.06, 
 Eval Confusion Matrix: 
 [[37.  3.]
 [27. 36.]], Eval Sensitivity: 57.81, Eval Specificity: 92.31
I0202 16:30:12.171617 140406726936384 train.py:157] Epoch 34/80, Accuracy: 92.03, 
 Confusion Matrix: 
 [[185.  11.]
 [ 22. 196.]], Sensitivity: 89.37, Specificity: 94.69, 
 Test Accuracy: 80.68, 
 Test Confusion Matrix: 
 [[47.  9.]
 [ 5. 22.]], Test Sensitivity: 90.38, Test Specificity: 70.97,
 Eval Accuracy: 78.87, 
 Eval Confusion Matrix: 
 [[55. 11.]
 [ 9. 28.]], Eval Sensitivity: 85.94, Eval Specificity: 71.79
I0202 16:30:12.667372 140406726936384 train.py:157] Epoch 35/80, Accuracy: 92.51, 
 Confusion Matrix: 
 [[186.  10.]
 [ 21. 197.]], Sensitivity: 89.86, Specificity: 95.17, 
 Test Accuracy: 83.00, 
 Test Confusion Matrix: 
 [[36.  1.]
 [16. 30.]], Test Sensitivity: 69.23, Test Specificity: 96.77,
 Eval Accuracy: 81.37, 
 Eval Confusion Matrix: 
 [[50.  6.]
 [14. 33.]], Eval Sensitivity: 78.12, Eval Specificity: 84.62
I0202 16:30:13.155874 140406726936384 train.py:157] Epoch 36/80, Accuracy: 94.93, 
 Confusion Matrix: 
 [[193.   7.]
 [ 14. 200.]], Sensitivity: 93.24, Specificity: 96.62, 
 Test Accuracy: 82.04, 
 Test Confusion Matrix: 
 [[35.  1.]
 [17. 30.]], Test Sensitivity: 67.31, Test Specificity: 96.77,
 Eval Accuracy: 81.31, 
 Eval Confusion Matrix: 
 [[45.  3.]
 [19. 36.]], Eval Sensitivity: 70.31, Eval Specificity: 92.31
I0202 16:30:13.646418 140406726936384 train.py:157] Epoch 37/80, Accuracy: 91.55, 
 Confusion Matrix: 
 [[187.  15.]
 [ 20. 192.]], Sensitivity: 90.34, Specificity: 92.75, 
 Test Accuracy: 82.04, 
 Test Confusion Matrix: 
 [[35.  1.]
 [17. 30.]], Test Sensitivity: 67.31, Test Specificity: 96.77,
 Eval Accuracy: 62.18, 
 Eval Confusion Matrix: 
 [[32. 10.]
 [32. 29.]], Eval Sensitivity: 50.00, Eval Specificity: 74.36
I0202 16:30:14.139634 140406726936384 train.py:157] Epoch 38/80, Accuracy: 93.96, 
 Confusion Matrix: 
 [[190.   8.]
 [ 17. 199.]], Sensitivity: 91.79, Specificity: 96.14, 
 Test Accuracy: 77.88, 
 Test Confusion Matrix: 
 [[29.  0.]
 [23. 31.]], Test Sensitivity: 55.77, Test Specificity: 100.00,
 Eval Accuracy: 75.00, 
 Eval Confusion Matrix: 
 [[32.  0.]
 [32. 39.]], Eval Sensitivity: 50.00, Eval Specificity: 100.00
I0202 16:30:14.632575 140406726936384 train.py:157] Epoch 39/80, Accuracy: 94.20, 
 Confusion Matrix: 
 [[193.  10.]
 [ 14. 197.]], Sensitivity: 93.24, Specificity: 95.17, 
 Test Accuracy: 79.44, 
 Test Confusion Matrix: 
 [[39.  5.]
 [13. 26.]], Test Sensitivity: 75.00, Test Specificity: 83.87,
 Eval Accuracy: 68.83, 
 Eval Confusion Matrix: 
 [[52. 17.]
 [12. 22.]], Eval Sensitivity: 81.25, Eval Specificity: 56.41
I0202 16:30:15.126656 140406726936384 train.py:157] Epoch 40/80, Accuracy: 94.20, 
 Confusion Matrix: 
 [[191.   8.]
 [ 16. 199.]], Sensitivity: 92.27, Specificity: 96.14, 
 Test Accuracy: 64.42, 
 Test Confusion Matrix: 
 [[15.  0.]
 [37. 31.]], Test Sensitivity: 28.85, Test Specificity: 100.00,
 Eval Accuracy: 67.19, 
 Eval Confusion Matrix: 
 [[22.  0.]
 [42. 39.]], Eval Sensitivity: 34.38, Eval Specificity: 100.00
I0202 16:30:15.614825 140406726936384 train.py:157] Epoch 41/80, Accuracy: 93.00, 
 Confusion Matrix: 
 [[186.   8.]
 [ 21. 199.]], Sensitivity: 89.86, Specificity: 96.14, 
 Test Accuracy: 86.85, 
 Test Confusion Matrix: 
 [[40.  1.]
 [12. 30.]], Test Sensitivity: 76.92, Test Specificity: 96.77,
 Eval Accuracy: 84.66, 
 Eval Confusion Matrix: 
 [[46.  1.]
 [18. 38.]], Eval Sensitivity: 71.88, Eval Specificity: 97.44
I0202 16:30:16.110804 140406726936384 train.py:157] Epoch 42/80, Accuracy: 93.00, 
 Confusion Matrix: 
 [[190.  12.]
 [ 17. 195.]], Sensitivity: 91.79, Specificity: 94.20, 
 Test Accuracy: 80.02, 
 Test Confusion Matrix: 
 [[48. 10.]
 [ 4. 21.]], Test Sensitivity: 92.31, Test Specificity: 67.74,
 Eval Accuracy: 72.24, 
 Eval Confusion Matrix: 
 [[58. 18.]
 [ 6. 21.]], Eval Sensitivity: 90.62, Eval Specificity: 53.85
I0202 16:30:16.594889 140406726936384 train.py:157] Epoch 43/80, Accuracy: 96.62, 
 Confusion Matrix: 
 [[196.   3.]
 [ 11. 204.]], Sensitivity: 94.69, Specificity: 98.55, 
 Test Accuracy: 78.50, 
 Test Confusion Matrix: 
 [[33.  2.]
 [19. 29.]], Test Sensitivity: 63.46, Test Specificity: 93.55,
 Eval Accuracy: 78.19, 
 Eval Confusion Matrix: 
 [[41.  3.]
 [23. 36.]], Eval Sensitivity: 64.06, Eval Specificity: 92.31
I0202 16:30:17.086681 140406726936384 train.py:157] Epoch 44/80, Accuracy: 94.93, 
 Confusion Matrix: 
 [[194.   8.]
 [ 13. 199.]], Sensitivity: 93.72, Specificity: 96.14, 
 Test Accuracy: 74.26, 
 Test Confusion Matrix: 
 [[42. 10.]
 [10. 21.]], Test Sensitivity: 80.77, Test Specificity: 67.74,
 Eval Accuracy: 60.14, 
 Eval Confusion Matrix: 
 [[54. 25.]
 [10. 14.]], Eval Sensitivity: 84.38, Eval Specificity: 35.90
I0202 16:30:17.586564 140406726936384 train.py:157] Epoch 45/80, Accuracy: 97.10, 
 Confusion Matrix: 
 [[200.   5.]
 [  7. 202.]], Sensitivity: 96.62, Specificity: 97.58, 
 Test Accuracy: 80.12, 
 Test Confusion Matrix: 
 [[33.  1.]
 [19. 30.]], Test Sensitivity: 63.46, Test Specificity: 96.77,
 Eval Accuracy: 78.91, 
 Eval Confusion Matrix: 
 [[37.  0.]
 [27. 39.]], Eval Sensitivity: 57.81, Eval Specificity: 100.00
I0202 16:30:18.079632 140406726936384 train.py:157] Epoch 46/80, Accuracy: 97.58, 
 Confusion Matrix: 
 [[203.   6.]
 [  4. 201.]], Sensitivity: 98.07, Specificity: 97.10, 
 Test Accuracy: 83.00, 
 Test Confusion Matrix: 
 [[36.  1.]
 [16. 30.]], Test Sensitivity: 69.23, Test Specificity: 96.77,
 Eval Accuracy: 82.03, 
 Eval Confusion Matrix: 
 [[41.  0.]
 [23. 39.]], Eval Sensitivity: 64.06, Eval Specificity: 100.00
I0202 16:30:18.580662 140406726936384 train.py:157] Epoch 47/80, Accuracy: 96.38, 
 Confusion Matrix: 
 [[198.   6.]
 [  9. 201.]], Sensitivity: 95.65, Specificity: 97.10, 
 Test Accuracy: 69.82, 
 Test Confusion Matrix: 
 [[29.  5.]
 [23. 26.]], Test Sensitivity: 55.77, Test Specificity: 83.87,
 Eval Accuracy: 62.02, 
 Eval Confusion Matrix: 
 [[40. 15.]
 [24. 24.]], Eval Sensitivity: 62.50, Eval Specificity: 61.54
I0202 16:30:19.074605 140406726936384 train.py:157] Epoch 48/80, Accuracy: 92.51, 
 Confusion Matrix: 
 [[191.  15.]
 [ 16. 192.]], Sensitivity: 92.27, Specificity: 92.75, 
 Test Accuracy: 77.23, 
 Test Confusion Matrix: 
 [[30.  1.]
 [22. 30.]], Test Sensitivity: 57.69, Test Specificity: 96.77,
 Eval Accuracy: 74.22, 
 Eval Confusion Matrix: 
 [[31.  0.]
 [33. 39.]], Eval Sensitivity: 48.44, Eval Specificity: 100.00
I0202 16:30:19.567988 140406726936384 train.py:157] Epoch 49/80, Accuracy: 94.69, 
 Confusion Matrix: 
 [[192.   7.]
 [ 15. 200.]], Sensitivity: 92.75, Specificity: 96.62, 
 Test Accuracy: 80.77, 
 Test Confusion Matrix: 
 [[32.  0.]
 [20. 31.]], Test Sensitivity: 61.54, Test Specificity: 100.00,
 Eval Accuracy: 79.19, 
 Eval Confusion Matrix: 
 [[39.  1.]
 [25. 38.]], Eval Sensitivity: 60.94, Eval Specificity: 97.44
I0202 16:30:20.076783 140406726936384 train.py:157] Epoch 50/80, Accuracy: 98.31, 
 Confusion Matrix: 
 [[203.   3.]
 [  4. 204.]], Sensitivity: 98.07, Specificity: 98.55, 
 Test Accuracy: 72.12, 
 Test Confusion Matrix: 
 [[23.  0.]
 [29. 31.]], Test Sensitivity: 44.23, Test Specificity: 100.00,
 Eval Accuracy: 66.41, 
 Eval Confusion Matrix: 
 [[21.  0.]
 [43. 39.]], Eval Sensitivity: 32.81, Eval Specificity: 100.00
I0202 16:30:20.581038 140406726936384 train.py:157] Epoch 51/80, Accuracy: 96.62, 
 Confusion Matrix: 
 [[198.   5.]
 [  9. 202.]], Sensitivity: 95.65, Specificity: 97.58, 
 Test Accuracy: 72.12, 
 Test Confusion Matrix: 
 [[23.  0.]
 [29. 31.]], Test Sensitivity: 44.23, Test Specificity: 100.00,
 Eval Accuracy: 69.53, 
 Eval Confusion Matrix: 
 [[25.  0.]
 [39. 39.]], Eval Sensitivity: 39.06, Eval Specificity: 100.00
I0202 16:30:21.087030 140406726936384 train.py:157] Epoch 52/80, Accuracy: 98.55, 
 Confusion Matrix: 
 [[202.   1.]
 [  5. 206.]], Sensitivity: 97.58, Specificity: 99.52, 
 Test Accuracy: 71.15, 
 Test Confusion Matrix: 
 [[22.  0.]
 [30. 31.]], Test Sensitivity: 42.31, Test Specificity: 100.00,
 Eval Accuracy: 70.31, 
 Eval Confusion Matrix: 
 [[26.  0.]
 [38. 39.]], Eval Sensitivity: 40.62, Eval Specificity: 100.00
I0202 16:30:21.594698 140406726936384 train.py:157] Epoch 53/80, Accuracy: 98.31, 
 Confusion Matrix: 
 [[203.   3.]
 [  4. 204.]], Sensitivity: 98.07, Specificity: 98.55, 
 Test Accuracy: 74.35, 
 Test Confusion Matrix: 
 [[27.  1.]
 [25. 30.]], Test Sensitivity: 51.92, Test Specificity: 96.77,
 Eval Accuracy: 73.44, 
 Eval Confusion Matrix: 
 [[30.  0.]
 [34. 39.]], Eval Sensitivity: 46.88, Eval Specificity: 100.00
I0202 16:30:22.097773 140406726936384 train.py:157] Epoch 54/80, Accuracy: 98.07, 
 Confusion Matrix: 
 [[204.   5.]
 [  3. 202.]], Sensitivity: 98.55, Specificity: 97.58, 
 Test Accuracy: 76.15, 
 Test Confusion Matrix: 
 [[49. 13.]
 [ 3. 18.]], Test Sensitivity: 94.23, Test Specificity: 58.06,
 Eval Accuracy: 62.48, 
 Eval Confusion Matrix: 
 [[57. 25.]
 [ 7. 14.]], Eval Sensitivity: 89.06, Eval Specificity: 35.90
I0202 16:30:22.609215 140406726936384 train.py:157] Epoch 55/80, Accuracy: 98.07, 
 Confusion Matrix: 
 [[202.   3.]
 [  5. 204.]], Sensitivity: 97.58, Specificity: 98.55, 
 Test Accuracy: 81.67, 
 Test Confusion Matrix: 
 [[43.  6.]
 [ 9. 25.]], Test Sensitivity: 82.69, Test Specificity: 80.65,
 Eval Accuracy: 79.25, 
 Eval Confusion Matrix: 
 [[44.  4.]
 [20. 35.]], Eval Sensitivity: 68.75, Eval Specificity: 89.74
I0202 16:30:23.106837 140406726936384 train.py:157] Epoch 56/80, Accuracy: 97.10, 
 Confusion Matrix: 
 [[200.   5.]
 [  7. 202.]], Sensitivity: 96.62, Specificity: 97.58, 
 Test Accuracy: 75.00, 
 Test Confusion Matrix: 
 [[26.  0.]
 [26. 31.]], Test Sensitivity: 50.00, Test Specificity: 100.00,
 Eval Accuracy: 69.53, 
 Eval Confusion Matrix: 
 [[25.  0.]
 [39. 39.]], Eval Sensitivity: 39.06, Eval Specificity: 100.00
I0202 16:30:23.604737 140406726936384 train.py:157] Epoch 57/80, Accuracy: 99.52, 
 Confusion Matrix: 
 [[206.   1.]
 [  1. 206.]], Sensitivity: 99.52, Specificity: 99.52, 
 Test Accuracy: 74.66, 
 Test Confusion Matrix: 
 [[29.  2.]
 [23. 29.]], Test Sensitivity: 55.77, Test Specificity: 93.55,
 Eval Accuracy: 75.78, 
 Eval Confusion Matrix: 
 [[33.  0.]
 [31. 39.]], Eval Sensitivity: 51.56, Eval Specificity: 100.00
I0202 16:30:24.117542 140406726936384 train.py:157] Epoch 58/80, Accuracy: 99.52, 
 Confusion Matrix: 
 [[205.   0.]
 [  2. 207.]], Sensitivity: 99.03, Specificity: 100.00, 
 Test Accuracy: 82.01, 
 Test Confusion Matrix: 
 [[40.  4.]
 [12. 27.]], Test Sensitivity: 76.92, Test Specificity: 87.10,
 Eval Accuracy: 81.37, 
 Eval Confusion Matrix: 
 [[50.  6.]
 [14. 33.]], Eval Sensitivity: 78.12, Eval Specificity: 84.62
I0202 16:30:24.613877 140406726936384 train.py:157] Epoch 59/80, Accuracy: 100.00, 
 Confusion Matrix: 
 [[207.   0.]
 [  0. 207.]], Sensitivity: 100.00, Specificity: 100.00, 
 Test Accuracy: 81.70, 
 Test Confusion Matrix: 
 [[38.  3.]
 [14. 28.]], Test Sensitivity: 73.08, Test Specificity: 90.32,
 Eval Accuracy: 84.94, 
 Eval Confusion Matrix: 
 [[48.  2.]
 [16. 37.]], Eval Sensitivity: 75.00, Eval Specificity: 94.87
I0202 16:30:25.105901 140406726936384 train.py:157] Epoch 60/80, Accuracy: 100.00, 
 Confusion Matrix: 
 [[207.   0.]
 [  0. 207.]], Sensitivity: 100.00, Specificity: 100.00, 
 Test Accuracy: 79.78, 
 Test Confusion Matrix: 
 [[36.  3.]
 [16. 28.]], Test Sensitivity: 69.23, Test Specificity: 90.32,
 Eval Accuracy: 83.65, 
 Eval Confusion Matrix: 
 [[48.  3.]
 [16. 36.]], Eval Sensitivity: 75.00, Eval Specificity: 92.31
I0202 16:30:25.605242 140406726936384 train.py:157] Epoch 61/80, Accuracy: 100.00, 
 Confusion Matrix: 
 [[207.   0.]
 [  0. 207.]], Sensitivity: 100.00, Specificity: 100.00, 
 Test Accuracy: 80.12, 
 Test Confusion Matrix: 
 [[33.  1.]
 [19. 30.]], Test Sensitivity: 63.46, Test Specificity: 96.77,
 Eval Accuracy: 82.59, 
 Eval Confusion Matrix: 
 [[45.  2.]
 [19. 37.]], Eval Sensitivity: 70.31, Eval Specificity: 94.87
I0202 16:30:26.111026 140406726936384 train.py:157] Epoch 62/80, Accuracy: 100.00, 
 Confusion Matrix: 
 [[207.   0.]
 [  0. 207.]], Sensitivity: 100.00, Specificity: 100.00, 
 Test Accuracy: 78.19, 
 Test Confusion Matrix: 
 [[31.  1.]
 [21. 30.]], Test Sensitivity: 59.62, Test Specificity: 96.77,
 Eval Accuracy: 81.81, 
 Eval Confusion Matrix: 
 [[44.  2.]
 [20. 37.]], Eval Sensitivity: 68.75, Eval Specificity: 94.87
I0202 16:30:26.602681 140406726936384 train.py:157] Epoch 63/80, Accuracy: 100.00, 
 Confusion Matrix: 
 [[207.   0.]
 [  0. 207.]], Sensitivity: 100.00, Specificity: 100.00, 
 Test Accuracy: 75.31, 
 Test Confusion Matrix: 
 [[28.  1.]
 [24. 30.]], Test Sensitivity: 53.85, Test Specificity: 96.77,
 Eval Accuracy: 79.19, 
 Eval Confusion Matrix: 
 [[39.  1.]
 [25. 38.]], Eval Sensitivity: 60.94, Eval Specificity: 97.44
I0202 16:30:27.116712 140406726936384 train.py:157] Epoch 64/80, Accuracy: 100.00, 
 Confusion Matrix: 
 [[207.   0.]
 [  0. 207.]], Sensitivity: 100.00, Specificity: 100.00, 
 Test Accuracy: 77.23, 
 Test Confusion Matrix: 
 [[30.  1.]
 [22. 30.]], Test Sensitivity: 57.69, Test Specificity: 96.77,
 Eval Accuracy: 78.69, 
 Eval Confusion Matrix: 
 [[40.  2.]
 [24. 37.]], Eval Sensitivity: 62.50, Eval Specificity: 94.87
I0202 16:30:27.619415 140406726936384 train.py:157] Epoch 65/80, Accuracy: 97.34, 
 Confusion Matrix: 
 [[200.   4.]
 [  7. 203.]], Sensitivity: 96.62, Specificity: 98.07, 
 Test Accuracy: 51.61, 
 Test Confusion Matrix: 
 [[52. 30.]
 [ 0.  1.]], Test Sensitivity: 100.00, Test Specificity: 3.23,
 Eval Accuracy: 51.28, 
 Eval Confusion Matrix: 
 [[64. 38.]
 [ 0.  1.]], Eval Sensitivity: 100.00, Eval Specificity: 2.56
I0202 16:30:28.121355 140406726936384 train.py:157] Epoch 66/80, Accuracy: 93.96, 
 Confusion Matrix: 
 [[197.  15.]
 [ 10. 192.]], Sensitivity: 95.17, Specificity: 92.75, 
 Test Accuracy: 83.31, 
 Test Confusion Matrix: 
 [[38.  2.]
 [14. 29.]], Test Sensitivity: 73.08, Test Specificity: 93.55,
 Eval Accuracy: 81.59, 
 Eval Confusion Matrix: 
 [[47.  4.]
 [17. 35.]], Eval Sensitivity: 73.44, Eval Specificity: 89.74
I0202 16:30:28.630188 140406726936384 train.py:157] Epoch 67/80, Accuracy: 99.28, 
 Confusion Matrix: 
 [[205.   1.]
 [  2. 206.]], Sensitivity: 99.03, Specificity: 99.52, 
 Test Accuracy: 79.16, 
 Test Confusion Matrix: 
 [[32.  1.]
 [20. 30.]], Test Sensitivity: 61.54, Test Specificity: 96.77,
 Eval Accuracy: 79.97, 
 Eval Confusion Matrix: 
 [[40.  1.]
 [24. 38.]], Eval Sensitivity: 62.50, Eval Specificity: 97.44
I0202 16:30:29.134967 140406726936384 train.py:157] Epoch 68/80, Accuracy: 99.03, 
 Confusion Matrix: 
 [[204.   1.]
 [  3. 206.]], Sensitivity: 98.55, Specificity: 99.52, 
 Test Accuracy: 75.93, 
 Test Confusion Matrix: 
 [[32.  3.]
 [20. 28.]], Test Sensitivity: 61.54, Test Specificity: 90.32,
 Eval Accuracy: 76.96, 
 Eval Confusion Matrix: 
 [[46.  7.]
 [18. 32.]], Eval Sensitivity: 71.88, Eval Specificity: 82.05
I0202 16:30:29.639845 140406726936384 train.py:157] Epoch 69/80, Accuracy: 99.52, 
 Confusion Matrix: 
 [[206.   1.]
 [  1. 206.]], Sensitivity: 99.52, Specificity: 99.52, 
 Test Accuracy: 80.74, 
 Test Confusion Matrix: 
 [[37.  3.]
 [15. 28.]], Test Sensitivity: 71.15, Test Specificity: 90.32,
 Eval Accuracy: 78.75, 
 Eval Confusion Matrix: 
 [[45.  5.]
 [19. 34.]], Eval Sensitivity: 70.31, Eval Specificity: 87.18
I0202 16:30:30.136348 140406726936384 train.py:157] Epoch 70/80, Accuracy: 99.52, 
 Confusion Matrix: 
 [[206.   1.]
 [  1. 206.]], Sensitivity: 99.52, Specificity: 99.52, 
 Test Accuracy: 79.06, 
 Test Confusion Matrix: 
 [[47. 10.]
 [ 5. 21.]], Test Sensitivity: 90.38, Test Specificity: 67.74,
 Eval Accuracy: 75.52, 
 Eval Confusion Matrix: 
 [[54. 13.]
 [10. 26.]], Eval Sensitivity: 84.38, Eval Specificity: 66.67
I0202 16:30:30.625895 140406726936384 train.py:157] Epoch 71/80, Accuracy: 99.76, 
 Confusion Matrix: 
 [[206.   0.]
 [  1. 207.]], Sensitivity: 99.52, Specificity: 100.00, 
 Test Accuracy: 80.12, 
 Test Confusion Matrix: 
 [[33.  1.]
 [19. 30.]], Test Sensitivity: 63.46, Test Specificity: 96.77,
 Eval Accuracy: 80.25, 
 Eval Confusion Matrix: 
 [[42.  2.]
 [22. 37.]], Eval Sensitivity: 65.62, Eval Specificity: 94.87
I0202 16:30:31.120905 140406726936384 train.py:157] Epoch 72/80, Accuracy: 99.03, 
 Confusion Matrix: 
 [[204.   1.]
 [  3. 206.]], Sensitivity: 98.55, Specificity: 99.52, 
 Test Accuracy: 78.19, 
 Test Confusion Matrix: 
 [[31.  1.]
 [21. 30.]], Test Sensitivity: 59.62, Test Specificity: 96.77,
 Eval Accuracy: 80.47, 
 Eval Confusion Matrix: 
 [[39.  0.]
 [25. 39.]], Eval Sensitivity: 60.94, Eval Specificity: 100.00
I0202 16:30:31.630433 140406726936384 train.py:157] Epoch 73/80, Accuracy: 99.76, 
 Confusion Matrix: 
 [[207.   1.]
 [  0. 206.]], Sensitivity: 100.00, Specificity: 99.52, 
 Test Accuracy: 74.35, 
 Test Confusion Matrix: 
 [[27.  1.]
 [25. 30.]], Test Sensitivity: 51.92, Test Specificity: 96.77,
 Eval Accuracy: 72.94, 
 Eval Confusion Matrix: 
 [[31.  1.]
 [33. 38.]], Eval Sensitivity: 48.44, Eval Specificity: 97.44
I0202 16:30:32.129348 140406726936384 train.py:157] Epoch 74/80, Accuracy: 100.00, 
 Confusion Matrix: 
 [[207.   0.]
 [  0. 207.]], Sensitivity: 100.00, Specificity: 100.00, 
 Test Accuracy: 81.08, 
 Test Confusion Matrix: 
 [[34.  1.]
 [18. 30.]], Test Sensitivity: 65.38, Test Specificity: 96.77,
 Eval Accuracy: 81.81, 
 Eval Confusion Matrix: 
 [[44.  2.]
 [20. 37.]], Eval Sensitivity: 68.75, Eval Specificity: 94.87
I0202 16:30:32.632996 140406726936384 train.py:157] Epoch 75/80, Accuracy: 100.00, 
 Confusion Matrix: 
 [[207.   0.]
 [  0. 207.]], Sensitivity: 100.00, Specificity: 100.00, 
 Test Accuracy: 79.47, 
 Test Confusion Matrix: 
 [[34.  2.]
 [18. 29.]], Test Sensitivity: 65.38, Test Specificity: 93.55,
 Eval Accuracy: 82.87, 
 Eval Confusion Matrix: 
 [[47.  3.]
 [17. 36.]], Eval Sensitivity: 73.44, Eval Specificity: 92.31
I0202 16:30:33.131525 140406726936384 train.py:157] Epoch 76/80, Accuracy: 100.00, 
 Confusion Matrix: 
 [[207.   0.]
 [  0. 207.]], Sensitivity: 100.00, Specificity: 100.00, 
 Test Accuracy: 84.27, 
 Test Confusion Matrix: 
 [[39.  2.]
 [13. 29.]], Test Sensitivity: 75.00, Test Specificity: 93.55,
 Eval Accuracy: 79.81, 
 Eval Confusion Matrix: 
 [[48.  6.]
 [16. 33.]], Eval Sensitivity: 75.00, Eval Specificity: 84.62
I0202 16:30:33.624254 140406726936384 train.py:157] Epoch 77/80, Accuracy: 100.00, 
 Confusion Matrix: 
 [[207.   0.]
 [  0. 207.]], Sensitivity: 100.00, Specificity: 100.00, 
 Test Accuracy: 84.27, 
 Test Confusion Matrix: 
 [[39.  2.]
 [13. 29.]], Test Sensitivity: 75.00, Test Specificity: 93.55,
 Eval Accuracy: 79.31, 
 Eval Confusion Matrix: 
 [[49.  7.]
 [15. 32.]], Eval Sensitivity: 76.56, Eval Specificity: 82.05
I0202 16:30:34.119050 140406726936384 train.py:157] Epoch 78/80, Accuracy: 100.00, 
 Confusion Matrix: 
 [[207.   0.]
 [  0. 207.]], Sensitivity: 100.00, Specificity: 100.00, 
 Test Accuracy: 83.31, 
 Test Confusion Matrix: 
 [[38.  2.]
 [14. 29.]], Test Sensitivity: 73.08, Test Specificity: 93.55,
 Eval Accuracy: 80.87, 
 Eval Confusion Matrix: 
 [[51.  7.]
 [13. 32.]], Eval Sensitivity: 79.69, Eval Specificity: 82.05
I0202 16:30:34.617455 140406726936384 train.py:157] Epoch 79/80, Accuracy: 100.00, 
 Confusion Matrix: 
 [[207.   0.]
 [  0. 207.]], Sensitivity: 100.00, Specificity: 100.00, 
 Test Accuracy: 83.31, 
 Test Confusion Matrix: 
 [[38.  2.]
 [14. 29.]], Test Sensitivity: 73.08, Test Specificity: 93.55,
 Eval Accuracy: 81.37, 
 Eval Confusion Matrix: 
 [[50.  6.]
 [14. 33.]], Eval Sensitivity: 78.12, Eval Specificity: 84.62
I0202 16:30:34.652645 140406726936384 train.py:226] Finished training after 2054 steps and 80 epochs.
Model: "vgg_like"
_________________________________________________________________
Layer (type)                 Output Shape              Param #   
=================================================================
input_1 (InputLayer)         [(None, None, None, 3)]   0         
_________________________________________________________________
conv2d (Conv2D)              (None, None, None, 8)     224       
_________________________________________________________________
batch_normalization (BatchNo (None, None, None, 8)     32        
_________________________________________________________________
conv2d_1 (Conv2D)            (None, None, None, 8)     584       
_________________________________________________________________
max_pooling2d (MaxPooling2D) (None, None, None, 8)     0         
_________________________________________________________________
batch_normalization_1 (Batch (None, None, None, 8)     32        
_________________________________________________________________
conv2d_2 (Conv2D)            (None, None, None, 16)    1168      
_________________________________________________________________
batch_normalization_2 (Batch (None, None, None, 16)    64        
_________________________________________________________________
conv2d_3 (Conv2D)            (None, None, None, 16)    2320      
_________________________________________________________________
max_pooling2d_1 (MaxPooling2 (None, None, None, 16)    0         
_________________________________________________________________
batch_normalization_3 (Batch (None, None, None, 16)    64        
_________________________________________________________________
conv2d_4 (Conv2D)            (None, None, None, 32)    4640      
_________________________________________________________________
batch_normalization_4 (Batch (None, None, None, 32)    128       
_________________________________________________________________
conv2d_5 (Conv2D)            (None, None, None, 32)    9248      
_________________________________________________________________
max_pooling2d_2 (MaxPooling2 (None, None, None, 32)    0         
_________________________________________________________________
batch_normalization_5 (Batch (None, None, None, 32)    128       
_________________________________________________________________
conv2d_6 (Conv2D)            (None, None, None, 64)    18496     
_________________________________________________________________
batch_normalization_6 (Batch (None, None, None, 64)    256       
_________________________________________________________________
conv2d_7 (Conv2D)            (None, None, None, 64)    36928     
_________________________________________________________________
max_pooling2d_3 (MaxPooling2 (None, None, None, 64)    0         
_________________________________________________________________
batch_normalization_7 (Batch (None, None, None, 64)    256       
_________________________________________________________________
global_average_pooling2d (Gl (None, 64)                0         
_________________________________________________________________
dense (Dense)                (None, 128)               8320      
_________________________________________________________________
dropout (Dropout)            (None, 128)               0         
_________________________________________________________________
dense_1 (Dense)              (None, 2)                 258       
=================================================================
Total params: 83,146
Trainable params: 82,666
Non-trainable params: 480
_________________________________________________________________
