2021-02-02 16:23:00.743093: I tensorflow/stream_executor/platform/default/dso_loader.cc:48] Successfully opened dynamic library libcudart.so.10.1
I0202 16:23:01.869782 140551071754048 datasets.py:14] Preparing dataset idrid...
I0202 16:23:01.870558 140551071754048 dataset_info.py:361] Load dataset info from /home/RUS_CIP/st169955/dl-lab-2020-team15/Project1-Diabetic_Retinopathy/idrid/1.0.0
I0202 16:23:01.871158 140551071754048 dataset_builder.py:299] Reusing dataset idrid (/home/RUS_CIP/st169955/dl-lab-2020-team15/Project1-Diabetic_Retinopathy/idrid/1.0.0)
I0202 16:23:01.871207 140551071754048 dataset_builder.py:510] Constructing tf.data.Dataset for split ['train[:80%]', 'train[80%:]', 'test'], from /home/RUS_CIP/st169955/dl-lab-2020-team15/Project1-Diabetic_Retinopathy/idrid/1.0.0
2021-02-02 16:23:01.872505: I tensorflow/stream_executor/platform/default/dso_loader.cc:48] Successfully opened dynamic library libcuda.so.1
2021-02-02 16:23:01.914281: I tensorflow/stream_executor/cuda/cuda_gpu_executor.cc:982] successful NUMA node read from SysFS had negative value (-1), but there must be at least one NUMA node, so returning NUMA node zero
2021-02-02 16:23:01.915039: I tensorflow/core/common_runtime/gpu/gpu_device.cc:1716] Found device 0 with properties: 
pciBusID: 0000:21:00.0 name: GeForce RTX 2080 Ti computeCapability: 7.5
coreClock: 1.545GHz coreCount: 68 deviceMemorySize: 10.76GiB deviceMemoryBandwidth: 573.69GiB/s
2021-02-02 16:23:01.915055: I tensorflow/stream_executor/platform/default/dso_loader.cc:48] Successfully opened dynamic library libcudart.so.10.1
2021-02-02 16:23:01.916165: I tensorflow/stream_executor/platform/default/dso_loader.cc:48] Successfully opened dynamic library libcublas.so.10
2021-02-02 16:23:01.917333: I tensorflow/stream_executor/platform/default/dso_loader.cc:48] Successfully opened dynamic library libcufft.so.10
2021-02-02 16:23:01.917492: I tensorflow/stream_executor/platform/default/dso_loader.cc:48] Successfully opened dynamic library libcurand.so.10
2021-02-02 16:23:01.918573: I tensorflow/stream_executor/platform/default/dso_loader.cc:48] Successfully opened dynamic library libcusolver.so.10
2021-02-02 16:23:01.919133: I tensorflow/stream_executor/platform/default/dso_loader.cc:48] Successfully opened dynamic library libcusparse.so.10
2021-02-02 16:23:01.921552: I tensorflow/stream_executor/platform/default/dso_loader.cc:48] Successfully opened dynamic library libcudnn.so.7
2021-02-02 16:23:01.921656: I tensorflow/stream_executor/cuda/cuda_gpu_executor.cc:982] successful NUMA node read from SysFS had negative value (-1), but there must be at least one NUMA node, so returning NUMA node zero
2021-02-02 16:23:01.922419: I tensorflow/stream_executor/cuda/cuda_gpu_executor.cc:982] successful NUMA node read from SysFS had negative value (-1), but there must be at least one NUMA node, so returning NUMA node zero
2021-02-02 16:23:01.923081: I tensorflow/core/common_runtime/gpu/gpu_device.cc:1858] Adding visible gpu devices: 0
2021-02-02 16:23:01.923382: I tensorflow/core/platform/cpu_feature_guard.cc:142] This TensorFlow binary is optimized with oneAPI Deep Neural Network Library (oneDNN)to use the following CPU instructions in performance-critical operations:  AVX2 FMA
To enable them in other operations, rebuild TensorFlow with the appropriate compiler flags.
2021-02-02 16:23:01.928400: I tensorflow/core/platform/profile_utils/cpu_utils.cc:104] CPU Frequency: 3800025000 Hz
2021-02-02 16:23:01.928636: I tensorflow/compiler/xla/service/service.cc:168] XLA service 0x5e98d70 initialized for platform Host (this does not guarantee that XLA will be used). Devices:
2021-02-02 16:23:01.928645: I tensorflow/compiler/xla/service/service.cc:176]   StreamExecutor device (0): Host, Default Version
2021-02-02 16:23:02.006324: I tensorflow/stream_executor/cuda/cuda_gpu_executor.cc:982] successful NUMA node read from SysFS had negative value (-1), but there must be at least one NUMA node, so returning NUMA node zero
2021-02-02 16:23:02.007111: I tensorflow/compiler/xla/service/service.cc:168] XLA service 0x5e88a30 initialized for platform CUDA (this does not guarantee that XLA will be used). Devices:
2021-02-02 16:23:02.007145: I tensorflow/compiler/xla/service/service.cc:176]   StreamExecutor device (0): GeForce RTX 2080 Ti, Compute Capability 7.5
2021-02-02 16:23:02.007332: I tensorflow/stream_executor/cuda/cuda_gpu_executor.cc:982] successful NUMA node read from SysFS had negative value (-1), but there must be at least one NUMA node, so returning NUMA node zero
2021-02-02 16:23:02.008364: I tensorflow/core/common_runtime/gpu/gpu_device.cc:1716] Found device 0 with properties: 
pciBusID: 0000:21:00.0 name: GeForce RTX 2080 Ti computeCapability: 7.5
coreClock: 1.545GHz coreCount: 68 deviceMemorySize: 10.76GiB deviceMemoryBandwidth: 573.69GiB/s
2021-02-02 16:23:02.008393: I tensorflow/stream_executor/platform/default/dso_loader.cc:48] Successfully opened dynamic library libcudart.so.10.1
2021-02-02 16:23:02.008425: I tensorflow/stream_executor/platform/default/dso_loader.cc:48] Successfully opened dynamic library libcublas.so.10
2021-02-02 16:23:02.008440: I tensorflow/stream_executor/platform/default/dso_loader.cc:48] Successfully opened dynamic library libcufft.so.10
2021-02-02 16:23:02.008453: I tensorflow/stream_executor/platform/default/dso_loader.cc:48] Successfully opened dynamic library libcurand.so.10
2021-02-02 16:23:02.008467: I tensorflow/stream_executor/platform/default/dso_loader.cc:48] Successfully opened dynamic library libcusolver.so.10
2021-02-02 16:23:02.008479: I tensorflow/stream_executor/platform/default/dso_loader.cc:48] Successfully opened dynamic library libcusparse.so.10
2021-02-02 16:23:02.008492: I tensorflow/stream_executor/platform/default/dso_loader.cc:48] Successfully opened dynamic library libcudnn.so.7
2021-02-02 16:23:02.008559: I tensorflow/stream_executor/cuda/cuda_gpu_executor.cc:982] successful NUMA node read from SysFS had negative value (-1), but there must be at least one NUMA node, so returning NUMA node zero
2021-02-02 16:23:02.009608: I tensorflow/stream_executor/cuda/cuda_gpu_executor.cc:982] successful NUMA node read from SysFS had negative value (-1), but there must be at least one NUMA node, so returning NUMA node zero
2021-02-02 16:23:02.010629: I tensorflow/core/common_runtime/gpu/gpu_device.cc:1858] Adding visible gpu devices: 0
2021-02-02 16:23:02.010659: I tensorflow/stream_executor/platform/default/dso_loader.cc:48] Successfully opened dynamic library libcudart.so.10.1
2021-02-02 16:23:02.310692: I tensorflow/core/common_runtime/gpu/gpu_device.cc:1257] Device interconnect StreamExecutor with strength 1 edge matrix:
2021-02-02 16:23:02.310741: I tensorflow/core/common_runtime/gpu/gpu_device.cc:1263]      0 
2021-02-02 16:23:02.310746: I tensorflow/core/common_runtime/gpu/gpu_device.cc:1276] 0:   N 
2021-02-02 16:23:02.310963: I tensorflow/stream_executor/cuda/cuda_gpu_executor.cc:982] successful NUMA node read from SysFS had negative value (-1), but there must be at least one NUMA node, so returning NUMA node zero
2021-02-02 16:23:02.311688: I tensorflow/stream_executor/cuda/cuda_gpu_executor.cc:982] successful NUMA node read from SysFS had negative value (-1), but there must be at least one NUMA node, so returning NUMA node zero
2021-02-02 16:23:02.312368: I tensorflow/core/common_runtime/gpu/gpu_device.cc:1402] Created TensorFlow device (/job:localhost/replica:0/task:0/device:GPU:0 with 10074 MB memory) -> physical GPU (device: 0, name: GeForce RTX 2080 Ti, pci bus id: 0000:21:00.0, compute capability: 7.5)
WARNING:tensorflow:AutoGraph could not transform <function preprocess at 0x7fd4282cf160> and will run it as-is.
Please report this to the TensorFlow team. When filing the bug, set the verbosity to 10 (on Linux, `export AUTOGRAPH_VERBOSITY=10`) and attach the full output.
Cause: module 'gast' has no attribute 'Index'
To silence this warning, decorate the function with @tf.autograph.experimental.do_not_convert
W0202 16:23:05.605186 140551071754048 ag_logging.py:146] AutoGraph could not transform <function preprocess at 0x7fd4282cf160> and will run it as-is.
Please report this to the TensorFlow team. When filing the bug, set the verbosity to 10 (on Linux, `export AUTOGRAPH_VERBOSITY=10`) and attach the full output.
Cause: module 'gast' has no attribute 'Index'
To silence this warning, decorate the function with @tf.autograph.experimental.do_not_convert
WARNING:tensorflow:AutoGraph could not transform <function rotate at 0x7fd428360790> and will run it as-is.
Please report this to the TensorFlow team. When filing the bug, set the verbosity to 10 (on Linux, `export AUTOGRAPH_VERBOSITY=10`) and attach the full output.
Cause: module 'gast' has no attribute 'Index'
To silence this warning, decorate the function with @tf.autograph.experimental.do_not_convert
W0202 16:23:05.776877 140551071754048 ag_logging.py:146] AutoGraph could not transform <function rotate at 0x7fd428360790> and will run it as-is.
Please report this to the TensorFlow team. When filing the bug, set the verbosity to 10 (on Linux, `export AUTOGRAPH_VERBOSITY=10`) and attach the full output.
Cause: module 'gast' has no attribute 'Index'
To silence this warning, decorate the function with @tf.autograph.experimental.do_not_convert
I0202 16:23:10.938049 140551071754048 train.py:121] Initializing from scratch.
2021-02-02 16:23:11.962818: I tensorflow/stream_executor/platform/default/dso_loader.cc:48] Successfully opened dynamic library libcublas.so.10
2021-02-02 16:23:12.097347: I tensorflow/stream_executor/platform/default/dso_loader.cc:48] Successfully opened dynamic library libcudnn.so.7
I0202 16:23:16.998612 140551071754048 train.py:157] Epoch 1/80, Accuracy: 69.08, 
 Confusion Matrix: 
 [[132.  53.]
 [ 75. 154.]], Sensitivity: 63.77, Specificity: 74.40, 
 Test Accuracy: 51.61, 
 Test Confusion Matrix: 
 [[52. 30.]
 [ 0.  1.]], Test Sensitivity: 100.00, Test Specificity: 3.23,
 Eval Accuracy: 50.00, 
 Eval Confusion Matrix: 
 [[64. 39.]
 [ 0.  0.]], Eval Sensitivity: 100.00, Eval Specificity: 0.00
I0202 16:23:17.558177 140551071754048 train.py:157] Epoch 2/80, Accuracy: 69.32, 
 Confusion Matrix: 
 [[133.  53.]
 [ 74. 154.]], Sensitivity: 64.25, Specificity: 74.40, 
 Test Accuracy: 52.95, 
 Test Confusion Matrix: 
 [[45. 25.]
 [ 7.  6.]], Test Sensitivity: 86.54, Test Specificity: 19.35,
 Eval Accuracy: 48.88, 
 Eval Confusion Matrix: 
 [[56. 35.]
 [ 8.  4.]], Eval Sensitivity: 87.50, Eval Specificity: 10.26
I0202 16:23:18.043058 140551071754048 train.py:157] Epoch 3/80, Accuracy: 71.01, 
 Confusion Matrix: 
 [[137.  50.]
 [ 70. 157.]], Sensitivity: 66.18, Specificity: 75.85, 
 Test Accuracy: 66.84, 
 Test Confusion Matrix: 
 [[41. 14.]
 [11. 17.]], Test Sensitivity: 78.85, Test Specificity: 54.84,
 Eval Accuracy: 54.73, 
 Eval Confusion Matrix: 
 [[52. 28.]
 [12. 11.]], Eval Sensitivity: 81.25, Eval Specificity: 28.21
I0202 16:23:18.532859 140551071754048 train.py:157] Epoch 4/80, Accuracy: 72.22, 
 Confusion Matrix: 
 [[133.  41.]
 [ 74. 166.]], Sensitivity: 64.25, Specificity: 80.19, 
 Test Accuracy: 68.46, 
 Test Confusion Matrix: 
 [[41. 13.]
 [11. 18.]], Test Sensitivity: 78.85, Test Specificity: 58.06,
 Eval Accuracy: 59.58, 
 Eval Confusion Matrix: 
 [[50. 23.]
 [14. 16.]], Eval Sensitivity: 78.12, Eval Specificity: 41.03
I0202 16:23:19.014991 140551071754048 train.py:157] Epoch 5/80, Accuracy: 72.95, 
 Confusion Matrix: 
 [[136.  41.]
 [ 71. 166.]], Sensitivity: 65.70, Specificity: 80.19, 
 Test Accuracy: 72.33, 
 Test Confusion Matrix: 
 [[40. 10.]
 [12. 21.]], Test Sensitivity: 76.92, Test Specificity: 67.74,
 Eval Accuracy: 61.36, 
 Eval Confusion Matrix: 
 [[49. 21.]
 [15. 18.]], Eval Sensitivity: 76.56, Eval Specificity: 46.15
I0202 16:23:19.508996 140551071754048 train.py:157] Epoch 6/80, Accuracy: 73.91, 
 Confusion Matrix: 
 [[134.  35.]
 [ 73. 172.]], Sensitivity: 64.73, Specificity: 83.09, 
 Test Accuracy: 76.24, 
 Test Confusion Matrix: 
 [[34.  4.]
 [18. 27.]], Test Sensitivity: 65.38, Test Specificity: 87.10,
 Eval Accuracy: 63.86, 
 Eval Confusion Matrix: 
 [[44. 16.]
 [20. 23.]], Eval Sensitivity: 68.75, Eval Specificity: 58.97
I0202 16:23:20.000576 140551071754048 train.py:157] Epoch 7/80, Accuracy: 74.64, 
 Confusion Matrix: 
 [[135.  33.]
 [ 72. 174.]], Sensitivity: 65.22, Specificity: 84.06, 
 Test Accuracy: 60.58, 
 Test Confusion Matrix: 
 [[11.  0.]
 [41. 31.]], Test Sensitivity: 21.15, Test Specificity: 100.00,
 Eval Accuracy: 61.22, 
 Eval Confusion Matrix: 
 [[16.  1.]
 [48. 38.]], Eval Sensitivity: 25.00, Eval Specificity: 97.44
I0202 16:23:20.491993 140551071754048 train.py:157] Epoch 8/80, Accuracy: 74.15, 
 Confusion Matrix: 
 [[142.  42.]
 [ 65. 165.]], Sensitivity: 68.60, Specificity: 79.71, 
 Test Accuracy: 75.62, 
 Test Confusion Matrix: 
 [[30.  2.]
 [22. 29.]], Test Sensitivity: 57.69, Test Specificity: 93.55,
 Eval Accuracy: 66.09, 
 Eval Confusion Matrix: 
 [[37. 10.]
 [27. 29.]], Eval Sensitivity: 57.81, Eval Specificity: 74.36
I0202 16:23:20.983142 140551071754048 train.py:157] Epoch 9/80, Accuracy: 74.15, 
 Confusion Matrix: 
 [[143.  43.]
 [ 64. 164.]], Sensitivity: 69.08, Specificity: 79.23, 
 Test Accuracy: 75.28, 
 Test Confusion Matrix: 
 [[33.  4.]
 [19. 27.]], Test Sensitivity: 63.46, Test Specificity: 87.10,
 Eval Accuracy: 65.14, 
 Eval Confusion Matrix: 
 [[44. 15.]
 [20. 24.]], Eval Sensitivity: 68.75, Eval Specificity: 61.54
I0202 16:23:21.486256 140551071754048 train.py:157] Epoch 10/80, Accuracy: 75.60, 
 Confusion Matrix: 
 [[146.  40.]
 [ 61. 167.]], Sensitivity: 70.53, Specificity: 80.68, 
 Test Accuracy: 75.28, 
 Test Confusion Matrix: 
 [[33.  4.]
 [19. 27.]], Test Sensitivity: 63.46, Test Specificity: 87.10,
 Eval Accuracy: 62.58, 
 Eval Confusion Matrix: 
 [[44. 17.]
 [20. 22.]], Eval Sensitivity: 68.75, Eval Specificity: 56.41
I0202 16:23:21.973014 140551071754048 train.py:157] Epoch 11/80, Accuracy: 76.33, 
 Confusion Matrix: 
 [[137.  28.]
 [ 70. 179.]], Sensitivity: 66.18, Specificity: 86.47, 
 Test Accuracy: 77.20, 
 Test Confusion Matrix: 
 [[35.  4.]
 [17. 27.]], Test Sensitivity: 67.31, Test Specificity: 87.10,
 Eval Accuracy: 66.71, 
 Eval Confusion Matrix: 
 [[46. 15.]
 [18. 24.]], Eval Sensitivity: 71.88, Eval Specificity: 61.54
I0202 16:23:22.456403 140551071754048 train.py:157] Epoch 12/80, Accuracy: 76.09, 
 Confusion Matrix: 
 [[148.  40.]
 [ 59. 167.]], Sensitivity: 71.50, Specificity: 80.68, 
 Test Accuracy: 57.69, 
 Test Confusion Matrix: 
 [[ 8.  0.]
 [44. 31.]], Test Sensitivity: 15.38, Test Specificity: 100.00,
 Eval Accuracy: 62.50, 
 Eval Confusion Matrix: 
 [[16.  0.]
 [48. 39.]], Eval Sensitivity: 25.00, Eval Specificity: 100.00
I0202 16:23:22.945596 140551071754048 train.py:157] Epoch 13/80, Accuracy: 75.85, 
 Confusion Matrix: 
 [[138.  31.]
 [ 69. 176.]], Sensitivity: 66.67, Specificity: 85.02, 
 Test Accuracy: 77.85, 
 Test Confusion Matrix: 
 [[34.  3.]
 [18. 28.]], Test Sensitivity: 65.38, Test Specificity: 90.32,
 Eval Accuracy: 72.06, 
 Eval Confusion Matrix: 
 [[43.  9.]
 [21. 30.]], Eval Sensitivity: 67.19, Eval Specificity: 76.92
I0202 16:23:23.437292 140551071754048 train.py:157] Epoch 14/80, Accuracy: 77.54, 
 Confusion Matrix: 
 [[143.  29.]
 [ 64. 178.]], Sensitivity: 69.08, Specificity: 85.99, 
 Test Accuracy: 72.43, 
 Test Confusion Matrix: 
 [[25.  1.]
 [27. 30.]], Test Sensitivity: 48.08, Test Specificity: 96.77,
 Eval Accuracy: 72.06, 
 Eval Confusion Matrix: 
 [[43.  9.]
 [21. 30.]], Eval Sensitivity: 67.19, Eval Specificity: 76.92
I0202 16:23:23.928354 140551071754048 train.py:157] Epoch 15/80, Accuracy: 79.71, 
 Confusion Matrix: 
 [[155.  32.]
 [ 52. 175.]], Sensitivity: 74.88, Specificity: 84.54, 
 Test Accuracy: 79.40, 
 Test Confusion Matrix: 
 [[44.  8.]
 [ 8. 23.]], Test Sensitivity: 84.62, Test Specificity: 74.19,
 Eval Accuracy: 61.20, 
 Eval Confusion Matrix: 
 [[57. 26.]
 [ 7. 13.]], Eval Sensitivity: 89.06, Eval Specificity: 33.33
I0202 16:23:24.414633 140551071754048 train.py:157] Epoch 16/80, Accuracy: 81.88, 
 Confusion Matrix: 
 [[156.  24.]
 [ 51. 183.]], Sensitivity: 75.36, Specificity: 88.41, 
 Test Accuracy: 57.10, 
 Test Confusion Matrix: 
 [[51. 26.]
 [ 1.  5.]], Test Sensitivity: 98.08, Test Specificity: 16.13,
 Eval Accuracy: 51.78, 
 Eval Confusion Matrix: 
 [[63. 37.]
 [ 1.  2.]], Eval Sensitivity: 98.44, Eval Specificity: 5.13
I0202 16:23:24.905860 140551071754048 train.py:157] Epoch 17/80, Accuracy: 84.54, 
 Confusion Matrix: 
 [[164.  21.]
 [ 43. 186.]], Sensitivity: 79.23, Specificity: 89.86, 
 Test Accuracy: 50.00, 
 Test Confusion Matrix: 
 [[52. 31.]
 [ 0.  0.]], Test Sensitivity: 100.00, Test Specificity: 0.00,
 Eval Accuracy: 50.00, 
 Eval Confusion Matrix: 
 [[64. 39.]
 [ 0.  0.]], Eval Sensitivity: 100.00, Eval Specificity: 0.00
I0202 16:23:25.402434 140551071754048 train.py:157] Epoch 18/80, Accuracy: 80.92, 
 Confusion Matrix: 
 [[158.  30.]
 [ 49. 177.]], Sensitivity: 76.33, Specificity: 85.51, 
 Test Accuracy: 79.71, 
 Test Confusion Matrix: 
 [[46.  9.]
 [ 6. 22.]], Test Sensitivity: 88.46, Test Specificity: 70.97,
 Eval Accuracy: 70.17, 
 Eval Confusion Matrix: 
 [[57. 19.]
 [ 7. 20.]], Eval Sensitivity: 89.06, Eval Specificity: 51.28
I0202 16:23:25.888001 140551071754048 train.py:157] Epoch 19/80, Accuracy: 85.51, 
 Confusion Matrix: 
 [[166.  19.]
 [ 41. 188.]], Sensitivity: 80.19, Specificity: 90.82, 
 Test Accuracy: 73.91, 
 Test Confusion Matrix: 
 [[45. 12.]
 [ 7. 19.]], Test Sensitivity: 86.54, Test Specificity: 61.29,
 Eval Accuracy: 57.63, 
 Eval Confusion Matrix: 
 [[59. 30.]
 [ 5.  9.]], Eval Sensitivity: 92.19, Eval Specificity: 23.08
I0202 16:23:26.377478 140551071754048 train.py:157] Epoch 20/80, Accuracy: 85.02, 
 Confusion Matrix: 
 [[167.  22.]
 [ 40. 185.]], Sensitivity: 80.68, Specificity: 89.37, 
 Test Accuracy: 62.50, 
 Test Confusion Matrix: 
 [[13.  0.]
 [39. 31.]], Test Sensitivity: 25.00, Test Specificity: 100.00,
 Eval Accuracy: 67.97, 
 Eval Confusion Matrix: 
 [[23.  0.]
 [41. 39.]], Eval Sensitivity: 35.94, Eval Specificity: 100.00
I0202 16:23:26.866524 140551071754048 train.py:157] Epoch 21/80, Accuracy: 85.51, 
 Confusion Matrix: 
 [[175.  28.]
 [ 32. 179.]], Sensitivity: 84.54, Specificity: 86.47, 
 Test Accuracy: 83.31, 
 Test Confusion Matrix: 
 [[38.  2.]
 [14. 29.]], Test Sensitivity: 73.08, Test Specificity: 93.55,
 Eval Accuracy: 80.09, 
 Eval Confusion Matrix: 
 [[50.  7.]
 [14. 32.]], Eval Sensitivity: 78.12, Eval Specificity: 82.05
I0202 16:23:27.356276 140551071754048 train.py:157] Epoch 22/80, Accuracy: 85.51, 
 Confusion Matrix: 
 [[170.  23.]
 [ 37. 184.]], Sensitivity: 82.13, Specificity: 88.89, 
 Test Accuracy: 75.96, 
 Test Confusion Matrix: 
 [[27.  0.]
 [25. 31.]], Test Sensitivity: 51.92, Test Specificity: 100.00,
 Eval Accuracy: 78.12, 
 Eval Confusion Matrix: 
 [[36.  0.]
 [28. 39.]], Eval Sensitivity: 56.25, Eval Specificity: 100.00
I0202 16:23:27.844738 140551071754048 train.py:157] Epoch 23/80, Accuracy: 87.68, 
 Confusion Matrix: 
 [[178.  22.]
 [ 29. 185.]], Sensitivity: 85.99, Specificity: 89.37, 
 Test Accuracy: 60.58, 
 Test Confusion Matrix: 
 [[11.  0.]
 [41. 31.]], Test Sensitivity: 21.15, Test Specificity: 100.00,
 Eval Accuracy: 58.59, 
 Eval Confusion Matrix: 
 [[11.  0.]
 [53. 39.]], Eval Sensitivity: 17.19, Eval Specificity: 100.00
I0202 16:23:28.331226 140551071754048 train.py:157] Epoch 24/80, Accuracy: 87.20, 
 Confusion Matrix: 
 [[173.  19.]
 [ 34. 188.]], Sensitivity: 83.57, Specificity: 90.82, 
 Test Accuracy: 74.35, 
 Test Confusion Matrix: 
 [[27.  1.]
 [25. 30.]], Test Sensitivity: 51.92, Test Specificity: 96.77,
 Eval Accuracy: 78.91, 
 Eval Confusion Matrix: 
 [[37.  0.]
 [27. 39.]], Eval Sensitivity: 57.81, Eval Specificity: 100.00
I0202 16:23:28.814899 140551071754048 train.py:157] Epoch 25/80, Accuracy: 87.20, 
 Confusion Matrix: 
 [[176.  22.]
 [ 31. 185.]], Sensitivity: 85.02, Specificity: 89.37, 
 Test Accuracy: 77.20, 
 Test Confusion Matrix: 
 [[35.  4.]
 [17. 27.]], Test Sensitivity: 67.31, Test Specificity: 87.10,
 Eval Accuracy: 64.08, 
 Eval Confusion Matrix: 
 [[41. 14.]
 [23. 25.]], Eval Sensitivity: 64.06, Eval Specificity: 64.10
I0202 16:23:29.300721 140551071754048 train.py:157] Epoch 26/80, Accuracy: 87.20, 
 Confusion Matrix: 
 [[173.  19.]
 [ 34. 188.]], Sensitivity: 83.57, Specificity: 90.82, 
 Test Accuracy: 78.85, 
 Test Confusion Matrix: 
 [[30.  0.]
 [22. 31.]], Test Sensitivity: 57.69, Test Specificity: 100.00,
 Eval Accuracy: 80.47, 
 Eval Confusion Matrix: 
 [[39.  0.]
 [25. 39.]], Eval Sensitivity: 60.94, Eval Specificity: 100.00
I0202 16:23:29.792698 140551071754048 train.py:157] Epoch 27/80, Accuracy: 89.13, 
 Confusion Matrix: 
 [[182.  20.]
 [ 25. 187.]], Sensitivity: 87.92, Specificity: 90.34, 
 Test Accuracy: 62.50, 
 Test Confusion Matrix: 
 [[13.  0.]
 [39. 31.]], Test Sensitivity: 25.00, Test Specificity: 100.00,
 Eval Accuracy: 59.38, 
 Eval Confusion Matrix: 
 [[12.  0.]
 [52. 39.]], Eval Sensitivity: 18.75, Eval Specificity: 100.00
I0202 16:23:30.285103 140551071754048 train.py:157] Epoch 28/80, Accuracy: 91.30, 
 Confusion Matrix: 
 [[186.  15.]
 [ 21. 192.]], Sensitivity: 89.86, Specificity: 92.75, 
 Test Accuracy: 79.13, 
 Test Confusion Matrix: 
 [[37.  4.]
 [15. 27.]], Test Sensitivity: 71.15, Test Specificity: 87.10,
 Eval Accuracy: 85.22, 
 Eval Confusion Matrix: 
 [[50.  3.]
 [14. 36.]], Eval Sensitivity: 78.12, Eval Specificity: 92.31
I0202 16:23:30.776592 140551071754048 train.py:157] Epoch 29/80, Accuracy: 89.86, 
 Confusion Matrix: 
 [[180.  15.]
 [ 27. 192.]], Sensitivity: 86.96, Specificity: 92.75, 
 Test Accuracy: 82.97, 
 Test Confusion Matrix: 
 [[41.  4.]
 [11. 27.]], Test Sensitivity: 78.85, Test Specificity: 87.10,
 Eval Accuracy: 74.74, 
 Eval Confusion Matrix: 
 [[53. 13.]
 [11. 26.]], Eval Sensitivity: 82.81, Eval Specificity: 66.67
I0202 16:23:31.268442 140551071754048 train.py:157] Epoch 30/80, Accuracy: 90.10, 
 Confusion Matrix: 
 [[184.  18.]
 [ 23. 189.]], Sensitivity: 88.89, Specificity: 91.30, 
 Test Accuracy: 71.15, 
 Test Confusion Matrix: 
 [[22.  0.]
 [30. 31.]], Test Sensitivity: 42.31, Test Specificity: 100.00,
 Eval Accuracy: 68.75, 
 Eval Confusion Matrix: 
 [[24.  0.]
 [40. 39.]], Eval Sensitivity: 37.50, Eval Specificity: 100.00
I0202 16:23:31.763158 140551071754048 train.py:157] Epoch 31/80, Accuracy: 91.55, 
 Confusion Matrix: 
 [[187.  15.]
 [ 20. 192.]], Sensitivity: 90.34, Specificity: 92.75, 
 Test Accuracy: 75.96, 
 Test Confusion Matrix: 
 [[27.  0.]
 [25. 31.]], Test Sensitivity: 51.92, Test Specificity: 100.00,
 Eval Accuracy: 78.12, 
 Eval Confusion Matrix: 
 [[36.  0.]
 [28. 39.]], Eval Sensitivity: 56.25, Eval Specificity: 100.00
I0202 16:23:32.264225 140551071754048 train.py:157] Epoch 32/80, Accuracy: 85.27, 
 Confusion Matrix: 
 [[173.  27.]
 [ 34. 180.]], Sensitivity: 83.57, Specificity: 86.96, 
 Test Accuracy: 66.00, 
 Test Confusion Matrix: 
 [[20.  2.]
 [32. 29.]], Test Sensitivity: 38.46, Test Specificity: 93.55,
 Eval Accuracy: 66.97, 
 Eval Confusion Matrix: 
 [[25.  2.]
 [39. 37.]], Eval Sensitivity: 39.06, Eval Specificity: 94.87
I0202 16:23:32.758464 140551071754048 train.py:157] Epoch 33/80, Accuracy: 88.65, 
 Confusion Matrix: 
 [[176.  16.]
 [ 31. 191.]], Sensitivity: 85.02, Specificity: 92.27, 
 Test Accuracy: 76.27, 
 Test Confusion Matrix: 
 [[29.  1.]
 [23. 30.]], Test Sensitivity: 55.77, Test Specificity: 96.77,
 Eval Accuracy: 75.00, 
 Eval Confusion Matrix: 
 [[32.  0.]
 [32. 39.]], Eval Sensitivity: 50.00, Eval Specificity: 100.00
I0202 16:23:33.247751 140551071754048 train.py:157] Epoch 34/80, Accuracy: 91.06, 
 Confusion Matrix: 
 [[183.  13.]
 [ 24. 194.]], Sensitivity: 88.41, Specificity: 93.72, 
 Test Accuracy: 75.96, 
 Test Confusion Matrix: 
 [[27.  0.]
 [25. 31.]], Test Sensitivity: 51.92, Test Specificity: 100.00,
 Eval Accuracy: 73.44, 
 Eval Confusion Matrix: 
 [[30.  0.]
 [34. 39.]], Eval Sensitivity: 46.88, Eval Specificity: 100.00
I0202 16:23:33.742869 140551071754048 train.py:157] Epoch 35/80, Accuracy: 89.13, 
 Confusion Matrix: 
 [[183.  21.]
 [ 24. 186.]], Sensitivity: 88.41, Specificity: 89.86, 
 Test Accuracy: 81.08, 
 Test Confusion Matrix: 
 [[34.  1.]
 [18. 30.]], Test Sensitivity: 65.38, Test Specificity: 96.77,
 Eval Accuracy: 77.46, 
 Eval Confusion Matrix: 
 [[45.  6.]
 [19. 33.]], Eval Sensitivity: 70.31, Eval Specificity: 84.62
I0202 16:23:34.230621 140551071754048 train.py:157] Epoch 36/80, Accuracy: 93.72, 
 Confusion Matrix: 
 [[191.  10.]
 [ 16. 197.]], Sensitivity: 92.27, Specificity: 95.17, 
 Test Accuracy: 64.42, 
 Test Confusion Matrix: 
 [[15.  0.]
 [37. 31.]], Test Sensitivity: 28.85, Test Specificity: 100.00,
 Eval Accuracy: 65.62, 
 Eval Confusion Matrix: 
 [[20.  0.]
 [44. 39.]], Eval Sensitivity: 31.25, Eval Specificity: 100.00
I0202 16:23:34.710426 140551071754048 train.py:157] Epoch 37/80, Accuracy: 91.30, 
 Confusion Matrix: 
 [[186.  15.]
 [ 21. 192.]], Sensitivity: 89.86, Specificity: 92.75, 
 Test Accuracy: 77.23, 
 Test Confusion Matrix: 
 [[30.  1.]
 [22. 30.]], Test Sensitivity: 57.69, Test Specificity: 96.77,
 Eval Accuracy: 78.97, 
 Eval Confusion Matrix: 
 [[42.  3.]
 [22. 36.]], Eval Sensitivity: 65.62, Eval Specificity: 92.31
I0202 16:23:35.190626 140551071754048 train.py:157] Epoch 38/80, Accuracy: 95.17, 
 Confusion Matrix: 
 [[196.   9.]
 [ 11. 198.]], Sensitivity: 94.69, Specificity: 95.65, 
 Test Accuracy: 80.09, 
 Test Confusion Matrix: 
 [[38.  4.]
 [14. 27.]], Test Sensitivity: 73.08, Test Specificity: 87.10,
 Eval Accuracy: 78.81, 
 Eval Confusion Matrix: 
 [[50.  8.]
 [14. 31.]], Eval Sensitivity: 78.12, Eval Specificity: 79.49
I0202 16:23:35.677309 140551071754048 train.py:157] Epoch 39/80, Accuracy: 94.93, 
 Confusion Matrix: 
 [[194.   8.]
 [ 13. 199.]], Sensitivity: 93.72, Specificity: 96.14, 
 Test Accuracy: 73.08, 
 Test Confusion Matrix: 
 [[24.  0.]
 [28. 31.]], Test Sensitivity: 46.15, Test Specificity: 100.00,
 Eval Accuracy: 75.78, 
 Eval Confusion Matrix: 
 [[33.  0.]
 [31. 39.]], Eval Sensitivity: 51.56, Eval Specificity: 100.00
I0202 16:23:36.166979 140551071754048 train.py:157] Epoch 40/80, Accuracy: 95.17, 
 Confusion Matrix: 
 [[197.  10.]
 [ 10. 197.]], Sensitivity: 95.17, Specificity: 95.17, 
 Test Accuracy: 81.33, 
 Test Confusion Matrix: 
 [[46.  8.]
 [ 6. 23.]], Test Sensitivity: 88.46, Test Specificity: 74.19,
 Eval Accuracy: 82.93, 
 Eval Confusion Matrix: 
 [[52.  6.]
 [12. 33.]], Eval Sensitivity: 81.25, Eval Specificity: 84.62
I0202 16:23:36.647723 140551071754048 train.py:157] Epoch 41/80, Accuracy: 96.86, 
 Confusion Matrix: 
 [[199.   5.]
 [  8. 202.]], Sensitivity: 96.14, Specificity: 97.58, 
 Test Accuracy: 74.04, 
 Test Confusion Matrix: 
 [[25.  0.]
 [27. 31.]], Test Sensitivity: 48.08, Test Specificity: 100.00,
 Eval Accuracy: 79.19, 
 Eval Confusion Matrix: 
 [[39.  1.]
 [25. 38.]], Eval Sensitivity: 60.94, Eval Specificity: 97.44
I0202 16:23:37.130970 140551071754048 train.py:157] Epoch 42/80, Accuracy: 93.96, 
 Confusion Matrix: 
 [[192.  10.]
 [ 15. 197.]], Sensitivity: 92.75, Specificity: 95.17, 
 Test Accuracy: 75.00, 
 Test Confusion Matrix: 
 [[26.  0.]
 [26. 31.]], Test Sensitivity: 50.00, Test Specificity: 100.00,
 Eval Accuracy: 77.34, 
 Eval Confusion Matrix: 
 [[35.  0.]
 [29. 39.]], Eval Sensitivity: 54.69, Eval Specificity: 100.00
I0202 16:23:37.621132 140551071754048 train.py:157] Epoch 43/80, Accuracy: 97.34, 
 Confusion Matrix: 
 [[200.   4.]
 [  7. 203.]], Sensitivity: 96.62, Specificity: 98.07, 
 Test Accuracy: 79.75, 
 Test Confusion Matrix: 
 [[41.  6.]
 [11. 25.]], Test Sensitivity: 78.85, Test Specificity: 80.65,
 Eval Accuracy: 72.12, 
 Eval Confusion Matrix: 
 [[48. 12.]
 [16. 27.]], Eval Sensitivity: 75.00, Eval Specificity: 69.23
I0202 16:23:38.107702 140551071754048 train.py:157] Epoch 44/80, Accuracy: 95.41, 
 Confusion Matrix: 
 [[198.  10.]
 [  9. 197.]], Sensitivity: 95.65, Specificity: 95.17, 
 Test Accuracy: 81.08, 
 Test Confusion Matrix: 
 [[34.  1.]
 [18. 30.]], Test Sensitivity: 65.38, Test Specificity: 96.77,
 Eval Accuracy: 80.03, 
 Eval Confusion Matrix: 
 [[45.  4.]
 [19. 35.]], Eval Sensitivity: 70.31, Eval Specificity: 89.74
I0202 16:23:38.588969 140551071754048 train.py:157] Epoch 45/80, Accuracy: 93.24, 
 Confusion Matrix: 
 [[192.  13.]
 [ 15. 194.]], Sensitivity: 92.75, Specificity: 93.72, 
 Test Accuracy: 85.20, 
 Test Confusion Matrix: 
 [[45.  5.]
 [ 7. 26.]], Test Sensitivity: 86.54, Test Specificity: 83.87,
 Eval Accuracy: 73.68, 
 Eval Confusion Matrix: 
 [[50. 12.]
 [14. 27.]], Eval Sensitivity: 78.12, Eval Specificity: 69.23
I0202 16:23:39.072853 140551071754048 train.py:157] Epoch 46/80, Accuracy: 95.41, 
 Confusion Matrix: 
 [[195.   7.]
 [ 12. 200.]], Sensitivity: 94.20, Specificity: 96.62, 
 Test Accuracy: 82.94, 
 Test Confusion Matrix: 
 [[46.  7.]
 [ 6. 24.]], Test Sensitivity: 88.46, Test Specificity: 77.42,
 Eval Accuracy: 73.18, 
 Eval Confusion Matrix: 
 [[51. 13.]
 [13. 26.]], Eval Sensitivity: 79.69, Eval Specificity: 66.67
I0202 16:23:39.544952 140551071754048 train.py:157] Epoch 47/80, Accuracy: 98.07, 
 Confusion Matrix: 
 [[201.   2.]
 [  6. 205.]], Sensitivity: 97.10, Specificity: 99.03, 
 Test Accuracy: 81.33, 
 Test Confusion Matrix: 
 [[46.  8.]
 [ 6. 23.]], Test Sensitivity: 88.46, Test Specificity: 74.19,
 Eval Accuracy: 73.96, 
 Eval Confusion Matrix: 
 [[52. 13.]
 [12. 26.]], Eval Sensitivity: 81.25, Eval Specificity: 66.67
I0202 16:23:40.024818 140551071754048 train.py:157] Epoch 48/80, Accuracy: 95.65, 
 Confusion Matrix: 
 [[199.  10.]
 [  8. 197.]], Sensitivity: 96.14, Specificity: 95.17, 
 Test Accuracy: 78.47, 
 Test Confusion Matrix: 
 [[38.  5.]
 [14. 26.]], Test Sensitivity: 73.08, Test Specificity: 83.87,
 Eval Accuracy: 82.65, 
 Eval Confusion Matrix: 
 [[50.  5.]
 [14. 34.]], Eval Sensitivity: 78.12, Eval Specificity: 87.18
I0202 16:23:40.512004 140551071754048 train.py:157] Epoch 49/80, Accuracy: 94.20, 
 Confusion Matrix: 
 [[192.   9.]
 [ 15. 198.]], Sensitivity: 92.75, Specificity: 95.65, 
 Test Accuracy: 73.08, 
 Test Confusion Matrix: 
 [[24.  0.]
 [28. 31.]], Test Sensitivity: 46.15, Test Specificity: 100.00,
 Eval Accuracy: 69.03, 
 Eval Confusion Matrix: 
 [[26.  1.]
 [38. 38.]], Eval Sensitivity: 40.62, Eval Specificity: 97.44
I0202 16:23:40.996470 140551071754048 train.py:157] Epoch 50/80, Accuracy: 97.10, 
 Confusion Matrix: 
 [[200.   5.]
 [  7. 202.]], Sensitivity: 96.62, Specificity: 97.58, 
 Test Accuracy: 77.23, 
 Test Confusion Matrix: 
 [[30.  1.]
 [22. 30.]], Test Sensitivity: 57.69, Test Specificity: 96.77,
 Eval Accuracy: 77.40, 
 Eval Confusion Matrix: 
 [[40.  3.]
 [24. 36.]], Eval Sensitivity: 62.50, Eval Specificity: 92.31
I0202 16:23:41.480959 140551071754048 train.py:157] Epoch 51/80, Accuracy: 99.52, 
 Confusion Matrix: 
 [[206.   1.]
 [  1. 206.]], Sensitivity: 99.52, Specificity: 99.52, 
 Test Accuracy: 76.92, 
 Test Confusion Matrix: 
 [[28.  0.]
 [24. 31.]], Test Sensitivity: 53.85, Test Specificity: 100.00,
 Eval Accuracy: 78.12, 
 Eval Confusion Matrix: 
 [[36.  0.]
 [28. 39.]], Eval Sensitivity: 56.25, Eval Specificity: 100.00
I0202 16:23:41.963018 140551071754048 train.py:157] Epoch 52/80, Accuracy: 99.03, 
 Confusion Matrix: 
 [[206.   3.]
 [  1. 204.]], Sensitivity: 99.52, Specificity: 98.55, 
 Test Accuracy: 74.04, 
 Test Confusion Matrix: 
 [[25.  0.]
 [27. 31.]], Test Sensitivity: 48.08, Test Specificity: 100.00,
 Eval Accuracy: 73.72, 
 Eval Confusion Matrix: 
 [[32.  1.]
 [32. 38.]], Eval Sensitivity: 50.00, Eval Specificity: 97.44
I0202 16:23:42.449422 140551071754048 train.py:157] Epoch 53/80, Accuracy: 99.76, 
 Confusion Matrix: 
 [[207.   1.]
 [  0. 206.]], Sensitivity: 100.00, Specificity: 99.52, 
 Test Accuracy: 80.74, 
 Test Confusion Matrix: 
 [[37.  3.]
 [15. 28.]], Test Sensitivity: 71.15, Test Specificity: 90.32,
 Eval Accuracy: 80.75, 
 Eval Confusion Matrix: 
 [[41.  1.]
 [23. 38.]], Eval Sensitivity: 64.06, Eval Specificity: 97.44
I0202 16:23:42.939360 140551071754048 train.py:157] Epoch 54/80, Accuracy: 98.07, 
 Confusion Matrix: 
 [[201.   2.]
 [  6. 205.]], Sensitivity: 97.10, Specificity: 99.03, 
 Test Accuracy: 80.99, 
 Test Confusion Matrix: 
 [[49. 10.]
 [ 3. 21.]], Test Sensitivity: 94.23, Test Specificity: 67.74,
 Eval Accuracy: 69.17, 
 Eval Confusion Matrix: 
 [[59. 21.]
 [ 5. 18.]], Eval Sensitivity: 92.19, Eval Specificity: 46.15
I0202 16:23:43.437189 140551071754048 train.py:157] Epoch 55/80, Accuracy: 99.28, 
 Confusion Matrix: 
 [[205.   1.]
 [  2. 206.]], Sensitivity: 99.03, Specificity: 99.52, 
 Test Accuracy: 81.64, 
 Test Confusion Matrix: 
 [[48.  9.]
 [ 4. 22.]], Test Sensitivity: 92.31, Test Specificity: 70.97,
 Eval Accuracy: 73.74, 
 Eval Confusion Matrix: 
 [[55. 15.]
 [ 9. 24.]], Eval Sensitivity: 85.94, Eval Specificity: 61.54
I0202 16:23:43.920434 140551071754048 train.py:157] Epoch 56/80, Accuracy: 99.28, 
 Confusion Matrix: 
 [[206.   2.]
 [  1. 205.]], Sensitivity: 99.52, Specificity: 99.03, 
 Test Accuracy: 75.00, 
 Test Confusion Matrix: 
 [[26.  0.]
 [26. 31.]], Test Sensitivity: 50.00, Test Specificity: 100.00,
 Eval Accuracy: 79.19, 
 Eval Confusion Matrix: 
 [[39.  1.]
 [25. 38.]], Eval Sensitivity: 60.94, Eval Specificity: 97.44
I0202 16:23:44.408839 140551071754048 train.py:157] Epoch 57/80, Accuracy: 100.00, 
 Confusion Matrix: 
 [[207.   0.]
 [  0. 207.]], Sensitivity: 100.00, Specificity: 100.00, 
 Test Accuracy: 83.00, 
 Test Confusion Matrix: 
 [[36.  1.]
 [16. 30.]], Test Sensitivity: 69.23, Test Specificity: 96.77,
 Eval Accuracy: 83.09, 
 Eval Confusion Matrix: 
 [[44.  1.]
 [20. 38.]], Eval Sensitivity: 68.75, Eval Specificity: 97.44
I0202 16:23:44.900649 140551071754048 train.py:157] Epoch 58/80, Accuracy: 97.83, 
 Confusion Matrix: 
 [[203.   5.]
 [  4. 202.]], Sensitivity: 98.07, Specificity: 97.58, 
 Test Accuracy: 75.50, 
 Test Confusion Matrix: 
 [[50. 14.]
 [ 2. 17.]], Test Sensitivity: 96.15, Test Specificity: 54.84,
 Eval Accuracy: 70.95, 
 Eval Confusion Matrix: 
 [[58. 19.]
 [ 6. 20.]], Eval Sensitivity: 90.62, Eval Specificity: 51.28
I0202 16:23:45.390781 140551071754048 train.py:157] Epoch 59/80, Accuracy: 97.10, 
 Confusion Matrix: 
 [[199.   4.]
 [  8. 203.]], Sensitivity: 96.14, Specificity: 98.07, 
 Test Accuracy: 77.76, 
 Test Confusion Matrix: 
 [[49. 12.]
 [ 3. 19.]], Test Sensitivity: 94.23, Test Specificity: 61.29,
 Eval Accuracy: 63.48, 
 Eval Confusion Matrix: 
 [[55. 23.]
 [ 9. 16.]], Eval Sensitivity: 85.94, Eval Specificity: 41.03
I0202 16:23:45.876006 140551071754048 train.py:157] Epoch 60/80, Accuracy: 99.76, 
 Confusion Matrix: 
 [[206.   0.]
 [  1. 207.]], Sensitivity: 99.52, Specificity: 100.00, 
 Test Accuracy: 83.25, 
 Test Confusion Matrix: 
 [[48.  8.]
 [ 4. 23.]], Test Sensitivity: 92.31, Test Specificity: 74.19,
 Eval Accuracy: 71.39, 
 Eval Confusion Matrix: 
 [[52. 15.]
 [12. 24.]], Eval Sensitivity: 81.25, Eval Specificity: 61.54
I0202 16:23:46.361227 140551071754048 train.py:157] Epoch 61/80, Accuracy: 99.52, 
 Confusion Matrix: 
 [[206.   1.]
 [  1. 206.]], Sensitivity: 99.52, Specificity: 99.52, 
 Test Accuracy: 80.74, 
 Test Confusion Matrix: 
 [[37.  3.]
 [15. 28.]], Test Sensitivity: 71.15, Test Specificity: 90.32,
 Eval Accuracy: 84.66, 
 Eval Confusion Matrix: 
 [[46.  1.]
 [18. 38.]], Eval Sensitivity: 71.88, Eval Specificity: 97.44
I0202 16:23:46.849756 140551071754048 train.py:157] Epoch 62/80, Accuracy: 98.79, 
 Confusion Matrix: 
 [[204.   2.]
 [  3. 205.]], Sensitivity: 98.55, Specificity: 99.03, 
 Test Accuracy: 88.43, 
 Test Confusion Matrix: 
 [[45.  3.]
 [ 7. 28.]], Test Sensitivity: 86.54, Test Specificity: 90.32,
 Eval Accuracy: 79.81, 
 Eval Confusion Matrix: 
 [[48.  6.]
 [16. 33.]], Eval Sensitivity: 75.00, Eval Specificity: 84.62
I0202 16:23:47.334654 140551071754048 train.py:157] Epoch 63/80, Accuracy: 99.76, 
 Confusion Matrix: 
 [[206.   0.]
 [  1. 207.]], Sensitivity: 99.52, Specificity: 100.00, 
 Test Accuracy: 87.13, 
 Test Confusion Matrix: 
 [[47.  5.]
 [ 5. 26.]], Test Sensitivity: 90.38, Test Specificity: 83.87,
 Eval Accuracy: 82.65, 
 Eval Confusion Matrix: 
 [[50.  5.]
 [14. 34.]], Eval Sensitivity: 78.12, Eval Specificity: 87.18
I0202 16:23:47.823123 140551071754048 train.py:157] Epoch 64/80, Accuracy: 99.52, 
 Confusion Matrix: 
 [[206.   1.]
 [  1. 206.]], Sensitivity: 99.52, Specificity: 99.52, 
 Test Accuracy: 84.93, 
 Test Confusion Matrix: 
 [[38.  1.]
 [14. 30.]], Test Sensitivity: 73.08, Test Specificity: 96.77,
 Eval Accuracy: 81.53, 
 Eval Confusion Matrix: 
 [[42.  1.]
 [22. 38.]], Eval Sensitivity: 65.62, Eval Specificity: 97.44
I0202 16:23:48.319693 140551071754048 train.py:157] Epoch 65/80, Accuracy: 99.28, 
 Confusion Matrix: 
 [[204.   0.]
 [  3. 207.]], Sensitivity: 98.55, Specificity: 100.00, 
 Test Accuracy: 83.62, 
 Test Confusion Matrix: 
 [[40.  3.]
 [12. 28.]], Test Sensitivity: 76.92, Test Specificity: 90.32,
 Eval Accuracy: 82.59, 
 Eval Confusion Matrix: 
 [[45.  2.]
 [19. 37.]], Eval Sensitivity: 70.31, Eval Specificity: 94.87
I0202 16:23:48.809846 140551071754048 train.py:157] Epoch 66/80, Accuracy: 98.07, 
 Confusion Matrix: 
 [[203.   4.]
 [  4. 203.]], Sensitivity: 98.07, Specificity: 98.07, 
 Test Accuracy: 78.41, 
 Test Confusion Matrix: 
 [[48. 11.]
 [ 4. 20.]], Test Sensitivity: 92.31, Test Specificity: 64.52,
 Eval Accuracy: 73.24, 
 Eval Confusion Matrix: 
 [[56. 16.]
 [ 8. 23.]], Eval Sensitivity: 87.50, Eval Specificity: 58.97
I0202 16:23:49.294121 140551071754048 train.py:157] Epoch 67/80, Accuracy: 99.76, 
 Confusion Matrix: 
 [[206.   0.]
 [  1. 207.]], Sensitivity: 99.52, Specificity: 100.00, 
 Test Accuracy: 78.85, 
 Test Confusion Matrix: 
 [[30.  0.]
 [22. 31.]], Test Sensitivity: 57.69, Test Specificity: 100.00,
 Eval Accuracy: 79.97, 
 Eval Confusion Matrix: 
 [[40.  1.]
 [24. 38.]], Eval Sensitivity: 62.50, Eval Specificity: 97.44
I0202 16:23:49.790988 140551071754048 train.py:157] Epoch 68/80, Accuracy: 100.00, 
 Confusion Matrix: 
 [[207.   0.]
 [  0. 207.]], Sensitivity: 100.00, Specificity: 100.00, 
 Test Accuracy: 84.62, 
 Test Confusion Matrix: 
 [[36.  0.]
 [16. 31.]], Test Sensitivity: 69.23, Test Specificity: 100.00,
 Eval Accuracy: 84.66, 
 Eval Confusion Matrix: 
 [[46.  1.]
 [18. 38.]], Eval Sensitivity: 71.88, Eval Specificity: 97.44
I0202 16:23:50.285048 140551071754048 train.py:157] Epoch 69/80, Accuracy: 100.00, 
 Confusion Matrix: 
 [[207.   0.]
 [  0. 207.]], Sensitivity: 100.00, Specificity: 100.00, 
 Test Accuracy: 85.89, 
 Test Confusion Matrix: 
 [[39.  1.]
 [13. 30.]], Test Sensitivity: 75.00, Test Specificity: 96.77,
 Eval Accuracy: 87.00, 
 Eval Confusion Matrix: 
 [[49.  1.]
 [15. 38.]], Eval Sensitivity: 76.56, Eval Specificity: 97.44
I0202 16:23:50.779996 140551071754048 train.py:157] Epoch 70/80, Accuracy: 100.00, 
 Confusion Matrix: 
 [[207.   0.]
 [  0. 207.]], Sensitivity: 100.00, Specificity: 100.00, 
 Test Accuracy: 87.16, 
 Test Confusion Matrix: 
 [[42.  2.]
 [10. 29.]], Test Sensitivity: 80.77, Test Specificity: 93.55,
 Eval Accuracy: 87.78, 
 Eval Confusion Matrix: 
 [[50.  1.]
 [14. 38.]], Eval Sensitivity: 78.12, Eval Specificity: 97.44
I0202 16:23:51.263980 140551071754048 train.py:157] Epoch 71/80, Accuracy: 100.00, 
 Confusion Matrix: 
 [[207.   0.]
 [  0. 207.]], Sensitivity: 100.00, Specificity: 100.00, 
 Test Accuracy: 84.21, 
 Test Confusion Matrix: 
 [[49.  8.]
 [ 3. 23.]], Test Sensitivity: 94.23, Test Specificity: 74.19,
 Eval Accuracy: 75.74, 
 Eval Confusion Matrix: 
 [[51. 11.]
 [13. 28.]], Eval Sensitivity: 79.69, Eval Specificity: 71.79
I0202 16:23:51.750462 140551071754048 train.py:157] Epoch 72/80, Accuracy: 100.00, 
 Confusion Matrix: 
 [[207.   0.]
 [  0. 207.]], Sensitivity: 100.00, Specificity: 100.00, 
 Test Accuracy: 85.83, 
 Test Confusion Matrix: 
 [[49.  7.]
 [ 3. 24.]], Test Sensitivity: 94.23, Test Specificity: 77.42,
 Eval Accuracy: 79.59, 
 Eval Confusion Matrix: 
 [[51.  8.]
 [13. 31.]], Eval Sensitivity: 79.69, Eval Specificity: 79.49
I0202 16:23:52.242468 140551071754048 train.py:157] Epoch 73/80, Accuracy: 100.00, 
 Confusion Matrix: 
 [[207.   0.]
 [  0. 207.]], Sensitivity: 100.00, Specificity: 100.00, 
 Test Accuracy: 84.86, 
 Test Confusion Matrix: 
 [[48.  7.]
 [ 4. 24.]], Test Sensitivity: 92.31, Test Specificity: 77.42,
 Eval Accuracy: 80.87, 
 Eval Confusion Matrix: 
 [[51.  7.]
 [13. 32.]], Eval Sensitivity: 79.69, Eval Specificity: 82.05
I0202 16:23:52.740906 140551071754048 train.py:157] Epoch 74/80, Accuracy: 100.00, 
 Confusion Matrix: 
 [[207.   0.]
 [  0. 207.]], Sensitivity: 100.00, Specificity: 100.00, 
 Test Accuracy: 90.04, 
 Test Confusion Matrix: 
 [[45.  2.]
 [ 7. 29.]], Test Sensitivity: 86.54, Test Specificity: 93.55,
 Eval Accuracy: 85.22, 
 Eval Confusion Matrix: 
 [[50.  3.]
 [14. 36.]], Eval Sensitivity: 78.12, Eval Specificity: 92.31
I0202 16:23:53.249076 140551071754048 train.py:157] Epoch 75/80, Accuracy: 100.00, 
 Confusion Matrix: 
 [[207.   0.]
 [  0. 207.]], Sensitivity: 100.00, Specificity: 100.00, 
 Test Accuracy: 89.73, 
 Test Confusion Matrix: 
 [[43.  1.]
 [ 9. 30.]], Test Sensitivity: 82.69, Test Specificity: 96.77,
 Eval Accuracy: 86.50, 
 Eval Confusion Matrix: 
 [[50.  2.]
 [14. 37.]], Eval Sensitivity: 78.12, Eval Specificity: 94.87
I0202 16:23:53.745915 140551071754048 train.py:157] Epoch 76/80, Accuracy: 100.00, 
 Confusion Matrix: 
 [[207.   0.]
 [  0. 207.]], Sensitivity: 100.00, Specificity: 100.00, 
 Test Accuracy: 90.04, 
 Test Confusion Matrix: 
 [[45.  2.]
 [ 7. 29.]], Test Sensitivity: 86.54, Test Specificity: 93.55,
 Eval Accuracy: 85.22, 
 Eval Confusion Matrix: 
 [[50.  3.]
 [14. 36.]], Eval Sensitivity: 78.12, Eval Specificity: 92.31
I0202 16:23:54.244236 140551071754048 train.py:157] Epoch 77/80, Accuracy: 100.00, 
 Confusion Matrix: 
 [[207.   0.]
 [  0. 207.]], Sensitivity: 100.00, Specificity: 100.00, 
 Test Accuracy: 88.12, 
 Test Confusion Matrix: 
 [[43.  2.]
 [ 9. 29.]], Test Sensitivity: 82.69, Test Specificity: 93.55,
 Eval Accuracy: 85.72, 
 Eval Confusion Matrix: 
 [[49.  2.]
 [15. 37.]], Eval Sensitivity: 76.56, Eval Specificity: 94.87
I0202 16:23:54.735491 140551071754048 train.py:157] Epoch 78/80, Accuracy: 100.00, 
 Confusion Matrix: 
 [[207.   0.]
 [  0. 207.]], Sensitivity: 100.00, Specificity: 100.00, 
 Test Accuracy: 89.08, 
 Test Confusion Matrix: 
 [[44.  2.]
 [ 8. 29.]], Test Sensitivity: 84.62, Test Specificity: 93.55,
 Eval Accuracy: 85.72, 
 Eval Confusion Matrix: 
 [[49.  2.]
 [15. 37.]], Eval Sensitivity: 76.56, Eval Specificity: 94.87
I0202 16:23:55.235174 140551071754048 train.py:157] Epoch 79/80, Accuracy: 100.00, 
 Confusion Matrix: 
 [[207.   0.]
 [  0. 207.]], Sensitivity: 100.00, Specificity: 100.00, 
 Test Accuracy: 90.04, 
 Test Confusion Matrix: 
 [[45.  2.]
 [ 7. 29.]], Test Sensitivity: 86.54, Test Specificity: 93.55,
 Eval Accuracy: 84.44, 
 Eval Confusion Matrix: 
 [[49.  3.]
 [15. 36.]], Eval Sensitivity: 76.56, Eval Specificity: 92.31
I0202 16:23:55.267225 140551071754048 train.py:226] Finished training after 2054 steps and 80 epochs.
Model: "vgg_like"
_________________________________________________________________
Layer (type)                 Output Shape              Param #   
=================================================================
input_1 (InputLayer)         [(None, None, None, 3)]   0         
_________________________________________________________________
conv2d (Conv2D)              (None, None, None, 8)     224       
_________________________________________________________________
batch_normalization (BatchNo (None, None, None, 8)     32        
_________________________________________________________________
conv2d_1 (Conv2D)            (None, None, None, 8)     584       
_________________________________________________________________
max_pooling2d (MaxPooling2D) (None, None, None, 8)     0         
_________________________________________________________________
batch_normalization_1 (Batch (None, None, None, 8)     32        
_________________________________________________________________
conv2d_2 (Conv2D)            (None, None, None, 16)    1168      
_________________________________________________________________
batch_normalization_2 (Batch (None, None, None, 16)    64        
_________________________________________________________________
conv2d_3 (Conv2D)            (None, None, None, 16)    2320      
_________________________________________________________________
max_pooling2d_1 (MaxPooling2 (None, None, None, 16)    0         
_________________________________________________________________
batch_normalization_3 (Batch (None, None, None, 16)    64        
_________________________________________________________________
conv2d_4 (Conv2D)            (None, None, None, 32)    4640      
_________________________________________________________________
batch_normalization_4 (Batch (None, None, None, 32)    128       
_________________________________________________________________
conv2d_5 (Conv2D)            (None, None, None, 32)    9248      
_________________________________________________________________
max_pooling2d_2 (MaxPooling2 (None, None, None, 32)    0         
_________________________________________________________________
batch_normalization_5 (Batch (None, None, None, 32)    128       
_________________________________________________________________
conv2d_6 (Conv2D)            (None, None, None, 64)    18496     
_________________________________________________________________
batch_normalization_6 (Batch (None, None, None, 64)    256       
_________________________________________________________________
conv2d_7 (Conv2D)            (None, None, None, 64)    36928     
_________________________________________________________________
max_pooling2d_3 (MaxPooling2 (None, None, None, 64)    0         
_________________________________________________________________
batch_normalization_7 (Batch (None, None, None, 64)    256       
_________________________________________________________________
global_average_pooling2d (Gl (None, 64)                0         
_________________________________________________________________
dense (Dense)                (None, 128)               8320      
_________________________________________________________________
dropout (Dropout)            (None, 128)               0         
_________________________________________________________________
dense_1 (Dense)              (None, 2)                 258       
=================================================================
Total params: 83,146
Trainable params: 82,666
Non-trainable params: 480
_________________________________________________________________
