2021-02-02 16:23:57.254086: I tensorflow/stream_executor/platform/default/dso_loader.cc:48] Successfully opened dynamic library libcudart.so.10.1
I0202 16:23:58.436406 140349072475968 datasets.py:14] Preparing dataset idrid...
I0202 16:23:58.437210 140349072475968 dataset_info.py:361] Load dataset info from /home/RUS_CIP/st169955/dl-lab-2020-team15/Project1-Diabetic_Retinopathy/idrid/1.0.0
I0202 16:23:58.437831 140349072475968 dataset_builder.py:299] Reusing dataset idrid (/home/RUS_CIP/st169955/dl-lab-2020-team15/Project1-Diabetic_Retinopathy/idrid/1.0.0)
I0202 16:23:58.437879 140349072475968 dataset_builder.py:510] Constructing tf.data.Dataset for split ['train[:80%]', 'train[80%:]', 'test'], from /home/RUS_CIP/st169955/dl-lab-2020-team15/Project1-Diabetic_Retinopathy/idrid/1.0.0
2021-02-02 16:23:58.439181: I tensorflow/stream_executor/platform/default/dso_loader.cc:48] Successfully opened dynamic library libcuda.so.1
2021-02-02 16:23:58.484857: I tensorflow/stream_executor/cuda/cuda_gpu_executor.cc:982] successful NUMA node read from SysFS had negative value (-1), but there must be at least one NUMA node, so returning NUMA node zero
2021-02-02 16:23:58.485590: I tensorflow/core/common_runtime/gpu/gpu_device.cc:1716] Found device 0 with properties: 
pciBusID: 0000:21:00.0 name: GeForce RTX 2080 Ti computeCapability: 7.5
coreClock: 1.545GHz coreCount: 68 deviceMemorySize: 10.76GiB deviceMemoryBandwidth: 573.69GiB/s
2021-02-02 16:23:58.485606: I tensorflow/stream_executor/platform/default/dso_loader.cc:48] Successfully opened dynamic library libcudart.so.10.1
2021-02-02 16:23:58.486748: I tensorflow/stream_executor/platform/default/dso_loader.cc:48] Successfully opened dynamic library libcublas.so.10
2021-02-02 16:23:58.487902: I tensorflow/stream_executor/platform/default/dso_loader.cc:48] Successfully opened dynamic library libcufft.so.10
2021-02-02 16:23:58.488052: I tensorflow/stream_executor/platform/default/dso_loader.cc:48] Successfully opened dynamic library libcurand.so.10
2021-02-02 16:23:58.489146: I tensorflow/stream_executor/platform/default/dso_loader.cc:48] Successfully opened dynamic library libcusolver.so.10
2021-02-02 16:23:58.489722: I tensorflow/stream_executor/platform/default/dso_loader.cc:48] Successfully opened dynamic library libcusparse.so.10
2021-02-02 16:23:58.492169: I tensorflow/stream_executor/platform/default/dso_loader.cc:48] Successfully opened dynamic library libcudnn.so.7
2021-02-02 16:23:58.492275: I tensorflow/stream_executor/cuda/cuda_gpu_executor.cc:982] successful NUMA node read from SysFS had negative value (-1), but there must be at least one NUMA node, so returning NUMA node zero
2021-02-02 16:23:58.493027: I tensorflow/stream_executor/cuda/cuda_gpu_executor.cc:982] successful NUMA node read from SysFS had negative value (-1), but there must be at least one NUMA node, so returning NUMA node zero
2021-02-02 16:23:58.493691: I tensorflow/core/common_runtime/gpu/gpu_device.cc:1858] Adding visible gpu devices: 0
2021-02-02 16:23:58.494002: I tensorflow/core/platform/cpu_feature_guard.cc:142] This TensorFlow binary is optimized with oneAPI Deep Neural Network Library (oneDNN)to use the following CPU instructions in performance-critical operations:  AVX2 FMA
To enable them in other operations, rebuild TensorFlow with the appropriate compiler flags.
2021-02-02 16:23:58.502540: I tensorflow/core/platform/profile_utils/cpu_utils.cc:104] CPU Frequency: 3800025000 Hz
2021-02-02 16:23:58.502969: I tensorflow/compiler/xla/service/service.cc:168] XLA service 0x3e976c0 initialized for platform Host (this does not guarantee that XLA will be used). Devices:
2021-02-02 16:23:58.502995: I tensorflow/compiler/xla/service/service.cc:176]   StreamExecutor device (0): Host, Default Version
2021-02-02 16:23:58.584549: I tensorflow/stream_executor/cuda/cuda_gpu_executor.cc:982] successful NUMA node read from SysFS had negative value (-1), but there must be at least one NUMA node, so returning NUMA node zero
2021-02-02 16:23:58.585342: I tensorflow/compiler/xla/service/service.cc:168] XLA service 0x45ef2e0 initialized for platform CUDA (this does not guarantee that XLA will be used). Devices:
2021-02-02 16:23:58.585399: I tensorflow/compiler/xla/service/service.cc:176]   StreamExecutor device (0): GeForce RTX 2080 Ti, Compute Capability 7.5
2021-02-02 16:23:58.585587: I tensorflow/stream_executor/cuda/cuda_gpu_executor.cc:982] successful NUMA node read from SysFS had negative value (-1), but there must be at least one NUMA node, so returning NUMA node zero
2021-02-02 16:23:58.586634: I tensorflow/core/common_runtime/gpu/gpu_device.cc:1716] Found device 0 with properties: 
pciBusID: 0000:21:00.0 name: GeForce RTX 2080 Ti computeCapability: 7.5
coreClock: 1.545GHz coreCount: 68 deviceMemorySize: 10.76GiB deviceMemoryBandwidth: 573.69GiB/s
2021-02-02 16:23:58.586664: I tensorflow/stream_executor/platform/default/dso_loader.cc:48] Successfully opened dynamic library libcudart.so.10.1
2021-02-02 16:23:58.586695: I tensorflow/stream_executor/platform/default/dso_loader.cc:48] Successfully opened dynamic library libcublas.so.10
2021-02-02 16:23:58.586709: I tensorflow/stream_executor/platform/default/dso_loader.cc:48] Successfully opened dynamic library libcufft.so.10
2021-02-02 16:23:58.586722: I tensorflow/stream_executor/platform/default/dso_loader.cc:48] Successfully opened dynamic library libcurand.so.10
2021-02-02 16:23:58.586734: I tensorflow/stream_executor/platform/default/dso_loader.cc:48] Successfully opened dynamic library libcusolver.so.10
2021-02-02 16:23:58.586747: I tensorflow/stream_executor/platform/default/dso_loader.cc:48] Successfully opened dynamic library libcusparse.so.10
2021-02-02 16:23:58.586760: I tensorflow/stream_executor/platform/default/dso_loader.cc:48] Successfully opened dynamic library libcudnn.so.7
2021-02-02 16:23:58.586828: I tensorflow/stream_executor/cuda/cuda_gpu_executor.cc:982] successful NUMA node read from SysFS had negative value (-1), but there must be at least one NUMA node, so returning NUMA node zero
2021-02-02 16:23:58.587874: I tensorflow/stream_executor/cuda/cuda_gpu_executor.cc:982] successful NUMA node read from SysFS had negative value (-1), but there must be at least one NUMA node, so returning NUMA node zero
2021-02-02 16:23:58.588859: I tensorflow/core/common_runtime/gpu/gpu_device.cc:1858] Adding visible gpu devices: 0
2021-02-02 16:23:58.588886: I tensorflow/stream_executor/platform/default/dso_loader.cc:48] Successfully opened dynamic library libcudart.so.10.1
2021-02-02 16:23:58.885567: I tensorflow/core/common_runtime/gpu/gpu_device.cc:1257] Device interconnect StreamExecutor with strength 1 edge matrix:
2021-02-02 16:23:58.885616: I tensorflow/core/common_runtime/gpu/gpu_device.cc:1263]      0 
2021-02-02 16:23:58.885621: I tensorflow/core/common_runtime/gpu/gpu_device.cc:1276] 0:   N 
2021-02-02 16:23:58.885839: I tensorflow/stream_executor/cuda/cuda_gpu_executor.cc:982] successful NUMA node read from SysFS had negative value (-1), but there must be at least one NUMA node, so returning NUMA node zero
2021-02-02 16:23:58.886585: I tensorflow/stream_executor/cuda/cuda_gpu_executor.cc:982] successful NUMA node read from SysFS had negative value (-1), but there must be at least one NUMA node, so returning NUMA node zero
2021-02-02 16:23:58.887266: I tensorflow/core/common_runtime/gpu/gpu_device.cc:1402] Created TensorFlow device (/job:localhost/replica:0/task:0/device:GPU:0 with 10074 MB memory) -> physical GPU (device: 0, name: GeForce RTX 2080 Ti, pci bus id: 0000:21:00.0, compute capability: 7.5)
WARNING:tensorflow:AutoGraph could not transform <function preprocess at 0x7fa52014a160> and will run it as-is.
Please report this to the TensorFlow team. When filing the bug, set the verbosity to 10 (on Linux, `export AUTOGRAPH_VERBOSITY=10`) and attach the full output.
Cause: module 'gast' has no attribute 'Index'
To silence this warning, decorate the function with @tf.autograph.experimental.do_not_convert
W0202 16:24:02.118606 140349072475968 ag_logging.py:146] AutoGraph could not transform <function preprocess at 0x7fa52014a160> and will run it as-is.
Please report this to the TensorFlow team. When filing the bug, set the verbosity to 10 (on Linux, `export AUTOGRAPH_VERBOSITY=10`) and attach the full output.
Cause: module 'gast' has no attribute 'Index'
To silence this warning, decorate the function with @tf.autograph.experimental.do_not_convert
WARNING:tensorflow:AutoGraph could not transform <function rotate at 0x7fa5201da790> and will run it as-is.
Please report this to the TensorFlow team. When filing the bug, set the verbosity to 10 (on Linux, `export AUTOGRAPH_VERBOSITY=10`) and attach the full output.
Cause: module 'gast' has no attribute 'Index'
To silence this warning, decorate the function with @tf.autograph.experimental.do_not_convert
W0202 16:24:02.300195 140349072475968 ag_logging.py:146] AutoGraph could not transform <function rotate at 0x7fa5201da790> and will run it as-is.
Please report this to the TensorFlow team. When filing the bug, set the verbosity to 10 (on Linux, `export AUTOGRAPH_VERBOSITY=10`) and attach the full output.
Cause: module 'gast' has no attribute 'Index'
To silence this warning, decorate the function with @tf.autograph.experimental.do_not_convert
I0202 16:24:07.554507 140349072475968 train.py:121] Initializing from scratch.
2021-02-02 16:24:08.568251: I tensorflow/stream_executor/platform/default/dso_loader.cc:48] Successfully opened dynamic library libcublas.so.10
2021-02-02 16:24:08.703754: I tensorflow/stream_executor/platform/default/dso_loader.cc:48] Successfully opened dynamic library libcudnn.so.7
I0202 16:24:13.655088 140349072475968 train.py:157] Epoch 1/80, Accuracy: 61.59, 
 Confusion Matrix: 
 [[132.  84.]
 [ 75. 123.]], Sensitivity: 63.77, Specificity: 59.42, 
 Test Accuracy: 71.37, 
 Test Confusion Matrix: 
 [[39. 10.]
 [13. 21.]], Test Sensitivity: 75.00, Test Specificity: 67.74,
 Eval Accuracy: 58.01, 
 Eval Confusion Matrix: 
 [[48. 23.]
 [16. 16.]], Eval Sensitivity: 75.00, Eval Specificity: 41.03
I0202 16:24:14.206989 140349072475968 train.py:157] Epoch 2/80, Accuracy: 69.57, 
 Confusion Matrix: 
 [[137.  56.]
 [ 70. 151.]], Sensitivity: 66.18, Specificity: 72.95, 
 Test Accuracy: 73.33, 
 Test Confusion Matrix: 
 [[36.  7.]
 [16. 24.]], Test Sensitivity: 69.23, Test Specificity: 77.42,
 Eval Accuracy: 61.86, 
 Eval Confusion Matrix: 
 [[48. 20.]
 [16. 19.]], Eval Sensitivity: 75.00, Eval Specificity: 48.72
I0202 16:24:14.698025 140349072475968 train.py:157] Epoch 3/80, Accuracy: 72.95, 
 Confusion Matrix: 
 [[140.  45.]
 [ 67. 162.]], Sensitivity: 67.63, Specificity: 78.26, 
 Test Accuracy: 74.63, 
 Test Confusion Matrix: 
 [[34.  5.]
 [18. 26.]], Test Sensitivity: 65.38, Test Specificity: 83.87,
 Eval Accuracy: 61.80, 
 Eval Confusion Matrix: 
 [[43. 17.]
 [21. 22.]], Eval Sensitivity: 67.19, Eval Specificity: 56.41
I0202 16:24:15.178806 140349072475968 train.py:157] Epoch 4/80, Accuracy: 72.22, 
 Confusion Matrix: 
 [[141.  49.]
 [ 66. 158.]], Sensitivity: 68.12, Specificity: 76.33, 
 Test Accuracy: 63.28, 
 Test Confusion Matrix: 
 [[44. 18.]
 [ 8. 13.]], Test Sensitivity: 84.62, Test Specificity: 41.94,
 Eval Accuracy: 53.51, 
 Eval Confusion Matrix: 
 [[57. 32.]
 [ 7.  7.]], Eval Sensitivity: 89.06, Eval Specificity: 17.95
I0202 16:24:15.665489 140349072475968 train.py:157] Epoch 5/80, Accuracy: 71.74, 
 Confusion Matrix: 
 [[144.  54.]
 [ 63. 153.]], Sensitivity: 69.57, Specificity: 73.91, 
 Test Accuracy: 76.89, 
 Test Confusion Matrix: 
 [[33.  3.]
 [19. 28.]], Test Sensitivity: 63.46, Test Specificity: 90.32,
 Eval Accuracy: 62.02, 
 Eval Confusion Matrix: 
 [[40. 15.]
 [24. 24.]], Eval Sensitivity: 62.50, Eval Specificity: 61.54
I0202 16:24:16.152874 140349072475968 train.py:157] Epoch 6/80, Accuracy: 74.15, 
 Confusion Matrix: 
 [[147.  47.]
 [ 60. 160.]], Sensitivity: 71.01, Specificity: 77.29, 
 Test Accuracy: 74.63, 
 Test Confusion Matrix: 
 [[34.  5.]
 [18. 26.]], Test Sensitivity: 65.38, Test Specificity: 83.87,
 Eval Accuracy: 63.86, 
 Eval Confusion Matrix: 
 [[44. 16.]
 [20. 23.]], Eval Sensitivity: 68.75, Eval Specificity: 58.97
I0202 16:24:16.635810 140349072475968 train.py:157] Epoch 7/80, Accuracy: 74.40, 
 Confusion Matrix: 
 [[151.  50.]
 [ 56. 157.]], Sensitivity: 72.95, Specificity: 75.85, 
 Test Accuracy: 76.89, 
 Test Confusion Matrix: 
 [[33.  3.]
 [19. 28.]], Test Sensitivity: 63.46, Test Specificity: 90.32,
 Eval Accuracy: 61.24, 
 Eval Confusion Matrix: 
 [[39. 15.]
 [25. 24.]], Eval Sensitivity: 60.94, Eval Specificity: 61.54
I0202 16:24:17.122418 140349072475968 train.py:157] Epoch 8/80, Accuracy: 79.47, 
 Confusion Matrix: 
 [[173.  51.]
 [ 34. 156.]], Sensitivity: 83.57, Specificity: 75.36, 
 Test Accuracy: 74.66, 
 Test Confusion Matrix: 
 [[29.  2.]
 [23. 29.]], Test Sensitivity: 55.77, Test Specificity: 93.55,
 Eval Accuracy: 55.99, 
 Eval Confusion Matrix: 
 [[29. 13.]
 [35. 26.]], Eval Sensitivity: 45.31, Eval Specificity: 66.67
I0202 16:24:17.616181 140349072475968 train.py:157] Epoch 9/80, Accuracy: 77.05, 
 Confusion Matrix: 
 [[172.  60.]
 [ 35. 147.]], Sensitivity: 83.09, Specificity: 71.01, 
 Test Accuracy: 76.89, 
 Test Confusion Matrix: 
 [[33.  3.]
 [19. 28.]], Test Sensitivity: 63.46, Test Specificity: 90.32,
 Eval Accuracy: 60.46, 
 Eval Confusion Matrix: 
 [[38. 15.]
 [26. 24.]], Eval Sensitivity: 59.38, Eval Specificity: 61.54
I0202 16:24:18.103128 140349072475968 train.py:157] Epoch 10/80, Accuracy: 78.26, 
 Confusion Matrix: 
 [[175.  58.]
 [ 32. 149.]], Sensitivity: 84.54, Specificity: 71.98, 
 Test Accuracy: 73.39, 
 Test Confusion Matrix: 
 [[26.  1.]
 [26. 30.]], Test Sensitivity: 50.00, Test Specificity: 96.77,
 Eval Accuracy: 62.12, 
 Eval Confusion Matrix: 
 [[27.  7.]
 [37. 32.]], Eval Sensitivity: 42.19, Eval Specificity: 82.05
I0202 16:24:18.587709 140349072475968 train.py:157] Epoch 11/80, Accuracy: 79.95, 
 Confusion Matrix: 
 [[181.  57.]
 [ 26. 150.]], Sensitivity: 87.44, Specificity: 72.46, 
 Test Accuracy: 74.01, 
 Test Confusion Matrix: 
 [[30.  3.]
 [22. 28.]], Test Sensitivity: 57.69, Test Specificity: 90.32,
 Eval Accuracy: 58.89, 
 Eval Confusion Matrix: 
 [[36. 15.]
 [28. 24.]], Eval Sensitivity: 56.25, Eval Specificity: 61.54
I0202 16:24:19.073235 140349072475968 train.py:157] Epoch 12/80, Accuracy: 79.47, 
 Confusion Matrix: 
 [[175.  53.]
 [ 32. 154.]], Sensitivity: 84.54, Specificity: 74.40, 
 Test Accuracy: 75.62, 
 Test Confusion Matrix: 
 [[30.  2.]
 [22. 29.]], Test Sensitivity: 57.69, Test Specificity: 93.55,
 Eval Accuracy: 63.24, 
 Eval Confusion Matrix: 
 [[35. 11.]
 [29. 28.]], Eval Sensitivity: 54.69, Eval Specificity: 71.79
I0202 16:24:19.558793 140349072475968 train.py:157] Epoch 13/80, Accuracy: 81.64, 
 Confusion Matrix: 
 [[178.  47.]
 [ 29. 160.]], Sensitivity: 85.99, Specificity: 77.29, 
 Test Accuracy: 80.37, 
 Test Confusion Matrix: 
 [[45.  8.]
 [ 7. 23.]], Test Sensitivity: 86.54, Test Specificity: 74.19,
 Eval Accuracy: 56.45, 
 Eval Confusion Matrix: 
 [[46. 23.]
 [18. 16.]], Eval Sensitivity: 71.88, Eval Specificity: 41.03
I0202 16:24:20.045900 140349072475968 train.py:157] Epoch 14/80, Accuracy: 80.43, 
 Confusion Matrix: 
 [[173.  47.]
 [ 34. 160.]], Sensitivity: 83.57, Specificity: 77.29, 
 Test Accuracy: 76.89, 
 Test Confusion Matrix: 
 [[33.  3.]
 [19. 28.]], Test Sensitivity: 63.46, Test Specificity: 90.32,
 Eval Accuracy: 63.58, 
 Eval Confusion Matrix: 
 [[42. 15.]
 [22. 24.]], Eval Sensitivity: 65.62, Eval Specificity: 61.54
I0202 16:24:20.543769 140349072475968 train.py:157] Epoch 15/80, Accuracy: 80.92, 
 Confusion Matrix: 
 [[178.  50.]
 [ 29. 157.]], Sensitivity: 85.99, Specificity: 75.85, 
 Test Accuracy: 76.89, 
 Test Confusion Matrix: 
 [[33.  3.]
 [19. 28.]], Test Sensitivity: 63.46, Test Specificity: 90.32,
 Eval Accuracy: 59.68, 
 Eval Confusion Matrix: 
 [[37. 15.]
 [27. 24.]], Eval Sensitivity: 57.81, Eval Specificity: 61.54
I0202 16:24:21.044865 140349072475968 train.py:157] Epoch 16/80, Accuracy: 80.68, 
 Confusion Matrix: 
 [[172.  45.]
 [ 35. 162.]], Sensitivity: 83.09, Specificity: 78.26, 
 Test Accuracy: 78.82, 
 Test Confusion Matrix: 
 [[35.  3.]
 [17. 28.]], Test Sensitivity: 67.31, Test Specificity: 90.32,
 Eval Accuracy: 64.64, 
 Eval Confusion Matrix: 
 [[45. 16.]
 [19. 23.]], Eval Sensitivity: 70.31, Eval Specificity: 58.97
I0202 16:24:21.543271 140349072475968 train.py:157] Epoch 17/80, Accuracy: 83.09, 
 Confusion Matrix: 
 [[179.  42.]
 [ 28. 165.]], Sensitivity: 86.47, Specificity: 79.71, 
 Test Accuracy: 77.14, 
 Test Confusion Matrix: 
 [[45. 10.]
 [ 7. 21.]], Test Sensitivity: 86.54, Test Specificity: 67.74,
 Eval Accuracy: 62.42, 
 Eval Confusion Matrix: 
 [[52. 22.]
 [12. 17.]], Eval Sensitivity: 81.25, Eval Specificity: 43.59
I0202 16:24:22.042876 140349072475968 train.py:157] Epoch 18/80, Accuracy: 84.06, 
 Confusion Matrix: 
 [[185.  44.]
 [ 22. 163.]], Sensitivity: 89.37, Specificity: 78.74, 
 Test Accuracy: 81.95, 
 Test Confusion Matrix: 
 [[50. 10.]
 [ 2. 21.]], Test Sensitivity: 96.15, Test Specificity: 67.74,
 Eval Accuracy: 54.79, 
 Eval Confusion Matrix: 
 [[57. 31.]
 [ 7.  8.]], Eval Sensitivity: 89.06, Eval Specificity: 20.51
I0202 16:24:22.532174 140349072475968 train.py:157] Epoch 19/80, Accuracy: 85.02, 
 Confusion Matrix: 
 [[182.  37.]
 [ 25. 170.]], Sensitivity: 87.92, Specificity: 82.13, 
 Test Accuracy: 71.71, 
 Test Confusion Matrix: 
 [[36.  8.]
 [16. 23.]], Test Sensitivity: 69.23, Test Specificity: 74.19,
 Eval Accuracy: 64.86, 
 Eval Confusion Matrix: 
 [[42. 14.]
 [22. 25.]], Eval Sensitivity: 65.62, Eval Specificity: 64.10
I0202 16:24:23.028466 140349072475968 train.py:157] Epoch 20/80, Accuracy: 86.96, 
 Confusion Matrix: 
 [[187.  34.]
 [ 20. 173.]], Sensitivity: 90.34, Specificity: 83.57, 
 Test Accuracy: 78.78, 
 Test Confusion Matrix: 
 [[40.  6.]
 [12. 25.]], Test Sensitivity: 76.92, Test Specificity: 80.65,
 Eval Accuracy: 60.80, 
 Eval Confusion Matrix: 
 [[45. 19.]
 [19. 20.]], Eval Sensitivity: 70.31, Eval Specificity: 51.28
I0202 16:24:23.519178 140349072475968 train.py:157] Epoch 21/80, Accuracy: 84.30, 
 Confusion Matrix: 
 [[180.  38.]
 [ 27. 169.]], Sensitivity: 86.96, Specificity: 81.64, 
 Test Accuracy: 75.31, 
 Test Confusion Matrix: 
 [[28.  1.]
 [24. 30.]], Test Sensitivity: 53.85, Test Specificity: 96.77,
 Eval Accuracy: 66.65, 
 Eval Confusion Matrix: 
 [[41. 12.]
 [23. 27.]], Eval Sensitivity: 64.06, Eval Specificity: 69.23
I0202 16:24:24.007060 140349072475968 train.py:157] Epoch 22/80, Accuracy: 85.99, 
 Confusion Matrix: 
 [[182.  33.]
 [ 25. 174.]], Sensitivity: 87.92, Specificity: 84.06, 
 Test Accuracy: 72.27, 
 Test Confusion Matrix: 
 [[50. 16.]
 [ 2. 15.]], Test Sensitivity: 96.15, Test Specificity: 48.39,
 Eval Accuracy: 57.57, 
 Eval Confusion Matrix: 
 [[54. 27.]
 [10. 12.]], Eval Sensitivity: 84.38, Eval Specificity: 30.77
I0202 16:24:24.486940 140349072475968 train.py:157] Epoch 23/80, Accuracy: 85.99, 
 Confusion Matrix: 
 [[184.  35.]
 [ 23. 172.]], Sensitivity: 88.89, Specificity: 83.09, 
 Test Accuracy: 71.46, 
 Test Confusion Matrix: 
 [[24.  1.]
 [28. 30.]], Test Sensitivity: 46.15, Test Specificity: 96.77,
 Eval Accuracy: 70.87, 
 Eval Confusion Matrix: 
 [[30.  2.]
 [34. 37.]], Eval Sensitivity: 46.88, Eval Specificity: 94.87
I0202 16:24:24.963315 140349072475968 train.py:157] Epoch 24/80, Accuracy: 84.06, 
 Confusion Matrix: 
 [[175.  34.]
 [ 32. 173.]], Sensitivity: 84.54, Specificity: 83.57, 
 Test Accuracy: 72.12, 
 Test Confusion Matrix: 
 [[23.  0.]
 [29. 31.]], Test Sensitivity: 44.23, Test Specificity: 100.00,
 Eval Accuracy: 71.65, 
 Eval Confusion Matrix: 
 [[31.  2.]
 [33. 37.]], Eval Sensitivity: 48.44, Eval Specificity: 94.87
I0202 16:24:25.450274 140349072475968 train.py:157] Epoch 25/80, Accuracy: 87.20, 
 Confusion Matrix: 
 [[180.  26.]
 [ 27. 181.]], Sensitivity: 86.96, Specificity: 87.44, 
 Test Accuracy: 77.82, 
 Test Confusion Matrix: 
 [[39.  6.]
 [13. 25.]], Test Sensitivity: 75.00, Test Specificity: 80.65,
 Eval Accuracy: 73.12, 
 Eval Confusion Matrix: 
 [[46. 10.]
 [18. 29.]], Eval Sensitivity: 71.88, Eval Specificity: 74.36
I0202 16:24:25.934634 140349072475968 train.py:157] Epoch 26/80, Accuracy: 89.61, 
 Confusion Matrix: 
 [[187.  23.]
 [ 20. 184.]], Sensitivity: 90.34, Specificity: 88.89, 
 Test Accuracy: 72.64, 
 Test Confusion Matrix: 
 [[42. 11.]
 [10. 20.]], Test Sensitivity: 80.77, Test Specificity: 64.52,
 Eval Accuracy: 73.52, 
 Eval Confusion Matrix: 
 [[58. 17.]
 [ 6. 22.]], Eval Sensitivity: 90.62, Eval Specificity: 56.41
I0202 16:24:26.421328 140349072475968 train.py:157] Epoch 27/80, Accuracy: 89.61, 
 Confusion Matrix: 
 [[187.  23.]
 [ 20. 184.]], Sensitivity: 90.34, Specificity: 88.89, 
 Test Accuracy: 60.98, 
 Test Confusion Matrix: 
 [[50. 23.]
 [ 2.  8.]], Test Sensitivity: 96.15, Test Specificity: 25.81,
 Eval Accuracy: 58.19, 
 Eval Confusion Matrix: 
 [[63. 32.]
 [ 1.  7.]], Eval Sensitivity: 98.44, Eval Specificity: 17.95
I0202 16:24:26.907076 140349072475968 train.py:157] Epoch 28/80, Accuracy: 88.41, 
 Confusion Matrix: 
 [[184.  25.]
 [ 23. 182.]], Sensitivity: 88.89, Specificity: 87.92, 
 Test Accuracy: 59.68, 
 Test Confusion Matrix: 
 [[52. 25.]
 [ 0.  6.]], Test Sensitivity: 100.00, Test Specificity: 19.35,
 Eval Accuracy: 52.56, 
 Eval Confusion Matrix: 
 [[64. 37.]
 [ 0.  2.]], Eval Sensitivity: 100.00, Eval Specificity: 5.13
I0202 16:24:27.406996 140349072475968 train.py:157] Epoch 29/80, Accuracy: 88.89, 
 Confusion Matrix: 
 [[184.  23.]
 [ 23. 184.]], Sensitivity: 88.89, Specificity: 88.89, 
 Test Accuracy: 74.88, 
 Test Confusion Matrix: 
 [[46. 12.]
 [ 6. 19.]], Test Sensitivity: 88.46, Test Specificity: 61.29,
 Eval Accuracy: 60.36, 
 Eval Confusion Matrix: 
 [[51. 23.]
 [13. 16.]], Eval Sensitivity: 79.69, Eval Specificity: 41.03
I0202 16:24:27.892962 140349072475968 train.py:157] Epoch 30/80, Accuracy: 87.92, 
 Confusion Matrix: 
 [[182.  25.]
 [ 25. 182.]], Sensitivity: 87.92, Specificity: 87.92, 
 Test Accuracy: 65.04, 
 Test Confusion Matrix: 
 [[19.  2.]
 [33. 29.]], Test Sensitivity: 36.54, Test Specificity: 93.55,
 Eval Accuracy: 69.03, 
 Eval Confusion Matrix: 
 [[26.  1.]
 [38. 38.]], Eval Sensitivity: 40.62, Eval Specificity: 97.44
I0202 16:24:28.379202 140349072475968 train.py:157] Epoch 31/80, Accuracy: 92.51, 
 Confusion Matrix: 
 [[194.  18.]
 [ 13. 189.]], Sensitivity: 93.72, Specificity: 91.30, 
 Test Accuracy: 75.62, 
 Test Confusion Matrix: 
 [[30.  2.]
 [22. 29.]], Test Sensitivity: 57.69, Test Specificity: 93.55,
 Eval Accuracy: 66.87, 
 Eval Confusion Matrix: 
 [[38. 10.]
 [26. 29.]], Eval Sensitivity: 59.38, Eval Specificity: 74.36
I0202 16:24:28.863792 140349072475968 train.py:157] Epoch 32/80, Accuracy: 88.65, 
 Confusion Matrix: 
 [[184.  24.]
 [ 23. 183.]], Sensitivity: 88.89, Specificity: 88.41, 
 Test Accuracy: 70.35, 
 Test Confusion Matrix: 
 [[48. 16.]
 [ 4. 15.]], Test Sensitivity: 92.31, Test Specificity: 48.39,
 Eval Accuracy: 65.32, 
 Eval Confusion Matrix: 
 [[59. 24.]
 [ 5. 15.]], Eval Sensitivity: 92.19, Eval Specificity: 38.46
I0202 16:24:29.346256 140349072475968 train.py:157] Epoch 33/80, Accuracy: 91.79, 
 Confusion Matrix: 
 [[191.  18.]
 [ 16. 189.]], Sensitivity: 92.27, Specificity: 91.30, 
 Test Accuracy: 50.00, 
 Test Confusion Matrix: 
 [[52. 31.]
 [ 0.  0.]], Test Sensitivity: 100.00, Test Specificity: 0.00,
 Eval Accuracy: 50.00, 
 Eval Confusion Matrix: 
 [[64. 39.]
 [ 0.  0.]], Eval Sensitivity: 100.00, Eval Specificity: 0.00
I0202 16:24:29.830037 140349072475968 train.py:157] Epoch 34/80, Accuracy: 91.30, 
 Confusion Matrix: 
 [[188.  17.]
 [ 19. 190.]], Sensitivity: 90.82, Specificity: 91.79, 
 Test Accuracy: 65.82, 
 Test Confusion Matrix: 
 [[50. 20.]
 [ 2. 11.]], Test Sensitivity: 96.15, Test Specificity: 35.48,
 Eval Accuracy: 63.04, 
 Eval Confusion Matrix: 
 [[61. 27.]
 [ 3. 12.]], Eval Sensitivity: 95.31, Eval Specificity: 30.77
I0202 16:24:30.312705 140349072475968 train.py:157] Epoch 35/80, Accuracy: 90.34, 
 Confusion Matrix: 
 [[188.  21.]
 [ 19. 186.]], Sensitivity: 90.82, Specificity: 89.86, 
 Test Accuracy: 59.68, 
 Test Confusion Matrix: 
 [[52. 25.]
 [ 0.  6.]], Test Sensitivity: 100.00, Test Specificity: 19.35,
 Eval Accuracy: 55.13, 
 Eval Confusion Matrix: 
 [[64. 35.]
 [ 0.  4.]], Eval Sensitivity: 100.00, Eval Specificity: 10.26
I0202 16:24:30.803904 140349072475968 train.py:157] Epoch 36/80, Accuracy: 92.75, 
 Confusion Matrix: 
 [[191.  14.]
 [ 16. 193.]], Sensitivity: 92.27, Specificity: 93.24, 
 Test Accuracy: 54.84, 
 Test Confusion Matrix: 
 [[52. 28.]
 [ 0.  3.]], Test Sensitivity: 100.00, Test Specificity: 9.68,
 Eval Accuracy: 53.85, 
 Eval Confusion Matrix: 
 [[64. 36.]
 [ 0.  3.]], Eval Sensitivity: 100.00, Eval Specificity: 7.69
I0202 16:24:31.295826 140349072475968 train.py:157] Epoch 37/80, Accuracy: 93.96, 
 Confusion Matrix: 
 [[194.  12.]
 [ 13. 195.]], Sensitivity: 93.72, Specificity: 94.20, 
 Test Accuracy: 69.04, 
 Test Confusion Matrix: 
 [[50. 18.]
 [ 2. 13.]], Test Sensitivity: 96.15, Test Specificity: 41.94,
 Eval Accuracy: 61.26, 
 Eval Confusion Matrix: 
 [[62. 29.]
 [ 2. 10.]], Eval Sensitivity: 96.88, Eval Specificity: 25.64
I0202 16:24:31.788222 140349072475968 train.py:157] Epoch 38/80, Accuracy: 94.69, 
 Confusion Matrix: 
 [[194.   9.]
 [ 13. 198.]], Sensitivity: 93.72, Specificity: 95.65, 
 Test Accuracy: 61.29, 
 Test Confusion Matrix: 
 [[52. 24.]
 [ 0.  7.]], Test Sensitivity: 100.00, Test Specificity: 22.58,
 Eval Accuracy: 57.69, 
 Eval Confusion Matrix: 
 [[64. 33.]
 [ 0.  6.]], Eval Sensitivity: 100.00, Eval Specificity: 15.38
I0202 16:24:32.291323 140349072475968 train.py:157] Epoch 39/80, Accuracy: 95.65, 
 Confusion Matrix: 
 [[199.  10.]
 [  8. 197.]], Sensitivity: 96.14, Specificity: 95.17, 
 Test Accuracy: 60.89, 
 Test Confusion Matrix: 
 [[13.  1.]
 [39. 30.]], Test Sensitivity: 25.00, Test Specificity: 96.77,
 Eval Accuracy: 70.31, 
 Eval Confusion Matrix: 
 [[26.  0.]
 [38. 39.]], Eval Sensitivity: 40.62, Eval Specificity: 100.00
I0202 16:24:32.795854 140349072475968 train.py:157] Epoch 40/80, Accuracy: 95.17, 
 Confusion Matrix: 
 [[196.   9.]
 [ 11. 198.]], Sensitivity: 94.69, Specificity: 95.65, 
 Test Accuracy: 51.61, 
 Test Confusion Matrix: 
 [[52. 30.]
 [ 0.  1.]], Test Sensitivity: 100.00, Test Specificity: 3.23,
 Eval Accuracy: 52.56, 
 Eval Confusion Matrix: 
 [[64. 37.]
 [ 0.  2.]], Eval Sensitivity: 100.00, Eval Specificity: 5.13
I0202 16:24:33.289673 140349072475968 train.py:157] Epoch 41/80, Accuracy: 95.17, 
 Confusion Matrix: 
 [[198.  11.]
 [  9. 196.]], Sensitivity: 95.65, Specificity: 94.69, 
 Test Accuracy: 69.45, 
 Test Confusion Matrix: 
 [[37. 10.]
 [15. 21.]], Test Sensitivity: 71.15, Test Specificity: 67.74,
 Eval Accuracy: 67.49, 
 Eval Confusion Matrix: 
 [[47. 15.]
 [17. 24.]], Eval Sensitivity: 73.44, Eval Specificity: 61.54
I0202 16:24:33.785109 140349072475968 train.py:157] Epoch 42/80, Accuracy: 91.55, 
 Confusion Matrix: 
 [[189.  17.]
 [ 18. 190.]], Sensitivity: 91.30, Specificity: 91.79, 
 Test Accuracy: 50.00, 
 Test Confusion Matrix: 
 [[ 0.  0.]
 [52. 31.]], Test Sensitivity: 0.00, Test Specificity: 100.00,
 Eval Accuracy: 50.00, 
 Eval Confusion Matrix: 
 [[ 0.  0.]
 [64. 39.]], Eval Sensitivity: 0.00, Eval Specificity: 100.00
I0202 16:24:34.281661 140349072475968 train.py:157] Epoch 43/80, Accuracy: 92.75, 
 Confusion Matrix: 
 [[190.  13.]
 [ 17. 194.]], Sensitivity: 91.79, Specificity: 93.72, 
 Test Accuracy: 68.86, 
 Test Confusion Matrix: 
 [[28.  5.]
 [24. 26.]], Test Sensitivity: 53.85, Test Specificity: 83.87,
 Eval Accuracy: 77.18, 
 Eval Confusion Matrix: 
 [[43.  5.]
 [21. 34.]], Eval Sensitivity: 67.19, Eval Specificity: 87.18
I0202 16:24:34.775006 140349072475968 train.py:157] Epoch 44/80, Accuracy: 95.41, 
 Confusion Matrix: 
 [[199.  11.]
 [  8. 196.]], Sensitivity: 96.14, Specificity: 94.69, 
 Test Accuracy: 64.70, 
 Test Confusion Matrix: 
 [[22.  4.]
 [30. 27.]], Test Sensitivity: 42.31, Test Specificity: 87.10,
 Eval Accuracy: 70.65, 
 Eval Confusion Matrix: 
 [[33.  4.]
 [31. 35.]], Eval Sensitivity: 51.56, Eval Specificity: 89.74
I0202 16:24:35.264530 140349072475968 train.py:157] Epoch 45/80, Accuracy: 94.69, 
 Confusion Matrix: 
 [[197.  12.]
 [ 10. 195.]], Sensitivity: 95.17, Specificity: 94.20, 
 Test Accuracy: 65.17, 
 Test Confusion Matrix: 
 [[51. 21.]
 [ 1. 10.]], Test Sensitivity: 98.08, Test Specificity: 32.26,
 Eval Accuracy: 56.13, 
 Eval Confusion Matrix: 
 [[62. 33.]
 [ 2.  6.]], Eval Sensitivity: 96.88, Eval Specificity: 15.38
I0202 16:24:35.750356 140349072475968 train.py:157] Epoch 46/80, Accuracy: 95.41, 
 Confusion Matrix: 
 [[197.   9.]
 [ 10. 198.]], Sensitivity: 95.17, Specificity: 95.65, 
 Test Accuracy: 79.13, 
 Test Confusion Matrix: 
 [[37.  4.]
 [15. 27.]], Test Sensitivity: 71.15, Test Specificity: 87.10,
 Eval Accuracy: 76.68, 
 Eval Confusion Matrix: 
 [[44.  6.]
 [20. 33.]], Eval Sensitivity: 68.75, Eval Specificity: 84.62
I0202 16:24:36.244695 140349072475968 train.py:157] Epoch 47/80, Accuracy: 97.58, 
 Confusion Matrix: 
 [[201.   4.]
 [  6. 203.]], Sensitivity: 97.10, Specificity: 98.07, 
 Test Accuracy: 50.00, 
 Test Confusion Matrix: 
 [[52. 31.]
 [ 0.  0.]], Test Sensitivity: 100.00, Test Specificity: 0.00,
 Eval Accuracy: 52.56, 
 Eval Confusion Matrix: 
 [[64. 37.]
 [ 0.  2.]], Eval Sensitivity: 100.00, Eval Specificity: 5.13
I0202 16:24:36.734219 140349072475968 train.py:157] Epoch 48/80, Accuracy: 99.03, 
 Confusion Matrix: 
 [[205.   2.]
 [  2. 205.]], Sensitivity: 99.03, Specificity: 99.03, 
 Test Accuracy: 50.00, 
 Test Confusion Matrix: 
 [[52. 31.]
 [ 0.  0.]], Test Sensitivity: 100.00, Test Specificity: 0.00,
 Eval Accuracy: 50.00, 
 Eval Confusion Matrix: 
 [[64. 39.]
 [ 0.  0.]], Eval Sensitivity: 100.00, Eval Specificity: 0.00
I0202 16:24:37.230324 140349072475968 train.py:157] Epoch 49/80, Accuracy: 96.62, 
 Confusion Matrix: 
 [[199.   6.]
 [  8. 201.]], Sensitivity: 96.14, Specificity: 97.10, 
 Test Accuracy: 74.66, 
 Test Confusion Matrix: 
 [[29.  2.]
 [23. 29.]], Test Sensitivity: 55.77, Test Specificity: 93.55,
 Eval Accuracy: 76.12, 
 Eval Confusion Matrix: 
 [[40.  4.]
 [24. 35.]], Eval Sensitivity: 62.50, Eval Specificity: 89.74
I0202 16:24:37.720263 140349072475968 train.py:157] Epoch 50/80, Accuracy: 94.44, 
 Confusion Matrix: 
 [[196.  12.]
 [ 11. 195.]], Sensitivity: 94.69, Specificity: 94.20, 
 Test Accuracy: 66.50, 
 Test Confusion Matrix: 
 [[44. 16.]
 [ 8. 15.]], Test Sensitivity: 84.62, Test Specificity: 48.39,
 Eval Accuracy: 73.30, 
 Eval Confusion Matrix: 
 [[61. 19.]
 [ 3. 20.]], Eval Sensitivity: 95.31, Eval Specificity: 51.28
I0202 16:24:38.208524 140349072475968 train.py:157] Epoch 51/80, Accuracy: 98.31, 
 Confusion Matrix: 
 [[203.   3.]
 [  4. 204.]], Sensitivity: 98.07, Specificity: 98.55, 
 Test Accuracy: 70.78, 
 Test Confusion Matrix: 
 [[30.  5.]
 [22. 26.]], Test Sensitivity: 57.69, Test Specificity: 83.87,
 Eval Accuracy: 68.93, 
 Eval Confusion Matrix: 
 [[39.  9.]
 [25. 30.]], Eval Sensitivity: 60.94, Eval Specificity: 76.92
I0202 16:24:38.704785 140349072475968 train.py:157] Epoch 52/80, Accuracy: 97.58, 
 Confusion Matrix: 
 [[202.   5.]
 [  5. 202.]], Sensitivity: 97.58, Specificity: 97.58, 
 Test Accuracy: 53.23, 
 Test Confusion Matrix: 
 [[52. 29.]
 [ 0.  2.]], Test Sensitivity: 100.00, Test Specificity: 6.45,
 Eval Accuracy: 55.13, 
 Eval Confusion Matrix: 
 [[64. 35.]
 [ 0.  4.]], Eval Sensitivity: 100.00, Eval Specificity: 10.26
I0202 16:24:39.199673 140349072475968 train.py:157] Epoch 53/80, Accuracy: 95.89, 
 Confusion Matrix: 
 [[199.   9.]
 [  8. 198.]], Sensitivity: 96.14, Specificity: 95.65, 
 Test Accuracy: 51.61, 
 Test Confusion Matrix: 
 [[52. 30.]
 [ 0.  1.]], Test Sensitivity: 100.00, Test Specificity: 3.23,
 Eval Accuracy: 51.28, 
 Eval Confusion Matrix: 
 [[64. 38.]
 [ 0.  1.]], Eval Sensitivity: 100.00, Eval Specificity: 2.56
I0202 16:24:39.695404 140349072475968 train.py:157] Epoch 54/80, Accuracy: 98.07, 
 Confusion Matrix: 
 [[201.   2.]
 [  6. 205.]], Sensitivity: 97.10, Specificity: 99.03, 
 Test Accuracy: 63.55, 
 Test Confusion Matrix: 
 [[51. 22.]
 [ 1.  9.]], Test Sensitivity: 98.08, Test Specificity: 29.03,
 Eval Accuracy: 61.54, 
 Eval Confusion Matrix: 
 [[64. 30.]
 [ 0.  9.]], Eval Sensitivity: 100.00, Eval Specificity: 23.08
I0202 16:24:40.184596 140349072475968 train.py:157] Epoch 55/80, Accuracy: 98.79, 
 Confusion Matrix: 
 [[203.   1.]
 [  4. 206.]], Sensitivity: 98.07, Specificity: 99.52, 
 Test Accuracy: 66.78, 
 Test Confusion Matrix: 
 [[51. 20.]
 [ 1. 11.]], Test Sensitivity: 98.08, Test Specificity: 35.48,
 Eval Accuracy: 61.54, 
 Eval Confusion Matrix: 
 [[64. 30.]
 [ 0.  9.]], Eval Sensitivity: 100.00, Eval Specificity: 23.08
I0202 16:24:40.675925 140349072475968 train.py:157] Epoch 56/80, Accuracy: 100.00, 
 Confusion Matrix: 
 [[207.   0.]
 [  0. 207.]], Sensitivity: 100.00, Specificity: 100.00, 
 Test Accuracy: 53.23, 
 Test Confusion Matrix: 
 [[52. 29.]
 [ 0.  2.]], Test Sensitivity: 100.00, Test Specificity: 6.45,
 Eval Accuracy: 52.56, 
 Eval Confusion Matrix: 
 [[64. 37.]
 [ 0.  2.]], Eval Sensitivity: 100.00, Eval Specificity: 5.13
I0202 16:24:41.168639 140349072475968 train.py:157] Epoch 57/80, Accuracy: 99.76, 
 Confusion Matrix: 
 [[207.   1.]
 [  0. 206.]], Sensitivity: 100.00, Specificity: 99.52, 
 Test Accuracy: 55.52, 
 Test Confusion Matrix: 
 [[46. 24.]
 [ 6.  7.]], Test Sensitivity: 88.46, Test Specificity: 22.58,
 Eval Accuracy: 57.41, 
 Eval Confusion Matrix: 
 [[62. 32.]
 [ 2.  7.]], Eval Sensitivity: 96.88, Eval Specificity: 17.95
I0202 16:24:41.660881 140349072475968 train.py:157] Epoch 58/80, Accuracy: 97.10, 
 Confusion Matrix: 
 [[200.   5.]
 [  7. 202.]], Sensitivity: 96.62, Specificity: 97.58, 
 Test Accuracy: 67.59, 
 Test Confusion Matrix: 
 [[25.  4.]
 [27. 27.]], Test Sensitivity: 48.08, Test Specificity: 87.10,
 Eval Accuracy: 75.78, 
 Eval Confusion Matrix: 
 [[33.  0.]
 [31. 39.]], Eval Sensitivity: 51.56, Eval Specificity: 100.00
I0202 16:24:42.154579 140349072475968 train.py:157] Epoch 59/80, Accuracy: 97.58, 
 Confusion Matrix: 
 [[202.   5.]
 [  5. 202.]], Sensitivity: 97.58, Specificity: 97.58, 
 Test Accuracy: 75.90, 
 Test Confusion Matrix: 
 [[37.  6.]
 [15. 25.]], Test Sensitivity: 71.15, Test Specificity: 80.65,
 Eval Accuracy: 71.83, 
 Eval Confusion Matrix: 
 [[46. 11.]
 [18. 28.]], Eval Sensitivity: 71.88, Eval Specificity: 71.79
I0202 16:24:42.647758 140349072475968 train.py:157] Epoch 60/80, Accuracy: 99.52, 
 Confusion Matrix: 
 [[206.   1.]
 [  1. 206.]], Sensitivity: 99.52, Specificity: 99.52, 
 Test Accuracy: 74.88, 
 Test Confusion Matrix: 
 [[46. 12.]
 [ 6. 19.]], Test Sensitivity: 88.46, Test Specificity: 61.29,
 Eval Accuracy: 67.39, 
 Eval Confusion Matrix: 
 [[60. 23.]
 [ 4. 16.]], Eval Sensitivity: 93.75, Eval Specificity: 41.03
I0202 16:24:43.139678 140349072475968 train.py:157] Epoch 61/80, Accuracy: 100.00, 
 Confusion Matrix: 
 [[207.   0.]
 [  0. 207.]], Sensitivity: 100.00, Specificity: 100.00, 
 Test Accuracy: 75.19, 
 Test Confusion Matrix: 
 [[48. 13.]
 [ 4. 18.]], Test Sensitivity: 92.31, Test Specificity: 58.06,
 Eval Accuracy: 68.39, 
 Eval Confusion Matrix: 
 [[58. 21.]
 [ 6. 18.]], Eval Sensitivity: 90.62, Eval Specificity: 46.15
I0202 16:24:43.632267 140349072475968 train.py:157] Epoch 62/80, Accuracy: 100.00, 
 Confusion Matrix: 
 [[207.   0.]
 [  0. 207.]], Sensitivity: 100.00, Specificity: 100.00, 
 Test Accuracy: 75.19, 
 Test Confusion Matrix: 
 [[48. 13.]
 [ 4. 18.]], Test Sensitivity: 92.31, Test Specificity: 58.06,
 Eval Accuracy: 67.67, 
 Eval Confusion Matrix: 
 [[62. 24.]
 [ 2. 15.]], Eval Sensitivity: 96.88, Eval Specificity: 38.46
I0202 16:24:44.128865 140349072475968 train.py:157] Epoch 63/80, Accuracy: 100.00, 
 Confusion Matrix: 
 [[207.   0.]
 [  0. 207.]], Sensitivity: 100.00, Specificity: 100.00, 
 Test Accuracy: 76.15, 
 Test Confusion Matrix: 
 [[49. 13.]
 [ 3. 18.]], Test Sensitivity: 94.23, Test Specificity: 58.06,
 Eval Accuracy: 63.82, 
 Eval Confusion Matrix: 
 [[62. 27.]
 [ 2. 12.]], Eval Sensitivity: 96.88, Eval Specificity: 30.77
I0202 16:24:44.620422 140349072475968 train.py:157] Epoch 64/80, Accuracy: 100.00, 
 Confusion Matrix: 
 [[207.   0.]
 [  0. 207.]], Sensitivity: 100.00, Specificity: 100.00, 
 Test Accuracy: 62.59, 
 Test Confusion Matrix: 
 [[50. 22.]
 [ 2.  9.]], Test Sensitivity: 96.15, Test Specificity: 29.03,
 Eval Accuracy: 58.97, 
 Eval Confusion Matrix: 
 [[64. 32.]
 [ 0.  7.]], Eval Sensitivity: 100.00, Eval Specificity: 17.95
I0202 16:24:45.115571 140349072475968 train.py:157] Epoch 65/80, Accuracy: 100.00, 
 Confusion Matrix: 
 [[207.   0.]
 [  0. 207.]], Sensitivity: 100.00, Specificity: 100.00, 
 Test Accuracy: 71.31, 
 Test Confusion Matrix: 
 [[49. 16.]
 [ 3. 15.]], Test Sensitivity: 94.23, Test Specificity: 48.39,
 Eval Accuracy: 64.10, 
 Eval Confusion Matrix: 
 [[64. 28.]
 [ 0. 11.]], Eval Sensitivity: 100.00, Eval Specificity: 28.21
I0202 16:24:45.607532 140349072475968 train.py:157] Epoch 66/80, Accuracy: 100.00, 
 Confusion Matrix: 
 [[207.   0.]
 [  0. 207.]], Sensitivity: 100.00, Specificity: 100.00, 
 Test Accuracy: 76.15, 
 Test Confusion Matrix: 
 [[49. 13.]
 [ 3. 18.]], Test Sensitivity: 94.23, Test Specificity: 58.06,
 Eval Accuracy: 67.67, 
 Eval Confusion Matrix: 
 [[62. 24.]
 [ 2. 15.]], Eval Sensitivity: 96.88, Eval Specificity: 38.46
I0202 16:24:46.102979 140349072475968 train.py:157] Epoch 67/80, Accuracy: 100.00, 
 Confusion Matrix: 
 [[207.   0.]
 [  0. 207.]], Sensitivity: 100.00, Specificity: 100.00, 
 Test Accuracy: 76.15, 
 Test Confusion Matrix: 
 [[49. 13.]
 [ 3. 18.]], Test Sensitivity: 94.23, Test Specificity: 58.06,
 Eval Accuracy: 67.67, 
 Eval Confusion Matrix: 
 [[62. 24.]
 [ 2. 15.]], Eval Sensitivity: 96.88, Eval Specificity: 38.46
I0202 16:24:46.598022 140349072475968 train.py:157] Epoch 68/80, Accuracy: 100.00, 
 Confusion Matrix: 
 [[207.   0.]
 [  0. 207.]], Sensitivity: 100.00, Specificity: 100.00, 
 Test Accuracy: 76.15, 
 Test Confusion Matrix: 
 [[49. 13.]
 [ 3. 18.]], Test Sensitivity: 94.23, Test Specificity: 58.06,
 Eval Accuracy: 67.67, 
 Eval Confusion Matrix: 
 [[62. 24.]
 [ 2. 15.]], Eval Sensitivity: 96.88, Eval Specificity: 38.46
I0202 16:24:47.091149 140349072475968 train.py:157] Epoch 69/80, Accuracy: 99.76, 
 Confusion Matrix: 
 [[207.   1.]
 [  0. 206.]], Sensitivity: 100.00, Specificity: 99.52, 
 Test Accuracy: 53.23, 
 Test Confusion Matrix: 
 [[52. 29.]
 [ 0.  2.]], Test Sensitivity: 100.00, Test Specificity: 6.45,
 Eval Accuracy: 55.13, 
 Eval Confusion Matrix: 
 [[64. 35.]
 [ 0.  4.]], Eval Sensitivity: 100.00, Eval Specificity: 10.26
I0202 16:24:47.591315 140349072475968 train.py:157] Epoch 70/80, Accuracy: 99.76, 
 Confusion Matrix: 
 [[206.   0.]
 [  1. 207.]], Sensitivity: 99.52, Specificity: 100.00, 
 Test Accuracy: 55.49, 
 Test Confusion Matrix: 
 [[51. 27.]
 [ 1.  4.]], Test Sensitivity: 98.08, Test Specificity: 12.90,
 Eval Accuracy: 55.13, 
 Eval Confusion Matrix: 
 [[64. 35.]
 [ 0.  4.]], Eval Sensitivity: 100.00, Eval Specificity: 10.26
I0202 16:24:48.086832 140349072475968 train.py:157] Epoch 71/80, Accuracy: 100.00, 
 Confusion Matrix: 
 [[207.   0.]
 [  0. 207.]], Sensitivity: 100.00, Specificity: 100.00, 
 Test Accuracy: 65.82, 
 Test Confusion Matrix: 
 [[50. 20.]
 [ 2. 11.]], Test Sensitivity: 96.15, Test Specificity: 35.48,
 Eval Accuracy: 59.48, 
 Eval Confusion Matrix: 
 [[63. 31.]
 [ 1.  8.]], Eval Sensitivity: 98.44, Eval Specificity: 20.51
I0202 16:24:48.579218 140349072475968 train.py:157] Epoch 72/80, Accuracy: 100.00, 
 Confusion Matrix: 
 [[207.   0.]
 [  0. 207.]], Sensitivity: 100.00, Specificity: 100.00, 
 Test Accuracy: 72.92, 
 Test Confusion Matrix: 
 [[49. 15.]
 [ 3. 16.]], Test Sensitivity: 94.23, Test Specificity: 51.61,
 Eval Accuracy: 65.10, 
 Eval Confusion Matrix: 
 [[62. 26.]
 [ 2. 13.]], Eval Sensitivity: 96.88, Eval Specificity: 33.33
I0202 16:24:49.070999 140349072475968 train.py:157] Epoch 73/80, Accuracy: 100.00, 
 Confusion Matrix: 
 [[207.   0.]
 [  0. 207.]], Sensitivity: 100.00, Specificity: 100.00, 
 Test Accuracy: 75.19, 
 Test Confusion Matrix: 
 [[48. 13.]
 [ 4. 18.]], Test Sensitivity: 92.31, Test Specificity: 58.06,
 Eval Accuracy: 68.17, 
 Eval Confusion Matrix: 
 [[61. 23.]
 [ 3. 16.]], Eval Sensitivity: 95.31, Eval Specificity: 41.03
I0202 16:24:49.560221 140349072475968 train.py:157] Epoch 74/80, Accuracy: 100.00, 
 Confusion Matrix: 
 [[207.   0.]
 [  0. 207.]], Sensitivity: 100.00, Specificity: 100.00, 
 Test Accuracy: 74.53, 
 Test Confusion Matrix: 
 [[49. 14.]
 [ 3. 17.]], Test Sensitivity: 94.23, Test Specificity: 54.84,
 Eval Accuracy: 70.23, 
 Eval Confusion Matrix: 
 [[62. 22.]
 [ 2. 17.]], Eval Sensitivity: 96.88, Eval Specificity: 43.59
I0202 16:24:50.050957 140349072475968 train.py:157] Epoch 75/80, Accuracy: 100.00, 
 Confusion Matrix: 
 [[207.   0.]
 [  0. 207.]], Sensitivity: 100.00, Specificity: 100.00, 
 Test Accuracy: 75.50, 
 Test Confusion Matrix: 
 [[50. 14.]
 [ 2. 17.]], Test Sensitivity: 96.15, Test Specificity: 54.84,
 Eval Accuracy: 67.17, 
 Eval Confusion Matrix: 
 [[63. 25.]
 [ 1. 14.]], Eval Sensitivity: 98.44, Eval Specificity: 35.90
I0202 16:24:50.552830 140349072475968 train.py:157] Epoch 76/80, Accuracy: 100.00, 
 Confusion Matrix: 
 [[207.   0.]
 [  0. 207.]], Sensitivity: 100.00, Specificity: 100.00, 
 Test Accuracy: 75.19, 
 Test Confusion Matrix: 
 [[48. 13.]
 [ 4. 18.]], Test Sensitivity: 92.31, Test Specificity: 58.06,
 Eval Accuracy: 67.67, 
 Eval Confusion Matrix: 
 [[62. 24.]
 [ 2. 15.]], Eval Sensitivity: 96.88, Eval Specificity: 38.46
I0202 16:24:51.041219 140349072475968 train.py:157] Epoch 77/80, Accuracy: 100.00, 
 Confusion Matrix: 
 [[207.   0.]
 [  0. 207.]], Sensitivity: 100.00, Specificity: 100.00, 
 Test Accuracy: 75.19, 
 Test Confusion Matrix: 
 [[48. 13.]
 [ 4. 18.]], Test Sensitivity: 92.31, Test Specificity: 58.06,
 Eval Accuracy: 68.95, 
 Eval Confusion Matrix: 
 [[62. 23.]
 [ 2. 16.]], Eval Sensitivity: 96.88, Eval Specificity: 41.03
I0202 16:24:51.532902 140349072475968 train.py:157] Epoch 78/80, Accuracy: 100.00, 
 Confusion Matrix: 
 [[207.   0.]
 [  0. 207.]], Sensitivity: 100.00, Specificity: 100.00, 
 Test Accuracy: 75.19, 
 Test Confusion Matrix: 
 [[48. 13.]
 [ 4. 18.]], Test Sensitivity: 92.31, Test Specificity: 58.06,
 Eval Accuracy: 69.45, 
 Eval Confusion Matrix: 
 [[61. 22.]
 [ 3. 17.]], Eval Sensitivity: 95.31, Eval Specificity: 43.59
I0202 16:24:52.027867 140349072475968 train.py:157] Epoch 79/80, Accuracy: 100.00, 
 Confusion Matrix: 
 [[207.   0.]
 [  0. 207.]], Sensitivity: 100.00, Specificity: 100.00, 
 Test Accuracy: 77.45, 
 Test Confusion Matrix: 
 [[47. 11.]
 [ 5. 20.]], Test Sensitivity: 90.38, Test Specificity: 64.52,
 Eval Accuracy: 69.95, 
 Eval Confusion Matrix: 
 [[60. 21.]
 [ 4. 18.]], Eval Sensitivity: 93.75, Eval Specificity: 46.15
I0202 16:24:52.060005 140349072475968 train.py:226] Finished training after 2054 steps and 80 epochs.
Model: "vgg_like"
_________________________________________________________________
Layer (type)                 Output Shape              Param #   
=================================================================
input_1 (InputLayer)         [(None, None, None, 3)]   0         
_________________________________________________________________
conv2d (Conv2D)              (None, None, None, 8)     224       
_________________________________________________________________
batch_normalization (BatchNo (None, None, None, 8)     32        
_________________________________________________________________
conv2d_1 (Conv2D)            (None, None, None, 8)     584       
_________________________________________________________________
max_pooling2d (MaxPooling2D) (None, None, None, 8)     0         
_________________________________________________________________
batch_normalization_1 (Batch (None, None, None, 8)     32        
_________________________________________________________________
conv2d_2 (Conv2D)            (None, None, None, 16)    1168      
_________________________________________________________________
batch_normalization_2 (Batch (None, None, None, 16)    64        
_________________________________________________________________
conv2d_3 (Conv2D)            (None, None, None, 16)    2320      
_________________________________________________________________
max_pooling2d_1 (MaxPooling2 (None, None, None, 16)    0         
_________________________________________________________________
batch_normalization_3 (Batch (None, None, None, 16)    64        
_________________________________________________________________
conv2d_4 (Conv2D)            (None, None, None, 32)    4640      
_________________________________________________________________
batch_normalization_4 (Batch (None, None, None, 32)    128       
_________________________________________________________________
conv2d_5 (Conv2D)            (None, None, None, 32)    9248      
_________________________________________________________________
max_pooling2d_2 (MaxPooling2 (None, None, None, 32)    0         
_________________________________________________________________
batch_normalization_5 (Batch (None, None, None, 32)    128       
_________________________________________________________________
conv2d_6 (Conv2D)            (None, None, None, 64)    18496     
_________________________________________________________________
batch_normalization_6 (Batch (None, None, None, 64)    256       
_________________________________________________________________
conv2d_7 (Conv2D)            (None, None, None, 64)    36928     
_________________________________________________________________
max_pooling2d_3 (MaxPooling2 (None, None, None, 64)    0         
_________________________________________________________________
batch_normalization_7 (Batch (None, None, None, 64)    256       
_________________________________________________________________
global_average_pooling2d (Gl (None, 64)                0         
_________________________________________________________________
dense (Dense)                (None, 128)               8320      
_________________________________________________________________
dropout (Dropout)            (None, 128)               0         
_________________________________________________________________
dense_1 (Dense)              (None, 2)                 258       
=================================================================
Total params: 83,146
Trainable params: 82,666
Non-trainable params: 480
_________________________________________________________________
