2021-02-02 16:26:48.020001: I tensorflow/stream_executor/platform/default/dso_loader.cc:48] Successfully opened dynamic library libcudart.so.10.1
I0202 16:26:49.194403 140635426166592 datasets.py:14] Preparing dataset idrid...
I0202 16:26:49.195176 140635426166592 dataset_info.py:361] Load dataset info from /home/RUS_CIP/st169955/dl-lab-2020-team15/Project1-Diabetic_Retinopathy/idrid/1.0.0
I0202 16:26:49.195771 140635426166592 dataset_builder.py:299] Reusing dataset idrid (/home/RUS_CIP/st169955/dl-lab-2020-team15/Project1-Diabetic_Retinopathy/idrid/1.0.0)
I0202 16:26:49.195818 140635426166592 dataset_builder.py:510] Constructing tf.data.Dataset for split ['train[:80%]', 'train[80%:]', 'test'], from /home/RUS_CIP/st169955/dl-lab-2020-team15/Project1-Diabetic_Retinopathy/idrid/1.0.0
2021-02-02 16:26:49.197056: I tensorflow/stream_executor/platform/default/dso_loader.cc:48] Successfully opened dynamic library libcuda.so.1
2021-02-02 16:26:49.240402: I tensorflow/stream_executor/cuda/cuda_gpu_executor.cc:982] successful NUMA node read from SysFS had negative value (-1), but there must be at least one NUMA node, so returning NUMA node zero
2021-02-02 16:26:49.241137: I tensorflow/core/common_runtime/gpu/gpu_device.cc:1716] Found device 0 with properties: 
pciBusID: 0000:21:00.0 name: GeForce RTX 2080 Ti computeCapability: 7.5
coreClock: 1.545GHz coreCount: 68 deviceMemorySize: 10.76GiB deviceMemoryBandwidth: 573.69GiB/s
2021-02-02 16:26:49.241154: I tensorflow/stream_executor/platform/default/dso_loader.cc:48] Successfully opened dynamic library libcudart.so.10.1
2021-02-02 16:26:49.242300: I tensorflow/stream_executor/platform/default/dso_loader.cc:48] Successfully opened dynamic library libcublas.so.10
2021-02-02 16:26:49.243498: I tensorflow/stream_executor/platform/default/dso_loader.cc:48] Successfully opened dynamic library libcufft.so.10
2021-02-02 16:26:49.243647: I tensorflow/stream_executor/platform/default/dso_loader.cc:48] Successfully opened dynamic library libcurand.so.10
2021-02-02 16:26:49.244744: I tensorflow/stream_executor/platform/default/dso_loader.cc:48] Successfully opened dynamic library libcusolver.so.10
2021-02-02 16:26:49.245316: I tensorflow/stream_executor/platform/default/dso_loader.cc:48] Successfully opened dynamic library libcusparse.so.10
2021-02-02 16:26:49.247799: I tensorflow/stream_executor/platform/default/dso_loader.cc:48] Successfully opened dynamic library libcudnn.so.7
2021-02-02 16:26:49.247909: I tensorflow/stream_executor/cuda/cuda_gpu_executor.cc:982] successful NUMA node read from SysFS had negative value (-1), but there must be at least one NUMA node, so returning NUMA node zero
2021-02-02 16:26:49.248674: I tensorflow/stream_executor/cuda/cuda_gpu_executor.cc:982] successful NUMA node read from SysFS had negative value (-1), but there must be at least one NUMA node, so returning NUMA node zero
2021-02-02 16:26:49.249340: I tensorflow/core/common_runtime/gpu/gpu_device.cc:1858] Adding visible gpu devices: 0
2021-02-02 16:26:49.249657: I tensorflow/core/platform/cpu_feature_guard.cc:142] This TensorFlow binary is optimized with oneAPI Deep Neural Network Library (oneDNN)to use the following CPU instructions in performance-critical operations:  AVX2 FMA
To enable them in other operations, rebuild TensorFlow with the appropriate compiler flags.
2021-02-02 16:26:49.254781: I tensorflow/core/platform/profile_utils/cpu_utils.cc:104] CPU Frequency: 3800025000 Hz
2021-02-02 16:26:49.255061: I tensorflow/compiler/xla/service/service.cc:168] XLA service 0x53bb540 initialized for platform Host (this does not guarantee that XLA will be used). Devices:
2021-02-02 16:26:49.255073: I tensorflow/compiler/xla/service/service.cc:176]   StreamExecutor device (0): Host, Default Version
2021-02-02 16:26:49.369084: I tensorflow/stream_executor/cuda/cuda_gpu_executor.cc:982] successful NUMA node read from SysFS had negative value (-1), but there must be at least one NUMA node, so returning NUMA node zero
2021-02-02 16:26:49.369880: I tensorflow/compiler/xla/service/service.cc:168] XLA service 0x4fee020 initialized for platform CUDA (this does not guarantee that XLA will be used). Devices:
2021-02-02 16:26:49.369936: I tensorflow/compiler/xla/service/service.cc:176]   StreamExecutor device (0): GeForce RTX 2080 Ti, Compute Capability 7.5
2021-02-02 16:26:49.370150: I tensorflow/stream_executor/cuda/cuda_gpu_executor.cc:982] successful NUMA node read from SysFS had negative value (-1), but there must be at least one NUMA node, so returning NUMA node zero
2021-02-02 16:26:49.371307: I tensorflow/core/common_runtime/gpu/gpu_device.cc:1716] Found device 0 with properties: 
pciBusID: 0000:21:00.0 name: GeForce RTX 2080 Ti computeCapability: 7.5
coreClock: 1.545GHz coreCount: 68 deviceMemorySize: 10.76GiB deviceMemoryBandwidth: 573.69GiB/s
2021-02-02 16:26:49.371337: I tensorflow/stream_executor/platform/default/dso_loader.cc:48] Successfully opened dynamic library libcudart.so.10.1
2021-02-02 16:26:49.371370: I tensorflow/stream_executor/platform/default/dso_loader.cc:48] Successfully opened dynamic library libcublas.so.10
2021-02-02 16:26:49.371388: I tensorflow/stream_executor/platform/default/dso_loader.cc:48] Successfully opened dynamic library libcufft.so.10
2021-02-02 16:26:49.371405: I tensorflow/stream_executor/platform/default/dso_loader.cc:48] Successfully opened dynamic library libcurand.so.10
2021-02-02 16:26:49.371422: I tensorflow/stream_executor/platform/default/dso_loader.cc:48] Successfully opened dynamic library libcusolver.so.10
2021-02-02 16:26:49.371439: I tensorflow/stream_executor/platform/default/dso_loader.cc:48] Successfully opened dynamic library libcusparse.so.10
2021-02-02 16:26:49.371457: I tensorflow/stream_executor/platform/default/dso_loader.cc:48] Successfully opened dynamic library libcudnn.so.7
2021-02-02 16:26:49.371538: I tensorflow/stream_executor/cuda/cuda_gpu_executor.cc:982] successful NUMA node read from SysFS had negative value (-1), but there must be at least one NUMA node, so returning NUMA node zero
2021-02-02 16:26:49.372700: I tensorflow/stream_executor/cuda/cuda_gpu_executor.cc:982] successful NUMA node read from SysFS had negative value (-1), but there must be at least one NUMA node, so returning NUMA node zero
2021-02-02 16:26:49.373792: I tensorflow/core/common_runtime/gpu/gpu_device.cc:1858] Adding visible gpu devices: 0
2021-02-02 16:26:49.373826: I tensorflow/stream_executor/platform/default/dso_loader.cc:48] Successfully opened dynamic library libcudart.so.10.1
2021-02-02 16:26:49.673149: I tensorflow/core/common_runtime/gpu/gpu_device.cc:1257] Device interconnect StreamExecutor with strength 1 edge matrix:
2021-02-02 16:26:49.673199: I tensorflow/core/common_runtime/gpu/gpu_device.cc:1263]      0 
2021-02-02 16:26:49.673205: I tensorflow/core/common_runtime/gpu/gpu_device.cc:1276] 0:   N 
2021-02-02 16:26:49.673439: I tensorflow/stream_executor/cuda/cuda_gpu_executor.cc:982] successful NUMA node read from SysFS had negative value (-1), but there must be at least one NUMA node, so returning NUMA node zero
2021-02-02 16:26:49.674163: I tensorflow/stream_executor/cuda/cuda_gpu_executor.cc:982] successful NUMA node read from SysFS had negative value (-1), but there must be at least one NUMA node, so returning NUMA node zero
2021-02-02 16:26:49.674852: I tensorflow/core/common_runtime/gpu/gpu_device.cc:1402] Created TensorFlow device (/job:localhost/replica:0/task:0/device:GPU:0 with 10074 MB memory) -> physical GPU (device: 0, name: GeForce RTX 2080 Ti, pci bus id: 0000:21:00.0, compute capability: 7.5)
WARNING:tensorflow:AutoGraph could not transform <function preprocess at 0x7fe7cc1851f0> and will run it as-is.
Please report this to the TensorFlow team. When filing the bug, set the verbosity to 10 (on Linux, `export AUTOGRAPH_VERBOSITY=10`) and attach the full output.
Cause: module 'gast' has no attribute 'Index'
To silence this warning, decorate the function with @tf.autograph.experimental.do_not_convert
W0202 16:26:52.904206 140635426166592 ag_logging.py:146] AutoGraph could not transform <function preprocess at 0x7fe7cc1851f0> and will run it as-is.
Please report this to the TensorFlow team. When filing the bug, set the verbosity to 10 (on Linux, `export AUTOGRAPH_VERBOSITY=10`) and attach the full output.
Cause: module 'gast' has no attribute 'Index'
To silence this warning, decorate the function with @tf.autograph.experimental.do_not_convert
WARNING:tensorflow:AutoGraph could not transform <function rotate at 0x7fe7cc215820> and will run it as-is.
Please report this to the TensorFlow team. When filing the bug, set the verbosity to 10 (on Linux, `export AUTOGRAPH_VERBOSITY=10`) and attach the full output.
Cause: module 'gast' has no attribute 'Index'
To silence this warning, decorate the function with @tf.autograph.experimental.do_not_convert
W0202 16:26:53.064381 140635426166592 ag_logging.py:146] AutoGraph could not transform <function rotate at 0x7fe7cc215820> and will run it as-is.
Please report this to the TensorFlow team. When filing the bug, set the verbosity to 10 (on Linux, `export AUTOGRAPH_VERBOSITY=10`) and attach the full output.
Cause: module 'gast' has no attribute 'Index'
To silence this warning, decorate the function with @tf.autograph.experimental.do_not_convert
I0202 16:26:58.264632 140635426166592 train.py:121] Initializing from scratch.
2021-02-02 16:26:59.288849: I tensorflow/stream_executor/platform/default/dso_loader.cc:48] Successfully opened dynamic library libcublas.so.10
2021-02-02 16:26:59.407971: I tensorflow/stream_executor/platform/default/dso_loader.cc:48] Successfully opened dynamic library libcudnn.so.7
I0202 16:27:04.344276 140635426166592 train.py:157] Epoch 1/80, Accuracy: 61.11, 
 Confusion Matrix: 
 [[120.  74.]
 [ 87. 133.]], Sensitivity: 57.97, Specificity: 64.25, 
 Test Accuracy: 70.41, 
 Test Confusion Matrix: 
 [[38. 10.]
 [14. 21.]], Test Sensitivity: 73.08, Test Specificity: 67.74,
 Eval Accuracy: 59.29, 
 Eval Confusion Matrix: 
 [[48. 22.]
 [16. 17.]], Eval Sensitivity: 75.00, Eval Specificity: 43.59
I0202 16:27:04.903728 140635426166592 train.py:157] Epoch 2/80, Accuracy: 70.53, 
 Confusion Matrix: 
 [[126.  41.]
 [ 81. 166.]], Sensitivity: 60.87, Specificity: 80.19, 
 Test Accuracy: 73.64, 
 Test Confusion Matrix: 
 [[38.  8.]
 [14. 23.]], Test Sensitivity: 73.08, Test Specificity: 74.19,
 Eval Accuracy: 62.08, 
 Eval Confusion Matrix: 
 [[45. 18.]
 [19. 21.]], Eval Sensitivity: 70.31, Eval Specificity: 53.85
I0202 16:27:05.401458 140635426166592 train.py:157] Epoch 3/80, Accuracy: 72.71, 
 Confusion Matrix: 
 [[132.  38.]
 [ 75. 169.]], Sensitivity: 63.77, Specificity: 81.64, 
 Test Accuracy: 70.07, 
 Test Confusion Matrix: 
 [[41. 12.]
 [11. 19.]], Test Sensitivity: 78.85, Test Specificity: 61.29,
 Eval Accuracy: 57.01, 
 Eval Confusion Matrix: 
 [[50. 25.]
 [14. 14.]], Eval Sensitivity: 78.12, Eval Specificity: 35.90
I0202 16:27:05.905294 140635426166592 train.py:157] Epoch 4/80, Accuracy: 70.05, 
 Confusion Matrix: 
 [[136.  53.]
 [ 71. 154.]], Sensitivity: 65.70, Specificity: 74.40, 
 Test Accuracy: 68.15, 
 Test Confusion Matrix: 
 [[39. 12.]
 [13. 19.]], Test Sensitivity: 75.00, Test Specificity: 61.29,
 Eval Accuracy: 60.08, 
 Eval Confusion Matrix: 
 [[49. 22.]
 [15. 17.]], Eval Sensitivity: 76.56, Eval Specificity: 43.59
I0202 16:27:06.403039 140635426166592 train.py:157] Epoch 5/80, Accuracy: 71.74, 
 Confusion Matrix: 
 [[132.  42.]
 [ 75. 165.]], Sensitivity: 63.77, Specificity: 79.71, 
 Test Accuracy: 74.60, 
 Test Confusion Matrix: 
 [[39.  8.]
 [13. 23.]], Test Sensitivity: 75.00, Test Specificity: 74.19,
 Eval Accuracy: 61.36, 
 Eval Confusion Matrix: 
 [[49. 21.]
 [15. 18.]], Eval Sensitivity: 76.56, Eval Specificity: 46.15
I0202 16:27:06.900424 140635426166592 train.py:157] Epoch 6/80, Accuracy: 73.43, 
 Confusion Matrix: 
 [[144.  47.]
 [ 63. 160.]], Sensitivity: 69.57, Specificity: 77.29, 
 Test Accuracy: 68.46, 
 Test Confusion Matrix: 
 [[41. 13.]
 [11. 18.]], Test Sensitivity: 78.85, Test Specificity: 58.06,
 Eval Accuracy: 58.29, 
 Eval Confusion Matrix: 
 [[50. 24.]
 [14. 15.]], Eval Sensitivity: 78.12, Eval Specificity: 38.46
I0202 16:27:07.387755 140635426166592 train.py:157] Epoch 7/80, Accuracy: 77.05, 
 Confusion Matrix: 
 [[161.  49.]
 [ 46. 158.]], Sensitivity: 77.78, Specificity: 76.33, 
 Test Accuracy: 64.86, 
 Test Confusion Matrix: 
 [[49. 20.]
 [ 3. 11.]], Test Sensitivity: 94.23, Test Specificity: 35.48,
 Eval Accuracy: 49.94, 
 Eval Confusion Matrix: 
 [[59. 36.]
 [ 5.  3.]], Eval Sensitivity: 92.19, Eval Specificity: 7.69
I0202 16:27:07.891490 140635426166592 train.py:157] Epoch 8/80, Accuracy: 74.64, 
 Confusion Matrix: 
 [[158.  56.]
 [ 49. 151.]], Sensitivity: 76.33, Specificity: 72.95, 
 Test Accuracy: 73.98, 
 Test Confusion Matrix: 
 [[35.  6.]
 [17. 25.]], Test Sensitivity: 67.31, Test Specificity: 80.65,
 Eval Accuracy: 62.64, 
 Eval Confusion Matrix: 
 [[49. 20.]
 [15. 19.]], Eval Sensitivity: 76.56, Eval Specificity: 48.72
I0202 16:27:08.395659 140635426166592 train.py:157] Epoch 9/80, Accuracy: 77.29, 
 Confusion Matrix: 
 [[159.  46.]
 [ 48. 161.]], Sensitivity: 76.81, Specificity: 77.78, 
 Test Accuracy: 50.00, 
 Test Confusion Matrix: 
 [[52. 31.]
 [ 0.  0.]], Test Sensitivity: 100.00, Test Specificity: 0.00,
 Eval Accuracy: 50.00, 
 Eval Confusion Matrix: 
 [[64. 39.]
 [ 0.  0.]], Eval Sensitivity: 100.00, Eval Specificity: 0.00
I0202 16:27:08.893134 140635426166592 train.py:157] Epoch 10/80, Accuracy: 76.81, 
 Confusion Matrix: 
 [[152.  41.]
 [ 55. 166.]], Sensitivity: 73.43, Specificity: 80.19, 
 Test Accuracy: 75.93, 
 Test Confusion Matrix: 
 [[32.  3.]
 [20. 28.]], Test Sensitivity: 61.54, Test Specificity: 90.32,
 Eval Accuracy: 69.99, 
 Eval Confusion Matrix: 
 [[42. 10.]
 [22. 29.]], Eval Sensitivity: 65.62, Eval Specificity: 74.36
I0202 16:27:09.384593 140635426166592 train.py:157] Epoch 11/80, Accuracy: 74.15, 
 Confusion Matrix: 
 [[157.  57.]
 [ 50. 150.]], Sensitivity: 75.85, Specificity: 72.46, 
 Test Accuracy: 74.94, 
 Test Confusion Matrix: 
 [[36.  6.]
 [16. 25.]], Test Sensitivity: 69.23, Test Specificity: 80.65,
 Eval Accuracy: 65.71, 
 Eval Confusion Matrix: 
 [[48. 17.]
 [16. 22.]], Eval Sensitivity: 75.00, Eval Specificity: 56.41
I0202 16:27:09.872804 140635426166592 train.py:157] Epoch 12/80, Accuracy: 75.36, 
 Confusion Matrix: 
 [[152.  47.]
 [ 55. 160.]], Sensitivity: 73.43, Specificity: 77.29, 
 Test Accuracy: 58.65, 
 Test Confusion Matrix: 
 [[ 9.  0.]
 [43. 31.]], Test Sensitivity: 17.31, Test Specificity: 100.00,
 Eval Accuracy: 61.72, 
 Eval Confusion Matrix: 
 [[15.  0.]
 [49. 39.]], Eval Sensitivity: 23.44, Eval Specificity: 100.00
I0202 16:27:10.369656 140635426166592 train.py:157] Epoch 13/80, Accuracy: 79.23, 
 Confusion Matrix: 
 [[161.  40.]
 [ 46. 167.]], Sensitivity: 77.78, Specificity: 80.68, 
 Test Accuracy: 77.20, 
 Test Confusion Matrix: 
 [[35.  4.]
 [17. 27.]], Test Sensitivity: 67.31, Test Specificity: 87.10,
 Eval Accuracy: 63.42, 
 Eval Confusion Matrix: 
 [[50. 20.]
 [14. 19.]], Eval Sensitivity: 78.12, Eval Specificity: 48.72
I0202 16:27:10.862033 140635426166592 train.py:157] Epoch 14/80, Accuracy: 78.50, 
 Confusion Matrix: 
 [[163.  45.]
 [ 44. 162.]], Sensitivity: 78.74, Specificity: 78.26, 
 Test Accuracy: 61.54, 
 Test Confusion Matrix: 
 [[12.  0.]
 [40. 31.]], Test Sensitivity: 23.08, Test Specificity: 100.00,
 Eval Accuracy: 63.28, 
 Eval Confusion Matrix: 
 [[17.  0.]
 [47. 39.]], Eval Sensitivity: 26.56, Eval Specificity: 100.00
I0202 16:27:11.352882 140635426166592 train.py:157] Epoch 15/80, Accuracy: 75.36, 
 Confusion Matrix: 
 [[155.  50.]
 [ 52. 157.]], Sensitivity: 74.88, Specificity: 75.85, 
 Test Accuracy: 75.59, 
 Test Confusion Matrix: 
 [[35.  5.]
 [17. 26.]], Test Sensitivity: 67.31, Test Specificity: 83.87,
 Eval Accuracy: 63.92, 
 Eval Confusion Matrix: 
 [[49. 19.]
 [15. 20.]], Eval Sensitivity: 76.56, Eval Specificity: 51.28
I0202 16:27:11.846622 140635426166592 train.py:157] Epoch 16/80, Accuracy: 75.60, 
 Confusion Matrix: 
 [[155.  49.]
 [ 52. 158.]], Sensitivity: 74.88, Specificity: 76.33, 
 Test Accuracy: 59.62, 
 Test Confusion Matrix: 
 [[10.  0.]
 [42. 31.]], Test Sensitivity: 19.23, Test Specificity: 100.00,
 Eval Accuracy: 63.06, 
 Eval Confusion Matrix: 
 [[20.  2.]
 [44. 37.]], Eval Sensitivity: 31.25, Eval Specificity: 94.87
I0202 16:27:12.340726 140635426166592 train.py:157] Epoch 17/80, Accuracy: 77.29, 
 Confusion Matrix: 
 [[158.  45.]
 [ 49. 162.]], Sensitivity: 76.33, Specificity: 78.26, 
 Test Accuracy: 51.92, 
 Test Confusion Matrix: 
 [[ 2.  0.]
 [50. 31.]], Test Sensitivity: 3.85, Test Specificity: 100.00,
 Eval Accuracy: 53.91, 
 Eval Confusion Matrix: 
 [[ 5.  0.]
 [59. 39.]], Eval Sensitivity: 7.81, Eval Specificity: 100.00
I0202 16:27:12.848010 140635426166592 train.py:157] Epoch 18/80, Accuracy: 77.29, 
 Confusion Matrix: 
 [[161.  48.]
 [ 46. 159.]], Sensitivity: 77.78, Specificity: 76.81, 
 Test Accuracy: 55.77, 
 Test Confusion Matrix: 
 [[ 6.  0.]
 [46. 31.]], Test Sensitivity: 11.54, Test Specificity: 100.00,
 Eval Accuracy: 63.28, 
 Eval Confusion Matrix: 
 [[17.  0.]
 [47. 39.]], Eval Sensitivity: 26.56, Eval Specificity: 100.00
I0202 16:27:13.350291 140635426166592 train.py:157] Epoch 19/80, Accuracy: 82.13, 
 Confusion Matrix: 
 [[169.  36.]
 [ 38. 171.]], Sensitivity: 81.64, Specificity: 82.61, 
 Test Accuracy: 62.50, 
 Test Confusion Matrix: 
 [[13.  0.]
 [39. 31.]], Test Sensitivity: 25.00, Test Specificity: 100.00,
 Eval Accuracy: 64.84, 
 Eval Confusion Matrix: 
 [[19.  0.]
 [45. 39.]], Eval Sensitivity: 29.69, Eval Specificity: 100.00
I0202 16:27:13.840489 140635426166592 train.py:157] Epoch 20/80, Accuracy: 78.02, 
 Confusion Matrix: 
 [[157.  41.]
 [ 50. 166.]], Sensitivity: 75.85, Specificity: 80.19, 
 Test Accuracy: 71.46, 
 Test Confusion Matrix: 
 [[24.  1.]
 [28. 30.]], Test Sensitivity: 46.15, Test Specificity: 96.77,
 Eval Accuracy: 70.87, 
 Eval Confusion Matrix: 
 [[30.  2.]
 [34. 37.]], Eval Sensitivity: 46.88, Eval Specificity: 94.87
I0202 16:27:14.335014 140635426166592 train.py:157] Epoch 21/80, Accuracy: 79.71, 
 Confusion Matrix: 
 [[162.  39.]
 [ 45. 168.]], Sensitivity: 78.26, Specificity: 81.16, 
 Test Accuracy: 64.42, 
 Test Confusion Matrix: 
 [[15.  0.]
 [37. 31.]], Test Sensitivity: 28.85, Test Specificity: 100.00,
 Eval Accuracy: 67.47, 
 Eval Confusion Matrix: 
 [[24.  1.]
 [40. 38.]], Eval Sensitivity: 37.50, Eval Specificity: 97.44
I0202 16:27:14.822345 140635426166592 train.py:157] Epoch 22/80, Accuracy: 79.47, 
 Confusion Matrix: 
 [[159.  37.]
 [ 48. 170.]], Sensitivity: 76.81, Specificity: 82.13, 
 Test Accuracy: 79.78, 
 Test Confusion Matrix: 
 [[36.  3.]
 [16. 28.]], Test Sensitivity: 69.23, Test Specificity: 90.32,
 Eval Accuracy: 66.49, 
 Eval Confusion Matrix: 
 [[49. 17.]
 [15. 22.]], Eval Sensitivity: 76.56, Eval Specificity: 56.41
I0202 16:27:15.306113 140635426166592 train.py:157] Epoch 23/80, Accuracy: 78.99, 
 Confusion Matrix: 
 [[158.  38.]
 [ 49. 169.]], Sensitivity: 76.33, Specificity: 81.64, 
 Test Accuracy: 60.36, 
 Test Confusion Matrix: 
 [[46. 21.]
 [ 6. 10.]], Test Sensitivity: 88.46, Test Specificity: 32.26,
 Eval Accuracy: 50.72, 
 Eval Confusion Matrix: 
 [[60. 36.]
 [ 4.  3.]], Eval Sensitivity: 93.75, Eval Specificity: 7.69
I0202 16:27:15.796528 140635426166592 train.py:157] Epoch 24/80, Accuracy: 79.71, 
 Confusion Matrix: 
 [[161.  38.]
 [ 46. 169.]], Sensitivity: 77.78, Specificity: 81.64, 
 Test Accuracy: 56.73, 
 Test Confusion Matrix: 
 [[ 7.  0.]
 [45. 31.]], Test Sensitivity: 13.46, Test Specificity: 100.00,
 Eval Accuracy: 61.22, 
 Eval Confusion Matrix: 
 [[16.  1.]
 [48. 38.]], Eval Sensitivity: 25.00, Eval Specificity: 97.44
I0202 16:27:16.306473 140635426166592 train.py:157] Epoch 25/80, Accuracy: 79.95, 
 Confusion Matrix: 
 [[159.  35.]
 [ 48. 172.]], Sensitivity: 76.81, Specificity: 83.09, 
 Test Accuracy: 74.01, 
 Test Confusion Matrix: 
 [[30.  3.]
 [22. 28.]], Test Sensitivity: 57.69, Test Specificity: 90.32,
 Eval Accuracy: 71.21, 
 Eval Confusion Matrix: 
 [[37.  6.]
 [27. 33.]], Eval Sensitivity: 57.81, Eval Specificity: 84.62
I0202 16:27:16.811100 140635426166592 train.py:157] Epoch 26/80, Accuracy: 78.99, 
 Confusion Matrix: 
 [[159.  39.]
 [ 48. 168.]], Sensitivity: 76.81, Specificity: 81.16, 
 Test Accuracy: 75.25, 
 Test Confusion Matrix: 
 [[38.  7.]
 [14. 24.]], Test Sensitivity: 73.08, Test Specificity: 77.42,
 Eval Accuracy: 60.36, 
 Eval Confusion Matrix: 
 [[51. 23.]
 [13. 16.]], Eval Sensitivity: 79.69, Eval Specificity: 41.03
I0202 16:27:17.307805 140635426166592 train.py:157] Epoch 27/80, Accuracy: 81.88, 
 Confusion Matrix: 
 [[166.  34.]
 [ 41. 173.]], Sensitivity: 80.19, Specificity: 83.57, 
 Test Accuracy: 54.87, 
 Test Confusion Matrix: 
 [[47. 25.]
 [ 5.  6.]], Test Sensitivity: 90.38, Test Specificity: 19.35,
 Eval Accuracy: 51.50, 
 Eval Confusion Matrix: 
 [[61. 36.]
 [ 3.  3.]], Eval Sensitivity: 95.31, Eval Specificity: 7.69
I0202 16:27:17.793989 140635426166592 train.py:157] Epoch 28/80, Accuracy: 79.47, 
 Confusion Matrix: 
 [[157.  35.]
 [ 50. 172.]], Sensitivity: 75.85, Specificity: 83.09, 
 Test Accuracy: 51.61, 
 Test Confusion Matrix: 
 [[52. 30.]
 [ 0.  1.]], Test Sensitivity: 100.00, Test Specificity: 3.23,
 Eval Accuracy: 50.00, 
 Eval Confusion Matrix: 
 [[64. 39.]
 [ 0.  0.]], Eval Sensitivity: 100.00, Eval Specificity: 0.00
I0202 16:27:18.284945 140635426166592 train.py:157] Epoch 29/80, Accuracy: 80.19, 
 Confusion Matrix: 
 [[155.  30.]
 [ 52. 177.]], Sensitivity: 74.88, Specificity: 85.51, 
 Test Accuracy: 69.82, 
 Test Confusion Matrix: 
 [[29.  5.]
 [23. 26.]], Test Sensitivity: 55.77, Test Specificity: 83.87,
 Eval Accuracy: 74.68, 
 Eval Confusion Matrix: 
 [[48. 10.]
 [16. 29.]], Eval Sensitivity: 75.00, Eval Specificity: 74.36
I0202 16:27:18.783423 140635426166592 train.py:157] Epoch 30/80, Accuracy: 81.88, 
 Confusion Matrix: 
 [[163.  31.]
 [ 44. 176.]], Sensitivity: 78.74, Specificity: 85.02, 
 Test Accuracy: 50.00, 
 Test Confusion Matrix: 
 [[52. 31.]
 [ 0.  0.]], Test Sensitivity: 100.00, Test Specificity: 0.00,
 Eval Accuracy: 50.00, 
 Eval Confusion Matrix: 
 [[64. 39.]
 [ 0.  0.]], Eval Sensitivity: 100.00, Eval Specificity: 0.00
I0202 16:27:19.274053 140635426166592 train.py:157] Epoch 31/80, Accuracy: 82.85, 
 Confusion Matrix: 
 [[162.  26.]
 [ 45. 181.]], Sensitivity: 78.26, Specificity: 87.44, 
 Test Accuracy: 59.62, 
 Test Confusion Matrix: 
 [[10.  0.]
 [42. 31.]], Test Sensitivity: 19.23, Test Specificity: 100.00,
 Eval Accuracy: 60.94, 
 Eval Confusion Matrix: 
 [[14.  0.]
 [50. 39.]], Eval Sensitivity: 21.88, Eval Specificity: 100.00
I0202 16:27:19.768334 140635426166592 train.py:157] Epoch 32/80, Accuracy: 83.57, 
 Confusion Matrix: 
 [[167.  28.]
 [ 40. 179.]], Sensitivity: 80.68, Specificity: 86.47, 
 Test Accuracy: 56.14, 
 Test Confusion Matrix: 
 [[50. 26.]
 [ 2.  5.]], Test Sensitivity: 96.15, Test Specificity: 16.13,
 Eval Accuracy: 52.28, 
 Eval Confusion Matrix: 
 [[62. 36.]
 [ 2.  3.]], Eval Sensitivity: 96.88, Eval Specificity: 7.69
I0202 16:27:20.252579 140635426166592 train.py:157] Epoch 33/80, Accuracy: 82.37, 
 Confusion Matrix: 
 [[166.  32.]
 [ 41. 175.]], Sensitivity: 80.19, Specificity: 84.54, 
 Test Accuracy: 58.41, 
 Test Confusion Matrix: 
 [[49. 24.]
 [ 3.  7.]], Test Sensitivity: 94.23, Test Specificity: 22.58,
 Eval Accuracy: 52.28, 
 Eval Confusion Matrix: 
 [[62. 36.]
 [ 2.  3.]], Eval Sensitivity: 96.88, Eval Specificity: 7.69
I0202 16:27:20.740451 140635426166592 train.py:157] Epoch 34/80, Accuracy: 82.61, 
 Confusion Matrix: 
 [[162.  27.]
 [ 45. 180.]], Sensitivity: 78.26, Specificity: 86.96, 
 Test Accuracy: 67.31, 
 Test Confusion Matrix: 
 [[18.  0.]
 [34. 31.]], Test Sensitivity: 34.62, Test Specificity: 100.00,
 Eval Accuracy: 72.94, 
 Eval Confusion Matrix: 
 [[31.  1.]
 [33. 38.]], Eval Sensitivity: 48.44, Eval Specificity: 97.44
I0202 16:27:21.231976 140635426166592 train.py:157] Epoch 35/80, Accuracy: 85.51, 
 Confusion Matrix: 
 [[166.  19.]
 [ 41. 188.]], Sensitivity: 80.19, Specificity: 90.82, 
 Test Accuracy: 50.40, 
 Test Confusion Matrix: 
 [[39. 23.]
 [13.  8.]], Test Sensitivity: 75.00, Test Specificity: 25.81,
 Eval Accuracy: 52.16, 
 Eval Confusion Matrix: 
 [[52. 30.]
 [12.  9.]], Eval Sensitivity: 81.25, Eval Specificity: 23.08
I0202 16:27:21.728079 140635426166592 train.py:157] Epoch 36/80, Accuracy: 84.30, 
 Confusion Matrix: 
 [[166.  24.]
 [ 41. 183.]], Sensitivity: 80.19, Specificity: 88.41, 
 Test Accuracy: 50.00, 
 Test Confusion Matrix: 
 [[52. 31.]
 [ 0.  0.]], Test Sensitivity: 100.00, Test Specificity: 0.00,
 Eval Accuracy: 50.00, 
 Eval Confusion Matrix: 
 [[64. 39.]
 [ 0.  0.]], Eval Sensitivity: 100.00, Eval Specificity: 0.00
I0202 16:27:22.221708 140635426166592 train.py:157] Epoch 37/80, Accuracy: 84.78, 
 Confusion Matrix: 
 [[168.  24.]
 [ 39. 183.]], Sensitivity: 81.16, Specificity: 88.41, 
 Test Accuracy: 66.50, 
 Test Confusion Matrix: 
 [[44. 16.]
 [ 8. 15.]], Test Sensitivity: 84.62, Test Specificity: 48.39,
 Eval Accuracy: 51.22, 
 Eval Confusion Matrix: 
 [[59. 35.]
 [ 5.  4.]], Eval Sensitivity: 92.19, Eval Specificity: 10.26
I0202 16:27:22.708441 140635426166592 train.py:157] Epoch 38/80, Accuracy: 84.06, 
 Confusion Matrix: 
 [[161.  20.]
 [ 46. 187.]], Sensitivity: 77.78, Specificity: 90.34, 
 Test Accuracy: 64.52, 
 Test Confusion Matrix: 
 [[52. 22.]
 [ 0.  9.]], Test Sensitivity: 100.00, Test Specificity: 29.03,
 Eval Accuracy: 52.78, 
 Eval Confusion Matrix: 
 [[61. 35.]
 [ 3.  4.]], Eval Sensitivity: 95.31, Eval Specificity: 10.26
I0202 16:27:23.196370 140635426166592 train.py:157] Epoch 39/80, Accuracy: 86.47, 
 Confusion Matrix: 
 [[169.  18.]
 [ 38. 189.]], Sensitivity: 81.64, Specificity: 91.30, 
 Test Accuracy: 76.21, 
 Test Confusion Matrix: 
 [[39.  7.]
 [13. 24.]], Test Sensitivity: 75.00, Test Specificity: 77.42,
 Eval Accuracy: 67.21, 
 Eval Confusion Matrix: 
 [[45. 14.]
 [19. 25.]], Eval Sensitivity: 70.31, Eval Specificity: 64.10
I0202 16:27:23.695935 140635426166592 train.py:157] Epoch 40/80, Accuracy: 84.78, 
 Confusion Matrix: 
 [[167.  23.]
 [ 40. 184.]], Sensitivity: 80.68, Specificity: 88.89, 
 Test Accuracy: 50.96, 
 Test Confusion Matrix: 
 [[ 1.  0.]
 [51. 31.]], Test Sensitivity: 1.92, Test Specificity: 100.00,
 Eval Accuracy: 51.56, 
 Eval Confusion Matrix: 
 [[ 2.  0.]
 [62. 39.]], Eval Sensitivity: 3.12, Eval Specificity: 100.00
I0202 16:27:24.208920 140635426166592 train.py:157] Epoch 41/80, Accuracy: 85.51, 
 Confusion Matrix: 
 [[169.  22.]
 [ 38. 185.]], Sensitivity: 81.64, Specificity: 89.37, 
 Test Accuracy: 74.04, 
 Test Confusion Matrix: 
 [[25.  0.]
 [27. 31.]], Test Sensitivity: 48.08, Test Specificity: 100.00,
 Eval Accuracy: 71.94, 
 Eval Confusion Matrix: 
 [[33.  3.]
 [31. 36.]], Eval Sensitivity: 51.56, Eval Specificity: 92.31
I0202 16:27:24.708555 140635426166592 train.py:157] Epoch 42/80, Accuracy: 84.54, 
 Confusion Matrix: 
 [[166.  23.]
 [ 41. 184.]], Sensitivity: 80.19, Specificity: 88.89, 
 Test Accuracy: 76.89, 
 Test Confusion Matrix: 
 [[33.  3.]
 [19. 28.]], Test Sensitivity: 63.46, Test Specificity: 90.32,
 Eval Accuracy: 72.34, 
 Eval Confusion Matrix: 
 [[45. 10.]
 [19. 29.]], Eval Sensitivity: 70.31, Eval Specificity: 74.36
I0202 16:27:25.199842 140635426166592 train.py:157] Epoch 43/80, Accuracy: 86.71, 
 Confusion Matrix: 
 [[170.  18.]
 [ 37. 189.]], Sensitivity: 82.13, Specificity: 91.30, 
 Test Accuracy: 57.69, 
 Test Confusion Matrix: 
 [[ 8.  0.]
 [44. 31.]], Test Sensitivity: 15.38, Test Specificity: 100.00,
 Eval Accuracy: 59.38, 
 Eval Confusion Matrix: 
 [[12.  0.]
 [52. 39.]], Eval Sensitivity: 18.75, Eval Specificity: 100.00
I0202 16:27:25.683816 140635426166592 train.py:157] Epoch 44/80, Accuracy: 85.99, 
 Confusion Matrix: 
 [[172.  23.]
 [ 35. 184.]], Sensitivity: 83.09, Specificity: 88.89, 
 Test Accuracy: 59.62, 
 Test Confusion Matrix: 
 [[10.  0.]
 [42. 31.]], Test Sensitivity: 19.23, Test Specificity: 100.00,
 Eval Accuracy: 61.72, 
 Eval Confusion Matrix: 
 [[15.  0.]
 [49. 39.]], Eval Sensitivity: 23.44, Eval Specificity: 100.00
I0202 16:27:26.172852 140635426166592 train.py:157] Epoch 45/80, Accuracy: 87.92, 
 Confusion Matrix: 
 [[175.  18.]
 [ 32. 189.]], Sensitivity: 84.54, Specificity: 91.30, 
 Test Accuracy: 50.00, 
 Test Confusion Matrix: 
 [[ 0.  0.]
 [52. 31.]], Test Sensitivity: 0.00, Test Specificity: 100.00,
 Eval Accuracy: 50.00, 
 Eval Confusion Matrix: 
 [[ 0.  0.]
 [64. 39.]], Eval Sensitivity: 0.00, Eval Specificity: 100.00
I0202 16:27:26.648910 140635426166592 train.py:157] Epoch 46/80, Accuracy: 89.86, 
 Confusion Matrix: 
 [[182.  17.]
 [ 25. 190.]], Sensitivity: 87.92, Specificity: 91.79, 
 Test Accuracy: 57.10, 
 Test Confusion Matrix: 
 [[51. 26.]
 [ 1.  5.]], Test Sensitivity: 98.08, Test Specificity: 16.13,
 Eval Accuracy: 50.22, 
 Eval Confusion Matrix: 
 [[61. 37.]
 [ 3.  2.]], Eval Sensitivity: 95.31, Eval Specificity: 5.13
I0202 16:27:27.139730 140635426166592 train.py:157] Epoch 47/80, Accuracy: 88.16, 
 Confusion Matrix: 
 [[175.  17.]
 [ 32. 190.]], Sensitivity: 84.54, Specificity: 91.79, 
 Test Accuracy: 77.88, 
 Test Confusion Matrix: 
 [[29.  0.]
 [23. 31.]], Test Sensitivity: 55.77, Test Specificity: 100.00,
 Eval Accuracy: 72.72, 
 Eval Confusion Matrix: 
 [[34.  3.]
 [30. 36.]], Eval Sensitivity: 53.12, Eval Specificity: 92.31
I0202 16:27:27.628160 140635426166592 train.py:157] Epoch 48/80, Accuracy: 85.75, 
 Confusion Matrix: 
 [[172.  24.]
 [ 35. 183.]], Sensitivity: 83.09, Specificity: 88.41, 
 Test Accuracy: 78.82, 
 Test Confusion Matrix: 
 [[35.  3.]
 [17. 28.]], Test Sensitivity: 67.31, Test Specificity: 90.32,
 Eval Accuracy: 75.18, 
 Eval Confusion Matrix: 
 [[47.  9.]
 [17. 30.]], Eval Sensitivity: 73.44, Eval Specificity: 76.92
I0202 16:27:28.129285 140635426166592 train.py:157] Epoch 49/80, Accuracy: 89.37, 
 Confusion Matrix: 
 [[179.  16.]
 [ 28. 191.]], Sensitivity: 86.47, Specificity: 92.27, 
 Test Accuracy: 56.73, 
 Test Confusion Matrix: 
 [[ 7.  0.]
 [45. 31.]], Test Sensitivity: 13.46, Test Specificity: 100.00,
 Eval Accuracy: 56.25, 
 Eval Confusion Matrix: 
 [[ 8.  0.]
 [56. 39.]], Eval Sensitivity: 12.50, Eval Specificity: 100.00
I0202 16:27:28.618680 140635426166592 train.py:157] Epoch 50/80, Accuracy: 87.92, 
 Confusion Matrix: 
 [[177.  20.]
 [ 30. 187.]], Sensitivity: 85.51, Specificity: 90.34, 
 Test Accuracy: 65.38, 
 Test Confusion Matrix: 
 [[16.  0.]
 [36. 31.]], Test Sensitivity: 30.77, Test Specificity: 100.00,
 Eval Accuracy: 62.50, 
 Eval Confusion Matrix: 
 [[16.  0.]
 [48. 39.]], Eval Sensitivity: 25.00, Eval Specificity: 100.00
I0202 16:27:29.118543 140635426166592 train.py:157] Epoch 51/80, Accuracy: 87.92, 
 Confusion Matrix: 
 [[176.  19.]
 [ 31. 188.]], Sensitivity: 85.02, Specificity: 90.82, 
 Test Accuracy: 58.06, 
 Test Confusion Matrix: 
 [[52. 26.]
 [ 0.  5.]], Test Sensitivity: 100.00, Test Specificity: 16.13,
 Eval Accuracy: 55.13, 
 Eval Confusion Matrix: 
 [[64. 35.]
 [ 0.  4.]], Eval Sensitivity: 100.00, Eval Specificity: 10.26
I0202 16:27:29.594398 140635426166592 train.py:157] Epoch 52/80, Accuracy: 90.58, 
 Confusion Matrix: 
 [[184.  16.]
 [ 23. 191.]], Sensitivity: 88.89, Specificity: 92.27, 
 Test Accuracy: 78.19, 
 Test Confusion Matrix: 
 [[31.  1.]
 [21. 30.]], Test Sensitivity: 59.62, Test Specificity: 96.77,
 Eval Accuracy: 73.72, 
 Eval Confusion Matrix: 
 [[32.  1.]
 [32. 38.]], Eval Sensitivity: 50.00, Eval Specificity: 97.44
I0202 16:27:30.092407 140635426166592 train.py:157] Epoch 53/80, Accuracy: 91.79, 
 Confusion Matrix: 
 [[185.  12.]
 [ 22. 195.]], Sensitivity: 89.37, Specificity: 94.20, 
 Test Accuracy: 81.98, 
 Test Confusion Matrix: 
 [[45.  7.]
 [ 7. 24.]], Test Sensitivity: 86.54, Test Specificity: 77.42,
 Eval Accuracy: 60.92, 
 Eval Confusion Matrix: 
 [[55. 25.]
 [ 9. 14.]], Eval Sensitivity: 85.94, Eval Specificity: 35.90
I0202 16:27:30.576919 140635426166592 train.py:157] Epoch 54/80, Accuracy: 89.13, 
 Confusion Matrix: 
 [[180.  18.]
 [ 27. 189.]], Sensitivity: 86.96, Specificity: 91.30, 
 Test Accuracy: 79.75, 
 Test Confusion Matrix: 
 [[41.  6.]
 [11. 25.]], Test Sensitivity: 78.85, Test Specificity: 80.65,
 Eval Accuracy: 57.51, 
 Eval Confusion Matrix: 
 [[49. 24.]
 [15. 15.]], Eval Sensitivity: 76.56, Eval Specificity: 38.46
I0202 16:27:31.074541 140635426166592 train.py:157] Epoch 55/80, Accuracy: 91.55, 
 Confusion Matrix: 
 [[182.  10.]
 [ 25. 197.]], Sensitivity: 87.92, Specificity: 95.17, 
 Test Accuracy: 81.08, 
 Test Confusion Matrix: 
 [[34.  1.]
 [18. 30.]], Test Sensitivity: 65.38, Test Specificity: 96.77,
 Eval Accuracy: 77.40, 
 Eval Confusion Matrix: 
 [[40.  3.]
 [24. 36.]], Eval Sensitivity: 62.50, Eval Specificity: 92.31
I0202 16:27:31.579702 140635426166592 train.py:157] Epoch 56/80, Accuracy: 89.86, 
 Confusion Matrix: 
 [[181.  16.]
 [ 26. 191.]], Sensitivity: 87.44, Specificity: 92.27, 
 Test Accuracy: 72.61, 
 Test Confusion Matrix: 
 [[47. 14.]
 [ 5. 17.]], Test Sensitivity: 90.38, Test Specificity: 54.84,
 Eval Accuracy: 56.57, 
 Eval Confusion Matrix: 
 [[56. 29.]
 [ 8. 10.]], Eval Sensitivity: 87.50, Eval Specificity: 25.64
I0202 16:27:32.081998 140635426166592 train.py:157] Epoch 57/80, Accuracy: 90.10, 
 Confusion Matrix: 
 [[182.  16.]
 [ 25. 191.]], Sensitivity: 87.92, Specificity: 92.27, 
 Test Accuracy: 73.88, 
 Test Confusion Matrix: 
 [[50. 15.]
 [ 2. 16.]], Test Sensitivity: 96.15, Test Specificity: 51.61,
 Eval Accuracy: 57.13, 
 Eval Confusion Matrix: 
 [[60. 31.]
 [ 4.  8.]], Eval Sensitivity: 93.75, Eval Specificity: 20.51
I0202 16:27:32.579833 140635426166592 train.py:157] Epoch 58/80, Accuracy: 92.75, 
 Confusion Matrix: 
 [[191.  14.]
 [ 16. 193.]], Sensitivity: 92.27, Specificity: 93.24, 
 Test Accuracy: 76.92, 
 Test Confusion Matrix: 
 [[28.  0.]
 [24. 31.]], Test Sensitivity: 53.85, Test Specificity: 100.00,
 Eval Accuracy: 73.44, 
 Eval Confusion Matrix: 
 [[30.  0.]
 [34. 39.]], Eval Sensitivity: 46.88, Eval Specificity: 100.00
I0202 16:27:33.076267 140635426166592 train.py:157] Epoch 59/80, Accuracy: 92.51, 
 Confusion Matrix: 
 [[189.  13.]
 [ 18. 194.]], Sensitivity: 91.30, Specificity: 93.72, 
 Test Accuracy: 57.69, 
 Test Confusion Matrix: 
 [[ 8.  0.]
 [44. 31.]], Test Sensitivity: 15.38, Test Specificity: 100.00,
 Eval Accuracy: 57.81, 
 Eval Confusion Matrix: 
 [[10.  0.]
 [54. 39.]], Eval Sensitivity: 15.62, Eval Specificity: 100.00
I0202 16:27:33.571829 140635426166592 train.py:157] Epoch 60/80, Accuracy: 92.03, 
 Confusion Matrix: 
 [[187.  13.]
 [ 20. 194.]], Sensitivity: 90.34, Specificity: 93.72, 
 Test Accuracy: 71.15, 
 Test Confusion Matrix: 
 [[22.  0.]
 [30. 31.]], Test Sensitivity: 42.31, Test Specificity: 100.00,
 Eval Accuracy: 65.69, 
 Eval Confusion Matrix: 
 [[25.  3.]
 [39. 36.]], Eval Sensitivity: 39.06, Eval Specificity: 92.31
I0202 16:27:34.067064 140635426166592 train.py:157] Epoch 61/80, Accuracy: 91.55, 
 Confusion Matrix: 
 [[188.  16.]
 [ 19. 191.]], Sensitivity: 90.82, Specificity: 92.27, 
 Test Accuracy: 84.86, 
 Test Confusion Matrix: 
 [[48.  7.]
 [ 4. 24.]], Test Sensitivity: 92.31, Test Specificity: 77.42,
 Eval Accuracy: 58.63, 
 Eval Confusion Matrix: 
 [[57. 28.]
 [ 7. 11.]], Eval Sensitivity: 89.06, Eval Specificity: 28.21
I0202 16:27:34.562696 140635426166592 train.py:157] Epoch 62/80, Accuracy: 90.82, 
 Confusion Matrix: 
 [[185.  16.]
 [ 22. 191.]], Sensitivity: 89.37, Specificity: 92.27, 
 Test Accuracy: 82.04, 
 Test Confusion Matrix: 
 [[35.  1.]
 [17. 30.]], Test Sensitivity: 67.31, Test Specificity: 96.77,
 Eval Accuracy: 80.03, 
 Eval Confusion Matrix: 
 [[45.  4.]
 [19. 35.]], Eval Sensitivity: 70.31, Eval Specificity: 89.74
I0202 16:27:35.082084 140635426166592 train.py:157] Epoch 63/80, Accuracy: 92.75, 
 Confusion Matrix: 
 [[189.  12.]
 [ 18. 195.]], Sensitivity: 91.30, Specificity: 94.20, 
 Test Accuracy: 83.65, 
 Test Confusion Matrix: 
 [[35.  0.]
 [17. 31.]], Test Sensitivity: 67.31, Test Specificity: 100.00,
 Eval Accuracy: 75.62, 
 Eval Confusion Matrix: 
 [[41.  5.]
 [23. 34.]], Eval Sensitivity: 64.06, Eval Specificity: 87.18
I0202 16:27:35.576702 140635426166592 train.py:157] Epoch 64/80, Accuracy: 94.93, 
 Confusion Matrix: 
 [[192.   6.]
 [ 15. 201.]], Sensitivity: 92.75, Specificity: 97.10, 
 Test Accuracy: 74.60, 
 Test Confusion Matrix: 
 [[39.  8.]
 [13. 23.]], Test Sensitivity: 75.00, Test Specificity: 74.19,
 Eval Accuracy: 67.55, 
 Eval Confusion Matrix: 
 [[52. 18.]
 [12. 21.]], Eval Sensitivity: 81.25, Eval Specificity: 53.85
I0202 16:27:36.075751 140635426166592 train.py:157] Epoch 65/80, Accuracy: 93.48, 
 Confusion Matrix: 
 [[194.  14.]
 [ 13. 193.]], Sensitivity: 93.72, Specificity: 93.24, 
 Test Accuracy: 79.81, 
 Test Confusion Matrix: 
 [[31.  0.]
 [21. 31.]], Test Sensitivity: 59.62, Test Specificity: 100.00,
 Eval Accuracy: 77.34, 
 Eval Confusion Matrix: 
 [[35.  0.]
 [29. 39.]], Eval Sensitivity: 54.69, Eval Specificity: 100.00
I0202 16:27:36.562908 140635426166592 train.py:157] Epoch 66/80, Accuracy: 93.96, 
 Confusion Matrix: 
 [[192.  10.]
 [ 15. 197.]], Sensitivity: 92.75, Specificity: 95.17, 
 Test Accuracy: 69.23, 
 Test Confusion Matrix: 
 [[20.  0.]
 [32. 31.]], Test Sensitivity: 38.46, Test Specificity: 100.00,
 Eval Accuracy: 64.34, 
 Eval Confusion Matrix: 
 [[20.  1.]
 [44. 38.]], Eval Sensitivity: 31.25, Eval Specificity: 97.44
I0202 16:27:37.059995 140635426166592 train.py:157] Epoch 67/80, Accuracy: 92.75, 
 Confusion Matrix: 
 [[189.  12.]
 [ 18. 195.]], Sensitivity: 91.30, Specificity: 94.20, 
 Test Accuracy: 80.43, 
 Test Confusion Matrix: 
 [[35.  2.]
 [17. 29.]], Test Sensitivity: 67.31, Test Specificity: 93.55,
 Eval Accuracy: 73.34, 
 Eval Confusion Matrix: 
 [[43.  8.]
 [21. 31.]], Eval Sensitivity: 67.19, Eval Specificity: 79.49
I0202 16:27:37.556058 140635426166592 train.py:157] Epoch 68/80, Accuracy: 94.20, 
 Confusion Matrix: 
 [[191.   8.]
 [ 16. 199.]], Sensitivity: 92.27, Specificity: 96.14, 
 Test Accuracy: 71.15, 
 Test Confusion Matrix: 
 [[22.  0.]
 [30. 31.]], Test Sensitivity: 42.31, Test Specificity: 100.00,
 Eval Accuracy: 67.97, 
 Eval Confusion Matrix: 
 [[23.  0.]
 [41. 39.]], Eval Sensitivity: 35.94, Eval Specificity: 100.00
I0202 16:27:38.049119 140635426166592 train.py:157] Epoch 69/80, Accuracy: 94.93, 
 Confusion Matrix: 
 [[194.   8.]
 [ 13. 199.]], Sensitivity: 93.72, Specificity: 96.14, 
 Test Accuracy: 65.38, 
 Test Confusion Matrix: 
 [[16.  0.]
 [36. 31.]], Test Sensitivity: 30.77, Test Specificity: 100.00,
 Eval Accuracy: 63.28, 
 Eval Confusion Matrix: 
 [[17.  0.]
 [47. 39.]], Eval Sensitivity: 26.56, Eval Specificity: 100.00
I0202 16:27:38.541575 140635426166592 train.py:157] Epoch 70/80, Accuracy: 97.58, 
 Confusion Matrix: 
 [[200.   3.]
 [  7. 204.]], Sensitivity: 96.62, Specificity: 98.55, 
 Test Accuracy: 72.12, 
 Test Confusion Matrix: 
 [[23.  0.]
 [29. 31.]], Test Sensitivity: 44.23, Test Specificity: 100.00,
 Eval Accuracy: 71.09, 
 Eval Confusion Matrix: 
 [[27.  0.]
 [37. 39.]], Eval Sensitivity: 42.19, Eval Specificity: 100.00
I0202 16:27:39.045620 140635426166592 train.py:157] Epoch 71/80, Accuracy: 97.10, 
 Confusion Matrix: 
 [[200.   5.]
 [  7. 202.]], Sensitivity: 96.62, Specificity: 97.58, 
 Test Accuracy: 82.97, 
 Test Confusion Matrix: 
 [[41.  4.]
 [11. 27.]], Test Sensitivity: 78.85, Test Specificity: 87.10,
 Eval Accuracy: 68.05, 
 Eval Confusion Matrix: 
 [[51. 17.]
 [13. 22.]], Eval Sensitivity: 79.69, Eval Specificity: 56.41
I0202 16:27:39.550068 140635426166592 train.py:157] Epoch 72/80, Accuracy: 96.38, 
 Confusion Matrix: 
 [[198.   6.]
 [  9. 201.]], Sensitivity: 95.65, Specificity: 97.10, 
 Test Accuracy: 50.00, 
 Test Confusion Matrix: 
 [[ 0.  0.]
 [52. 31.]], Test Sensitivity: 0.00, Test Specificity: 100.00,
 Eval Accuracy: 51.56, 
 Eval Confusion Matrix: 
 [[ 2.  0.]
 [62. 39.]], Eval Sensitivity: 3.12, Eval Specificity: 100.00
I0202 16:27:40.048178 140635426166592 train.py:157] Epoch 73/80, Accuracy: 93.96, 
 Confusion Matrix: 
 [[194.  12.]
 [ 13. 195.]], Sensitivity: 93.72, Specificity: 94.20, 
 Test Accuracy: 85.55, 
 Test Confusion Matrix: 
 [[42.  3.]
 [10. 28.]], Test Sensitivity: 80.77, Test Specificity: 90.32,
 Eval Accuracy: 75.24, 
 Eval Confusion Matrix: 
 [[52. 12.]
 [12. 27.]], Eval Sensitivity: 81.25, Eval Specificity: 69.23
I0202 16:27:40.536867 140635426166592 train.py:157] Epoch 74/80, Accuracy: 94.20, 
 Confusion Matrix: 
 [[193.  10.]
 [ 14. 197.]], Sensitivity: 93.24, Specificity: 95.17, 
 Test Accuracy: 57.69, 
 Test Confusion Matrix: 
 [[ 8.  0.]
 [44. 31.]], Test Sensitivity: 15.38, Test Specificity: 100.00,
 Eval Accuracy: 59.38, 
 Eval Confusion Matrix: 
 [[12.  0.]
 [52. 39.]], Eval Sensitivity: 18.75, Eval Specificity: 100.00
I0202 16:27:41.036522 140635426166592 train.py:157] Epoch 75/80, Accuracy: 95.65, 
 Confusion Matrix: 
 [[196.   7.]
 [ 11. 200.]], Sensitivity: 94.69, Specificity: 96.62, 
 Test Accuracy: 51.92, 
 Test Confusion Matrix: 
 [[ 2.  0.]
 [50. 31.]], Test Sensitivity: 3.85, Test Specificity: 100.00,
 Eval Accuracy: 53.12, 
 Eval Confusion Matrix: 
 [[ 4.  0.]
 [60. 39.]], Eval Sensitivity: 6.25, Eval Specificity: 100.00
I0202 16:27:41.540119 140635426166592 train.py:157] Epoch 76/80, Accuracy: 94.20, 
 Confusion Matrix: 
 [[194.  11.]
 [ 13. 196.]], Sensitivity: 93.72, Specificity: 94.69, 
 Test Accuracy: 82.04, 
 Test Confusion Matrix: 
 [[35.  1.]
 [17. 30.]], Test Sensitivity: 67.31, Test Specificity: 96.77,
 Eval Accuracy: 75.34, 
 Eval Confusion Matrix: 
 [[39.  4.]
 [25. 35.]], Eval Sensitivity: 60.94, Eval Specificity: 89.74
I0202 16:27:42.042872 140635426166592 train.py:157] Epoch 77/80, Accuracy: 93.00, 
 Confusion Matrix: 
 [[191.  13.]
 [ 16. 194.]], Sensitivity: 92.27, Specificity: 93.72, 
 Test Accuracy: 78.85, 
 Test Confusion Matrix: 
 [[30.  0.]
 [22. 31.]], Test Sensitivity: 57.69, Test Specificity: 100.00,
 Eval Accuracy: 75.00, 
 Eval Confusion Matrix: 
 [[32.  0.]
 [32. 39.]], Eval Sensitivity: 50.00, Eval Specificity: 100.00
I0202 16:27:42.545108 140635426166592 train.py:157] Epoch 78/80, Accuracy: 94.93, 
 Confusion Matrix: 
 [[191.   5.]
 [ 16. 202.]], Sensitivity: 92.27, Specificity: 97.58, 
 Test Accuracy: 50.96, 
 Test Confusion Matrix: 
 [[ 1.  0.]
 [51. 31.]], Test Sensitivity: 1.92, Test Specificity: 100.00,
 Eval Accuracy: 52.34, 
 Eval Confusion Matrix: 
 [[ 3.  0.]
 [61. 39.]], Eval Sensitivity: 4.69, Eval Specificity: 100.00
I0202 16:27:43.046917 140635426166592 train.py:157] Epoch 79/80, Accuracy: 96.62, 
 Confusion Matrix: 
 [[201.   8.]
 [  6. 199.]], Sensitivity: 97.10, Specificity: 96.14, 
 Test Accuracy: 53.85, 
 Test Confusion Matrix: 
 [[ 4.  0.]
 [48. 31.]], Test Sensitivity: 7.69, Test Specificity: 100.00,
 Eval Accuracy: 57.81, 
 Eval Confusion Matrix: 
 [[10.  0.]
 [54. 39.]], Eval Sensitivity: 15.62, Eval Specificity: 100.00
I0202 16:27:43.079406 140635426166592 train.py:226] Finished training after 2054 steps and 80 epochs.
Model: "vgg_like"
_________________________________________________________________
Layer (type)                 Output Shape              Param #   
=================================================================
input_1 (InputLayer)         [(None, None, None, 3)]   0         
_________________________________________________________________
conv2d (Conv2D)              (None, None, None, 8)     224       
_________________________________________________________________
batch_normalization (BatchNo (None, None, None, 8)     32        
_________________________________________________________________
conv2d_1 (Conv2D)            (None, None, None, 8)     584       
_________________________________________________________________
max_pooling2d (MaxPooling2D) (None, None, None, 8)     0         
_________________________________________________________________
batch_normalization_1 (Batch (None, None, None, 8)     32        
_________________________________________________________________
conv2d_2 (Conv2D)            (None, None, None, 16)    1168      
_________________________________________________________________
batch_normalization_2 (Batch (None, None, None, 16)    64        
_________________________________________________________________
conv2d_3 (Conv2D)            (None, None, None, 16)    2320      
_________________________________________________________________
max_pooling2d_1 (MaxPooling2 (None, None, None, 16)    0         
_________________________________________________________________
batch_normalization_3 (Batch (None, None, None, 16)    64        
_________________________________________________________________
conv2d_4 (Conv2D)            (None, None, None, 32)    4640      
_________________________________________________________________
batch_normalization_4 (Batch (None, None, None, 32)    128       
_________________________________________________________________
conv2d_5 (Conv2D)            (None, None, None, 32)    9248      
_________________________________________________________________
max_pooling2d_2 (MaxPooling2 (None, None, None, 32)    0         
_________________________________________________________________
batch_normalization_5 (Batch (None, None, None, 32)    128       
_________________________________________________________________
conv2d_6 (Conv2D)            (None, None, None, 64)    18496     
_________________________________________________________________
batch_normalization_6 (Batch (None, None, None, 64)    256       
_________________________________________________________________
conv2d_7 (Conv2D)            (None, None, None, 64)    36928     
_________________________________________________________________
max_pooling2d_3 (MaxPooling2 (None, None, None, 64)    0         
_________________________________________________________________
batch_normalization_7 (Batch (None, None, None, 64)    256       
_________________________________________________________________
global_average_pooling2d (Gl (None, 64)                0         
_________________________________________________________________
dense (Dense)                (None, 128)               8320      
_________________________________________________________________
dropout (Dropout)            (None, 128)               0         
_________________________________________________________________
dense_1 (Dense)              (None, 2)                 258       
=================================================================
Total params: 83,146
Trainable params: 82,666
Non-trainable params: 480
_________________________________________________________________
