2021-02-08 13:19:41.277145: I tensorflow/stream_executor/platform/default/dso_loader.cc:48] Successfully opened dynamic library libcudart.so.10.1
I0208 13:19:42.409164 140306769188672 datasets.py:14] Preparing dataset idrid...
I0208 13:19:42.409862 140306769188672 dataset_info.py:361] Load dataset info from /home/RUS_CIP/st169955/dl-lab-2020-team15/Project1-Diabetic_Retinopathy/idrid/1.0.0
I0208 13:19:42.410485 140306769188672 dataset_builder.py:299] Reusing dataset idrid (/home/RUS_CIP/st169955/dl-lab-2020-team15/Project1-Diabetic_Retinopathy/idrid/1.0.0)
I0208 13:19:42.410535 140306769188672 dataset_builder.py:510] Constructing tf.data.Dataset for split ['train[:80%]', 'train[80%:]', 'test'], from /home/RUS_CIP/st169955/dl-lab-2020-team15/Project1-Diabetic_Retinopathy/idrid/1.0.0
2021-02-08 13:19:42.411775: I tensorflow/stream_executor/platform/default/dso_loader.cc:48] Successfully opened dynamic library libcuda.so.1
2021-02-08 13:19:42.459428: I tensorflow/stream_executor/cuda/cuda_gpu_executor.cc:982] successful NUMA node read from SysFS had negative value (-1), but there must be at least one NUMA node, so returning NUMA node zero
2021-02-08 13:19:42.460176: I tensorflow/core/common_runtime/gpu/gpu_device.cc:1716] Found device 0 with properties: 
pciBusID: 0000:21:00.0 name: GeForce RTX 2080 Ti computeCapability: 7.5
coreClock: 1.545GHz coreCount: 68 deviceMemorySize: 10.76GiB deviceMemoryBandwidth: 573.69GiB/s
2021-02-08 13:19:42.460191: I tensorflow/stream_executor/platform/default/dso_loader.cc:48] Successfully opened dynamic library libcudart.so.10.1
2021-02-08 13:19:42.461261: I tensorflow/stream_executor/platform/default/dso_loader.cc:48] Successfully opened dynamic library libcublas.so.10
2021-02-08 13:19:42.462417: I tensorflow/stream_executor/platform/default/dso_loader.cc:48] Successfully opened dynamic library libcufft.so.10
2021-02-08 13:19:42.462557: I tensorflow/stream_executor/platform/default/dso_loader.cc:48] Successfully opened dynamic library libcurand.so.10
2021-02-08 13:19:42.463564: I tensorflow/stream_executor/platform/default/dso_loader.cc:48] Successfully opened dynamic library libcusolver.so.10
2021-02-08 13:19:42.464124: I tensorflow/stream_executor/platform/default/dso_loader.cc:48] Successfully opened dynamic library libcusparse.so.10
2021-02-08 13:19:42.466475: I tensorflow/stream_executor/platform/default/dso_loader.cc:48] Successfully opened dynamic library libcudnn.so.7
2021-02-08 13:19:42.466584: I tensorflow/stream_executor/cuda/cuda_gpu_executor.cc:982] successful NUMA node read from SysFS had negative value (-1), but there must be at least one NUMA node, so returning NUMA node zero
2021-02-08 13:19:42.467352: I tensorflow/stream_executor/cuda/cuda_gpu_executor.cc:982] successful NUMA node read from SysFS had negative value (-1), but there must be at least one NUMA node, so returning NUMA node zero
2021-02-08 13:19:42.468033: I tensorflow/core/common_runtime/gpu/gpu_device.cc:1858] Adding visible gpu devices: 0
2021-02-08 13:19:42.468341: I tensorflow/core/platform/cpu_feature_guard.cc:142] This TensorFlow binary is optimized with oneAPI Deep Neural Network Library (oneDNN)to use the following CPU instructions in performance-critical operations:  AVX2 FMA
To enable them in other operations, rebuild TensorFlow with the appropriate compiler flags.
2021-02-08 13:19:42.473547: I tensorflow/core/platform/profile_utils/cpu_utils.cc:104] CPU Frequency: 3800025000 Hz
2021-02-08 13:19:42.473798: I tensorflow/compiler/xla/service/service.cc:168] XLA service 0x4a0d390 initialized for platform Host (this does not guarantee that XLA will be used). Devices:
2021-02-08 13:19:42.473809: I tensorflow/compiler/xla/service/service.cc:176]   StreamExecutor device (0): Host, Default Version
2021-02-08 13:19:42.552481: I tensorflow/stream_executor/cuda/cuda_gpu_executor.cc:982] successful NUMA node read from SysFS had negative value (-1), but there must be at least one NUMA node, so returning NUMA node zero
2021-02-08 13:19:42.553286: I tensorflow/compiler/xla/service/service.cc:168] XLA service 0x494ae20 initialized for platform CUDA (this does not guarantee that XLA will be used). Devices:
2021-02-08 13:19:42.553332: I tensorflow/compiler/xla/service/service.cc:176]   StreamExecutor device (0): GeForce RTX 2080 Ti, Compute Capability 7.5
2021-02-08 13:19:42.553512: I tensorflow/stream_executor/cuda/cuda_gpu_executor.cc:982] successful NUMA node read from SysFS had negative value (-1), but there must be at least one NUMA node, so returning NUMA node zero
2021-02-08 13:19:42.554584: I tensorflow/core/common_runtime/gpu/gpu_device.cc:1716] Found device 0 with properties: 
pciBusID: 0000:21:00.0 name: GeForce RTX 2080 Ti computeCapability: 7.5
coreClock: 1.545GHz coreCount: 68 deviceMemorySize: 10.76GiB deviceMemoryBandwidth: 573.69GiB/s
2021-02-08 13:19:42.554614: I tensorflow/stream_executor/platform/default/dso_loader.cc:48] Successfully opened dynamic library libcudart.so.10.1
2021-02-08 13:19:42.554646: I tensorflow/stream_executor/platform/default/dso_loader.cc:48] Successfully opened dynamic library libcublas.so.10
2021-02-08 13:19:42.554659: I tensorflow/stream_executor/platform/default/dso_loader.cc:48] Successfully opened dynamic library libcufft.so.10
2021-02-08 13:19:42.554672: I tensorflow/stream_executor/platform/default/dso_loader.cc:48] Successfully opened dynamic library libcurand.so.10
2021-02-08 13:19:42.554685: I tensorflow/stream_executor/platform/default/dso_loader.cc:48] Successfully opened dynamic library libcusolver.so.10
2021-02-08 13:19:42.554697: I tensorflow/stream_executor/platform/default/dso_loader.cc:48] Successfully opened dynamic library libcusparse.so.10
2021-02-08 13:19:42.554710: I tensorflow/stream_executor/platform/default/dso_loader.cc:48] Successfully opened dynamic library libcudnn.so.7
2021-02-08 13:19:42.554778: I tensorflow/stream_executor/cuda/cuda_gpu_executor.cc:982] successful NUMA node read from SysFS had negative value (-1), but there must be at least one NUMA node, so returning NUMA node zero
2021-02-08 13:19:42.555836: I tensorflow/stream_executor/cuda/cuda_gpu_executor.cc:982] successful NUMA node read from SysFS had negative value (-1), but there must be at least one NUMA node, so returning NUMA node zero
2021-02-08 13:19:42.556841: I tensorflow/core/common_runtime/gpu/gpu_device.cc:1858] Adding visible gpu devices: 0
2021-02-08 13:19:42.556871: I tensorflow/stream_executor/platform/default/dso_loader.cc:48] Successfully opened dynamic library libcudart.so.10.1
2021-02-08 13:19:42.861851: I tensorflow/core/common_runtime/gpu/gpu_device.cc:1257] Device interconnect StreamExecutor with strength 1 edge matrix:
2021-02-08 13:19:42.861900: I tensorflow/core/common_runtime/gpu/gpu_device.cc:1263]      0 
2021-02-08 13:19:42.861906: I tensorflow/core/common_runtime/gpu/gpu_device.cc:1276] 0:   N 
2021-02-08 13:19:42.862129: I tensorflow/stream_executor/cuda/cuda_gpu_executor.cc:982] successful NUMA node read from SysFS had negative value (-1), but there must be at least one NUMA node, so returning NUMA node zero
2021-02-08 13:19:42.862891: I tensorflow/stream_executor/cuda/cuda_gpu_executor.cc:982] successful NUMA node read from SysFS had negative value (-1), but there must be at least one NUMA node, so returning NUMA node zero
2021-02-08 13:19:42.863591: I tensorflow/core/common_runtime/gpu/gpu_device.cc:1402] Created TensorFlow device (/job:localhost/replica:0/task:0/device:GPU:0 with 10074 MB memory) -> physical GPU (device: 0, name: GeForce RTX 2080 Ti, pci bus id: 0000:21:00.0, compute capability: 7.5)
WARNING:tensorflow:AutoGraph could not transform <function preprocess at 0x7f9b469b9160> and will run it as-is.
Please report this to the TensorFlow team. When filing the bug, set the verbosity to 10 (on Linux, `export AUTOGRAPH_VERBOSITY=10`) and attach the full output.
Cause: module 'gast' has no attribute 'Index'
To silence this warning, decorate the function with @tf.autograph.experimental.do_not_convert
W0208 13:19:43.060792 140306769188672 ag_logging.py:146] AutoGraph could not transform <function preprocess at 0x7f9b469b9160> and will run it as-is.
Please report this to the TensorFlow team. When filing the bug, set the verbosity to 10 (on Linux, `export AUTOGRAPH_VERBOSITY=10`) and attach the full output.
Cause: module 'gast' has no attribute 'Index'
To silence this warning, decorate the function with @tf.autograph.experimental.do_not_convert
I0208 13:19:58.111642 140306769188672 train.py:121] Initializing from scratch.
2021-02-08 13:19:59.099644: I tensorflow/stream_executor/platform/default/dso_loader.cc:48] Successfully opened dynamic library libcublas.so.10
2021-02-08 13:19:59.235372: I tensorflow/stream_executor/platform/default/dso_loader.cc:48] Successfully opened dynamic library libcudnn.so.7
I0208 13:20:04.439217 140306769188672 train.py:157] Epoch 1/80, Accuracy: 57.28, 
 Confusion Matrix: 
 [[153.  73.]
 [ 54.  50.]], Sensitivity: 73.91, Specificity: 40.65, 
 Test Accuracy: 50.00, 
 Test Confusion Matrix: 
 [[52. 31.]
 [ 0.  0.]], Test Sensitivity: 100.00, Test Specificity: 0.00,
 Eval Accuracy: 50.00, 
 Eval Confusion Matrix: 
 [[64. 39.]
 [ 0.  0.]], Eval Sensitivity: 100.00, Eval Specificity: 0.00
I0208 13:20:04.920094 140306769188672 train.py:157] Epoch 2/80, Accuracy: 69.65, 
 Confusion Matrix: 
 [[184.  61.]
 [ 23.  62.]], Sensitivity: 88.89, Specificity: 50.41, 
 Test Accuracy: 50.00, 
 Test Confusion Matrix: 
 [[52. 31.]
 [ 0.  0.]], Test Sensitivity: 100.00, Test Specificity: 0.00,
 Eval Accuracy: 51.28, 
 Eval Confusion Matrix: 
 [[64. 38.]
 [ 0.  1.]], Eval Sensitivity: 100.00, Eval Specificity: 2.56
I0208 13:20:05.348042 140306769188672 train.py:157] Epoch 3/80, Accuracy: 75.42, 
 Confusion Matrix: 
 [[186.  48.]
 [ 21.  75.]], Sensitivity: 89.86, Specificity: 60.98, 
 Test Accuracy: 72.95, 
 Test Confusion Matrix: 
 [[44. 12.]
 [ 8. 19.]], Test Sensitivity: 84.62, Test Specificity: 61.29,
 Eval Accuracy: 52.94, 
 Eval Confusion Matrix: 
 [[53. 30.]
 [11.  9.]], Eval Sensitivity: 82.81, Eval Specificity: 23.08
I0208 13:20:05.767875 140306769188672 train.py:157] Epoch 4/80, Accuracy: 75.77, 
 Confusion Matrix: 
 [[174.  40.]
 [ 33.  83.]], Sensitivity: 84.06, Specificity: 67.48, 
 Test Accuracy: 51.61, 
 Test Confusion Matrix: 
 [[52. 30.]
 [ 0.  1.]], Test Sensitivity: 100.00, Test Specificity: 3.23,
 Eval Accuracy: 51.28, 
 Eval Confusion Matrix: 
 [[64. 38.]
 [ 0.  1.]], Eval Sensitivity: 100.00, Eval Specificity: 2.56
I0208 13:20:06.195098 140306769188672 train.py:157] Epoch 5/80, Accuracy: 78.67, 
 Confusion Matrix: 
 [[186.  40.]
 [ 21.  83.]], Sensitivity: 89.86, Specificity: 67.48, 
 Test Accuracy: 50.00, 
 Test Confusion Matrix: 
 [[52. 31.]
 [ 0.  0.]], Test Sensitivity: 100.00, Test Specificity: 0.00,
 Eval Accuracy: 50.00, 
 Eval Confusion Matrix: 
 [[64. 39.]
 [ 0.  0.]], Eval Sensitivity: 100.00, Eval Specificity: 0.00
I0208 13:20:06.616278 140306769188672 train.py:157] Epoch 6/80, Accuracy: 80.37, 
 Confusion Matrix: 
 [[188.  37.]
 [ 19.  86.]], Sensitivity: 90.82, Specificity: 69.92, 
 Test Accuracy: 63.55, 
 Test Confusion Matrix: 
 [[51. 22.]
 [ 1.  9.]], Test Sensitivity: 98.08, Test Specificity: 29.03,
 Eval Accuracy: 54.35, 
 Eval Confusion Matrix: 
 [[63. 35.]
 [ 1.  4.]], Eval Sensitivity: 98.44, Eval Specificity: 10.26
I0208 13:20:07.039366 140306769188672 train.py:157] Epoch 7/80, Accuracy: 82.49, 
 Confusion Matrix: 
 [[185.  30.]
 [ 22.  93.]], Sensitivity: 89.37, Specificity: 75.61, 
 Test Accuracy: 59.68, 
 Test Confusion Matrix: 
 [[52. 25.]
 [ 0.  6.]], Test Sensitivity: 100.00, Test Specificity: 19.35,
 Eval Accuracy: 53.85, 
 Eval Confusion Matrix: 
 [[64. 36.]
 [ 0.  3.]], Eval Sensitivity: 100.00, Eval Specificity: 7.69
I0208 13:20:07.450643 140306769188672 train.py:157] Epoch 8/80, Accuracy: 81.59, 
 Confusion Matrix: 
 [[188.  34.]
 [ 19.  89.]], Sensitivity: 90.82, Specificity: 72.36, 
 Test Accuracy: 76.89, 
 Test Confusion Matrix: 
 [[33.  3.]
 [19. 28.]], Test Sensitivity: 63.46, Test Specificity: 90.32,
 Eval Accuracy: 78.97, 
 Eval Confusion Matrix: 
 [[42.  3.]
 [22. 36.]], Eval Sensitivity: 65.62, Eval Specificity: 92.31
I0208 13:20:07.873831 140306769188672 train.py:157] Epoch 9/80, Accuracy: 81.60, 
 Confusion Matrix: 
 [[183.  31.]
 [ 24.  92.]], Sensitivity: 88.41, Specificity: 74.80, 
 Test Accuracy: 68.08, 
 Test Confusion Matrix: 
 [[49. 18.]
 [ 3. 13.]], Test Sensitivity: 94.23, Test Specificity: 41.94,
 Eval Accuracy: 59.98, 
 Eval Confusion Matrix: 
 [[62. 30.]
 [ 2.  9.]], Eval Sensitivity: 96.88, Eval Specificity: 23.08
I0208 13:20:08.295649 140306769188672 train.py:157] Epoch 10/80, Accuracy: 85.41, 
 Confusion Matrix: 
 [[187.  24.]
 [ 20.  99.]], Sensitivity: 90.34, Specificity: 80.49, 
 Test Accuracy: 75.90, 
 Test Confusion Matrix: 
 [[37.  6.]
 [15. 25.]], Test Sensitivity: 71.15, Test Specificity: 80.65,
 Eval Accuracy: 77.96, 
 Eval Confusion Matrix: 
 [[44.  5.]
 [20. 34.]], Eval Sensitivity: 68.75, Eval Specificity: 87.18
I0208 13:20:08.723369 140306769188672 train.py:157] Epoch 11/80, Accuracy: 84.68, 
 Confusion Matrix: 
 [[189.  27.]
 [ 18.  96.]], Sensitivity: 91.30, Specificity: 78.05, 
 Test Accuracy: 63.90, 
 Test Confusion Matrix: 
 [[48. 20.]
 [ 4. 11.]], Test Sensitivity: 92.31, Test Specificity: 35.48,
 Eval Accuracy: 58.69, 
 Eval Confusion Matrix: 
 [[62. 31.]
 [ 2.  8.]], Eval Sensitivity: 96.88, Eval Specificity: 20.51
I0208 13:20:09.151350 140306769188672 train.py:157] Epoch 12/80, Accuracy: 83.39, 
 Confusion Matrix: 
 [[182.  26.]
 [ 25.  97.]], Sensitivity: 87.92, Specificity: 78.86, 
 Test Accuracy: 68.27, 
 Test Confusion Matrix: 
 [[19.  0.]
 [33. 31.]], Test Sensitivity: 36.54, Test Specificity: 100.00,
 Eval Accuracy: 65.62, 
 Eval Confusion Matrix: 
 [[20.  0.]
 [44. 39.]], Eval Sensitivity: 31.25, Eval Specificity: 100.00
I0208 13:20:09.579828 140306769188672 train.py:157] Epoch 13/80, Accuracy: 82.49, 
 Confusion Matrix: 
 [[185.  30.]
 [ 22.  93.]], Sensitivity: 89.37, Specificity: 75.61, 
 Test Accuracy: 73.08, 
 Test Confusion Matrix: 
 [[24.  0.]
 [28. 31.]], Test Sensitivity: 46.15, Test Specificity: 100.00,
 Eval Accuracy: 71.09, 
 Eval Confusion Matrix: 
 [[27.  0.]
 [37. 39.]], Eval Sensitivity: 42.19, Eval Specificity: 100.00
I0208 13:20:09.999039 140306769188672 train.py:157] Epoch 14/80, Accuracy: 84.36, 
 Confusion Matrix: 
 [[186.  26.]
 [ 21.  97.]], Sensitivity: 89.86, Specificity: 78.86, 
 Test Accuracy: 72.27, 
 Test Confusion Matrix: 
 [[50. 16.]
 [ 2. 15.]], Test Sensitivity: 96.15, Test Specificity: 48.39,
 Eval Accuracy: 67.89, 
 Eval Confusion Matrix: 
 [[59. 22.]
 [ 5. 17.]], Eval Sensitivity: 92.19, Eval Specificity: 43.59
I0208 13:20:10.418916 140306769188672 train.py:157] Epoch 15/80, Accuracy: 85.34, 
 Confusion Matrix: 
 [[185.  23.]
 [ 22. 100.]], Sensitivity: 89.37, Specificity: 81.30, 
 Test Accuracy: 67.43, 
 Test Confusion Matrix: 
 [[50. 19.]
 [ 2. 12.]], Test Sensitivity: 96.15, Test Specificity: 38.71,
 Eval Accuracy: 57.41, 
 Eval Confusion Matrix: 
 [[62. 32.]
 [ 2.  7.]], Eval Sensitivity: 96.88, Eval Specificity: 17.95
I0208 13:20:10.843018 140306769188672 train.py:157] Epoch 16/80, Accuracy: 86.14, 
 Confusion Matrix: 
 [[190.  24.]
 [ 17.  99.]], Sensitivity: 91.79, Specificity: 80.49, 
 Test Accuracy: 73.98, 
 Test Confusion Matrix: 
 [[35.  6.]
 [17. 25.]], Test Sensitivity: 67.31, Test Specificity: 80.65,
 Eval Accuracy: 79.47, 
 Eval Confusion Matrix: 
 [[41.  2.]
 [23. 37.]], Eval Sensitivity: 64.06, Eval Specificity: 94.87
I0208 13:20:11.263860 140306769188672 train.py:157] Epoch 17/80, Accuracy: 86.54, 
 Confusion Matrix: 
 [[190.  23.]
 [ 17. 100.]], Sensitivity: 91.79, Specificity: 81.30, 
 Test Accuracy: 72.08, 
 Test Confusion Matrix: 
 [[28.  3.]
 [24. 28.]], Test Sensitivity: 53.85, Test Specificity: 90.32,
 Eval Accuracy: 76.56, 
 Eval Confusion Matrix: 
 [[34.  0.]
 [30. 39.]], Eval Sensitivity: 53.12, Eval Specificity: 100.00
I0208 13:20:11.686149 140306769188672 train.py:157] Epoch 18/80, Accuracy: 87.20, 
 Confusion Matrix: 
 [[186.  19.]
 [ 21. 104.]], Sensitivity: 89.86, Specificity: 84.55, 
 Test Accuracy: 59.68, 
 Test Confusion Matrix: 
 [[52. 25.]
 [ 0.  6.]], Test Sensitivity: 100.00, Test Specificity: 19.35,
 Eval Accuracy: 56.91, 
 Eval Confusion Matrix: 
 [[63. 33.]
 [ 1.  6.]], Eval Sensitivity: 98.44, Eval Specificity: 15.38
I0208 13:20:12.111258 140306769188672 train.py:157] Epoch 19/80, Accuracy: 86.62, 
 Confusion Matrix: 
 [[192.  24.]
 [ 15.  99.]], Sensitivity: 92.75, Specificity: 80.49, 
 Test Accuracy: 66.47, 
 Test Confusion Matrix: 
 [[49. 19.]
 [ 3. 12.]], Test Sensitivity: 94.23, Test Specificity: 38.71,
 Eval Accuracy: 60.76, 
 Eval Confusion Matrix: 
 [[63. 30.]
 [ 1.  9.]], Eval Sensitivity: 98.44, Eval Specificity: 23.08
I0208 13:20:12.532036 140306769188672 train.py:157] Epoch 20/80, Accuracy: 90.04, 
 Confusion Matrix: 
 [[191.  15.]
 [ 16. 108.]], Sensitivity: 92.27, Specificity: 87.80, 
 Test Accuracy: 79.75, 
 Test Confusion Matrix: 
 [[41.  6.]
 [11. 25.]], Test Sensitivity: 78.85, Test Specificity: 80.65,
 Eval Accuracy: 81.65, 
 Eval Confusion Matrix: 
 [[52.  7.]
 [12. 32.]], Eval Sensitivity: 81.25, Eval Specificity: 82.05
I0208 13:20:12.955523 140306769188672 train.py:157] Epoch 21/80, Accuracy: 84.85, 
 Confusion Matrix: 
 [[183.  23.]
 [ 24. 100.]], Sensitivity: 88.41, Specificity: 81.30, 
 Test Accuracy: 59.68, 
 Test Confusion Matrix: 
 [[52. 25.]
 [ 0.  6.]], Test Sensitivity: 100.00, Test Specificity: 19.35,
 Eval Accuracy: 55.63, 
 Eval Confusion Matrix: 
 [[63. 34.]
 [ 1.  5.]], Eval Sensitivity: 98.44, Eval Specificity: 12.82
I0208 13:20:13.376519 140306769188672 train.py:157] Epoch 22/80, Accuracy: 86.96, 
 Confusion Matrix: 
 [[185.  19.]
 [ 22. 104.]], Sensitivity: 89.37, Specificity: 84.55, 
 Test Accuracy: 62.59, 
 Test Confusion Matrix: 
 [[50. 22.]
 [ 2.  9.]], Test Sensitivity: 96.15, Test Specificity: 29.03,
 Eval Accuracy: 57.41, 
 Eval Confusion Matrix: 
 [[62. 32.]
 [ 2.  7.]], Eval Sensitivity: 96.88, Eval Specificity: 17.95
I0208 13:20:13.798955 140306769188672 train.py:157] Epoch 23/80, Accuracy: 87.04, 
 Confusion Matrix: 
 [[187.  20.]
 [ 20. 103.]], Sensitivity: 90.34, Specificity: 83.74, 
 Test Accuracy: 74.60, 
 Test Confusion Matrix: 
 [[39.  8.]
 [13. 23.]], Test Sensitivity: 75.00, Test Specificity: 74.19,
 Eval Accuracy: 80.81, 
 Eval Confusion Matrix: 
 [[46.  4.]
 [18. 35.]], Eval Sensitivity: 71.88, Eval Specificity: 89.74
I0208 13:20:14.227322 140306769188672 train.py:157] Epoch 24/80, Accuracy: 90.11, 
 Confusion Matrix: 
 [[193.  16.]
 [ 14. 107.]], Sensitivity: 93.24, Specificity: 86.99, 
 Test Accuracy: 56.45, 
 Test Confusion Matrix: 
 [[52. 27.]
 [ 0.  4.]], Test Sensitivity: 100.00, Test Specificity: 12.90,
 Eval Accuracy: 55.35, 
 Eval Confusion Matrix: 
 [[61. 33.]
 [ 3.  6.]], Eval Sensitivity: 95.31, Eval Specificity: 15.38
I0208 13:20:14.643928 140306769188672 train.py:157] Epoch 25/80, Accuracy: 89.64, 
 Confusion Matrix: 
 [[186.  13.]
 [ 21. 110.]], Sensitivity: 89.86, Specificity: 89.43, 
 Test Accuracy: 63.55, 
 Test Confusion Matrix: 
 [[51. 22.]
 [ 1.  9.]], Test Sensitivity: 98.08, Test Specificity: 29.03,
 Eval Accuracy: 58.19, 
 Eval Confusion Matrix: 
 [[63. 32.]
 [ 1.  7.]], Eval Sensitivity: 98.44, Eval Specificity: 17.95
I0208 13:20:15.055299 140306769188672 train.py:157] Epoch 26/80, Accuracy: 94.50, 
 Confusion Matrix: 
 [[196.   7.]
 [ 11. 116.]], Sensitivity: 94.69, Specificity: 94.31, 
 Test Accuracy: 53.23, 
 Test Confusion Matrix: 
 [[52. 29.]
 [ 0.  2.]], Test Sensitivity: 100.00, Test Specificity: 6.45,
 Eval Accuracy: 51.28, 
 Eval Confusion Matrix: 
 [[64. 38.]
 [ 0.  1.]], Eval Sensitivity: 100.00, Eval Specificity: 2.56
I0208 13:20:15.480561 140306769188672 train.py:157] Epoch 27/80, Accuracy: 91.33, 
 Confusion Matrix: 
 [[193.  13.]
 [ 14. 110.]], Sensitivity: 93.24, Specificity: 89.43, 
 Test Accuracy: 54.84, 
 Test Confusion Matrix: 
 [[52. 28.]
 [ 0.  3.]], Test Sensitivity: 100.00, Test Specificity: 9.68,
 Eval Accuracy: 54.35, 
 Eval Confusion Matrix: 
 [[63. 35.]
 [ 1.  4.]], Eval Sensitivity: 98.44, Eval Specificity: 10.26
I0208 13:20:15.900497 140306769188672 train.py:157] Epoch 28/80, Accuracy: 87.19, 
 Confusion Matrix: 
 [[191.  22.]
 [ 16. 101.]], Sensitivity: 92.27, Specificity: 82.11, 
 Test Accuracy: 62.50, 
 Test Confusion Matrix: 
 [[13.  0.]
 [39. 31.]], Test Sensitivity: 25.00, Test Specificity: 100.00,
 Eval Accuracy: 59.38, 
 Eval Confusion Matrix: 
 [[12.  0.]
 [52. 39.]], Eval Sensitivity: 18.75, Eval Specificity: 100.00
I0208 13:20:16.326285 140306769188672 train.py:157] Epoch 29/80, Accuracy: 89.47, 
 Confusion Matrix: 
 [[192.  17.]
 [ 15. 106.]], Sensitivity: 92.75, Specificity: 86.18, 
 Test Accuracy: 56.73, 
 Test Confusion Matrix: 
 [[ 7.  0.]
 [45. 31.]], Test Sensitivity: 13.46, Test Specificity: 100.00,
 Eval Accuracy: 58.59, 
 Eval Confusion Matrix: 
 [[11.  0.]
 [53. 39.]], Eval Sensitivity: 17.19, Eval Specificity: 100.00
I0208 13:20:16.749813 140306769188672 train.py:157] Epoch 30/80, Accuracy: 92.22, 
 Confusion Matrix: 
 [[195.  12.]
 [ 12. 111.]], Sensitivity: 94.20, Specificity: 90.24, 
 Test Accuracy: 70.35, 
 Test Confusion Matrix: 
 [[48. 16.]
 [ 4. 15.]], Test Sensitivity: 92.31, Test Specificity: 48.39,
 Eval Accuracy: 66.11, 
 Eval Confusion Matrix: 
 [[60. 24.]
 [ 4. 15.]], Eval Sensitivity: 93.75, Eval Specificity: 38.46
I0208 13:20:17.173926 140306769188672 train.py:157] Epoch 31/80, Accuracy: 92.39, 
 Confusion Matrix: 
 [[194.  11.]
 [ 13. 112.]], Sensitivity: 93.72, Specificity: 91.06, 
 Test Accuracy: 72.39, 
 Test Confusion Matrix: 
 [[30.  4.]
 [22. 27.]], Test Sensitivity: 57.69, Test Specificity: 87.10,
 Eval Accuracy: 72.94, 
 Eval Confusion Matrix: 
 [[31.  1.]
 [33. 38.]], Eval Sensitivity: 48.44, Eval Specificity: 97.44
I0208 13:20:17.595054 140306769188672 train.py:157] Epoch 32/80, Accuracy: 92.30, 
 Confusion Matrix: 
 [[197.  13.]
 [ 10. 110.]], Sensitivity: 95.17, Specificity: 89.43, 
 Test Accuracy: 51.61, 
 Test Confusion Matrix: 
 [[52. 30.]
 [ 0.  1.]], Test Sensitivity: 100.00, Test Specificity: 3.23,
 Eval Accuracy: 50.00, 
 Eval Confusion Matrix: 
 [[64. 39.]
 [ 0.  0.]], Eval Sensitivity: 100.00, Eval Specificity: 0.00
I0208 13:20:18.017291 140306769188672 train.py:157] Epoch 33/80, Accuracy: 95.39, 
 Confusion Matrix: 
 [[198.   6.]
 [  9. 117.]], Sensitivity: 95.65, Specificity: 95.12, 
 Test Accuracy: 79.09, 
 Test Confusion Matrix: 
 [[42.  7.]
 [10. 24.]], Test Sensitivity: 80.77, Test Specificity: 77.42,
 Eval Accuracy: 78.31, 
 Eval Confusion Matrix: 
 [[51.  9.]
 [13. 30.]], Eval Sensitivity: 79.69, Eval Specificity: 76.92
I0208 13:20:18.434557 140306769188672 train.py:157] Epoch 34/80, Accuracy: 92.22, 
 Confusion Matrix: 
 [[195.  12.]
 [ 12. 111.]], Sensitivity: 94.20, Specificity: 90.24, 
 Test Accuracy: 76.80, 
 Test Confusion Matrix: 
 [[48. 12.]
 [ 4. 19.]], Test Sensitivity: 92.31, Test Specificity: 61.29,
 Eval Accuracy: 66.61, 
 Eval Confusion Matrix: 
 [[59. 23.]
 [ 5. 16.]], Eval Sensitivity: 92.19, Eval Specificity: 41.03
I0208 13:20:18.853921 140306769188672 train.py:157] Epoch 35/80, Accuracy: 90.27, 
 Confusion Matrix: 
 [[197.  18.]
 [ 10. 105.]], Sensitivity: 95.17, Specificity: 85.37, 
 Test Accuracy: 75.19, 
 Test Confusion Matrix: 
 [[48. 13.]
 [ 4. 18.]], Test Sensitivity: 92.31, Test Specificity: 58.06,
 Eval Accuracy: 62.76, 
 Eval Confusion Matrix: 
 [[59. 26.]
 [ 5. 13.]], Eval Sensitivity: 92.19, Eval Specificity: 33.33
I0208 13:20:19.277836 140306769188672 train.py:157] Epoch 36/80, Accuracy: 96.04, 
 Confusion Matrix: 
 [[199.   5.]
 [  8. 118.]], Sensitivity: 96.14, Specificity: 95.93, 
 Test Accuracy: 50.00, 
 Test Confusion Matrix: 
 [[52. 31.]
 [ 0.  0.]], Test Sensitivity: 100.00, Test Specificity: 0.00,
 Eval Accuracy: 50.00, 
 Eval Confusion Matrix: 
 [[64. 39.]
 [ 0.  0.]], Eval Sensitivity: 100.00, Eval Specificity: 0.00
I0208 13:20:19.690698 140306769188672 train.py:157] Epoch 37/80, Accuracy: 96.11, 
 Confusion Matrix: 
 [[201.   6.]
 [  6. 117.]], Sensitivity: 97.10, Specificity: 95.12, 
 Test Accuracy: 58.06, 
 Test Confusion Matrix: 
 [[52. 26.]
 [ 0.  5.]], Test Sensitivity: 100.00, Test Specificity: 16.13,
 Eval Accuracy: 50.50, 
 Eval Confusion Matrix: 
 [[63. 38.]
 [ 1.  1.]], Eval Sensitivity: 98.44, Eval Specificity: 2.56
I0208 13:20:20.107861 140306769188672 train.py:157] Epoch 38/80, Accuracy: 98.70, 
 Confusion Matrix: 
 [[205.   2.]
 [  2. 121.]], Sensitivity: 99.03, Specificity: 98.37, 
 Test Accuracy: 69.70, 
 Test Confusion Matrix: 
 [[49. 17.]
 [ 3. 14.]], Test Sensitivity: 94.23, Test Specificity: 45.16,
 Eval Accuracy: 60.48, 
 Eval Confusion Matrix: 
 [[61. 29.]
 [ 3. 10.]], Eval Sensitivity: 95.31, Eval Specificity: 25.64
I0208 13:20:20.535106 140306769188672 train.py:157] Epoch 39/80, Accuracy: 93.04, 
 Confusion Matrix: 
 [[195.  10.]
 [ 12. 113.]], Sensitivity: 94.20, Specificity: 91.87, 
 Test Accuracy: 50.00, 
 Test Confusion Matrix: 
 [[ 0.  0.]
 [52. 31.]], Test Sensitivity: 0.00, Test Specificity: 100.00,
 Eval Accuracy: 50.78, 
 Eval Confusion Matrix: 
 [[ 1.  0.]
 [63. 39.]], Eval Sensitivity: 1.56, Eval Specificity: 100.00
I0208 13:20:20.955661 140306769188672 train.py:157] Epoch 40/80, Accuracy: 93.52, 
 Confusion Matrix: 
 [[197.  10.]
 [ 10. 113.]], Sensitivity: 95.17, Specificity: 91.87, 
 Test Accuracy: 82.32, 
 Test Confusion Matrix: 
 [[42.  5.]
 [10. 26.]], Test Sensitivity: 80.77, Test Specificity: 83.87,
 Eval Accuracy: 77.52, 
 Eval Confusion Matrix: 
 [[50.  9.]
 [14. 30.]], Eval Sensitivity: 78.12, Eval Specificity: 76.92
I0208 13:20:21.373568 140306769188672 train.py:157] Epoch 41/80, Accuracy: 96.20, 
 Confusion Matrix: 
 [[198.   4.]
 [  9. 119.]], Sensitivity: 95.65, Specificity: 96.75, 
 Test Accuracy: 69.39, 
 Test Confusion Matrix: 
 [[47. 16.]
 [ 5. 15.]], Test Sensitivity: 90.38, Test Specificity: 48.39,
 Eval Accuracy: 66.27, 
 Eval Confusion Matrix: 
 [[52. 19.]
 [12. 20.]], Eval Sensitivity: 81.25, Eval Specificity: 51.28
I0208 13:20:21.790840 140306769188672 train.py:157] Epoch 42/80, Accuracy: 98.63, 
 Confusion Matrix: 
 [[203.   1.]
 [  4. 122.]], Sensitivity: 98.07, Specificity: 99.19, 
 Test Accuracy: 66.78, 
 Test Confusion Matrix: 
 [[51. 20.]
 [ 1. 11.]], Test Sensitivity: 98.08, Test Specificity: 35.48,
 Eval Accuracy: 58.19, 
 Eval Confusion Matrix: 
 [[63. 32.]
 [ 1.  7.]], Eval Sensitivity: 98.44, Eval Specificity: 17.95
I0208 13:20:22.211995 140306769188672 train.py:157] Epoch 43/80, Accuracy: 91.17, 
 Confusion Matrix: 
 [[194.  14.]
 [ 13. 109.]], Sensitivity: 93.72, Specificity: 88.62, 
 Test Accuracy: 50.96, 
 Test Confusion Matrix: 
 [[ 1.  0.]
 [51. 31.]], Test Sensitivity: 1.92, Test Specificity: 100.00,
 Eval Accuracy: 50.00, 
 Eval Confusion Matrix: 
 [[ 0.  0.]
 [64. 39.]], Eval Sensitivity: 0.00, Eval Specificity: 100.00
I0208 13:20:22.628856 140306769188672 train.py:157] Epoch 44/80, Accuracy: 91.98, 
 Confusion Matrix: 
 [[194.  12.]
 [ 13. 111.]], Sensitivity: 93.72, Specificity: 90.24, 
 Test Accuracy: 78.10, 
 Test Confusion Matrix: 
 [[46. 10.]
 [ 6. 21.]], Test Sensitivity: 88.46, Test Specificity: 67.74,
 Eval Accuracy: 71.67, 
 Eval Confusion Matrix: 
 [[54. 16.]
 [10. 23.]], Eval Sensitivity: 84.38, Eval Specificity: 58.97
I0208 13:20:23.053997 140306769188672 train.py:157] Epoch 45/80, Accuracy: 100.00, 
 Confusion Matrix: 
 [[207.   0.]
 [  0. 123.]], Sensitivity: 100.00, Specificity: 100.00, 
 Test Accuracy: 71.00, 
 Test Confusion Matrix: 
 [[47. 15.]
 [ 5. 16.]], Test Sensitivity: 90.38, Test Specificity: 51.61,
 Eval Accuracy: 60.42, 
 Eval Confusion Matrix: 
 [[56. 26.]
 [ 8. 13.]], Eval Sensitivity: 87.50, Eval Specificity: 33.33
I0208 13:20:23.467246 140306769188672 train.py:157] Epoch 46/80, Accuracy: 94.24, 
 Confusion Matrix: 
 [[200.  10.]
 [  7. 113.]], Sensitivity: 96.62, Specificity: 91.87, 
 Test Accuracy: 67.62, 
 Test Confusion Matrix: 
 [[20.  1.]
 [32. 30.]], Test Sensitivity: 38.46, Test Specificity: 96.77,
 Eval Accuracy: 67.97, 
 Eval Confusion Matrix: 
 [[23.  0.]
 [41. 39.]], Eval Sensitivity: 35.94, Eval Specificity: 100.00
I0208 13:20:23.878015 140306769188672 train.py:157] Epoch 47/80, Accuracy: 96.68, 
 Confusion Matrix: 
 [[200.   4.]
 [  7. 119.]], Sensitivity: 96.62, Specificity: 96.75, 
 Test Accuracy: 53.23, 
 Test Confusion Matrix: 
 [[52. 29.]
 [ 0.  2.]], Test Sensitivity: 100.00, Test Specificity: 6.45,
 Eval Accuracy: 53.06, 
 Eval Confusion Matrix: 
 [[63. 36.]
 [ 1.  3.]], Eval Sensitivity: 98.44, Eval Specificity: 7.69
I0208 13:20:24.296835 140306769188672 train.py:157] Epoch 48/80, Accuracy: 94.90, 
 Confusion Matrix: 
 [[196.   6.]
 [ 11. 117.]], Sensitivity: 94.69, Specificity: 95.12, 
 Test Accuracy: 77.48, 
 Test Confusion Matrix: 
 [[42.  8.]
 [10. 23.]], Test Sensitivity: 80.77, Test Specificity: 74.19,
 Eval Accuracy: 67.55, 
 Eval Confusion Matrix: 
 [[52. 18.]
 [12. 21.]], Eval Sensitivity: 81.25, Eval Specificity: 53.85
I0208 13:20:24.713767 140306769188672 train.py:157] Epoch 49/80, Accuracy: 95.22, 
 Confusion Matrix: 
 [[199.   7.]
 [  8. 116.]], Sensitivity: 96.14, Specificity: 94.31, 
 Test Accuracy: 75.84, 
 Test Confusion Matrix: 
 [[47. 12.]
 [ 5. 19.]], Test Sensitivity: 90.38, Test Specificity: 61.29,
 Eval Accuracy: 66.61, 
 Eval Confusion Matrix: 
 [[59. 23.]
 [ 5. 16.]], Eval Sensitivity: 92.19, Eval Specificity: 41.03
I0208 13:20:25.129514 140306769188672 train.py:157] Epoch 50/80, Accuracy: 100.00, 
 Confusion Matrix: 
 [[207.   0.]
 [  0. 123.]], Sensitivity: 100.00, Specificity: 100.00, 
 Test Accuracy: 66.78, 
 Test Confusion Matrix: 
 [[51. 20.]
 [ 1. 11.]], Test Sensitivity: 98.08, Test Specificity: 35.48,
 Eval Accuracy: 59.48, 
 Eval Confusion Matrix: 
 [[63. 31.]
 [ 1.  8.]], Eval Sensitivity: 98.44, Eval Specificity: 20.51
I0208 13:20:25.546426 140306769188672 train.py:157] Epoch 51/80, Accuracy: 99.11, 
 Confusion Matrix: 
 [[205.   1.]
 [  2. 122.]], Sensitivity: 99.03, Specificity: 99.19, 
 Test Accuracy: 58.06, 
 Test Confusion Matrix: 
 [[52. 26.]
 [ 0.  5.]], Test Sensitivity: 100.00, Test Specificity: 16.13,
 Eval Accuracy: 54.35, 
 Eval Confusion Matrix: 
 [[63. 35.]
 [ 1.  4.]], Eval Sensitivity: 98.44, Eval Specificity: 10.26
I0208 13:20:25.969669 140306769188672 train.py:157] Epoch 52/80, Accuracy: 98.95, 
 Confusion Matrix: 
 [[206.   2.]
 [  1. 121.]], Sensitivity: 99.52, Specificity: 98.37, 
 Test Accuracy: 68.73, 
 Test Confusion Matrix: 
 [[48. 17.]
 [ 4. 14.]], Test Sensitivity: 92.31, Test Specificity: 45.16,
 Eval Accuracy: 61.70, 
 Eval Confusion Matrix: 
 [[56. 25.]
 [ 8. 14.]], Eval Sensitivity: 87.50, Eval Specificity: 35.90
I0208 13:20:26.388439 140306769188672 train.py:157] Epoch 53/80, Accuracy: 96.92, 
 Confusion Matrix: 
 [[201.   4.]
 [  6. 119.]], Sensitivity: 97.10, Specificity: 96.75, 
 Test Accuracy: 70.01, 
 Test Confusion Matrix: 
 [[51. 18.]
 [ 1. 13.]], Test Sensitivity: 98.08, Test Specificity: 41.94,
 Eval Accuracy: 56.91, 
 Eval Confusion Matrix: 
 [[63. 33.]
 [ 1.  6.]], Eval Sensitivity: 98.44, Eval Specificity: 15.38
I0208 13:20:26.807633 140306769188672 train.py:157] Epoch 54/80, Accuracy: 97.00, 
 Confusion Matrix: 
 [[203.   5.]
 [  4. 118.]], Sensitivity: 98.07, Specificity: 95.93, 
 Test Accuracy: 69.04, 
 Test Confusion Matrix: 
 [[50. 18.]
 [ 2. 13.]], Test Sensitivity: 96.15, Test Specificity: 41.94,
 Eval Accuracy: 60.98, 
 Eval Confusion Matrix: 
 [[60. 28.]
 [ 4. 11.]], Eval Sensitivity: 93.75, Eval Specificity: 28.21
I0208 13:20:27.235572 140306769188672 train.py:157] Epoch 55/80, Accuracy: 94.74, 
 Confusion Matrix: 
 [[197.   7.]
 [ 10. 116.]], Sensitivity: 95.17, Specificity: 94.31, 
 Test Accuracy: 50.00, 
 Test Confusion Matrix: 
 [[52. 31.]
 [ 0.  0.]], Test Sensitivity: 100.00, Test Specificity: 0.00,
 Eval Accuracy: 50.00, 
 Eval Confusion Matrix: 
 [[64. 39.]
 [ 0.  0.]], Eval Sensitivity: 100.00, Eval Specificity: 0.00
I0208 13:20:27.649373 140306769188672 train.py:157] Epoch 56/80, Accuracy: 98.79, 
 Confusion Matrix: 
 [[202.   0.]
 [  5. 123.]], Sensitivity: 97.58, Specificity: 100.00, 
 Test Accuracy: 74.60, 
 Test Confusion Matrix: 
 [[39.  8.]
 [13. 23.]], Test Sensitivity: 75.00, Test Specificity: 74.19,
 Eval Accuracy: 72.90, 
 Eval Confusion Matrix: 
 [[49. 12.]
 [15. 27.]], Eval Sensitivity: 76.56, Eval Specificity: 69.23
I0208 13:20:28.071482 140306769188672 train.py:157] Epoch 57/80, Accuracy: 100.00, 
 Confusion Matrix: 
 [[207.   0.]
 [  0. 123.]], Sensitivity: 100.00, Specificity: 100.00, 
 Test Accuracy: 78.10, 
 Test Confusion Matrix: 
 [[46. 10.]
 [ 6. 21.]], Test Sensitivity: 88.46, Test Specificity: 67.74,
 Eval Accuracy: 70.39, 
 Eval Confusion Matrix: 
 [[54. 17.]
 [10. 22.]], Eval Sensitivity: 84.38, Eval Specificity: 56.41
I0208 13:20:28.494131 140306769188672 train.py:157] Epoch 58/80, Accuracy: 100.00, 
 Confusion Matrix: 
 [[207.   0.]
 [  0. 123.]], Sensitivity: 100.00, Specificity: 100.00, 
 Test Accuracy: 75.84, 
 Test Confusion Matrix: 
 [[47. 12.]
 [ 5. 19.]], Test Sensitivity: 90.38, Test Specificity: 61.29,
 Eval Accuracy: 63.48, 
 Eval Confusion Matrix: 
 [[55. 23.]
 [ 9. 16.]], Eval Sensitivity: 85.94, Eval Specificity: 41.03
I0208 13:20:28.908488 140306769188672 train.py:157] Epoch 59/80, Accuracy: 100.00, 
 Confusion Matrix: 
 [[207.   0.]
 [  0. 123.]], Sensitivity: 100.00, Specificity: 100.00, 
 Test Accuracy: 74.22, 
 Test Confusion Matrix: 
 [[47. 13.]
 [ 5. 18.]], Test Sensitivity: 90.38, Test Specificity: 58.06,
 Eval Accuracy: 67.33, 
 Eval Confusion Matrix: 
 [[55. 20.]
 [ 9. 19.]], Eval Sensitivity: 85.94, Eval Specificity: 48.72
I0208 13:20:29.329121 140306769188672 train.py:157] Epoch 60/80, Accuracy: 100.00, 
 Confusion Matrix: 
 [[207.   0.]
 [  0. 123.]], Sensitivity: 100.00, Specificity: 100.00, 
 Test Accuracy: 75.19, 
 Test Confusion Matrix: 
 [[48. 13.]
 [ 4. 18.]], Test Sensitivity: 92.31, Test Specificity: 58.06,
 Eval Accuracy: 74.24, 
 Eval Confusion Matrix: 
 [[54. 14.]
 [10. 25.]], Eval Sensitivity: 84.38, Eval Specificity: 64.10
I0208 13:20:29.747290 140306769188672 train.py:157] Epoch 61/80, Accuracy: 98.46, 
 Confusion Matrix: 
 [[204.   2.]
 [  3. 121.]], Sensitivity: 98.55, Specificity: 98.37, 
 Test Accuracy: 58.72, 
 Test Confusion Matrix: 
 [[51. 25.]
 [ 1.  6.]], Test Sensitivity: 98.08, Test Specificity: 19.35,
 Eval Accuracy: 51.00, 
 Eval Confusion Matrix: 
 [[62. 37.]
 [ 2.  2.]], Eval Sensitivity: 96.88, Eval Specificity: 5.13
I0208 13:20:30.168609 140306769188672 train.py:157] Epoch 62/80, Accuracy: 97.81, 
 Confusion Matrix: 
 [[203.   3.]
 [  4. 120.]], Sensitivity: 98.07, Specificity: 97.56, 
 Test Accuracy: 68.27, 
 Test Confusion Matrix: 
 [[19.  0.]
 [33. 31.]], Test Sensitivity: 36.54, Test Specificity: 100.00,
 Eval Accuracy: 68.75, 
 Eval Confusion Matrix: 
 [[24.  0.]
 [40. 39.]], Eval Sensitivity: 37.50, Eval Specificity: 100.00
I0208 13:20:30.584337 140306769188672 train.py:157] Epoch 63/80, Accuracy: 96.84, 
 Confusion Matrix: 
 [[204.   6.]
 [  3. 117.]], Sensitivity: 98.55, Specificity: 95.12, 
 Test Accuracy: 63.46, 
 Test Confusion Matrix: 
 [[14.  0.]
 [38. 31.]], Test Sensitivity: 26.92, Test Specificity: 100.00,
 Eval Accuracy: 59.38, 
 Eval Confusion Matrix: 
 [[12.  0.]
 [52. 39.]], Eval Sensitivity: 18.75, Eval Specificity: 100.00
I0208 13:20:31.001229 140306769188672 train.py:157] Epoch 64/80, Accuracy: 98.46, 
 Confusion Matrix: 
 [[204.   2.]
 [  3. 121.]], Sensitivity: 98.55, Specificity: 98.37, 
 Test Accuracy: 79.40, 
 Test Confusion Matrix: 
 [[44.  8.]
 [ 8. 23.]], Test Sensitivity: 84.62, Test Specificity: 74.19,
 Eval Accuracy: 68.61, 
 Eval Confusion Matrix: 
 [[55. 19.]
 [ 9. 20.]], Eval Sensitivity: 85.94, Eval Specificity: 51.28
I0208 13:20:31.425818 140306769188672 train.py:157] Epoch 65/80, Accuracy: 97.81, 
 Confusion Matrix: 
 [[203.   3.]
 [  4. 120.]], Sensitivity: 98.07, Specificity: 97.56, 
 Test Accuracy: 77.82, 
 Test Confusion Matrix: 
 [[39.  6.]
 [13. 25.]], Test Sensitivity: 75.00, Test Specificity: 80.65,
 Eval Accuracy: 78.53, 
 Eval Confusion Matrix: 
 [[48.  7.]
 [16. 32.]], Eval Sensitivity: 75.00, Eval Specificity: 82.05
I0208 13:20:31.843082 140306769188672 train.py:157] Epoch 66/80, Accuracy: 92.30, 
 Confusion Matrix: 
 [[197.  13.]
 [ 10. 110.]], Sensitivity: 95.17, Specificity: 89.43, 
 Test Accuracy: 50.96, 
 Test Confusion Matrix: 
 [[ 1.  0.]
 [51. 31.]], Test Sensitivity: 1.92, Test Specificity: 100.00,
 Eval Accuracy: 50.78, 
 Eval Confusion Matrix: 
 [[ 1.  0.]
 [63. 39.]], Eval Sensitivity: 1.56, Eval Specificity: 100.00
I0208 13:20:32.263853 140306769188672 train.py:157] Epoch 67/80, Accuracy: 98.70, 
 Confusion Matrix: 
 [[205.   2.]
 [  2. 121.]], Sensitivity: 99.03, Specificity: 98.37, 
 Test Accuracy: 77.51, 
 Test Confusion Matrix: 
 [[37.  5.]
 [15. 26.]], Test Sensitivity: 71.15, Test Specificity: 83.87,
 Eval Accuracy: 77.46, 
 Eval Confusion Matrix: 
 [[45.  6.]
 [19. 33.]], Eval Sensitivity: 70.31, Eval Specificity: 84.62
I0208 13:20:32.681337 140306769188672 train.py:157] Epoch 68/80, Accuracy: 95.71, 
 Confusion Matrix: 
 [[201.   7.]
 [  6. 116.]], Sensitivity: 97.10, Specificity: 94.31, 
 Test Accuracy: 79.47, 
 Test Confusion Matrix: 
 [[34.  2.]
 [18. 29.]], Test Sensitivity: 65.38, Test Specificity: 93.55,
 Eval Accuracy: 73.78, 
 Eval Confusion Matrix: 
 [[37.  4.]
 [27. 35.]], Eval Sensitivity: 57.81, Eval Specificity: 89.74
I0208 13:20:33.104160 140306769188672 train.py:157] Epoch 69/80, Accuracy: 97.98, 
 Confusion Matrix: 
 [[202.   2.]
 [  5. 121.]], Sensitivity: 97.58, Specificity: 98.37, 
 Test Accuracy: 69.04, 
 Test Confusion Matrix: 
 [[50. 18.]
 [ 2. 13.]], Test Sensitivity: 96.15, Test Specificity: 41.94,
 Eval Accuracy: 56.91, 
 Eval Confusion Matrix: 
 [[63. 33.]
 [ 1.  6.]], Eval Sensitivity: 98.44, Eval Specificity: 15.38
I0208 13:20:33.522654 140306769188672 train.py:157] Epoch 70/80, Accuracy: 98.70, 
 Confusion Matrix: 
 [[205.   2.]
 [  2. 121.]], Sensitivity: 99.03, Specificity: 98.37, 
 Test Accuracy: 56.45, 
 Test Confusion Matrix: 
 [[52. 27.]
 [ 0.  4.]], Test Sensitivity: 100.00, Test Specificity: 12.90,
 Eval Accuracy: 55.63, 
 Eval Confusion Matrix: 
 [[63. 34.]
 [ 1.  5.]], Eval Sensitivity: 98.44, Eval Specificity: 12.82
I0208 13:20:33.946852 140306769188672 train.py:157] Epoch 71/80, Accuracy: 97.74, 
 Confusion Matrix: 
 [[201.   2.]
 [  6. 121.]], Sensitivity: 97.10, Specificity: 98.37, 
 Test Accuracy: 75.00, 
 Test Confusion Matrix: 
 [[26.  0.]
 [26. 31.]], Test Sensitivity: 50.00, Test Specificity: 100.00,
 Eval Accuracy: 67.47, 
 Eval Confusion Matrix: 
 [[24.  1.]
 [40. 38.]], Eval Sensitivity: 37.50, Eval Specificity: 97.44
I0208 13:20:34.370147 140306769188672 train.py:157] Epoch 72/80, Accuracy: 99.76, 
 Confusion Matrix: 
 [[206.   0.]
 [  1. 123.]], Sensitivity: 99.52, Specificity: 100.00, 
 Test Accuracy: 81.36, 
 Test Confusion Matrix: 
 [[41.  5.]
 [11. 26.]], Test Sensitivity: 78.85, Test Specificity: 83.87,
 Eval Accuracy: 80.09, 
 Eval Confusion Matrix: 
 [[50.  7.]
 [14. 32.]], Eval Sensitivity: 78.12, Eval Specificity: 82.05
I0208 13:20:34.792427 140306769188672 train.py:157] Epoch 73/80, Accuracy: 100.00, 
 Confusion Matrix: 
 [[207.   0.]
 [  0. 123.]], Sensitivity: 100.00, Specificity: 100.00, 
 Test Accuracy: 81.02, 
 Test Confusion Matrix: 
 [[44.  7.]
 [ 8. 24.]], Test Sensitivity: 84.62, Test Specificity: 77.42,
 Eval Accuracy: 71.39, 
 Eval Confusion Matrix: 
 [[52. 15.]
 [12. 24.]], Eval Sensitivity: 81.25, Eval Specificity: 61.54
I0208 13:20:35.211964 140306769188672 train.py:157] Epoch 74/80, Accuracy: 99.76, 
 Confusion Matrix: 
 [[206.   0.]
 [  1. 123.]], Sensitivity: 99.52, Specificity: 100.00, 
 Test Accuracy: 73.57, 
 Test Confusion Matrix: 
 [[48. 14.]
 [ 4. 17.]], Test Sensitivity: 92.31, Test Specificity: 54.84,
 Eval Accuracy: 67.33, 
 Eval Confusion Matrix: 
 [[55. 20.]
 [ 9. 19.]], Eval Sensitivity: 85.94, Eval Specificity: 48.72
I0208 13:20:35.631755 140306769188672 train.py:157] Epoch 75/80, Accuracy: 100.00, 
 Confusion Matrix: 
 [[207.   0.]
 [  0. 123.]], Sensitivity: 100.00, Specificity: 100.00, 
 Test Accuracy: 67.43, 
 Test Confusion Matrix: 
 [[50. 19.]
 [ 2. 12.]], Test Sensitivity: 96.15, Test Specificity: 38.71,
 Eval Accuracy: 54.07, 
 Eval Confusion Matrix: 
 [[61. 34.]
 [ 3.  5.]], Eval Sensitivity: 95.31, Eval Specificity: 12.82
I0208 13:20:36.057877 140306769188672 train.py:157] Epoch 76/80, Accuracy: 100.00, 
 Confusion Matrix: 
 [[207.   0.]
 [  0. 123.]], Sensitivity: 100.00, Specificity: 100.00, 
 Test Accuracy: 66.13, 
 Test Confusion Matrix: 
 [[52. 21.]
 [ 0. 10.]], Test Sensitivity: 100.00, Test Specificity: 32.26,
 Eval Accuracy: 54.35, 
 Eval Confusion Matrix: 
 [[63. 35.]
 [ 1.  4.]], Eval Sensitivity: 98.44, Eval Specificity: 10.26
I0208 13:20:36.480129 140306769188672 train.py:157] Epoch 77/80, Accuracy: 100.00, 
 Confusion Matrix: 
 [[207.   0.]
 [  0. 123.]], Sensitivity: 100.00, Specificity: 100.00, 
 Test Accuracy: 67.43, 
 Test Confusion Matrix: 
 [[50. 19.]
 [ 2. 12.]], Test Sensitivity: 96.15, Test Specificity: 38.71,
 Eval Accuracy: 58.41, 
 Eval Confusion Matrix: 
 [[60. 30.]
 [ 4.  9.]], Eval Sensitivity: 93.75, Eval Specificity: 23.08
I0208 13:20:36.901272 140306769188672 train.py:157] Epoch 78/80, Accuracy: 100.00, 
 Confusion Matrix: 
 [[207.   0.]
 [  0. 123.]], Sensitivity: 100.00, Specificity: 100.00, 
 Test Accuracy: 66.47, 
 Test Confusion Matrix: 
 [[49. 19.]
 [ 3. 12.]], Test Sensitivity: 94.23, Test Specificity: 38.71,
 Eval Accuracy: 60.98, 
 Eval Confusion Matrix: 
 [[60. 28.]
 [ 4. 11.]], Eval Sensitivity: 93.75, Eval Specificity: 28.21
I0208 13:20:37.320297 140306769188672 train.py:157] Epoch 79/80, Accuracy: 100.00, 
 Confusion Matrix: 
 [[207.   0.]
 [  0. 123.]], Sensitivity: 100.00, Specificity: 100.00, 
 Test Accuracy: 71.96, 
 Test Confusion Matrix: 
 [[48. 15.]
 [ 4. 16.]], Test Sensitivity: 92.31, Test Specificity: 51.61,
 Eval Accuracy: 65.04, 
 Eval Confusion Matrix: 
 [[57. 23.]
 [ 7. 16.]], Eval Sensitivity: 89.06, Eval Specificity: 41.03
I0208 13:20:37.352546 140306769188672 train.py:226] Finished training after 1659 steps and 80 epochs.
Model: "vgg_like"
_________________________________________________________________
Layer (type)                 Output Shape              Param #   
=================================================================
input_1 (InputLayer)         [(None, None, None, 3)]   0         
_________________________________________________________________
conv2d (Conv2D)              (None, None, None, 8)     224       
_________________________________________________________________
batch_normalization (BatchNo (None, None, None, 8)     32        
_________________________________________________________________
conv2d_1 (Conv2D)            (None, None, None, 8)     584       
_________________________________________________________________
max_pooling2d (MaxPooling2D) (None, None, None, 8)     0         
_________________________________________________________________
batch_normalization_1 (Batch (None, None, None, 8)     32        
_________________________________________________________________
conv2d_2 (Conv2D)            (None, None, None, 16)    1168      
_________________________________________________________________
batch_normalization_2 (Batch (None, None, None, 16)    64        
_________________________________________________________________
conv2d_3 (Conv2D)            (None, None, None, 16)    2320      
_________________________________________________________________
max_pooling2d_1 (MaxPooling2 (None, None, None, 16)    0         
_________________________________________________________________
batch_normalization_3 (Batch (None, None, None, 16)    64        
_________________________________________________________________
conv2d_4 (Conv2D)            (None, None, None, 32)    4640      
_________________________________________________________________
batch_normalization_4 (Batch (None, None, None, 32)    128       
_________________________________________________________________
conv2d_5 (Conv2D)            (None, None, None, 32)    9248      
_________________________________________________________________
max_pooling2d_2 (MaxPooling2 (None, None, None, 32)    0         
_________________________________________________________________
batch_normalization_5 (Batch (None, None, None, 32)    128       
_________________________________________________________________
conv2d_6 (Conv2D)            (None, None, None, 64)    18496     
_________________________________________________________________
batch_normalization_6 (Batch (None, None, None, 64)    256       
_________________________________________________________________
conv2d_7 (Conv2D)            (None, None, None, 64)    36928     
_________________________________________________________________
max_pooling2d_3 (MaxPooling2 (None, None, None, 64)    0         
_________________________________________________________________
batch_normalization_7 (Batch (None, None, None, 64)    256       
_________________________________________________________________
global_average_pooling2d (Gl (None, 64)                0         
_________________________________________________________________
dense (Dense)                (None, 128)               8320      
_________________________________________________________________
dropout (Dropout)            (None, 128)               0         
_________________________________________________________________
dense_1 (Dense)              (None, 2)                 258       
=================================================================
Total params: 83,146
Trainable params: 82,666
Non-trainable params: 480
_________________________________________________________________
