2021-02-03 14:05:37.848794: I tensorflow/stream_executor/platform/default/dso_loader.cc:48] Successfully opened dynamic library libcudart.so.10.1
I0203 14:05:39.567467 140425083750208 datasets.py:14] Preparing dataset idrid...
I0203 14:05:39.568256 140425083750208 dataset_info.py:361] Load dataset info from /home/RUS_CIP/st169955/dl-lab-2020-team15/Project1-Diabetic_Retinopathy/idrid/1.0.0
I0203 14:05:39.568914 140425083750208 dataset_builder.py:299] Reusing dataset idrid (/home/RUS_CIP/st169955/dl-lab-2020-team15/Project1-Diabetic_Retinopathy/idrid/1.0.0)
I0203 14:05:39.568964 140425083750208 dataset_builder.py:510] Constructing tf.data.Dataset for split ['train[:80%]', 'train[80%:]', 'test'], from /home/RUS_CIP/st169955/dl-lab-2020-team15/Project1-Diabetic_Retinopathy/idrid/1.0.0
2021-02-03 14:05:39.570947: I tensorflow/stream_executor/platform/default/dso_loader.cc:48] Successfully opened dynamic library libcuda.so.1
2021-02-03 14:05:39.619451: I tensorflow/core/common_runtime/gpu/gpu_device.cc:1716] Found device 0 with properties: 
pciBusID: 0000:01:00.0 name: GeForce RTX 2080 Ti computeCapability: 7.5
coreClock: 1.545GHz coreCount: 68 deviceMemorySize: 10.76GiB deviceMemoryBandwidth: 573.69GiB/s
2021-02-03 14:05:39.619489: I tensorflow/stream_executor/platform/default/dso_loader.cc:48] Successfully opened dynamic library libcudart.so.10.1
2021-02-03 14:05:39.639043: I tensorflow/stream_executor/platform/default/dso_loader.cc:48] Successfully opened dynamic library libcublas.so.10
2021-02-03 14:05:39.653507: I tensorflow/stream_executor/platform/default/dso_loader.cc:48] Successfully opened dynamic library libcufft.so.10
2021-02-03 14:05:39.656491: I tensorflow/stream_executor/platform/default/dso_loader.cc:48] Successfully opened dynamic library libcurand.so.10
2021-02-03 14:05:39.683468: I tensorflow/stream_executor/platform/default/dso_loader.cc:48] Successfully opened dynamic library libcusolver.so.10
2021-02-03 14:05:39.686989: I tensorflow/stream_executor/platform/default/dso_loader.cc:48] Successfully opened dynamic library libcusparse.so.10
2021-02-03 14:05:39.716815: I tensorflow/stream_executor/platform/default/dso_loader.cc:48] Successfully opened dynamic library libcudnn.so.7
2021-02-03 14:05:39.719059: I tensorflow/core/common_runtime/gpu/gpu_device.cc:1858] Adding visible gpu devices: 0
2021-02-03 14:05:39.719439: I tensorflow/core/platform/cpu_feature_guard.cc:142] This TensorFlow binary is optimized with oneAPI Deep Neural Network Library (oneDNN)to use the following CPU instructions in performance-critical operations:  AVX2 FMA
To enable them in other operations, rebuild TensorFlow with the appropriate compiler flags.
2021-02-03 14:05:39.730012: I tensorflow/core/platform/profile_utils/cpu_utils.cc:104] CPU Frequency: 3800025000 Hz
2021-02-03 14:05:39.730318: I tensorflow/compiler/xla/service/service.cc:168] XLA service 0x51f7f40 initialized for platform Host (this does not guarantee that XLA will be used). Devices:
2021-02-03 14:05:39.730331: I tensorflow/compiler/xla/service/service.cc:176]   StreamExecutor device (0): Host, Default Version
2021-02-03 14:05:39.830008: I tensorflow/compiler/xla/service/service.cc:168] XLA service 0x51f9ef0 initialized for platform CUDA (this does not guarantee that XLA will be used). Devices:
2021-02-03 14:05:39.830064: I tensorflow/compiler/xla/service/service.cc:176]   StreamExecutor device (0): GeForce RTX 2080 Ti, Compute Capability 7.5
2021-02-03 14:05:39.831500: I tensorflow/core/common_runtime/gpu/gpu_device.cc:1716] Found device 0 with properties: 
pciBusID: 0000:01:00.0 name: GeForce RTX 2080 Ti computeCapability: 7.5
coreClock: 1.545GHz coreCount: 68 deviceMemorySize: 10.76GiB deviceMemoryBandwidth: 573.69GiB/s
2021-02-03 14:05:39.831537: I tensorflow/stream_executor/platform/default/dso_loader.cc:48] Successfully opened dynamic library libcudart.so.10.1
2021-02-03 14:05:39.831575: I tensorflow/stream_executor/platform/default/dso_loader.cc:48] Successfully opened dynamic library libcublas.so.10
2021-02-03 14:05:39.831589: I tensorflow/stream_executor/platform/default/dso_loader.cc:48] Successfully opened dynamic library libcufft.so.10
2021-02-03 14:05:39.831628: I tensorflow/stream_executor/platform/default/dso_loader.cc:48] Successfully opened dynamic library libcurand.so.10
2021-02-03 14:05:39.831642: I tensorflow/stream_executor/platform/default/dso_loader.cc:48] Successfully opened dynamic library libcusolver.so.10
2021-02-03 14:05:39.831655: I tensorflow/stream_executor/platform/default/dso_loader.cc:48] Successfully opened dynamic library libcusparse.so.10
2021-02-03 14:05:39.831668: I tensorflow/stream_executor/platform/default/dso_loader.cc:48] Successfully opened dynamic library libcudnn.so.7
2021-02-03 14:05:39.833771: I tensorflow/core/common_runtime/gpu/gpu_device.cc:1858] Adding visible gpu devices: 0
2021-02-03 14:05:39.836928: I tensorflow/stream_executor/platform/default/dso_loader.cc:48] Successfully opened dynamic library libcudart.so.10.1
2021-02-03 14:05:40.400298: I tensorflow/core/common_runtime/gpu/gpu_device.cc:1257] Device interconnect StreamExecutor with strength 1 edge matrix:
2021-02-03 14:05:40.400350: I tensorflow/core/common_runtime/gpu/gpu_device.cc:1263]      0 
2021-02-03 14:05:40.400355: I tensorflow/core/common_runtime/gpu/gpu_device.cc:1276] 0:   N 
2021-02-03 14:05:40.401984: I tensorflow/core/common_runtime/gpu/gpu_device.cc:1402] Created TensorFlow device (/job:localhost/replica:0/task:0/device:GPU:0 with 10072 MB memory) -> physical GPU (device: 0, name: GeForce RTX 2080 Ti, pci bus id: 0000:01:00.0, compute capability: 7.5)
WARNING:tensorflow:AutoGraph could not transform <function preprocess at 0x7fb6d2b5b160> and will run it as-is.
Please report this to the TensorFlow team. When filing the bug, set the verbosity to 10 (on Linux, `export AUTOGRAPH_VERBOSITY=10`) and attach the full output.
Cause: module 'gast' has no attribute 'Index'
To silence this warning, decorate the function with @tf.autograph.experimental.do_not_convert
W0203 14:05:40.615747 140425083750208 ag_logging.py:146] AutoGraph could not transform <function preprocess at 0x7fb6d2b5b160> and will run it as-is.
Please report this to the TensorFlow team. When filing the bug, set the verbosity to 10 (on Linux, `export AUTOGRAPH_VERBOSITY=10`) and attach the full output.
Cause: module 'gast' has no attribute 'Index'
To silence this warning, decorate the function with @tf.autograph.experimental.do_not_convert
WARNING:tensorflow:AutoGraph could not transform <function rotate at 0x7fb6d2bec790> and will run it as-is.
Please report this to the TensorFlow team. When filing the bug, set the verbosity to 10 (on Linux, `export AUTOGRAPH_VERBOSITY=10`) and attach the full output.
Cause: module 'gast' has no attribute 'Index'
To silence this warning, decorate the function with @tf.autograph.experimental.do_not_convert
W0203 14:05:51.365031 140425083750208 ag_logging.py:146] AutoGraph could not transform <function rotate at 0x7fb6d2bec790> and will run it as-is.
Please report this to the TensorFlow team. When filing the bug, set the verbosity to 10 (on Linux, `export AUTOGRAPH_VERBOSITY=10`) and attach the full output.
Cause: module 'gast' has no attribute 'Index'
To silence this warning, decorate the function with @tf.autograph.experimental.do_not_convert
I0203 14:05:58.891716 140425083750208 train.py:121] Initializing from scratch.
2021-02-03 14:05:59.957853: I tensorflow/stream_executor/platform/default/dso_loader.cc:48] Successfully opened dynamic library libcublas.so.10
2021-02-03 14:06:00.201136: I tensorflow/stream_executor/platform/default/dso_loader.cc:48] Successfully opened dynamic library libcudnn.so.7
I0203 14:06:07.623278 140425083750208 train.py:157] Epoch 1/80, Accuracy: 77.86, 
 Confusion Matrix: 
 [[619. 180.]
 [169. 608.]], Sensitivity: 78.55, Specificity: 77.16, 
 Test Accuracy: 61.85, 
 Test Confusion Matrix: 
 [[14.  1.]
 [38. 30.]], Test Sensitivity: 26.92, Test Specificity: 96.77,
 Eval Accuracy: 56.87, 
 Eval Confusion Matrix: 
 [[17.  5.]
 [47. 34.]], Eval Sensitivity: 26.56, Eval Specificity: 87.18
I0203 14:06:10.009415 140425083750208 train.py:157] Epoch 2/80, Accuracy: 85.94, 
 Confusion Matrix: 
 [[658.  93.]
 [128. 693.]], Sensitivity: 83.72, Specificity: 88.17, 
 Test Accuracy: 63.46, 
 Test Confusion Matrix: 
 [[14.  0.]
 [38. 31.]], Test Sensitivity: 26.92, Test Specificity: 100.00,
 Eval Accuracy: 60.16, 
 Eval Confusion Matrix: 
 [[13.  0.]
 [51. 39.]], Eval Sensitivity: 20.31, Eval Specificity: 100.00
I0203 14:06:11.855547 140425083750208 train.py:157] Epoch 3/80, Accuracy: 86.20, 
 Confusion Matrix: 
 [[658.  89.]
 [128. 697.]], Sensitivity: 83.72, Specificity: 88.68, 
 Test Accuracy: 59.62, 
 Test Confusion Matrix: 
 [[10.  0.]
 [42. 31.]], Test Sensitivity: 19.23, Test Specificity: 100.00,
 Eval Accuracy: 60.16, 
 Eval Confusion Matrix: 
 [[13.  0.]
 [51. 39.]], Eval Sensitivity: 20.31, Eval Specificity: 100.00
I0203 14:06:13.747626 140425083750208 train.py:157] Epoch 4/80, Accuracy: 88.13, 
 Confusion Matrix: 
 [[681.  77.]
 [111. 715.]], Sensitivity: 85.98, Specificity: 90.28, 
 Test Accuracy: 74.53, 
 Test Confusion Matrix: 
 [[49. 14.]
 [ 3. 17.]], Test Sensitivity: 94.23, Test Specificity: 54.84,
 Eval Accuracy: 78.43, 
 Eval Confusion Matrix: 
 [[61. 15.]
 [ 3. 24.]], Eval Sensitivity: 95.31, Eval Specificity: 61.54
I0203 14:06:15.949833 140425083750208 train.py:157] Epoch 5/80, Accuracy: 89.30, 
 Confusion Matrix: 
 [[686.  69.]
 [ 99. 716.]], Sensitivity: 87.39, Specificity: 91.21, 
 Test Accuracy: 69.35, 
 Test Confusion Matrix: 
 [[52. 19.]
 [ 0. 12.]], Test Sensitivity: 100.00, Test Specificity: 38.71,
 Eval Accuracy: 58.19, 
 Eval Confusion Matrix: 
 [[63. 32.]
 [ 1.  7.]], Eval Sensitivity: 98.44, Eval Specificity: 17.95
I0203 14:06:17.783749 140425083750208 train.py:157] Epoch 6/80, Accuracy: 90.33, 
 Confusion Matrix: 
 [[691.  57.]
 [ 95. 729.]], Sensitivity: 87.91, Specificity: 92.75, 
 Test Accuracy: 50.00, 
 Test Confusion Matrix: 
 [[52. 31.]
 [ 0.  0.]], Test Sensitivity: 100.00, Test Specificity: 0.00,
 Eval Accuracy: 52.56, 
 Eval Confusion Matrix: 
 [[64. 37.]
 [ 0.  2.]], Eval Sensitivity: 100.00, Eval Specificity: 5.13
I0203 14:06:19.627123 140425083750208 train.py:157] Epoch 7/80, Accuracy: 91.21, 
 Confusion Matrix: 
 [[700.  53.]
 [ 85. 732.]], Sensitivity: 89.17, Specificity: 93.25, 
 Test Accuracy: 56.45, 
 Test Confusion Matrix: 
 [[52. 27.]
 [ 0.  4.]], Test Sensitivity: 100.00, Test Specificity: 12.90,
 Eval Accuracy: 51.28, 
 Eval Confusion Matrix: 
 [[64. 38.]
 [ 0.  1.]], Eval Sensitivity: 100.00, Eval Specificity: 2.56
I0203 14:06:21.456754 140425083750208 train.py:157] Epoch 8/80, Accuracy: 91.09, 
 Confusion Matrix: 
 [[704.  58.]
 [ 82. 728.]], Sensitivity: 89.57, Specificity: 92.62, 
 Test Accuracy: 53.23, 
 Test Confusion Matrix: 
 [[52. 29.]
 [ 0.  2.]], Test Sensitivity: 100.00, Test Specificity: 6.45,
 Eval Accuracy: 58.19, 
 Eval Confusion Matrix: 
 [[63. 32.]
 [ 1.  7.]], Eval Sensitivity: 98.44, Eval Specificity: 17.95
I0203 14:06:23.268231 140425083750208 train.py:157] Epoch 9/80, Accuracy: 91.73, 
 Confusion Matrix: 
 [[717.  56.]
 [ 75. 736.]], Sensitivity: 90.53, Specificity: 92.93, 
 Test Accuracy: 51.61, 
 Test Confusion Matrix: 
 [[52. 30.]
 [ 0.  1.]], Test Sensitivity: 100.00, Test Specificity: 3.23,
 Eval Accuracy: 51.28, 
 Eval Confusion Matrix: 
 [[64. 38.]
 [ 0.  1.]], Eval Sensitivity: 100.00, Eval Specificity: 2.56
I0203 14:06:25.127999 140425083750208 train.py:157] Epoch 10/80, Accuracy: 92.29, 
 Confusion Matrix: 
 [[715.  51.]
 [ 70. 734.]], Sensitivity: 91.08, Specificity: 93.50, 
 Test Accuracy: 50.00, 
 Test Confusion Matrix: 
 [[52. 31.]
 [ 0.  0.]], Test Sensitivity: 100.00, Test Specificity: 0.00,
 Eval Accuracy: 51.28, 
 Eval Confusion Matrix: 
 [[64. 38.]
 [ 0.  1.]], Eval Sensitivity: 100.00, Eval Specificity: 2.56
I0203 14:06:27.423573 140425083750208 train.py:157] Epoch 11/80, Accuracy: 92.79, 
 Confusion Matrix: 
 [[723.  46.]
 [ 68. 745.]], Sensitivity: 91.40, Specificity: 94.18, 
 Test Accuracy: 54.84, 
 Test Confusion Matrix: 
 [[52. 28.]
 [ 0.  3.]], Test Sensitivity: 100.00, Test Specificity: 9.68,
 Eval Accuracy: 52.56, 
 Eval Confusion Matrix: 
 [[64. 37.]
 [ 0.  2.]], Eval Sensitivity: 100.00, Eval Specificity: 5.13
I0203 14:06:29.216173 140425083750208 train.py:157] Epoch 12/80, Accuracy: 92.89, 
 Confusion Matrix: 
 [[720.  44.]
 [ 68. 744.]], Sensitivity: 91.37, Specificity: 94.42, 
 Test Accuracy: 81.98, 
 Test Confusion Matrix: 
 [[45.  7.]
 [ 7. 24.]], Test Sensitivity: 86.54, Test Specificity: 77.42,
 Eval Accuracy: 83.99, 
 Eval Confusion Matrix: 
 [[55.  7.]
 [ 9. 32.]], Eval Sensitivity: 85.94, Eval Specificity: 82.05
I0203 14:06:31.029371 140425083750208 train.py:157] Epoch 13/80, Accuracy: 93.18, 
 Confusion Matrix: 
 [[719.  41.]
 [ 66. 744.]], Sensitivity: 91.59, Specificity: 94.78, 
 Test Accuracy: 66.13, 
 Test Confusion Matrix: 
 [[52. 21.]
 [ 0. 10.]], Test Sensitivity: 100.00, Test Specificity: 32.26,
 Eval Accuracy: 56.41, 
 Eval Confusion Matrix: 
 [[64. 34.]
 [ 0.  5.]], Eval Sensitivity: 100.00, Eval Specificity: 12.82
I0203 14:06:32.884258 140425083750208 train.py:157] Epoch 14/80, Accuracy: 93.06, 
 Confusion Matrix: 
 [[724.  42.]
 [ 68. 750.]], Sensitivity: 91.41, Specificity: 94.70, 
 Test Accuracy: 58.06, 
 Test Confusion Matrix: 
 [[52. 26.]
 [ 0.  5.]], Test Sensitivity: 100.00, Test Specificity: 16.13,
 Eval Accuracy: 58.19, 
 Eval Confusion Matrix: 
 [[63. 32.]
 [ 1.  7.]], Eval Sensitivity: 98.44, Eval Specificity: 17.95
I0203 14:06:34.731454 140425083750208 train.py:157] Epoch 15/80, Accuracy: 93.69, 
 Confusion Matrix: 
 [[725.  39.]
 [ 60. 746.]], Sensitivity: 92.36, Specificity: 95.03, 
 Test Accuracy: 53.23, 
 Test Confusion Matrix: 
 [[52. 29.]
 [ 0.  2.]], Test Sensitivity: 100.00, Test Specificity: 6.45,
 Eval Accuracy: 51.28, 
 Eval Confusion Matrix: 
 [[64. 38.]
 [ 0.  1.]], Eval Sensitivity: 100.00, Eval Specificity: 2.56
I0203 14:06:36.572095 140425083750208 train.py:157] Epoch 16/80, Accuracy: 93.75, 
 Confusion Matrix: 
 [[726.  33.]
 [ 66. 759.]], Sensitivity: 91.67, Specificity: 95.83, 
 Test Accuracy: 65.17, 
 Test Confusion Matrix: 
 [[51. 21.]
 [ 1. 10.]], Test Sensitivity: 98.08, Test Specificity: 32.26,
 Eval Accuracy: 63.32, 
 Eval Confusion Matrix: 
 [[63. 28.]
 [ 1. 11.]], Eval Sensitivity: 98.44, Eval Specificity: 28.21
I0203 14:06:38.384187 140425083750208 train.py:157] Epoch 17/80, Accuracy: 94.72, 
 Confusion Matrix: 
 [[729.  26.]
 [ 57. 760.]], Sensitivity: 92.75, Specificity: 96.69, 
 Test Accuracy: 76.80, 
 Test Confusion Matrix: 
 [[48. 12.]
 [ 4. 19.]], Test Sensitivity: 92.31, Test Specificity: 61.29,
 Eval Accuracy: 66.11, 
 Eval Confusion Matrix: 
 [[60. 24.]
 [ 4. 15.]], Eval Sensitivity: 93.75, Eval Specificity: 38.46
I0203 14:06:40.198139 140425083750208 train.py:157] Epoch 18/80, Accuracy: 92.75, 
 Confusion Matrix: 
 [[709.  37.]
 [ 77. 749.]], Sensitivity: 90.20, Specificity: 95.29, 
 Test Accuracy: 56.45, 
 Test Confusion Matrix: 
 [[52. 27.]
 [ 0.  4.]], Test Sensitivity: 100.00, Test Specificity: 12.90,
 Eval Accuracy: 51.28, 
 Eval Confusion Matrix: 
 [[64. 38.]
 [ 0.  1.]], Eval Sensitivity: 100.00, Eval Specificity: 2.56
I0203 14:06:42.061173 140425083750208 train.py:157] Epoch 19/80, Accuracy: 93.07, 
 Confusion Matrix: 
 [[716.  39.]
 [ 70. 747.]], Sensitivity: 91.09, Specificity: 95.04, 
 Test Accuracy: 70.01, 
 Test Confusion Matrix: 
 [[51. 18.]
 [ 1. 13.]], Test Sensitivity: 98.08, Test Specificity: 41.94,
 Eval Accuracy: 67.17, 
 Eval Confusion Matrix: 
 [[63. 25.]
 [ 1. 14.]], Eval Sensitivity: 98.44, Eval Specificity: 35.90
I0203 14:06:44.334992 140425083750208 train.py:157] Epoch 20/80, Accuracy: 94.43, 
 Confusion Matrix: 
 [[735.  33.]
 [ 55. 757.]], Sensitivity: 93.04, Specificity: 95.82, 
 Test Accuracy: 70.97, 
 Test Confusion Matrix: 
 [[52. 18.]
 [ 0. 13.]], Test Sensitivity: 100.00, Test Specificity: 41.94,
 Eval Accuracy: 60.76, 
 Eval Confusion Matrix: 
 [[63. 30.]
 [ 1.  9.]], Eval Sensitivity: 98.44, Eval Specificity: 23.08
I0203 14:06:46.132476 140425083750208 train.py:157] Epoch 21/80, Accuracy: 94.15, 
 Confusion Matrix: 
 [[733.  39.]
 [ 53. 747.]], Sensitivity: 93.26, Specificity: 95.04, 
 Test Accuracy: 77.76, 
 Test Confusion Matrix: 
 [[49. 12.]
 [ 3. 19.]], Test Sensitivity: 94.23, Test Specificity: 61.29,
 Eval Accuracy: 71.01, 
 Eval Confusion Matrix: 
 [[63. 22.]
 [ 1. 17.]], Eval Sensitivity: 98.44, Eval Specificity: 43.59
I0203 14:06:47.990414 140425083750208 train.py:157] Epoch 22/80, Accuracy: 94.80, 
 Confusion Matrix: 
 [[740.  34.]
 [ 48. 754.]], Sensitivity: 93.91, Specificity: 95.69, 
 Test Accuracy: 50.00, 
 Test Confusion Matrix: 
 [[52. 31.]
 [ 0.  0.]], Test Sensitivity: 100.00, Test Specificity: 0.00,
 Eval Accuracy: 50.00, 
 Eval Confusion Matrix: 
 [[64. 39.]
 [ 0.  0.]], Eval Sensitivity: 100.00, Eval Specificity: 0.00
I0203 14:06:49.802790 140425083750208 train.py:157] Epoch 23/80, Accuracy: 94.95, 
 Confusion Matrix: 
 [[742.  30.]
 [ 50. 762.]], Sensitivity: 93.69, Specificity: 96.21, 
 Test Accuracy: 69.35, 
 Test Confusion Matrix: 
 [[52. 19.]
 [ 0. 12.]], Test Sensitivity: 100.00, Test Specificity: 38.71,
 Eval Accuracy: 60.76, 
 Eval Confusion Matrix: 
 [[63. 30.]
 [ 1.  9.]], Eval Sensitivity: 98.44, Eval Specificity: 23.08
I0203 14:06:51.656088 140425083750208 train.py:157] Epoch 24/80, Accuracy: 95.52, 
 Confusion Matrix: 
 [[745.  24.]
 [ 47. 768.]], Sensitivity: 94.07, Specificity: 96.97, 
 Test Accuracy: 64.52, 
 Test Confusion Matrix: 
 [[52. 22.]
 [ 0.  9.]], Test Sensitivity: 100.00, Test Specificity: 29.03,
 Eval Accuracy: 59.48, 
 Eval Confusion Matrix: 
 [[63. 31.]
 [ 1.  8.]], Eval Sensitivity: 98.44, Eval Specificity: 20.51
I0203 14:06:53.492305 140425083750208 train.py:157] Epoch 25/80, Accuracy: 95.83, 
 Confusion Matrix: 
 [[752.  27.]
 [ 39. 764.]], Sensitivity: 95.07, Specificity: 96.59, 
 Test Accuracy: 54.84, 
 Test Confusion Matrix: 
 [[52. 28.]
 [ 0.  3.]], Test Sensitivity: 100.00, Test Specificity: 9.68,
 Eval Accuracy: 54.35, 
 Eval Confusion Matrix: 
 [[63. 35.]
 [ 1.  4.]], Eval Sensitivity: 98.44, Eval Specificity: 10.26
I0203 14:06:55.337940 140425083750208 train.py:157] Epoch 26/80, Accuracy: 95.62, 
 Confusion Matrix: 
 [[744.  25.]
 [ 44. 763.]], Sensitivity: 94.42, Specificity: 96.83, 
 Test Accuracy: 80.65, 
 Test Confusion Matrix: 
 [[52. 12.]
 [ 0. 19.]], Test Sensitivity: 100.00, Test Specificity: 61.29,
 Eval Accuracy: 64.60, 
 Eval Confusion Matrix: 
 [[63. 27.]
 [ 1. 12.]], Eval Sensitivity: 98.44, Eval Specificity: 30.77
I0203 14:06:57.198666 140425083750208 train.py:157] Epoch 27/80, Accuracy: 95.52, 
 Confusion Matrix: 
 [[745.  24.]
 [ 47. 768.]], Sensitivity: 94.07, Specificity: 96.97, 
 Test Accuracy: 72.58, 
 Test Confusion Matrix: 
 [[52. 17.]
 [ 0. 14.]], Test Sensitivity: 100.00, Test Specificity: 45.16,
 Eval Accuracy: 63.32, 
 Eval Confusion Matrix: 
 [[63. 28.]
 [ 1. 11.]], Eval Sensitivity: 98.44, Eval Specificity: 28.21
I0203 14:06:59.013820 140425083750208 train.py:157] Epoch 28/80, Accuracy: 96.26, 
 Confusion Matrix: 
 [[750.  21.]
 [ 38. 767.]], Sensitivity: 95.18, Specificity: 97.34, 
 Test Accuracy: 61.29, 
 Test Confusion Matrix: 
 [[52. 24.]
 [ 0.  7.]], Test Sensitivity: 100.00, Test Specificity: 22.58,
 Eval Accuracy: 51.78, 
 Eval Confusion Matrix: 
 [[63. 37.]
 [ 1.  2.]], Eval Sensitivity: 98.44, Eval Specificity: 5.13
I0203 14:07:00.871408 140425083750208 train.py:157] Epoch 29/80, Accuracy: 95.80, 
 Confusion Matrix: 
 [[743.  23.]
 [ 43. 763.]], Sensitivity: 94.53, Specificity: 97.07, 
 Test Accuracy: 79.37, 
 Test Confusion Matrix: 
 [[49. 11.]
 [ 3. 20.]], Test Sensitivity: 94.23, Test Specificity: 64.52,
 Eval Accuracy: 77.92, 
 Eval Confusion Matrix: 
 [[62. 16.]
 [ 2. 23.]], Eval Sensitivity: 96.88, Eval Specificity: 58.97
I0203 14:07:03.161258 140425083750208 train.py:157] Epoch 30/80, Accuracy: 96.07, 
 Confusion Matrix: 
 [[750.  23.]
 [ 39. 766.]], Sensitivity: 95.06, Specificity: 97.08, 
 Test Accuracy: 64.52, 
 Test Confusion Matrix: 
 [[52. 22.]
 [ 0.  9.]], Test Sensitivity: 100.00, Test Specificity: 29.03,
 Eval Accuracy: 58.19, 
 Eval Confusion Matrix: 
 [[63. 32.]
 [ 1.  7.]], Eval Sensitivity: 98.44, Eval Specificity: 17.95
I0203 14:07:05.102348 140425083750208 train.py:157] Epoch 31/80, Accuracy: 96.20, 
 Confusion Matrix: 
 [[751.  22.]
 [ 38. 767.]], Sensitivity: 95.18, Specificity: 97.21, 
 Test Accuracy: 63.55, 
 Test Confusion Matrix: 
 [[51. 22.]
 [ 1.  9.]], Test Sensitivity: 98.08, Test Specificity: 29.03,
 Eval Accuracy: 58.97, 
 Eval Confusion Matrix: 
 [[64. 32.]
 [ 0.  7.]], Eval Sensitivity: 100.00, Eval Specificity: 17.95
I0203 14:07:06.937274 140425083750208 train.py:157] Epoch 32/80, Accuracy: 94.93, 
 Confusion Matrix: 
 [[739.  30.]
 [ 50. 759.]], Sensitivity: 93.66, Specificity: 96.20, 
 Test Accuracy: 68.39, 
 Test Confusion Matrix: 
 [[51. 19.]
 [ 1. 12.]], Test Sensitivity: 98.08, Test Specificity: 38.71,
 Eval Accuracy: 58.19, 
 Eval Confusion Matrix: 
 [[63. 32.]
 [ 1.  7.]], Eval Sensitivity: 98.44, Eval Specificity: 17.95
I0203 14:07:08.795065 140425083750208 train.py:157] Epoch 33/80, Accuracy: 96.39, 
 Confusion Matrix: 
 [[753.  21.]
 [ 36. 768.]], Sensitivity: 95.44, Specificity: 97.34, 
 Test Accuracy: 85.24, 
 Test Confusion Matrix: 
 [[40.  2.]
 [12. 29.]], Test Sensitivity: 76.92, Test Specificity: 93.55,
 Eval Accuracy: 88.06, 
 Eval Confusion Matrix: 
 [[52.  2.]
 [12. 37.]], Eval Sensitivity: 81.25, Eval Specificity: 94.87
I0203 14:07:10.662059 140425083750208 train.py:157] Epoch 34/80, Accuracy: 97.41, 
 Confusion Matrix: 
 [[763.  12.]
 [ 29. 780.]], Sensitivity: 96.34, Specificity: 98.48, 
 Test Accuracy: 81.70, 
 Test Confusion Matrix: 
 [[38.  3.]
 [14. 28.]], Test Sensitivity: 73.08, Test Specificity: 90.32,
 Eval Accuracy: 86.50, 
 Eval Confusion Matrix: 
 [[50.  2.]
 [14. 37.]], Eval Sensitivity: 78.12, Eval Specificity: 94.87
I0203 14:07:12.494699 140425083750208 train.py:157] Epoch 35/80, Accuracy: 96.06, 
 Confusion Matrix: 
 [[749.  25.]
 [ 37. 761.]], Sensitivity: 95.29, Specificity: 96.82, 
 Test Accuracy: 81.02, 
 Test Confusion Matrix: 
 [[44.  7.]
 [ 8. 24.]], Test Sensitivity: 84.62, Test Specificity: 77.42,
 Eval Accuracy: 81.71, 
 Eval Confusion Matrix: 
 [[57. 10.]
 [ 7. 29.]], Eval Sensitivity: 89.06, Eval Specificity: 74.36
I0203 14:07:14.325602 140425083750208 train.py:157] Epoch 36/80, Accuracy: 97.52, 
 Confusion Matrix: 
 [[761.  14.]
 [ 25. 772.]], Sensitivity: 96.82, Specificity: 98.22, 
 Test Accuracy: 56.45, 
 Test Confusion Matrix: 
 [[52. 27.]
 [ 0.  4.]], Test Sensitivity: 100.00, Test Specificity: 12.90,
 Eval Accuracy: 53.85, 
 Eval Confusion Matrix: 
 [[64. 36.]
 [ 0.  3.]], Eval Sensitivity: 100.00, Eval Specificity: 7.69
I0203 14:07:16.165703 140425083750208 train.py:157] Epoch 37/80, Accuracy: 97.47, 
 Confusion Matrix: 
 [[767.  15.]
 [ 25. 777.]], Sensitivity: 96.84, Specificity: 98.11, 
 Test Accuracy: 61.29, 
 Test Confusion Matrix: 
 [[52. 24.]
 [ 0.  7.]], Test Sensitivity: 100.00, Test Specificity: 22.58,
 Eval Accuracy: 53.06, 
 Eval Confusion Matrix: 
 [[63. 36.]
 [ 1.  3.]], Eval Sensitivity: 98.44, Eval Specificity: 7.69
I0203 14:07:17.985703 140425083750208 train.py:157] Epoch 38/80, Accuracy: 96.11, 
 Confusion Matrix: 
 [[744.  20.]
 [ 41. 765.]], Sensitivity: 94.78, Specificity: 97.45, 
 Test Accuracy: 83.25, 
 Test Confusion Matrix: 
 [[48.  8.]
 [ 4. 23.]], Test Sensitivity: 92.31, Test Specificity: 74.19,
 Eval Accuracy: 72.02, 
 Eval Confusion Matrix: 
 [[61. 20.]
 [ 3. 19.]], Eval Sensitivity: 95.31, Eval Specificity: 48.72
I0203 14:07:20.191404 140425083750208 train.py:157] Epoch 39/80, Accuracy: 97.14, 
 Confusion Matrix: 
 [[757.  15.]
 [ 30. 772.]], Sensitivity: 96.19, Specificity: 98.09, 
 Test Accuracy: 68.39, 
 Test Confusion Matrix: 
 [[51. 19.]
 [ 1. 12.]], Test Sensitivity: 98.08, Test Specificity: 38.71,
 Eval Accuracy: 59.48, 
 Eval Confusion Matrix: 
 [[63. 31.]
 [ 1.  8.]], Eval Sensitivity: 98.44, Eval Specificity: 20.51
I0203 14:07:22.025966 140425083750208 train.py:157] Epoch 40/80, Accuracy: 97.26, 
 Confusion Matrix: 
 [[757.  14.]
 [ 29. 772.]], Sensitivity: 96.31, Specificity: 98.22, 
 Test Accuracy: 84.58, 
 Test Confusion Matrix: 
 [[41.  3.]
 [11. 28.]], Test Sensitivity: 78.85, Test Specificity: 90.32,
 Eval Accuracy: 81.65, 
 Eval Confusion Matrix: 
 [[52.  7.]
 [12. 32.]], Eval Sensitivity: 81.25, Eval Specificity: 82.05
I0203 14:07:23.870589 140425083750208 train.py:157] Epoch 41/80, Accuracy: 97.46, 
 Confusion Matrix: 
 [[760.  14.]
 [ 26. 772.]], Sensitivity: 96.69, Specificity: 98.22, 
 Test Accuracy: 62.90, 
 Test Confusion Matrix: 
 [[52. 23.]
 [ 0.  8.]], Test Sensitivity: 100.00, Test Specificity: 25.81,
 Eval Accuracy: 56.91, 
 Eval Confusion Matrix: 
 [[63. 33.]
 [ 1.  6.]], Eval Sensitivity: 98.44, Eval Specificity: 15.38
I0203 14:07:25.687806 140425083750208 train.py:157] Epoch 42/80, Accuracy: 97.29, 
 Confusion Matrix: 
 [[766.  17.]
 [ 26. 775.]], Sensitivity: 96.72, Specificity: 97.85, 
 Test Accuracy: 81.67, 
 Test Confusion Matrix: 
 [[43.  6.]
 [ 9. 25.]], Test Sensitivity: 82.69, Test Specificity: 80.65,
 Eval Accuracy: 79.09, 
 Eval Confusion Matrix: 
 [[52.  9.]
 [12. 30.]], Eval Sensitivity: 81.25, Eval Specificity: 76.92
I0203 14:07:27.553360 140425083750208 train.py:157] Epoch 43/80, Accuracy: 94.72, 
 Confusion Matrix: 
 [[732.  29.]
 [ 54. 757.]], Sensitivity: 93.13, Specificity: 96.31, 
 Test Accuracy: 80.06, 
 Test Confusion Matrix: 
 [[43.  7.]
 [ 9. 24.]], Test Sensitivity: 82.69, Test Specificity: 77.42,
 Eval Accuracy: 65.99, 
 Eval Confusion Matrix: 
 [[50. 18.]
 [14. 21.]], Eval Sensitivity: 78.12, Eval Specificity: 53.85
I0203 14:07:29.393145 140425083750208 train.py:157] Epoch 44/80, Accuracy: 90.94, 
 Confusion Matrix: 
 [[698.  52.]
 [ 91. 737.]], Sensitivity: 88.47, Specificity: 93.41, 
 Test Accuracy: 80.68, 
 Test Confusion Matrix: 
 [[47.  9.]
 [ 5. 22.]], Test Sensitivity: 90.38, Test Specificity: 70.97,
 Eval Accuracy: 74.80, 
 Eval Confusion Matrix: 
 [[58. 16.]
 [ 6. 23.]], Eval Sensitivity: 90.62, Eval Specificity: 58.97
I0203 14:07:31.252476 140425083750208 train.py:157] Epoch 45/80, Accuracy: 94.02, 
 Confusion Matrix: 
 [[724.  32.]
 [ 62. 754.]], Sensitivity: 92.11, Specificity: 95.93, 
 Test Accuracy: 78.41, 
 Test Confusion Matrix: 
 [[48. 11.]
 [ 4. 20.]], Test Sensitivity: 92.31, Test Specificity: 64.52,
 Eval Accuracy: 71.23, 
 Eval Confusion Matrix: 
 [[60. 20.]
 [ 4. 19.]], Eval Sensitivity: 93.75, Eval Specificity: 48.72
I0203 14:07:33.094940 140425083750208 train.py:157] Epoch 46/80, Accuracy: 94.42, 
 Confusion Matrix: 
 [[735.  34.]
 [ 54. 755.]], Sensitivity: 93.16, Specificity: 95.69, 
 Test Accuracy: 80.06, 
 Test Confusion Matrix: 
 [[43.  7.]
 [ 9. 24.]], Test Sensitivity: 82.69, Test Specificity: 77.42,
 Eval Accuracy: 79.65, 
 Eval Confusion Matrix: 
 [[56. 11.]
 [ 8. 28.]], Eval Sensitivity: 87.50, Eval Specificity: 71.79
I0203 14:07:34.949583 140425083750208 train.py:157] Epoch 47/80, Accuracy: 94.75, 
 Confusion Matrix: 
 [[741.  34.]
 [ 49. 756.]], Sensitivity: 93.80, Specificity: 95.70, 
 Test Accuracy: 79.16, 
 Test Confusion Matrix: 
 [[32.  1.]
 [20. 30.]], Test Sensitivity: 61.54, Test Specificity: 96.77,
 Eval Accuracy: 82.81, 
 Eval Confusion Matrix: 
 [[42.  0.]
 [22. 39.]], Eval Sensitivity: 65.62, Eval Specificity: 100.00
I0203 14:07:36.795208 140425083750208 train.py:157] Epoch 48/80, Accuracy: 95.89, 
 Confusion Matrix: 
 [[747.  22.]
 [ 43. 768.]], Sensitivity: 94.56, Specificity: 97.22, 
 Test Accuracy: 76.80, 
 Test Confusion Matrix: 
 [[48. 12.]
 [ 4. 19.]], Test Sensitivity: 92.31, Test Specificity: 61.29,
 Eval Accuracy: 67.67, 
 Eval Confusion Matrix: 
 [[62. 24.]
 [ 2. 15.]], Eval Sensitivity: 96.88, Eval Specificity: 38.46
I0203 14:07:38.622493 140425083750208 train.py:157] Epoch 49/80, Accuracy: 96.18, 
 Confusion Matrix: 
 [[753.  28.]
 [ 32. 757.]], Sensitivity: 95.92, Specificity: 96.43, 
 Test Accuracy: 80.68, 
 Test Confusion Matrix: 
 [[47.  9.]
 [ 5. 22.]], Test Sensitivity: 90.38, Test Specificity: 70.97,
 Eval Accuracy: 69.45, 
 Eval Confusion Matrix: 
 [[61. 22.]
 [ 3. 17.]], Eval Sensitivity: 95.31, Eval Specificity: 43.59
I0203 14:07:40.500582 140425083750208 train.py:157] Epoch 50/80, Accuracy: 97.02, 
 Confusion Matrix: 
 [[758.  17.]
 [ 30. 771.]], Sensitivity: 96.19, Specificity: 97.84, 
 Test Accuracy: 79.06, 
 Test Confusion Matrix: 
 [[47. 10.]
 [ 5. 21.]], Test Sensitivity: 90.38, Test Specificity: 67.74,
 Eval Accuracy: 78.15, 
 Eval Confusion Matrix: 
 [[59. 14.]
 [ 5. 25.]], Eval Sensitivity: 92.19, Eval Specificity: 64.10
I0203 14:07:42.327009 140425083750208 train.py:157] Epoch 51/80, Accuracy: 96.39, 
 Confusion Matrix: 
 [[754.  21.]
 [ 36. 769.]], Sensitivity: 95.44, Specificity: 97.34, 
 Test Accuracy: 76.92, 
 Test Confusion Matrix: 
 [[28.  0.]
 [24. 31.]], Test Sensitivity: 53.85, Test Specificity: 100.00,
 Eval Accuracy: 80.47, 
 Eval Confusion Matrix: 
 [[39.  0.]
 [25. 39.]], Eval Sensitivity: 60.94, Eval Specificity: 100.00
I0203 14:07:44.160875 140425083750208 train.py:157] Epoch 52/80, Accuracy: 97.20, 
 Confusion Matrix: 
 [[757.  15.]
 [ 29. 771.]], Sensitivity: 96.31, Specificity: 98.09, 
 Test Accuracy: 81.98, 
 Test Confusion Matrix: 
 [[45.  7.]
 [ 7. 24.]], Test Sensitivity: 86.54, Test Specificity: 77.42,
 Eval Accuracy: 82.93, 
 Eval Confusion Matrix: 
 [[52.  6.]
 [12. 33.]], Eval Sensitivity: 81.25, Eval Specificity: 84.62
I0203 14:07:46.031415 140425083750208 train.py:157] Epoch 53/80, Accuracy: 96.37, 
 Confusion Matrix: 
 [[747.  19.]
 [ 38. 766.]], Sensitivity: 95.16, Specificity: 97.58, 
 Test Accuracy: 74.19, 
 Test Confusion Matrix: 
 [[52. 16.]
 [ 0. 15.]], Test Sensitivity: 100.00, Test Specificity: 48.39,
 Eval Accuracy: 61.54, 
 Eval Confusion Matrix: 
 [[64. 30.]
 [ 0.  9.]], Eval Sensitivity: 100.00, Eval Specificity: 23.08
I0203 14:07:47.887493 140425083750208 train.py:157] Epoch 54/80, Accuracy: 97.20, 
 Confusion Matrix: 
 [[762.  19.]
 [ 25. 768.]], Sensitivity: 96.82, Specificity: 97.59, 
 Test Accuracy: 78.41, 
 Test Confusion Matrix: 
 [[48. 11.]
 [ 4. 20.]], Test Sensitivity: 92.31, Test Specificity: 64.52,
 Eval Accuracy: 75.08, 
 Eval Confusion Matrix: 
 [[60. 17.]
 [ 4. 22.]], Eval Sensitivity: 93.75, Eval Specificity: 56.41
I0203 14:07:49.705356 140425083750208 train.py:157] Epoch 55/80, Accuracy: 97.52, 
 Confusion Matrix: 
 [[761.  14.]
 [ 25. 772.]], Sensitivity: 96.82, Specificity: 98.22, 
 Test Accuracy: 86.82, 
 Test Confusion Matrix: 
 [[45.  4.]
 [ 7. 27.]], Test Sensitivity: 86.54, Test Specificity: 87.10,
 Eval Accuracy: 86.28, 
 Eval Confusion Matrix: 
 [[53.  4.]
 [11. 35.]], Eval Sensitivity: 82.81, Eval Specificity: 89.74
I0203 14:07:51.564116 140425083750208 train.py:157] Epoch 56/80, Accuracy: 97.65, 
 Confusion Matrix: 
 [[764.  13.]
 [ 24. 775.]], Sensitivity: 96.95, Specificity: 98.35, 
 Test Accuracy: 84.21, 
 Test Confusion Matrix: 
 [[49.  8.]
 [ 3. 23.]], Test Sensitivity: 94.23, Test Specificity: 74.19,
 Eval Accuracy: 73.52, 
 Eval Confusion Matrix: 
 [[58. 17.]
 [ 6. 22.]], Eval Sensitivity: 90.62, Eval Specificity: 56.41
I0203 14:07:53.416174 140425083750208 train.py:157] Epoch 57/80, Accuracy: 97.77, 
 Confusion Matrix: 
 [[765.  14.]
 [ 21. 772.]], Sensitivity: 97.33, Specificity: 98.22, 
 Test Accuracy: 81.33, 
 Test Confusion Matrix: 
 [[46.  8.]
 [ 6. 23.]], Test Sensitivity: 88.46, Test Specificity: 74.19,
 Eval Accuracy: 76.08, 
 Eval Confusion Matrix: 
 [[58. 15.]
 [ 6. 24.]], Eval Sensitivity: 90.62, Eval Specificity: 61.54
I0203 14:07:55.248424 140425083750208 train.py:157] Epoch 58/80, Accuracy: 98.29, 
 Confusion Matrix: 
 [[770.   9.]
 [ 18. 779.]], Sensitivity: 97.72, Specificity: 98.86, 
 Test Accuracy: 78.41, 
 Test Confusion Matrix: 
 [[48. 11.]
 [ 4. 20.]], Test Sensitivity: 92.31, Test Specificity: 64.52,
 Eval Accuracy: 71.51, 
 Eval Confusion Matrix: 
 [[62. 21.]
 [ 2. 18.]], Eval Sensitivity: 96.88, Eval Specificity: 46.15
I0203 14:07:57.103440 140425083750208 train.py:157] Epoch 59/80, Accuracy: 97.22, 
 Confusion Matrix: 
 [[767.  19.]
 [ 25. 773.]], Sensitivity: 96.84, Specificity: 97.60, 
 Test Accuracy: 78.75, 
 Test Confusion Matrix: 
 [[45.  9.]
 [ 7. 22.]], Test Sensitivity: 86.54, Test Specificity: 70.97,
 Eval Accuracy: 80.93, 
 Eval Confusion Matrix: 
 [[56. 10.]
 [ 8. 29.]], Eval Sensitivity: 87.50, Eval Specificity: 74.36
I0203 14:07:58.946237 140425083750208 train.py:157] Epoch 60/80, Accuracy: 97.72, 
 Confusion Matrix: 
 [[765.  11.]
 [ 25. 779.]], Sensitivity: 96.84, Specificity: 98.61, 
 Test Accuracy: 66.78, 
 Test Confusion Matrix: 
 [[51. 20.]
 [ 1. 11.]], Test Sensitivity: 98.08, Test Specificity: 35.48,
 Eval Accuracy: 60.76, 
 Eval Confusion Matrix: 
 [[63. 30.]
 [ 1.  9.]], Eval Sensitivity: 98.44, Eval Specificity: 23.08
I0203 14:08:00.771946 140425083750208 train.py:157] Epoch 61/80, Accuracy: 97.90, 
 Confusion Matrix: 
 [[764.  12.]
 [ 21. 773.]], Sensitivity: 97.32, Specificity: 98.47, 
 Test Accuracy: 65.17, 
 Test Confusion Matrix: 
 [[51. 21.]
 [ 1. 10.]], Test Sensitivity: 98.08, Test Specificity: 32.26,
 Eval Accuracy: 60.26, 
 Eval Confusion Matrix: 
 [[64. 31.]
 [ 0.  8.]], Eval Sensitivity: 100.00, Eval Specificity: 20.51
I0203 14:08:02.609371 140425083750208 train.py:157] Epoch 62/80, Accuracy: 97.45, 
 Confusion Matrix: 
 [[758.  13.]
 [ 27. 772.]], Sensitivity: 96.56, Specificity: 98.34, 
 Test Accuracy: 75.19, 
 Test Confusion Matrix: 
 [[48. 13.]
 [ 4. 18.]], Test Sensitivity: 92.31, Test Specificity: 58.06,
 Eval Accuracy: 70.73, 
 Eval Confusion Matrix: 
 [[61. 21.]
 [ 3. 18.]], Eval Sensitivity: 95.31, Eval Specificity: 46.15
I0203 14:08:04.474606 140425083750208 train.py:157] Epoch 63/80, Accuracy: 98.61, 
 Confusion Matrix: 
 [[781.  11.]
 [ 11. 781.]], Sensitivity: 98.61, Specificity: 98.61, 
 Test Accuracy: 80.37, 
 Test Confusion Matrix: 
 [[45.  8.]
 [ 7. 23.]], Test Sensitivity: 86.54, Test Specificity: 74.19,
 Eval Accuracy: 75.86, 
 Eval Confusion Matrix: 
 [[61. 17.]
 [ 3. 22.]], Eval Sensitivity: 95.31, Eval Specificity: 56.41
I0203 14:08:06.334120 140425083750208 train.py:157] Epoch 64/80, Accuracy: 98.22, 
 Confusion Matrix: 
 [[769.  12.]
 [ 16. 773.]], Sensitivity: 97.96, Specificity: 98.47, 
 Test Accuracy: 79.71, 
 Test Confusion Matrix: 
 [[46.  9.]
 [ 6. 22.]], Test Sensitivity: 88.46, Test Specificity: 70.97,
 Eval Accuracy: 72.74, 
 Eval Confusion Matrix: 
 [[57. 17.]
 [ 7. 22.]], Eval Sensitivity: 89.06, Eval Specificity: 56.41
I0203 14:08:08.181124 140425083750208 train.py:157] Epoch 65/80, Accuracy: 99.05, 
 Confusion Matrix: 
 [[782.   7.]
 [  8. 783.]], Sensitivity: 98.99, Specificity: 99.11, 
 Test Accuracy: 80.65, 
 Test Confusion Matrix: 
 [[52. 12.]
 [ 0. 19.]], Test Sensitivity: 100.00, Test Specificity: 61.29,
 Eval Accuracy: 68.45, 
 Eval Confusion Matrix: 
 [[63. 24.]
 [ 1. 15.]], Eval Sensitivity: 98.44, Eval Specificity: 38.46
I0203 14:08:10.046492 140425083750208 train.py:157] Epoch 66/80, Accuracy: 97.97, 
 Confusion Matrix: 
 [[770.  13.]
 [ 19. 776.]], Sensitivity: 97.59, Specificity: 98.35, 
 Test Accuracy: 80.37, 
 Test Confusion Matrix: 
 [[45.  8.]
 [ 7. 23.]], Test Sensitivity: 86.54, Test Specificity: 74.19,
 Eval Accuracy: 86.84, 
 Eval Confusion Matrix: 
 [[57.  6.]
 [ 7. 33.]], Eval Sensitivity: 89.06, Eval Specificity: 84.62
I0203 14:08:11.898905 140425083750208 train.py:157] Epoch 67/80, Accuracy: 99.11, 
 Confusion Matrix: 
 [[776.   4.]
 [ 10. 782.]], Sensitivity: 98.73, Specificity: 99.49, 
 Test Accuracy: 88.77, 
 Test Confusion Matrix: 
 [[42.  1.]
 [10. 30.]], Test Sensitivity: 80.77, Test Specificity: 96.77,
 Eval Accuracy: 86.22, 
 Eval Confusion Matrix: 
 [[48.  1.]
 [16. 38.]], Eval Sensitivity: 75.00, Eval Specificity: 97.44
I0203 14:08:13.748554 140425083750208 train.py:157] Epoch 68/80, Accuracy: 98.60, 
 Confusion Matrix: 
 [[775.  10.]
 [ 12. 777.]], Sensitivity: 98.48, Specificity: 98.73, 
 Test Accuracy: 70.97, 
 Test Confusion Matrix: 
 [[52. 18.]
 [ 0. 13.]], Test Sensitivity: 100.00, Test Specificity: 41.94,
 Eval Accuracy: 57.69, 
 Eval Confusion Matrix: 
 [[64. 33.]
 [ 0.  6.]], Eval Sensitivity: 100.00, Eval Specificity: 15.38
I0203 14:08:15.574813 140425083750208 train.py:157] Epoch 69/80, Accuracy: 98.03, 
 Confusion Matrix: 
 [[764.  10.]
 [ 21. 775.]], Sensitivity: 97.32, Specificity: 98.73, 
 Test Accuracy: 74.22, 
 Test Confusion Matrix: 
 [[47. 13.]
 [ 5. 18.]], Test Sensitivity: 90.38, Test Specificity: 58.06,
 Eval Accuracy: 75.86, 
 Eval Confusion Matrix: 
 [[61. 17.]
 [ 3. 22.]], Eval Sensitivity: 95.31, Eval Specificity: 56.41
I0203 14:08:17.409470 140425083750208 train.py:157] Epoch 70/80, Accuracy: 98.66, 
 Confusion Matrix: 
 [[770.   5.]
 [ 16. 781.]], Sensitivity: 97.96, Specificity: 99.36, 
 Test Accuracy: 58.72, 
 Test Confusion Matrix: 
 [[51. 25.]
 [ 1.  6.]], Test Sensitivity: 98.08, Test Specificity: 19.35,
 Eval Accuracy: 63.82, 
 Eval Confusion Matrix: 
 [[62. 27.]
 [ 2. 12.]], Eval Sensitivity: 96.88, Eval Specificity: 30.77
I0203 14:08:19.276090 140425083750208 train.py:157] Epoch 71/80, Accuracy: 99.05, 
 Confusion Matrix: 
 [[781.   6.]
 [  9. 784.]], Sensitivity: 98.86, Specificity: 99.24, 
 Test Accuracy: 79.37, 
 Test Confusion Matrix: 
 [[49. 11.]
 [ 3. 20.]], Test Sensitivity: 94.23, Test Specificity: 64.52,
 Eval Accuracy: 65.60, 
 Eval Confusion Matrix: 
 [[61. 25.]
 [ 3. 14.]], Eval Sensitivity: 95.31, Eval Specificity: 35.90
I0203 14:08:21.125452 140425083750208 train.py:157] Epoch 72/80, Accuracy: 98.60, 
 Confusion Matrix: 
 [[771.   8.]
 [ 14. 777.]], Sensitivity: 98.22, Specificity: 98.98, 
 Test Accuracy: 85.24, 
 Test Confusion Matrix: 
 [[40.  2.]
 [12. 29.]], Test Sensitivity: 76.92, Test Specificity: 93.55,
 Eval Accuracy: 84.15, 
 Eval Confusion Matrix: 
 [[47.  2.]
 [17. 37.]], Eval Sensitivity: 73.44, Eval Specificity: 94.87
I0203 14:08:22.990056 140425083750208 train.py:157] Epoch 73/80, Accuracy: 98.55, 
 Confusion Matrix: 
 [[778.   9.]
 [ 14. 783.]], Sensitivity: 98.23, Specificity: 98.86, 
 Test Accuracy: 79.03, 
 Test Confusion Matrix: 
 [[52. 13.]
 [ 0. 18.]], Test Sensitivity: 100.00, Test Specificity: 58.06,
 Eval Accuracy: 62.04, 
 Eval Confusion Matrix: 
 [[63. 29.]
 [ 1. 10.]], Eval Sensitivity: 98.44, Eval Specificity: 25.64
I0203 14:08:24.832780 140425083750208 train.py:157] Epoch 74/80, Accuracy: 98.66, 
 Confusion Matrix: 
 [[773.   8.]
 [ 13. 778.]], Sensitivity: 98.35, Specificity: 98.98, 
 Test Accuracy: 80.37, 
 Test Confusion Matrix: 
 [[45.  8.]
 [ 7. 23.]], Test Sensitivity: 86.54, Test Specificity: 74.19,
 Eval Accuracy: 79.87, 
 Eval Confusion Matrix: 
 [[53.  9.]
 [11. 30.]], Eval Sensitivity: 82.81, Eval Specificity: 76.92
I0203 14:08:26.703772 140425083750208 train.py:157] Epoch 75/80, Accuracy: 98.10, 
 Confusion Matrix: 
 [[769.  11.]
 [ 19. 777.]], Sensitivity: 97.59, Specificity: 98.60, 
 Test Accuracy: 81.36, 
 Test Confusion Matrix: 
 [[41.  5.]
 [11. 26.]], Test Sensitivity: 78.85, Test Specificity: 83.87,
 Eval Accuracy: 83.49, 
 Eval Confusion Matrix: 
 [[56.  8.]
 [ 8. 31.]], Eval Sensitivity: 87.50, Eval Specificity: 79.49
I0203 14:08:28.549390 140425083750208 train.py:157] Epoch 76/80, Accuracy: 98.55, 
 Confusion Matrix: 
 [[774.   5.]
 [ 18. 787.]], Sensitivity: 97.73, Specificity: 99.37, 
 Test Accuracy: 81.33, 
 Test Confusion Matrix: 
 [[46.  8.]
 [ 6. 23.]], Test Sensitivity: 88.46, Test Specificity: 74.19,
 Eval Accuracy: 72.02, 
 Eval Confusion Matrix: 
 [[61. 20.]
 [ 3. 19.]], Eval Sensitivity: 95.31, Eval Specificity: 48.72
I0203 14:08:30.435086 140425083750208 train.py:157] Epoch 77/80, Accuracy: 99.37, 
 Confusion Matrix: 
 [[782.   3.]
 [  7. 786.]], Sensitivity: 99.11, Specificity: 99.62, 
 Test Accuracy: 81.33, 
 Test Confusion Matrix: 
 [[46.  8.]
 [ 6. 23.]], Test Sensitivity: 88.46, Test Specificity: 74.19,
 Eval Accuracy: 74.80, 
 Eval Confusion Matrix: 
 [[58. 16.]
 [ 6. 23.]], Eval Sensitivity: 90.62, Eval Specificity: 58.97
I0203 14:08:32.265055 140425083750208 train.py:157] Epoch 78/80, Accuracy: 97.84, 
 Confusion Matrix: 
 [[769.  16.]
 [ 18. 771.]], Sensitivity: 97.71, Specificity: 97.97, 
 Test Accuracy: 81.64, 
 Test Confusion Matrix: 
 [[48.  9.]
 [ 4. 22.]], Test Sensitivity: 92.31, Test Specificity: 70.97,
 Eval Accuracy: 70.73, 
 Eval Confusion Matrix: 
 [[61. 21.]
 [ 3. 18.]], Eval Sensitivity: 95.31, Eval Specificity: 46.15
I0203 14:08:34.125257 140425083750208 train.py:157] Epoch 79/80, Accuracy: 96.18, 
 Confusion Matrix: 
 [[751.  25.]
 [ 35. 761.]], Sensitivity: 95.55, Specificity: 96.82, 
 Test Accuracy: 84.86, 
 Test Confusion Matrix: 
 [[48.  7.]
 [ 4. 24.]], Test Sensitivity: 92.31, Test Specificity: 77.42,
 Eval Accuracy: 70.45, 
 Eval Confusion Matrix: 
 [[59. 20.]
 [ 5. 19.]], Eval Sensitivity: 92.19, Eval Specificity: 48.72
I0203 14:08:34.175146 140425083750208 train.py:226] Finished training after 7821 steps and 80 epochs.
Model: "vgg_like"
_________________________________________________________________
Layer (type)                 Output Shape              Param #   
=================================================================
input_1 (InputLayer)         [(None, None, None, 3)]   0         
_________________________________________________________________
conv2d (Conv2D)              (None, None, None, 8)     224       
_________________________________________________________________
batch_normalization (BatchNo (None, None, None, 8)     32        
_________________________________________________________________
conv2d_1 (Conv2D)            (None, None, None, 8)     584       
_________________________________________________________________
max_pooling2d (MaxPooling2D) (None, None, None, 8)     0         
_________________________________________________________________
batch_normalization_1 (Batch (None, None, None, 8)     32        
_________________________________________________________________
conv2d_2 (Conv2D)            (None, None, None, 16)    1168      
_________________________________________________________________
batch_normalization_2 (Batch (None, None, None, 16)    64        
_________________________________________________________________
conv2d_3 (Conv2D)            (None, None, None, 16)    2320      
_________________________________________________________________
max_pooling2d_1 (MaxPooling2 (None, None, None, 16)    0         
_________________________________________________________________
batch_normalization_3 (Batch (None, None, None, 16)    64        
_________________________________________________________________
conv2d_4 (Conv2D)            (None, None, None, 32)    4640      
_________________________________________________________________
batch_normalization_4 (Batch (None, None, None, 32)    128       
_________________________________________________________________
conv2d_5 (Conv2D)            (None, None, None, 32)    9248      
_________________________________________________________________
max_pooling2d_2 (MaxPooling2 (None, None, None, 32)    0         
_________________________________________________________________
batch_normalization_5 (Batch (None, None, None, 32)    128       
_________________________________________________________________
conv2d_6 (Conv2D)            (None, None, None, 64)    18496     
_________________________________________________________________
batch_normalization_6 (Batch (None, None, None, 64)    256       
_________________________________________________________________
conv2d_7 (Conv2D)            (None, None, None, 64)    36928     
_________________________________________________________________
max_pooling2d_3 (MaxPooling2 (None, None, None, 64)    0         
_________________________________________________________________
batch_normalization_7 (Batch (None, None, None, 64)    256       
_________________________________________________________________
global_average_pooling2d (Gl (None, 64)                0         
_________________________________________________________________
dense (Dense)                (None, 128)               8320      
_________________________________________________________________
dropout (Dropout)            (None, 128)               0         
_________________________________________________________________
dense_1 (Dense)              (None, 2)                 258       
=================================================================
Total params: 83,146
Trainable params: 82,666
Non-trainable params: 480
_________________________________________________________________
