2021-02-08 13:15:49.198460: I tensorflow/stream_executor/platform/default/dso_loader.cc:48] Successfully opened dynamic library libcudart.so.10.1
I0208 13:15:50.322854 139705571768128 datasets.py:14] Preparing dataset idrid...
I0208 13:15:50.323546 139705571768128 dataset_info.py:361] Load dataset info from /home/RUS_CIP/st169955/dl-lab-2020-team15/Project1-Diabetic_Retinopathy/idrid/1.0.0
I0208 13:15:50.324149 139705571768128 dataset_builder.py:299] Reusing dataset idrid (/home/RUS_CIP/st169955/dl-lab-2020-team15/Project1-Diabetic_Retinopathy/idrid/1.0.0)
I0208 13:15:50.324197 139705571768128 dataset_builder.py:510] Constructing tf.data.Dataset for split ['train[:80%]', 'train[80%:]', 'test'], from /home/RUS_CIP/st169955/dl-lab-2020-team15/Project1-Diabetic_Retinopathy/idrid/1.0.0
2021-02-08 13:15:50.325440: I tensorflow/stream_executor/platform/default/dso_loader.cc:48] Successfully opened dynamic library libcuda.so.1
2021-02-08 13:15:50.370273: I tensorflow/stream_executor/cuda/cuda_gpu_executor.cc:982] successful NUMA node read from SysFS had negative value (-1), but there must be at least one NUMA node, so returning NUMA node zero
2021-02-08 13:15:50.371041: I tensorflow/core/common_runtime/gpu/gpu_device.cc:1716] Found device 0 with properties: 
pciBusID: 0000:21:00.0 name: GeForce RTX 2080 Ti computeCapability: 7.5
coreClock: 1.545GHz coreCount: 68 deviceMemorySize: 10.76GiB deviceMemoryBandwidth: 573.69GiB/s
2021-02-08 13:15:50.371057: I tensorflow/stream_executor/platform/default/dso_loader.cc:48] Successfully opened dynamic library libcudart.so.10.1
2021-02-08 13:15:50.372133: I tensorflow/stream_executor/platform/default/dso_loader.cc:48] Successfully opened dynamic library libcublas.so.10
2021-02-08 13:15:50.373280: I tensorflow/stream_executor/platform/default/dso_loader.cc:48] Successfully opened dynamic library libcufft.so.10
2021-02-08 13:15:50.373424: I tensorflow/stream_executor/platform/default/dso_loader.cc:48] Successfully opened dynamic library libcurand.so.10
2021-02-08 13:15:50.374437: I tensorflow/stream_executor/platform/default/dso_loader.cc:48] Successfully opened dynamic library libcusolver.so.10
2021-02-08 13:15:50.374989: I tensorflow/stream_executor/platform/default/dso_loader.cc:48] Successfully opened dynamic library libcusparse.so.10
2021-02-08 13:15:50.377334: I tensorflow/stream_executor/platform/default/dso_loader.cc:48] Successfully opened dynamic library libcudnn.so.7
2021-02-08 13:15:50.377440: I tensorflow/stream_executor/cuda/cuda_gpu_executor.cc:982] successful NUMA node read from SysFS had negative value (-1), but there must be at least one NUMA node, so returning NUMA node zero
2021-02-08 13:15:50.378208: I tensorflow/stream_executor/cuda/cuda_gpu_executor.cc:982] successful NUMA node read from SysFS had negative value (-1), but there must be at least one NUMA node, so returning NUMA node zero
2021-02-08 13:15:50.379132: I tensorflow/core/common_runtime/gpu/gpu_device.cc:1858] Adding visible gpu devices: 0
2021-02-08 13:15:50.379446: I tensorflow/core/platform/cpu_feature_guard.cc:142] This TensorFlow binary is optimized with oneAPI Deep Neural Network Library (oneDNN)to use the following CPU instructions in performance-critical operations:  AVX2 FMA
To enable them in other operations, rebuild TensorFlow with the appropriate compiler flags.
2021-02-08 13:15:50.384680: I tensorflow/core/platform/profile_utils/cpu_utils.cc:104] CPU Frequency: 3800025000 Hz
2021-02-08 13:15:50.384941: I tensorflow/compiler/xla/service/service.cc:168] XLA service 0x44dad80 initialized for platform Host (this does not guarantee that XLA will be used). Devices:
2021-02-08 13:15:50.384952: I tensorflow/compiler/xla/service/service.cc:176]   StreamExecutor device (0): Host, Default Version
2021-02-08 13:15:50.467065: I tensorflow/stream_executor/cuda/cuda_gpu_executor.cc:982] successful NUMA node read from SysFS had negative value (-1), but there must be at least one NUMA node, so returning NUMA node zero
2021-02-08 13:15:50.467857: I tensorflow/compiler/xla/service/service.cc:168] XLA service 0x44d5290 initialized for platform CUDA (this does not guarantee that XLA will be used). Devices:
2021-02-08 13:15:50.467889: I tensorflow/compiler/xla/service/service.cc:176]   StreamExecutor device (0): GeForce RTX 2080 Ti, Compute Capability 7.5
2021-02-08 13:15:50.468012: I tensorflow/stream_executor/cuda/cuda_gpu_executor.cc:982] successful NUMA node read from SysFS had negative value (-1), but there must be at least one NUMA node, so returning NUMA node zero
2021-02-08 13:15:50.468707: I tensorflow/core/common_runtime/gpu/gpu_device.cc:1716] Found device 0 with properties: 
pciBusID: 0000:21:00.0 name: GeForce RTX 2080 Ti computeCapability: 7.5
coreClock: 1.545GHz coreCount: 68 deviceMemorySize: 10.76GiB deviceMemoryBandwidth: 573.69GiB/s
2021-02-08 13:15:50.468731: I tensorflow/stream_executor/platform/default/dso_loader.cc:48] Successfully opened dynamic library libcudart.so.10.1
2021-02-08 13:15:50.468760: I tensorflow/stream_executor/platform/default/dso_loader.cc:48] Successfully opened dynamic library libcublas.so.10
2021-02-08 13:15:50.468769: I tensorflow/stream_executor/platform/default/dso_loader.cc:48] Successfully opened dynamic library libcufft.so.10
2021-02-08 13:15:50.468777: I tensorflow/stream_executor/platform/default/dso_loader.cc:48] Successfully opened dynamic library libcurand.so.10
2021-02-08 13:15:50.468785: I tensorflow/stream_executor/platform/default/dso_loader.cc:48] Successfully opened dynamic library libcusolver.so.10
2021-02-08 13:15:50.468792: I tensorflow/stream_executor/platform/default/dso_loader.cc:48] Successfully opened dynamic library libcusparse.so.10
2021-02-08 13:15:50.468801: I tensorflow/stream_executor/platform/default/dso_loader.cc:48] Successfully opened dynamic library libcudnn.so.7
2021-02-08 13:15:50.468835: I tensorflow/stream_executor/cuda/cuda_gpu_executor.cc:982] successful NUMA node read from SysFS had negative value (-1), but there must be at least one NUMA node, so returning NUMA node zero
2021-02-08 13:15:50.469538: I tensorflow/stream_executor/cuda/cuda_gpu_executor.cc:982] successful NUMA node read from SysFS had negative value (-1), but there must be at least one NUMA node, so returning NUMA node zero
2021-02-08 13:15:50.470380: I tensorflow/core/common_runtime/gpu/gpu_device.cc:1858] Adding visible gpu devices: 0
2021-02-08 13:15:50.470400: I tensorflow/stream_executor/platform/default/dso_loader.cc:48] Successfully opened dynamic library libcudart.so.10.1
2021-02-08 13:15:50.805988: I tensorflow/core/common_runtime/gpu/gpu_device.cc:1257] Device interconnect StreamExecutor with strength 1 edge matrix:
2021-02-08 13:15:50.806035: I tensorflow/core/common_runtime/gpu/gpu_device.cc:1263]      0 
2021-02-08 13:15:50.806040: I tensorflow/core/common_runtime/gpu/gpu_device.cc:1276] 0:   N 
2021-02-08 13:15:50.806268: I tensorflow/stream_executor/cuda/cuda_gpu_executor.cc:982] successful NUMA node read from SysFS had negative value (-1), but there must be at least one NUMA node, so returning NUMA node zero
2021-02-08 13:15:50.807031: I tensorflow/stream_executor/cuda/cuda_gpu_executor.cc:982] successful NUMA node read from SysFS had negative value (-1), but there must be at least one NUMA node, so returning NUMA node zero
2021-02-08 13:15:50.807729: I tensorflow/core/common_runtime/gpu/gpu_device.cc:1402] Created TensorFlow device (/job:localhost/replica:0/task:0/device:GPU:0 with 10074 MB memory) -> physical GPU (device: 0, name: GeForce RTX 2080 Ti, pci bus id: 0000:21:00.0, compute capability: 7.5)
WARNING:tensorflow:AutoGraph could not transform <function preprocess at 0x7f0f4c74b1f0> and will run it as-is.
Please report this to the TensorFlow team. When filing the bug, set the verbosity to 10 (on Linux, `export AUTOGRAPH_VERBOSITY=10`) and attach the full output.
Cause: module 'gast' has no attribute 'Index'
To silence this warning, decorate the function with @tf.autograph.experimental.do_not_convert
W0208 13:15:51.020469 139705571768128 ag_logging.py:146] AutoGraph could not transform <function preprocess at 0x7f0f4c74b1f0> and will run it as-is.
Please report this to the TensorFlow team. When filing the bug, set the verbosity to 10 (on Linux, `export AUTOGRAPH_VERBOSITY=10`) and attach the full output.
Cause: module 'gast' has no attribute 'Index'
To silence this warning, decorate the function with @tf.autograph.experimental.do_not_convert
I0208 13:16:06.214807 139705571768128 train.py:121] Initializing from scratch.
2021-02-08 13:16:07.192646: I tensorflow/stream_executor/platform/default/dso_loader.cc:48] Successfully opened dynamic library libcublas.so.10
2021-02-08 13:16:07.309036: I tensorflow/stream_executor/platform/default/dso_loader.cc:48] Successfully opened dynamic library libcudnn.so.7
I0208 13:16:12.458181 139705571768128 train.py:157] Epoch 1/80, Accuracy: 59.51, 
 Confusion Matrix: 
 [[174.  80.]
 [ 33.  43.]], Sensitivity: 84.06, Specificity: 34.96, 
 Test Accuracy: 50.00, 
 Test Confusion Matrix: 
 [[52. 31.]
 [ 0.  0.]], Test Sensitivity: 100.00, Test Specificity: 0.00,
 Eval Accuracy: 50.00, 
 Eval Confusion Matrix: 
 [[64. 39.]
 [ 0.  0.]], Eval Sensitivity: 100.00, Eval Specificity: 0.00
I0208 13:16:12.926331 139705571768128 train.py:157] Epoch 2/80, Accuracy: 64.45, 
 Confusion Matrix: 
 [[181.  72.]
 [ 26.  51.]], Sensitivity: 87.44, Specificity: 41.46, 
 Test Accuracy: 62.78, 
 Test Confusion Matrix: 
 [[20.  4.]
 [32. 27.]], Test Sensitivity: 38.46, Test Specificity: 87.10,
 Eval Accuracy: 55.99, 
 Eval Confusion Matrix: 
 [[29. 13.]
 [35. 26.]], Eval Sensitivity: 45.31, Eval Specificity: 66.67
I0208 13:16:13.334876 139705571768128 train.py:157] Epoch 3/80, Accuracy: 75.27, 
 Confusion Matrix: 
 [[177.  43.]
 [ 30.  80.]], Sensitivity: 85.51, Specificity: 65.04, 
 Test Accuracy: 67.62, 
 Test Confusion Matrix: 
 [[20.  1.]
 [32. 30.]], Test Sensitivity: 38.46, Test Specificity: 96.77,
 Eval Accuracy: 59.27, 
 Eval Confusion Matrix: 
 [[25.  8.]
 [39. 31.]], Eval Sensitivity: 39.06, Eval Specificity: 79.49
I0208 13:16:13.750382 139705571768128 train.py:157] Epoch 4/80, Accuracy: 72.85, 
 Confusion Matrix: 
 [[172.  46.]
 [ 35.  77.]], Sensitivity: 83.09, Specificity: 62.60, 
 Test Accuracy: 72.67, 
 Test Confusion Matrix: 
 [[37.  8.]
 [15. 23.]], Test Sensitivity: 71.15, Test Specificity: 74.19,
 Eval Accuracy: 62.08, 
 Eval Confusion Matrix: 
 [[45. 18.]
 [19. 21.]], Eval Sensitivity: 70.31, Eval Specificity: 53.85
I0208 13:16:14.159307 139705571768128 train.py:157] Epoch 5/80, Accuracy: 77.32, 
 Confusion Matrix: 
 [[172.  35.]
 [ 35.  88.]], Sensitivity: 83.09, Specificity: 71.54, 
 Test Accuracy: 64.21, 
 Test Confusion Matrix: 
 [[50. 21.]
 [ 2. 10.]], Test Sensitivity: 96.15, Test Specificity: 32.26,
 Eval Accuracy: 55.13, 
 Eval Confusion Matrix: 
 [[64. 35.]
 [ 0.  4.]], Eval Sensitivity: 100.00, Eval Specificity: 10.26
I0208 13:16:14.571646 139705571768128 train.py:157] Epoch 6/80, Accuracy: 75.36, 
 Confusion Matrix: 
 [[174.  41.]
 [ 33.  82.]], Sensitivity: 84.06, Specificity: 66.67, 
 Test Accuracy: 76.18, 
 Test Confusion Matrix: 
 [[44. 10.]
 [ 8. 21.]], Test Sensitivity: 84.62, Test Specificity: 67.74,
 Eval Accuracy: 63.04, 
 Eval Confusion Matrix: 
 [[61. 27.]
 [ 3. 12.]], Eval Sensitivity: 95.31, Eval Specificity: 30.77
I0208 13:16:14.984170 139705571768128 train.py:157] Epoch 7/80, Accuracy: 80.13, 
 Confusion Matrix: 
 [[187.  37.]
 [ 20.  86.]], Sensitivity: 90.34, Specificity: 69.92, 
 Test Accuracy: 53.23, 
 Test Confusion Matrix: 
 [[52. 29.]
 [ 0.  2.]], Test Sensitivity: 100.00, Test Specificity: 6.45,
 Eval Accuracy: 51.28, 
 Eval Confusion Matrix: 
 [[64. 38.]
 [ 0.  1.]], Eval Sensitivity: 100.00, Eval Specificity: 2.56
I0208 13:16:15.395992 139705571768128 train.py:157] Epoch 8/80, Accuracy: 83.63, 
 Confusion Matrix: 
 [[183.  26.]
 [ 24.  97.]], Sensitivity: 88.41, Specificity: 78.86, 
 Test Accuracy: 58.72, 
 Test Confusion Matrix: 
 [[51. 25.]
 [ 1.  6.]], Test Sensitivity: 98.08, Test Specificity: 19.35,
 Eval Accuracy: 50.00, 
 Eval Confusion Matrix: 
 [[64. 39.]
 [ 0.  0.]], Eval Sensitivity: 100.00, Eval Specificity: 0.00
I0208 13:16:15.817717 139705571768128 train.py:157] Epoch 9/80, Accuracy: 84.04, 
 Confusion Matrix: 
 [[183.  25.]
 [ 24.  98.]], Sensitivity: 88.41, Specificity: 79.67, 
 Test Accuracy: 82.29, 
 Test Confusion Matrix: 
 [[47.  8.]
 [ 5. 23.]], Test Sensitivity: 90.38, Test Specificity: 74.19,
 Eval Accuracy: 68.61, 
 Eval Confusion Matrix: 
 [[55. 19.]
 [ 9. 20.]], Eval Sensitivity: 85.94, Eval Specificity: 51.28
I0208 13:16:16.232774 139705571768128 train.py:157] Epoch 10/80, Accuracy: 80.06, 
 Confusion Matrix: 
 [[180.  33.]
 [ 27.  90.]], Sensitivity: 86.96, Specificity: 73.17, 
 Test Accuracy: 81.64, 
 Test Confusion Matrix: 
 [[48.  9.]
 [ 4. 22.]], Test Sensitivity: 92.31, Test Specificity: 70.97,
 Eval Accuracy: 71.96, 
 Eval Confusion Matrix: 
 [[56. 17.]
 [ 8. 22.]], Eval Sensitivity: 87.50, Eval Specificity: 56.41
I0208 13:16:16.647443 139705571768128 train.py:157] Epoch 11/80, Accuracy: 83.96, 
 Confusion Matrix: 
 [[181.  24.]
 [ 26.  99.]], Sensitivity: 87.44, Specificity: 80.49, 
 Test Accuracy: 75.90, 
 Test Confusion Matrix: 
 [[37.  6.]
 [15. 25.]], Test Sensitivity: 71.15, Test Specificity: 80.65,
 Eval Accuracy: 75.68, 
 Eval Confusion Matrix: 
 [[46.  8.]
 [18. 31.]], Eval Sensitivity: 71.88, Eval Specificity: 79.49
I0208 13:16:17.064856 139705571768128 train.py:157] Epoch 12/80, Accuracy: 88.02, 
 Confusion Matrix: 
 [[186.  17.]
 [ 21. 106.]], Sensitivity: 89.86, Specificity: 86.18, 
 Test Accuracy: 66.47, 
 Test Confusion Matrix: 
 [[49. 19.]
 [ 3. 12.]], Test Sensitivity: 94.23, Test Specificity: 38.71,
 Eval Accuracy: 54.07, 
 Eval Confusion Matrix: 
 [[61. 34.]
 [ 3.  5.]], Eval Sensitivity: 95.31, Eval Specificity: 12.82
I0208 13:16:17.479953 139705571768128 train.py:157] Epoch 13/80, Accuracy: 86.71, 
 Confusion Matrix: 
 [[189.  22.]
 [ 18. 101.]], Sensitivity: 91.30, Specificity: 82.11, 
 Test Accuracy: 81.64, 
 Test Confusion Matrix: 
 [[48.  9.]
 [ 4. 22.]], Test Sensitivity: 92.31, Test Specificity: 70.97,
 Eval Accuracy: 72.52, 
 Eval Confusion Matrix: 
 [[60. 19.]
 [ 4. 20.]], Eval Sensitivity: 93.75, Eval Specificity: 51.28
I0208 13:16:17.897379 139705571768128 train.py:157] Epoch 14/80, Accuracy: 87.20, 
 Confusion Matrix: 
 [[186.  19.]
 [ 21. 104.]], Sensitivity: 89.86, Specificity: 84.55, 
 Test Accuracy: 78.82, 
 Test Confusion Matrix: 
 [[35.  3.]
 [17. 28.]], Test Sensitivity: 67.31, Test Specificity: 90.32,
 Eval Accuracy: 84.15, 
 Eval Confusion Matrix: 
 [[47.  2.]
 [17. 37.]], Eval Sensitivity: 73.44, Eval Specificity: 94.87
I0208 13:16:18.314403 139705571768128 train.py:157] Epoch 15/80, Accuracy: 90.52, 
 Confusion Matrix: 
 [[193.  15.]
 [ 14. 108.]], Sensitivity: 93.24, Specificity: 87.80, 
 Test Accuracy: 50.00, 
 Test Confusion Matrix: 
 [[52. 31.]
 [ 0.  0.]], Test Sensitivity: 100.00, Test Specificity: 0.00,
 Eval Accuracy: 50.00, 
 Eval Confusion Matrix: 
 [[64. 39.]
 [ 0.  0.]], Eval Sensitivity: 100.00, Eval Specificity: 0.00
I0208 13:16:18.725425 139705571768128 train.py:157] Epoch 16/80, Accuracy: 82.50, 
 Confusion Matrix: 
 [[180.  27.]
 [ 27.  96.]], Sensitivity: 86.96, Specificity: 78.05, 
 Test Accuracy: 50.00, 
 Test Confusion Matrix: 
 [[52. 31.]
 [ 0.  0.]], Test Sensitivity: 100.00, Test Specificity: 0.00,
 Eval Accuracy: 50.00, 
 Eval Confusion Matrix: 
 [[64. 39.]
 [ 0.  0.]], Eval Sensitivity: 100.00, Eval Specificity: 0.00
I0208 13:16:19.134094 139705571768128 train.py:157] Epoch 17/80, Accuracy: 87.94, 
 Confusion Matrix: 
 [[184.  16.]
 [ 23. 107.]], Sensitivity: 88.89, Specificity: 86.99, 
 Test Accuracy: 50.00, 
 Test Confusion Matrix: 
 [[52. 31.]
 [ 0.  0.]], Test Sensitivity: 100.00, Test Specificity: 0.00,
 Eval Accuracy: 51.28, 
 Eval Confusion Matrix: 
 [[64. 38.]
 [ 0.  1.]], Eval Sensitivity: 100.00, Eval Specificity: 2.56
I0208 13:16:19.555647 139705571768128 train.py:157] Epoch 18/80, Accuracy: 91.26, 
 Confusion Matrix: 
 [[191.  12.]
 [ 16. 111.]], Sensitivity: 92.27, Specificity: 90.24, 
 Test Accuracy: 77.76, 
 Test Confusion Matrix: 
 [[49. 12.]
 [ 3. 19.]], Test Sensitivity: 94.23, Test Specificity: 61.29,
 Eval Accuracy: 70.95, 
 Eval Confusion Matrix: 
 [[58. 19.]
 [ 6. 20.]], Eval Sensitivity: 90.62, Eval Specificity: 51.28
I0208 13:16:19.965498 139705571768128 train.py:157] Epoch 19/80, Accuracy: 87.78, 
 Confusion Matrix: 
 [[185.  17.]
 [ 22. 106.]], Sensitivity: 89.37, Specificity: 86.18, 
 Test Accuracy: 56.45, 
 Test Confusion Matrix: 
 [[52. 27.]
 [ 0.  4.]], Test Sensitivity: 100.00, Test Specificity: 12.90,
 Eval Accuracy: 53.85, 
 Eval Confusion Matrix: 
 [[64. 36.]
 [ 0.  3.]], Eval Sensitivity: 100.00, Eval Specificity: 7.69
I0208 13:16:20.381434 139705571768128 train.py:157] Epoch 20/80, Accuracy: 85.25, 
 Confusion Matrix: 
 [[188.  25.]
 [ 19.  98.]], Sensitivity: 90.82, Specificity: 79.67, 
 Test Accuracy: 76.15, 
 Test Confusion Matrix: 
 [[49. 13.]
 [ 3. 18.]], Test Sensitivity: 94.23, Test Specificity: 58.06,
 Eval Accuracy: 63.54, 
 Eval Confusion Matrix: 
 [[60. 26.]
 [ 4. 13.]], Eval Sensitivity: 93.75, Eval Specificity: 33.33
I0208 13:16:20.794531 139705571768128 train.py:157] Epoch 21/80, Accuracy: 92.39, 
 Confusion Matrix: 
 [[194.  11.]
 [ 13. 112.]], Sensitivity: 93.72, Specificity: 91.06, 
 Test Accuracy: 50.00, 
 Test Confusion Matrix: 
 [[52. 31.]
 [ 0.  0.]], Test Sensitivity: 100.00, Test Specificity: 0.00,
 Eval Accuracy: 50.00, 
 Eval Confusion Matrix: 
 [[64. 39.]
 [ 0.  0.]], Eval Sensitivity: 100.00, Eval Specificity: 0.00
I0208 13:16:21.205947 139705571768128 train.py:157] Epoch 22/80, Accuracy: 89.07, 
 Confusion Matrix: 
 [[187.  15.]
 [ 20. 108.]], Sensitivity: 90.34, Specificity: 87.80, 
 Test Accuracy: 50.00, 
 Test Confusion Matrix: 
 [[52. 31.]
 [ 0.  0.]], Test Sensitivity: 100.00, Test Specificity: 0.00,
 Eval Accuracy: 50.00, 
 Eval Confusion Matrix: 
 [[64. 39.]
 [ 0.  0.]], Eval Sensitivity: 100.00, Eval Specificity: 0.00
I0208 13:16:21.623070 139705571768128 train.py:157] Epoch 23/80, Accuracy: 93.61, 
 Confusion Matrix: 
 [[194.   8.]
 [ 13. 115.]], Sensitivity: 93.72, Specificity: 93.50, 
 Test Accuracy: 50.00, 
 Test Confusion Matrix: 
 [[52. 31.]
 [ 0.  0.]], Test Sensitivity: 100.00, Test Specificity: 0.00,
 Eval Accuracy: 50.00, 
 Eval Confusion Matrix: 
 [[64. 39.]
 [ 0.  0.]], Eval Sensitivity: 100.00, Eval Specificity: 0.00
I0208 13:16:22.040822 139705571768128 train.py:157] Epoch 24/80, Accuracy: 94.89, 
 Confusion Matrix: 
 [[201.   9.]
 [  6. 114.]], Sensitivity: 97.10, Specificity: 92.68, 
 Test Accuracy: 55.18, 
 Test Confusion Matrix: 
 [[49. 26.]
 [ 3.  5.]], Test Sensitivity: 94.23, Test Specificity: 16.13,
 Eval Accuracy: 53.06, 
 Eval Confusion Matrix: 
 [[63. 36.]
 [ 1.  3.]], Eval Sensitivity: 98.44, Eval Specificity: 7.69
I0208 13:16:22.458728 139705571768128 train.py:157] Epoch 25/80, Accuracy: 85.44, 
 Confusion Matrix: 
 [[177.  18.]
 [ 30. 105.]], Sensitivity: 85.51, Specificity: 85.37, 
 Test Accuracy: 50.00, 
 Test Confusion Matrix: 
 [[52. 31.]
 [ 0.  0.]], Test Sensitivity: 100.00, Test Specificity: 0.00,
 Eval Accuracy: 50.00, 
 Eval Confusion Matrix: 
 [[64. 39.]
 [ 0.  0.]], Eval Sensitivity: 100.00, Eval Specificity: 0.00
I0208 13:16:22.883888 139705571768128 train.py:157] Epoch 26/80, Accuracy: 89.55, 
 Confusion Matrix: 
 [[189.  15.]
 [ 18. 108.]], Sensitivity: 91.30, Specificity: 87.80, 
 Test Accuracy: 68.39, 
 Test Confusion Matrix: 
 [[51. 19.]
 [ 1. 12.]], Test Sensitivity: 98.08, Test Specificity: 38.71,
 Eval Accuracy: 57.69, 
 Eval Confusion Matrix: 
 [[64. 33.]
 [ 0.  6.]], Eval Sensitivity: 100.00, Eval Specificity: 15.38
I0208 13:16:23.304192 139705571768128 train.py:157] Epoch 27/80, Accuracy: 92.22, 
 Confusion Matrix: 
 [[195.  12.]
 [ 12. 111.]], Sensitivity: 94.20, Specificity: 90.24, 
 Test Accuracy: 53.23, 
 Test Confusion Matrix: 
 [[52. 29.]
 [ 0.  2.]], Test Sensitivity: 100.00, Test Specificity: 6.45,
 Eval Accuracy: 51.28, 
 Eval Confusion Matrix: 
 [[64. 38.]
 [ 0.  1.]], Eval Sensitivity: 100.00, Eval Specificity: 2.56
I0208 13:16:23.722651 139705571768128 train.py:157] Epoch 28/80, Accuracy: 94.51, 
 Confusion Matrix: 
 [[191.   4.]
 [ 16. 119.]], Sensitivity: 92.27, Specificity: 96.75, 
 Test Accuracy: 66.13, 
 Test Confusion Matrix: 
 [[52. 21.]
 [ 0. 10.]], Test Sensitivity: 100.00, Test Specificity: 32.26,
 Eval Accuracy: 58.97, 
 Eval Confusion Matrix: 
 [[64. 32.]
 [ 0.  7.]], Eval Sensitivity: 100.00, Eval Specificity: 17.95
I0208 13:16:24.136314 139705571768128 train.py:157] Epoch 29/80, Accuracy: 94.17, 
 Confusion Matrix: 
 [[198.   9.]
 [  9. 114.]], Sensitivity: 95.65, Specificity: 92.68, 
 Test Accuracy: 62.90, 
 Test Confusion Matrix: 
 [[52. 23.]
 [ 0.  8.]], Test Sensitivity: 100.00, Test Specificity: 25.81,
 Eval Accuracy: 56.41, 
 Eval Confusion Matrix: 
 [[64. 34.]
 [ 0.  5.]], Eval Sensitivity: 100.00, Eval Specificity: 12.82
I0208 13:16:24.553826 139705571768128 train.py:157] Epoch 30/80, Accuracy: 89.47, 
 Confusion Matrix: 
 [[192.  17.]
 [ 15. 106.]], Sensitivity: 92.75, Specificity: 86.18, 
 Test Accuracy: 71.96, 
 Test Confusion Matrix: 
 [[48. 15.]
 [ 4. 16.]], Test Sensitivity: 92.31, Test Specificity: 51.61,
 Eval Accuracy: 68.67, 
 Eval Confusion Matrix: 
 [[60. 22.]
 [ 4. 17.]], Eval Sensitivity: 93.75, Eval Specificity: 43.59
I0208 13:16:24.975352 139705571768128 train.py:157] Epoch 31/80, Accuracy: 91.26, 
 Confusion Matrix: 
 [[191.  12.]
 [ 16. 111.]], Sensitivity: 92.27, Specificity: 90.24, 
 Test Accuracy: 76.80, 
 Test Confusion Matrix: 
 [[48. 12.]
 [ 4. 19.]], Test Sensitivity: 92.31, Test Specificity: 61.29,
 Eval Accuracy: 72.74, 
 Eval Confusion Matrix: 
 [[57. 17.]
 [ 7. 22.]], Eval Sensitivity: 89.06, Eval Specificity: 56.41
I0208 13:16:25.392375 139705571768128 train.py:157] Epoch 32/80, Accuracy: 97.98, 
 Confusion Matrix: 
 [[202.   2.]
 [  5. 121.]], Sensitivity: 97.58, Specificity: 98.37, 
 Test Accuracy: 51.61, 
 Test Confusion Matrix: 
 [[52. 30.]
 [ 0.  1.]], Test Sensitivity: 100.00, Test Specificity: 3.23,
 Eval Accuracy: 52.56, 
 Eval Confusion Matrix: 
 [[64. 37.]
 [ 0.  2.]], Eval Sensitivity: 100.00, Eval Specificity: 5.13
I0208 13:16:25.807634 139705571768128 train.py:157] Epoch 33/80, Accuracy: 87.84, 
 Confusion Matrix: 
 [[192.  21.]
 [ 15. 102.]], Sensitivity: 92.75, Specificity: 82.93, 
 Test Accuracy: 50.00, 
 Test Confusion Matrix: 
 [[52. 31.]
 [ 0.  0.]], Test Sensitivity: 100.00, Test Specificity: 0.00,
 Eval Accuracy: 50.00, 
 Eval Confusion Matrix: 
 [[64. 39.]
 [ 0.  0.]], Eval Sensitivity: 100.00, Eval Specificity: 0.00
I0208 13:16:26.223741 139705571768128 train.py:157] Epoch 34/80, Accuracy: 88.65, 
 Confusion Matrix: 
 [[192.  19.]
 [ 15. 104.]], Sensitivity: 92.75, Specificity: 84.55, 
 Test Accuracy: 50.00, 
 Test Confusion Matrix: 
 [[52. 31.]
 [ 0.  0.]], Test Sensitivity: 100.00, Test Specificity: 0.00,
 Eval Accuracy: 50.00, 
 Eval Confusion Matrix: 
 [[64. 39.]
 [ 0.  0.]], Eval Sensitivity: 100.00, Eval Specificity: 0.00
I0208 13:16:26.643593 139705571768128 train.py:157] Epoch 35/80, Accuracy: 92.95, 
 Confusion Matrix: 
 [[198.  12.]
 [  9. 111.]], Sensitivity: 95.65, Specificity: 90.24, 
 Test Accuracy: 53.23, 
 Test Confusion Matrix: 
 [[52. 29.]
 [ 0.  2.]], Test Sensitivity: 100.00, Test Specificity: 6.45,
 Eval Accuracy: 51.28, 
 Eval Confusion Matrix: 
 [[64. 38.]
 [ 0.  1.]], Eval Sensitivity: 100.00, Eval Specificity: 2.56
I0208 13:16:27.066984 139705571768128 train.py:157] Epoch 36/80, Accuracy: 92.79, 
 Confusion Matrix: 
 [[194.  10.]
 [ 13. 113.]], Sensitivity: 93.72, Specificity: 91.87, 
 Test Accuracy: 79.03, 
 Test Confusion Matrix: 
 [[52. 13.]
 [ 0. 18.]], Test Sensitivity: 100.00, Test Specificity: 58.06,
 Eval Accuracy: 68.45, 
 Eval Confusion Matrix: 
 [[63. 24.]
 [ 1. 15.]], Eval Sensitivity: 98.44, Eval Specificity: 38.46
I0208 13:16:27.483439 139705571768128 train.py:157] Epoch 37/80, Accuracy: 95.30, 
 Confusion Matrix: 
 [[201.   8.]
 [  6. 115.]], Sensitivity: 97.10, Specificity: 93.50, 
 Test Accuracy: 56.45, 
 Test Confusion Matrix: 
 [[52. 27.]
 [ 0.  4.]], Test Sensitivity: 100.00, Test Specificity: 12.90,
 Eval Accuracy: 55.13, 
 Eval Confusion Matrix: 
 [[64. 35.]
 [ 0.  4.]], Eval Sensitivity: 100.00, Eval Specificity: 10.26
I0208 13:16:27.896411 139705571768128 train.py:157] Epoch 38/80, Accuracy: 90.84, 
 Confusion Matrix: 
 [[196.  16.]
 [ 11. 107.]], Sensitivity: 94.69, Specificity: 86.99, 
 Test Accuracy: 51.61, 
 Test Confusion Matrix: 
 [[52. 30.]
 [ 0.  1.]], Test Sensitivity: 100.00, Test Specificity: 3.23,
 Eval Accuracy: 52.56, 
 Eval Confusion Matrix: 
 [[64. 37.]
 [ 0.  2.]], Eval Sensitivity: 100.00, Eval Specificity: 5.13
I0208 13:16:28.316086 139705571768128 train.py:157] Epoch 39/80, Accuracy: 95.79, 
 Confusion Matrix: 
 [[198.   5.]
 [  9. 118.]], Sensitivity: 95.65, Specificity: 95.93, 
 Test Accuracy: 50.00, 
 Test Confusion Matrix: 
 [[52. 31.]
 [ 0.  0.]], Test Sensitivity: 100.00, Test Specificity: 0.00,
 Eval Accuracy: 50.00, 
 Eval Confusion Matrix: 
 [[64. 39.]
 [ 0.  0.]], Eval Sensitivity: 100.00, Eval Specificity: 0.00
I0208 13:16:28.724851 139705571768128 train.py:157] Epoch 40/80, Accuracy: 97.17, 
 Confusion Matrix: 
 [[202.   4.]
 [  5. 119.]], Sensitivity: 97.58, Specificity: 96.75, 
 Test Accuracy: 79.13, 
 Test Confusion Matrix: 
 [[37.  4.]
 [15. 27.]], Test Sensitivity: 71.15, Test Specificity: 87.10,
 Eval Accuracy: 78.69, 
 Eval Confusion Matrix: 
 [[40.  2.]
 [24. 37.]], Eval Sensitivity: 62.50, Eval Specificity: 94.87
I0208 13:16:29.148322 139705571768128 train.py:157] Epoch 41/80, Accuracy: 91.08, 
 Confusion Matrix: 
 [[197.  16.]
 [ 10. 107.]], Sensitivity: 95.17, Specificity: 86.99, 
 Test Accuracy: 62.90, 
 Test Confusion Matrix: 
 [[52. 23.]
 [ 0.  8.]], Test Sensitivity: 100.00, Test Specificity: 25.81,
 Eval Accuracy: 55.13, 
 Eval Confusion Matrix: 
 [[64. 35.]
 [ 0.  4.]], Eval Sensitivity: 100.00, Eval Specificity: 10.26
I0208 13:16:29.567799 139705571768128 train.py:157] Epoch 42/80, Accuracy: 96.76, 
 Confusion Matrix: 
 [[202.   5.]
 [  5. 118.]], Sensitivity: 97.58, Specificity: 95.93, 
 Test Accuracy: 50.00, 
 Test Confusion Matrix: 
 [[52. 31.]
 [ 0.  0.]], Test Sensitivity: 100.00, Test Specificity: 0.00,
 Eval Accuracy: 50.00, 
 Eval Confusion Matrix: 
 [[64. 39.]
 [ 0.  0.]], Eval Sensitivity: 100.00, Eval Specificity: 0.00
I0208 13:16:29.982853 139705571768128 train.py:157] Epoch 43/80, Accuracy: 96.92, 
 Confusion Matrix: 
 [[201.   4.]
 [  6. 119.]], Sensitivity: 97.10, Specificity: 96.75, 
 Test Accuracy: 51.61, 
 Test Confusion Matrix: 
 [[52. 30.]
 [ 0.  1.]], Test Sensitivity: 100.00, Test Specificity: 3.23,
 Eval Accuracy: 51.28, 
 Eval Confusion Matrix: 
 [[64. 38.]
 [ 0.  1.]], Eval Sensitivity: 100.00, Eval Specificity: 2.56
I0208 13:16:30.397562 139705571768128 train.py:157] Epoch 44/80, Accuracy: 98.06, 
 Confusion Matrix: 
 [[204.   3.]
 [  3. 120.]], Sensitivity: 98.55, Specificity: 97.56, 
 Test Accuracy: 75.84, 
 Test Confusion Matrix: 
 [[47. 12.]
 [ 5. 19.]], Test Sensitivity: 90.38, Test Specificity: 61.29,
 Eval Accuracy: 69.39, 
 Eval Confusion Matrix: 
 [[56. 19.]
 [ 8. 20.]], Eval Sensitivity: 87.50, Eval Specificity: 51.28
I0208 13:16:30.810914 139705571768128 train.py:157] Epoch 45/80, Accuracy: 98.78, 
 Confusion Matrix: 
 [[207.   3.]
 [  0. 120.]], Sensitivity: 100.00, Specificity: 97.56, 
 Test Accuracy: 79.06, 
 Test Confusion Matrix: 
 [[47. 10.]
 [ 5. 21.]], Test Sensitivity: 90.38, Test Specificity: 67.74,
 Eval Accuracy: 73.24, 
 Eval Confusion Matrix: 
 [[56. 16.]
 [ 8. 23.]], Eval Sensitivity: 87.50, Eval Specificity: 58.97
I0208 13:16:31.231993 139705571768128 train.py:157] Epoch 46/80, Accuracy: 98.06, 
 Confusion Matrix: 
 [[204.   3.]
 [  3. 120.]], Sensitivity: 98.55, Specificity: 97.56, 
 Test Accuracy: 70.01, 
 Test Confusion Matrix: 
 [[51. 18.]
 [ 1. 13.]], Test Sensitivity: 98.08, Test Specificity: 41.94,
 Eval Accuracy: 58.69, 
 Eval Confusion Matrix: 
 [[62. 31.]
 [ 2.  8.]], Eval Sensitivity: 96.88, Eval Specificity: 20.51
I0208 13:16:31.644162 139705571768128 train.py:157] Epoch 47/80, Accuracy: 98.95, 
 Confusion Matrix: 
 [[206.   2.]
 [  1. 121.]], Sensitivity: 99.52, Specificity: 98.37, 
 Test Accuracy: 73.88, 
 Test Confusion Matrix: 
 [[50. 15.]
 [ 2. 16.]], Test Sensitivity: 96.15, Test Specificity: 51.61,
 Eval Accuracy: 58.69, 
 Eval Confusion Matrix: 
 [[62. 31.]
 [ 2.  8.]], Eval Sensitivity: 96.88, Eval Specificity: 20.51
I0208 13:16:32.060467 139705571768128 train.py:157] Epoch 48/80, Accuracy: 97.57, 
 Confusion Matrix: 
 [[202.   3.]
 [  5. 120.]], Sensitivity: 97.58, Specificity: 97.56, 
 Test Accuracy: 54.84, 
 Test Confusion Matrix: 
 [[52. 28.]
 [ 0.  3.]], Test Sensitivity: 100.00, Test Specificity: 9.68,
 Eval Accuracy: 56.41, 
 Eval Confusion Matrix: 
 [[64. 34.]
 [ 0.  5.]], Eval Sensitivity: 100.00, Eval Specificity: 12.82
I0208 13:16:32.479237 139705571768128 train.py:157] Epoch 49/80, Accuracy: 100.00, 
 Confusion Matrix: 
 [[207.   0.]
 [  0. 123.]], Sensitivity: 100.00, Specificity: 100.00, 
 Test Accuracy: 58.06, 
 Test Confusion Matrix: 
 [[52. 26.]
 [ 0.  5.]], Test Sensitivity: 100.00, Test Specificity: 16.13,
 Eval Accuracy: 58.97, 
 Eval Confusion Matrix: 
 [[64. 32.]
 [ 0.  7.]], Eval Sensitivity: 100.00, Eval Specificity: 17.95
I0208 13:16:32.892876 139705571768128 train.py:157] Epoch 50/80, Accuracy: 99.59, 
 Confusion Matrix: 
 [[207.   1.]
 [  0. 122.]], Sensitivity: 100.00, Specificity: 99.19, 
 Test Accuracy: 50.00, 
 Test Confusion Matrix: 
 [[52. 31.]
 [ 0.  0.]], Test Sensitivity: 100.00, Test Specificity: 0.00,
 Eval Accuracy: 50.00, 
 Eval Confusion Matrix: 
 [[64. 39.]
 [ 0.  0.]], Eval Sensitivity: 100.00, Eval Specificity: 0.00
I0208 13:16:33.311228 139705571768128 train.py:157] Epoch 51/80, Accuracy: 98.22, 
 Confusion Matrix: 
 [[203.   2.]
 [  4. 121.]], Sensitivity: 98.07, Specificity: 98.37, 
 Test Accuracy: 82.04, 
 Test Confusion Matrix: 
 [[35.  1.]
 [17. 30.]], Test Sensitivity: 67.31, Test Specificity: 96.77,
 Eval Accuracy: 76.34, 
 Eval Confusion Matrix: 
 [[37.  2.]
 [27. 37.]], Eval Sensitivity: 57.81, Eval Specificity: 94.87
I0208 13:16:33.729358 139705571768128 train.py:157] Epoch 52/80, Accuracy: 99.59, 
 Confusion Matrix: 
 [[207.   1.]
 [  0. 122.]], Sensitivity: 100.00, Specificity: 99.19, 
 Test Accuracy: 67.43, 
 Test Confusion Matrix: 
 [[50. 19.]
 [ 2. 12.]], Test Sensitivity: 96.15, Test Specificity: 38.71,
 Eval Accuracy: 63.04, 
 Eval Confusion Matrix: 
 [[61. 27.]
 [ 3. 12.]], Eval Sensitivity: 95.31, Eval Specificity: 30.77
I0208 13:16:34.146608 139705571768128 train.py:157] Epoch 53/80, Accuracy: 98.54, 
 Confusion Matrix: 
 [[206.   3.]
 [  1. 120.]], Sensitivity: 99.52, Specificity: 97.56, 
 Test Accuracy: 50.00, 
 Test Confusion Matrix: 
 [[52. 31.]
 [ 0.  0.]], Test Sensitivity: 100.00, Test Specificity: 0.00,
 Eval Accuracy: 50.00, 
 Eval Confusion Matrix: 
 [[64. 39.]
 [ 0.  0.]], Eval Sensitivity: 100.00, Eval Specificity: 0.00
I0208 13:16:34.563095 139705571768128 train.py:157] Epoch 54/80, Accuracy: 95.63, 
 Confusion Matrix: 
 [[199.   6.]
 [  8. 117.]], Sensitivity: 96.14, Specificity: 95.12, 
 Test Accuracy: 50.00, 
 Test Confusion Matrix: 
 [[52. 31.]
 [ 0.  0.]], Test Sensitivity: 100.00, Test Specificity: 0.00,
 Eval Accuracy: 50.00, 
 Eval Confusion Matrix: 
 [[64. 39.]
 [ 0.  0.]], Eval Sensitivity: 100.00, Eval Specificity: 0.00
I0208 13:16:34.970098 139705571768128 train.py:157] Epoch 55/80, Accuracy: 94.24, 
 Confusion Matrix: 
 [[200.  10.]
 [  7. 113.]], Sensitivity: 96.62, Specificity: 91.87, 
 Test Accuracy: 50.00, 
 Test Confusion Matrix: 
 [[52. 31.]
 [ 0.  0.]], Test Sensitivity: 100.00, Test Specificity: 0.00,
 Eval Accuracy: 50.00, 
 Eval Confusion Matrix: 
 [[64. 39.]
 [ 0.  0.]], Eval Sensitivity: 100.00, Eval Specificity: 0.00
I0208 13:16:35.384682 139705571768128 train.py:157] Epoch 56/80, Accuracy: 98.95, 
 Confusion Matrix: 
 [[206.   2.]
 [  1. 121.]], Sensitivity: 99.52, Specificity: 98.37, 
 Test Accuracy: 51.61, 
 Test Confusion Matrix: 
 [[52. 30.]
 [ 0.  1.]], Test Sensitivity: 100.00, Test Specificity: 3.23,
 Eval Accuracy: 55.13, 
 Eval Confusion Matrix: 
 [[64. 35.]
 [ 0.  4.]], Eval Sensitivity: 100.00, Eval Specificity: 10.26
I0208 13:16:35.802953 139705571768128 train.py:157] Epoch 57/80, Accuracy: 99.35, 
 Confusion Matrix: 
 [[206.   1.]
 [  1. 122.]], Sensitivity: 99.52, Specificity: 99.19, 
 Test Accuracy: 50.00, 
 Test Confusion Matrix: 
 [[52. 31.]
 [ 0.  0.]], Test Sensitivity: 100.00, Test Specificity: 0.00,
 Eval Accuracy: 50.00, 
 Eval Confusion Matrix: 
 [[64. 39.]
 [ 0.  0.]], Eval Sensitivity: 100.00, Eval Specificity: 0.00
I0208 13:16:36.229789 139705571768128 train.py:157] Epoch 58/80, Accuracy: 98.54, 
 Confusion Matrix: 
 [[206.   3.]
 [  1. 120.]], Sensitivity: 99.52, Specificity: 97.56, 
 Test Accuracy: 58.72, 
 Test Confusion Matrix: 
 [[51. 25.]
 [ 1.  6.]], Test Sensitivity: 98.08, Test Specificity: 19.35,
 Eval Accuracy: 54.35, 
 Eval Confusion Matrix: 
 [[63. 35.]
 [ 1.  4.]], Eval Sensitivity: 98.44, Eval Specificity: 10.26
I0208 13:16:36.654935 139705571768128 train.py:157] Epoch 59/80, Accuracy: 99.11, 
 Confusion Matrix: 
 [[205.   1.]
 [  2. 122.]], Sensitivity: 99.03, Specificity: 99.19, 
 Test Accuracy: 58.06, 
 Test Confusion Matrix: 
 [[52. 26.]
 [ 0.  5.]], Test Sensitivity: 100.00, Test Specificity: 16.13,
 Eval Accuracy: 55.13, 
 Eval Confusion Matrix: 
 [[64. 35.]
 [ 0.  4.]], Eval Sensitivity: 100.00, Eval Specificity: 10.26
I0208 13:16:37.078243 139705571768128 train.py:157] Epoch 60/80, Accuracy: 97.17, 
 Confusion Matrix: 
 [[202.   4.]
 [  5. 119.]], Sensitivity: 97.58, Specificity: 96.75, 
 Test Accuracy: 62.90, 
 Test Confusion Matrix: 
 [[52. 23.]
 [ 0.  8.]], Test Sensitivity: 100.00, Test Specificity: 25.81,
 Eval Accuracy: 59.48, 
 Eval Confusion Matrix: 
 [[63. 31.]
 [ 1.  8.]], Eval Sensitivity: 98.44, Eval Specificity: 20.51
I0208 13:16:37.498152 139705571768128 train.py:157] Epoch 61/80, Accuracy: 99.35, 
 Confusion Matrix: 
 [[206.   1.]
 [  1. 122.]], Sensitivity: 99.52, Specificity: 99.19, 
 Test Accuracy: 82.29, 
 Test Confusion Matrix: 
 [[47.  8.]
 [ 5. 23.]], Test Sensitivity: 90.38, Test Specificity: 74.19,
 Eval Accuracy: 76.58, 
 Eval Confusion Matrix: 
 [[57. 14.]
 [ 7. 25.]], Eval Sensitivity: 89.06, Eval Specificity: 64.10
I0208 13:16:37.919305 139705571768128 train.py:157] Epoch 62/80, Accuracy: 99.35, 
 Confusion Matrix: 
 [[206.   1.]
 [  1. 122.]], Sensitivity: 99.52, Specificity: 99.19, 
 Test Accuracy: 74.88, 
 Test Confusion Matrix: 
 [[46. 12.]
 [ 6. 19.]], Test Sensitivity: 88.46, Test Specificity: 61.29,
 Eval Accuracy: 64.54, 
 Eval Confusion Matrix: 
 [[58. 24.]
 [ 6. 15.]], Eval Sensitivity: 90.62, Eval Specificity: 38.46
I0208 13:16:38.342128 139705571768128 train.py:157] Epoch 63/80, Accuracy: 98.54, 
 Confusion Matrix: 
 [[206.   3.]
 [  1. 120.]], Sensitivity: 99.52, Specificity: 97.56, 
 Test Accuracy: 76.92, 
 Test Confusion Matrix: 
 [[28.  0.]
 [24. 31.]], Test Sensitivity: 53.85, Test Specificity: 100.00,
 Eval Accuracy: 72.16, 
 Eval Confusion Matrix: 
 [[30.  1.]
 [34. 38.]], Eval Sensitivity: 46.88, Eval Specificity: 97.44
I0208 13:16:38.763440 139705571768128 train.py:157] Epoch 64/80, Accuracy: 99.76, 
 Confusion Matrix: 
 [[206.   0.]
 [  1. 123.]], Sensitivity: 99.52, Specificity: 100.00, 
 Test Accuracy: 80.40, 
 Test Confusion Matrix: 
 [[40.  5.]
 [12. 26.]], Test Sensitivity: 76.92, Test Specificity: 83.87,
 Eval Accuracy: 74.18, 
 Eval Confusion Matrix: 
 [[49. 11.]
 [15. 28.]], Eval Sensitivity: 76.56, Eval Specificity: 71.79
I0208 13:16:39.188302 139705571768128 train.py:157] Epoch 65/80, Accuracy: 100.00, 
 Confusion Matrix: 
 [[207.   0.]
 [  0. 123.]], Sensitivity: 100.00, Specificity: 100.00, 
 Test Accuracy: 81.98, 
 Test Confusion Matrix: 
 [[45.  7.]
 [ 7. 24.]], Test Sensitivity: 86.54, Test Specificity: 77.42,
 Eval Accuracy: 74.52, 
 Eval Confusion Matrix: 
 [[56. 15.]
 [ 8. 24.]], Eval Sensitivity: 87.50, Eval Specificity: 61.54
I0208 13:16:39.615410 139705571768128 train.py:157] Epoch 66/80, Accuracy: 100.00, 
 Confusion Matrix: 
 [[207.   0.]
 [  0. 123.]], Sensitivity: 100.00, Specificity: 100.00, 
 Test Accuracy: 83.93, 
 Test Confusion Matrix: 
 [[42.  4.]
 [10. 27.]], Test Sensitivity: 80.77, Test Specificity: 87.10,
 Eval Accuracy: 79.81, 
 Eval Confusion Matrix: 
 [[48.  6.]
 [16. 33.]], Eval Sensitivity: 75.00, Eval Specificity: 84.62
I0208 13:16:40.036757 139705571768128 train.py:157] Epoch 67/80, Accuracy: 100.00, 
 Confusion Matrix: 
 [[207.   0.]
 [  0. 123.]], Sensitivity: 100.00, Specificity: 100.00, 
 Test Accuracy: 75.50, 
 Test Confusion Matrix: 
 [[50. 14.]
 [ 2. 17.]], Test Sensitivity: 96.15, Test Specificity: 54.84,
 Eval Accuracy: 72.02, 
 Eval Confusion Matrix: 
 [[61. 20.]
 [ 3. 19.]], Eval Sensitivity: 95.31, Eval Specificity: 48.72
I0208 13:16:40.462445 139705571768128 train.py:157] Epoch 68/80, Accuracy: 100.00, 
 Confusion Matrix: 
 [[207.   0.]
 [  0. 123.]], Sensitivity: 100.00, Specificity: 100.00, 
 Test Accuracy: 80.43, 
 Test Confusion Matrix: 
 [[35.  2.]
 [17. 29.]], Test Sensitivity: 67.31, Test Specificity: 93.55,
 Eval Accuracy: 77.12, 
 Eval Confusion Matrix: 
 [[38.  2.]
 [26. 37.]], Eval Sensitivity: 59.38, Eval Specificity: 94.87
I0208 13:16:40.891545 139705571768128 train.py:157] Epoch 69/80, Accuracy: 100.00, 
 Confusion Matrix: 
 [[207.   0.]
 [  0. 123.]], Sensitivity: 100.00, Specificity: 100.00, 
 Test Accuracy: 81.70, 
 Test Confusion Matrix: 
 [[38.  3.]
 [14. 28.]], Test Sensitivity: 73.08, Test Specificity: 90.32,
 Eval Accuracy: 78.75, 
 Eval Confusion Matrix: 
 [[45.  5.]
 [19. 34.]], Eval Sensitivity: 70.31, Eval Specificity: 87.18
I0208 13:16:41.312573 139705571768128 train.py:157] Epoch 70/80, Accuracy: 100.00, 
 Confusion Matrix: 
 [[207.   0.]
 [  0. 123.]], Sensitivity: 100.00, Specificity: 100.00, 
 Test Accuracy: 80.71, 
 Test Confusion Matrix: 
 [[42.  6.]
 [10. 25.]], Test Sensitivity: 80.77, Test Specificity: 80.65,
 Eval Accuracy: 79.59, 
 Eval Confusion Matrix: 
 [[51.  8.]
 [13. 31.]], Eval Sensitivity: 79.69, Eval Specificity: 79.49
I0208 13:16:41.733338 139705571768128 train.py:157] Epoch 71/80, Accuracy: 100.00, 
 Confusion Matrix: 
 [[207.   0.]
 [  0. 123.]], Sensitivity: 100.00, Specificity: 100.00, 
 Test Accuracy: 83.28, 
 Test Confusion Matrix: 
 [[43.  5.]
 [ 9. 26.]], Test Sensitivity: 82.69, Test Specificity: 83.87,
 Eval Accuracy: 79.59, 
 Eval Confusion Matrix: 
 [[51.  8.]
 [13. 31.]], Eval Sensitivity: 79.69, Eval Specificity: 79.49
I0208 13:16:42.156653 139705571768128 train.py:157] Epoch 72/80, Accuracy: 100.00, 
 Confusion Matrix: 
 [[207.   0.]
 [  0. 123.]], Sensitivity: 100.00, Specificity: 100.00, 
 Test Accuracy: 81.70, 
 Test Confusion Matrix: 
 [[38.  3.]
 [14. 28.]], Test Sensitivity: 73.08, Test Specificity: 90.32,
 Eval Accuracy: 80.31, 
 Eval Confusion Matrix: 
 [[47.  5.]
 [17. 34.]], Eval Sensitivity: 73.44, Eval Specificity: 87.18
I0208 13:16:42.579113 139705571768128 train.py:157] Epoch 73/80, Accuracy: 98.54, 
 Confusion Matrix: 
 [[206.   3.]
 [  1. 120.]], Sensitivity: 99.52, Specificity: 97.56, 
 Test Accuracy: 64.86, 
 Test Confusion Matrix: 
 [[49. 20.]
 [ 3. 11.]], Test Sensitivity: 94.23, Test Specificity: 35.48,
 Eval Accuracy: 70.95, 
 Eval Confusion Matrix: 
 [[58. 19.]
 [ 6. 20.]], Eval Sensitivity: 90.62, Eval Specificity: 51.28
I0208 13:16:42.998291 139705571768128 train.py:157] Epoch 74/80, Accuracy: 98.22, 
 Confusion Matrix: 
 [[203.   2.]
 [  4. 121.]], Sensitivity: 98.07, Specificity: 98.37, 
 Test Accuracy: 50.00, 
 Test Confusion Matrix: 
 [[52. 31.]
 [ 0.  0.]], Test Sensitivity: 100.00, Test Specificity: 0.00,
 Eval Accuracy: 50.00, 
 Eval Confusion Matrix: 
 [[64. 39.]
 [ 0.  0.]], Eval Sensitivity: 100.00, Eval Specificity: 0.00
I0208 13:16:43.426254 139705571768128 train.py:157] Epoch 75/80, Accuracy: 96.35, 
 Confusion Matrix: 
 [[202.   6.]
 [  5. 117.]], Sensitivity: 97.58, Specificity: 95.12, 
 Test Accuracy: 50.00, 
 Test Confusion Matrix: 
 [[52. 31.]
 [ 0.  0.]], Test Sensitivity: 100.00, Test Specificity: 0.00,
 Eval Accuracy: 50.00, 
 Eval Confusion Matrix: 
 [[64. 39.]
 [ 0.  0.]], Eval Sensitivity: 100.00, Eval Specificity: 0.00
I0208 13:16:43.851415 139705571768128 train.py:157] Epoch 76/80, Accuracy: 94.56, 
 Confusion Matrix: 
 [[203.  11.]
 [  4. 112.]], Sensitivity: 98.07, Specificity: 91.06, 
 Test Accuracy: 50.00, 
 Test Confusion Matrix: 
 [[52. 31.]
 [ 0.  0.]], Test Sensitivity: 100.00, Test Specificity: 0.00,
 Eval Accuracy: 50.00, 
 Eval Confusion Matrix: 
 [[64. 39.]
 [ 0.  0.]], Eval Sensitivity: 100.00, Eval Specificity: 0.00
I0208 13:16:44.278052 139705571768128 train.py:157] Epoch 77/80, Accuracy: 98.06, 
 Confusion Matrix: 
 [[204.   3.]
 [  3. 120.]], Sensitivity: 98.55, Specificity: 97.56, 
 Test Accuracy: 51.61, 
 Test Confusion Matrix: 
 [[52. 30.]
 [ 0.  1.]], Test Sensitivity: 100.00, Test Specificity: 3.23,
 Eval Accuracy: 50.00, 
 Eval Confusion Matrix: 
 [[64. 39.]
 [ 0.  0.]], Eval Sensitivity: 100.00, Eval Specificity: 0.00
I0208 13:16:44.705113 139705571768128 train.py:157] Epoch 78/80, Accuracy: 99.59, 
 Confusion Matrix: 
 [[207.   1.]
 [  0. 122.]], Sensitivity: 100.00, Specificity: 99.19, 
 Test Accuracy: 76.80, 
 Test Confusion Matrix: 
 [[48. 12.]
 [ 4. 19.]], Test Sensitivity: 92.31, Test Specificity: 61.29,
 Eval Accuracy: 70.45, 
 Eval Confusion Matrix: 
 [[59. 20.]
 [ 5. 19.]], Eval Sensitivity: 92.19, Eval Specificity: 48.72
I0208 13:16:45.132792 139705571768128 train.py:157] Epoch 79/80, Accuracy: 99.59, 
 Confusion Matrix: 
 [[207.   1.]
 [  0. 122.]], Sensitivity: 100.00, Specificity: 99.19, 
 Test Accuracy: 68.39, 
 Test Confusion Matrix: 
 [[51. 19.]
 [ 1. 12.]], Test Sensitivity: 98.08, Test Specificity: 38.71,
 Eval Accuracy: 61.54, 
 Eval Confusion Matrix: 
 [[64. 30.]
 [ 0.  9.]], Eval Sensitivity: 100.00, Eval Specificity: 23.08
I0208 13:16:45.163917 139705571768128 train.py:226] Finished training after 1659 steps and 80 epochs.
Model: "vgg_like"
_________________________________________________________________
Layer (type)                 Output Shape              Param #   
=================================================================
input_1 (InputLayer)         [(None, None, None, 3)]   0         
_________________________________________________________________
conv2d (Conv2D)              (None, None, None, 8)     224       
_________________________________________________________________
batch_normalization (BatchNo (None, None, None, 8)     32        
_________________________________________________________________
conv2d_1 (Conv2D)            (None, None, None, 8)     584       
_________________________________________________________________
max_pooling2d (MaxPooling2D) (None, None, None, 8)     0         
_________________________________________________________________
batch_normalization_1 (Batch (None, None, None, 8)     32        
_________________________________________________________________
conv2d_2 (Conv2D)            (None, None, None, 16)    1168      
_________________________________________________________________
batch_normalization_2 (Batch (None, None, None, 16)    64        
_________________________________________________________________
conv2d_3 (Conv2D)            (None, None, None, 16)    2320      
_________________________________________________________________
max_pooling2d_1 (MaxPooling2 (None, None, None, 16)    0         
_________________________________________________________________
batch_normalization_3 (Batch (None, None, None, 16)    64        
_________________________________________________________________
conv2d_4 (Conv2D)            (None, None, None, 32)    4640      
_________________________________________________________________
batch_normalization_4 (Batch (None, None, None, 32)    128       
_________________________________________________________________
conv2d_5 (Conv2D)            (None, None, None, 32)    9248      
_________________________________________________________________
max_pooling2d_2 (MaxPooling2 (None, None, None, 32)    0         
_________________________________________________________________
batch_normalization_5 (Batch (None, None, None, 32)    128       
_________________________________________________________________
conv2d_6 (Conv2D)            (None, None, None, 64)    18496     
_________________________________________________________________
batch_normalization_6 (Batch (None, None, None, 64)    256       
_________________________________________________________________
conv2d_7 (Conv2D)            (None, None, None, 64)    36928     
_________________________________________________________________
max_pooling2d_3 (MaxPooling2 (None, None, None, 64)    0         
_________________________________________________________________
batch_normalization_7 (Batch (None, None, None, 64)    256       
_________________________________________________________________
global_average_pooling2d (Gl (None, 64)                0         
_________________________________________________________________
dense (Dense)                (None, 128)               8320      
_________________________________________________________________
dropout (Dropout)            (None, 128)               0         
_________________________________________________________________
dense_1 (Dense)              (None, 2)                 258       
=================================================================
Total params: 83,146
Trainable params: 82,666
Non-trainable params: 480
_________________________________________________________________
